This file contains any messages produced by compilers while
running configure, to aid debugging if configure makes a mistake.

It was created by smpeg configure 0.4.5, which was
generated by GNU Autoconf 2.60.  Invocation command line was

  $ ./configure --prefix=/c/onscripter/extlib --disable-shared --disable-gtk-player --disable-opengl-player --disable-debug

## --------- ##
## Platform. ##
## --------- ##

hostname = KINJO-PC
uname -m = i686
uname -r = 1.0.11(0.46/3/2)
uname -s = MINGW32_NT-6.2
uname -v = 2009-07-11 17:46

/usr/bin/uname -p = unknown
/bin/uname -X     = unknown

/bin/arch              = unknown
/usr/bin/arch -k       = unknown
/usr/convex/getsysinfo = unknown
/usr/bin/hostinfo      = unknown
/bin/machine           = unknown
/usr/bin/oslevel       = unknown
/bin/universe          = unknown

PATH: /c/onscripter/extlib/bin
PATH: .
PATH: /usr/local/bin
PATH: /mingw/bin
PATH: /bin
PATH: /c/ProgramData/Oracle/Java/javapath
PATH: /c/Program Files/nodejs
PATH: /mingw
PATH: /c/Program Files (x86)/kaitai-struct-compiler/bin
PATH: /c/Program Files (x86)/kaitai_struct_visualizer/bin
PATH: /c/Ruby23-x64/bin
PATH: /c/Program Files/Heroku/bin


## ----------- ##
## Core tests. ##
## ----------- ##

configure:2022: checking build system type
configure:2040: result: i686-pc-mingw32
configure:2062: checking host system type
configure:2077: result: i686-pc-mingw32
configure:2114: checking for a BSD-compatible install
configure:2170: result: /bin/install -c
configure:2181: checking whether build environment is sane
configure:2224: result: yes
configure:2289: checking for gawk
configure:2305: found /bin/gawk
configure:2316: result: gawk
configure:2327: checking whether make sets $(MAKE)
configure:2348: result: yes
configure:2532: checking whether to enable maintainer-specific portions of Makefiles
configure:2541: result: no
configure:2558: checking whether make sets $(MAKE)
configure:2579: result: yes
configure:2636: checking for gcc
configure:2663: result: gcc
configure:2901: checking for C compiler version
configure:2908: gcc --version >&5
gcc.exe (TDM-1 mingw32) 4.4.0
Copyright (C) 2009 Free Software Foundation, Inc.
This is free software; see the source for copying conditions.  There is NO
warranty; not even for MERCHANTABILITY or FITNESS FOR A PARTICULAR PURPOSE.

configure:2911: $? = 0
configure:2918: gcc -v >&5
Using built-in specs.
Target: mingw32
Configured with: ../gcc-4.4.0/configure --prefix=/mingw --build=mingw32 --enable-languages=c,ada,c++,fortran,objc,obj-c++ --disable-nls --disable-win32-registry --disable-werror --enable-threads --disable-symvers --enable-cxx-flags='-fno-function-sections -fno-data-sections' --enable-fully-dynamic-string --enable-libgomp --enable-version-specific-runtime-libs --enable-sjlj-exceptions --with-pkgversion='TDM-1 mingw32' --with-bugurl=http://www.tdragon.net/recentgcc/bugs.php
Thread model: win32
gcc version 4.4.0 (TDM-1 mingw32) 
configure:2921: $? = 0
configure:2928: gcc -V >&5
gcc.exe: '-V' option must have argument
configure:2931: $? = 1
configure:2954: checking for C compiler default output file name
configure:2981: gcc -I/c/onscripter/extlib/include   -I/c/onscripter/extlib/include   -L/c/onscripter/extlib/lib   conftest.c  >&5
configure:2984: $? = 0
configure:3030: result: a.exe
configure:3035: checking whether the C compiler works
configure:3045: ./a.exe
configure:3048: $? = 0
configure:3065: result: yes
configure:3072: checking whether we are cross compiling
configure:3074: result: no
configure:3077: checking for suffix of executables
configure:3084: gcc -o conftest.exe -I/c/onscripter/extlib/include   -I/c/onscripter/extlib/include   -L/c/onscripter/extlib/lib   conftest.c  >&5
configure:3087: $? = 0
configure:3111: result: .exe
configure:3117: checking for suffix of object files
configure:3143: gcc -c -I/c/onscripter/extlib/include   -I/c/onscripter/extlib/include   conftest.c >&5
configure:3146: $? = 0
configure:3169: result: o
configure:3173: checking whether we are using the GNU C compiler
configure:3202: gcc -c -I/c/onscripter/extlib/include   -I/c/onscripter/extlib/include   conftest.c >&5
configure:3208: $? = 0
configure:3215: test -z "$ac_c_werror_flag" || test ! -s conftest.err
configure:3218: $? = 0
configure:3225: test -s conftest.o
configure:3228: $? = 0
configure:3242: result: yes
configure:3247: checking whether gcc accepts -g
configure:3277: gcc -c -g -I/c/onscripter/extlib/include   conftest.c >&5
configure:3283: $? = 0
configure:3290: test -z "$ac_c_werror_flag" || test ! -s conftest.err
configure:3293: $? = 0
configure:3300: test -s conftest.o
configure:3303: $? = 0
configure:3433: result: yes
configure:3450: checking for gcc option to accept ISO C89
configure:3524: gcc  -c -I/c/onscripter/extlib/include   -I/c/onscripter/extlib/include   conftest.c >&5
configure:3530: $? = 0
configure:3537: test -z "$ac_c_werror_flag" || test ! -s conftest.err
configure:3540: $? = 0
configure:3547: test -s conftest.o
configure:3550: $? = 0
configure:3570: result: none needed
configure:3599: checking for style of include used by make
configure:3627: result: GNU
configure:3655: checking dependency style of gcc
configure:3745: result: gcc3
configure:3878: checking for C++ compiler version
configure:3885: g++ --version >&5
g++.exe (TDM-1 mingw32) 4.4.0
Copyright (C) 2009 Free Software Foundation, Inc.
This is free software; see the source for copying conditions.  There is NO
warranty; not even for MERCHANTABILITY or FITNESS FOR A PARTICULAR PURPOSE.

configure:3888: $? = 0
configure:3895: g++ -v >&5
Using built-in specs.
Target: mingw32
Configured with: ../gcc-4.4.0/configure --prefix=/mingw --build=mingw32 --enable-languages=c,ada,c++,fortran,objc,obj-c++ --disable-nls --disable-win32-registry --disable-werror --enable-threads --disable-symvers --enable-cxx-flags='-fno-function-sections -fno-data-sections' --enable-fully-dynamic-string --enable-libgomp --enable-version-specific-runtime-libs --enable-sjlj-exceptions --with-pkgversion='TDM-1 mingw32' --with-bugurl=http://www.tdragon.net/recentgcc/bugs.php
Thread model: win32
gcc version 4.4.0 (TDM-1 mingw32) 
configure:3898: $? = 0
configure:3905: g++ -V >&5
g++.exe: '-V' option must have argument
configure:3908: $? = 1
configure:3911: checking whether we are using the GNU C++ compiler
configure:3940: g++ -c  -I/c/onscripter/extlib/include   conftest.cpp >&5
configure:3946: $? = 0
configure:3953: test -z "$ac_cxx_werror_flag" || test ! -s conftest.err
configure:3956: $? = 0
configure:3963: test -s conftest.o
configure:3966: $? = 0
configure:3980: result: yes
configure:3985: checking whether g++ accepts -g
configure:4015: g++ -c -g -I/c/onscripter/extlib/include   conftest.cpp >&5
configure:4021: $? = 0
configure:4028: test -z "$ac_cxx_werror_flag" || test ! -s conftest.err
configure:4031: $? = 0
configure:4038: test -s conftest.o
configure:4041: $? = 0
configure:4171: result: yes
configure:4196: checking dependency style of g++
configure:4286: result: gcc3
configure:4377: checking for a sed that does not truncate output
configure:4431: result: /bin/sed
configure:4434: checking for grep that handles long lines and -e
configure:4508: result: /bin/grep
configure:4513: checking for egrep
configure:4591: result: /bin/grep -E
configure:4607: checking for ld used by gcc
configure:4674: result: c:/mingw32/mingw32/bin/ld.exe
configure:4683: checking if the linker (c:/mingw32/mingw32/bin/ld.exe) is GNU ld
configure:4698: result: yes
configure:4703: checking for c:/mingw32/mingw32/bin/ld.exe option to reload object files
configure:4710: result: -r
configure:4728: checking for BSD-compatible nm
configure:4777: result: /mingw/bin/nm
configure:4781: checking whether ln -s works
configure:4785: result: yes
configure:4792: checking how to recognise dependent libraries
configure:4970: result: pass_all
configure:5253: checking for dlltool
configure:5269: found /mingw/bin/dlltool
configure:5280: result: dlltool
configure:5349: checking for as
configure:5365: found /mingw/bin/as
configure:5376: result: as
configure:5445: checking for objdump
configure:5461: found /mingw/bin/objdump
configure:5472: result: objdump
configure:5510: checking how to run the C preprocessor
configure:5550: gcc -E -I/c/onscripter/extlib/include   conftest.c
configure:5556: $? = 0
configure:5594: gcc -E -I/c/onscripter/extlib/include   conftest.c
conftest.c:10:28: error: ac_nonexistent.h: No such file or directory
configure:5600: $? = 1
configure: failed program was:
| /* confdefs.h.  */
| #define PACKAGE_NAME "smpeg"
| #define PACKAGE_TARNAME "smpeg"
| #define PACKAGE_VERSION "0.4.5"
| #define PACKAGE_STRING "smpeg 0.4.5"
| #define PACKAGE_BUGREPORT ""
| #define PACKAGE "smpeg"
| #define VERSION "0.4.5"
| /* end confdefs.h.  */
| #include <ac_nonexistent.h>
configure:5640: result: gcc -E
configure:5669: gcc -E -I/c/onscripter/extlib/include   conftest.c
configure:5675: $? = 0
configure:5713: gcc -E -I/c/onscripter/extlib/include   conftest.c
conftest.c:10:28: error: ac_nonexistent.h: No such file or directory
configure:5719: $? = 1
configure: failed program was:
| /* confdefs.h.  */
| #define PACKAGE_NAME "smpeg"
| #define PACKAGE_TARNAME "smpeg"
| #define PACKAGE_VERSION "0.4.5"
| #define PACKAGE_STRING "smpeg 0.4.5"
| #define PACKAGE_BUGREPORT ""
| #define PACKAGE "smpeg"
| #define VERSION "0.4.5"
| /* end confdefs.h.  */
| #include <ac_nonexistent.h>
configure:5764: checking for ANSI C header files
configure:5794: gcc -c -I/c/onscripter/extlib/include   -I/c/onscripter/extlib/include   conftest.c >&5
configure:5800: $? = 0
configure:5807: test -z "$ac_c_werror_flag" || test ! -s conftest.err
configure:5810: $? = 0
configure:5817: test -s conftest.o
configure:5820: $? = 0
configure:5916: gcc -o conftest.exe -I/c/onscripter/extlib/include   -I/c/onscripter/extlib/include   -L/c/onscripter/extlib/lib   conftest.c  >&5
configure:5919: $? = 0
configure:5925: ./conftest.exe
configure:5928: $? = 0
configure:5945: result: yes
configure:5969: checking for sys/types.h
configure:5990: gcc -c -I/c/onscripter/extlib/include   -I/c/onscripter/extlib/include   conftest.c >&5
configure:5996: $? = 0
configure:6003: test -z "$ac_c_werror_flag" || test ! -s conftest.err
configure:6006: $? = 0
configure:6013: test -s conftest.o
configure:6016: $? = 0
configure:6029: result: yes
configure:5969: checking for sys/stat.h
configure:5990: gcc -c -I/c/onscripter/extlib/include   -I/c/onscripter/extlib/include   conftest.c >&5
configure:5996: $? = 0
configure:6003: test -z "$ac_c_werror_flag" || test ! -s conftest.err
configure:6006: $? = 0
configure:6013: test -s conftest.o
configure:6016: $? = 0
configure:6029: result: yes
configure:5969: checking for stdlib.h
configure:5990: gcc -c -I/c/onscripter/extlib/include   -I/c/onscripter/extlib/include   conftest.c >&5
configure:5996: $? = 0
configure:6003: test -z "$ac_c_werror_flag" || test ! -s conftest.err
configure:6006: $? = 0
configure:6013: test -s conftest.o
configure:6016: $? = 0
configure:6029: result: yes
configure:5969: checking for string.h
configure:5990: gcc -c -I/c/onscripter/extlib/include   -I/c/onscripter/extlib/include   conftest.c >&5
configure:5996: $? = 0
configure:6003: test -z "$ac_c_werror_flag" || test ! -s conftest.err
configure:6006: $? = 0
configure:6013: test -s conftest.o
configure:6016: $? = 0
configure:6029: result: yes
configure:5969: checking for memory.h
configure:5990: gcc -c -I/c/onscripter/extlib/include   -I/c/onscripter/extlib/include   conftest.c >&5
configure:5996: $? = 0
configure:6003: test -z "$ac_c_werror_flag" || test ! -s conftest.err
configure:6006: $? = 0
configure:6013: test -s conftest.o
configure:6016: $? = 0
configure:6029: result: yes
configure:5969: checking for strings.h
configure:5990: gcc -c -I/c/onscripter/extlib/include   -I/c/onscripter/extlib/include   conftest.c >&5
configure:5996: $? = 0
configure:6003: test -z "$ac_c_werror_flag" || test ! -s conftest.err
configure:6006: $? = 0
configure:6013: test -s conftest.o
configure:6016: $? = 0
configure:6029: result: yes
configure:5969: checking for inttypes.h
configure:5990: gcc -c -I/c/onscripter/extlib/include   -I/c/onscripter/extlib/include   conftest.c >&5
configure:5996: $? = 0
configure:6003: test -z "$ac_c_werror_flag" || test ! -s conftest.err
configure:6006: $? = 0
configure:6013: test -s conftest.o
configure:6016: $? = 0
configure:6029: result: yes
configure:5969: checking for stdint.h
configure:5990: gcc -c -I/c/onscripter/extlib/include   -I/c/onscripter/extlib/include   conftest.c >&5
configure:5996: $? = 0
configure:6003: test -z "$ac_c_werror_flag" || test ! -s conftest.err
configure:6006: $? = 0
configure:6013: test -s conftest.o
configure:6016: $? = 0
configure:6029: result: yes
configure:5969: checking for unistd.h
configure:5990: gcc -c -I/c/onscripter/extlib/include   -I/c/onscripter/extlib/include   conftest.c >&5
configure:5996: $? = 0
configure:6003: test -z "$ac_c_werror_flag" || test ! -s conftest.err
configure:6006: $? = 0
configure:6013: test -s conftest.o
configure:6016: $? = 0
configure:6029: result: yes
configure:6056: checking dlfcn.h usability
configure:6073: gcc -c -I/c/onscripter/extlib/include   -I/c/onscripter/extlib/include   conftest.c >&5
conftest.c:53:19: error: dlfcn.h: No such file or directory
configure:6079: $? = 1
configure: failed program was:
| /* confdefs.h.  */
| #define PACKAGE_NAME "smpeg"
| #define PACKAGE_TARNAME "smpeg"
| #define PACKAGE_VERSION "0.4.5"
| #define PACKAGE_STRING "smpeg 0.4.5"
| #define PACKAGE_BUGREPORT ""
| #define PACKAGE "smpeg"
| #define VERSION "0.4.5"
| #define STDC_HEADERS 1
| #define HAVE_SYS_TYPES_H 1
| #define HAVE_SYS_STAT_H 1
| #define HAVE_STDLIB_H 1
| #define HAVE_STRING_H 1
| #define HAVE_MEMORY_H 1
| #define HAVE_STRINGS_H 1
| #define HAVE_INTTYPES_H 1
| #define HAVE_STDINT_H 1
| #define HAVE_UNISTD_H 1
| /* end confdefs.h.  */
| #include <stdio.h>
| #if HAVE_SYS_TYPES_H
| # include <sys/types.h>
| #endif
| #if HAVE_SYS_STAT_H
| # include <sys/stat.h>
| #endif
| #if STDC_HEADERS
| # include <stdlib.h>
| # include <stddef.h>
| #else
| # if HAVE_STDLIB_H
| #  include <stdlib.h>
| # endif
| #endif
| #if HAVE_STRING_H
| # if !STDC_HEADERS && HAVE_MEMORY_H
| #  include <memory.h>
| # endif
| # include <string.h>
| #endif
| #if HAVE_STRINGS_H
| # include <strings.h>
| #endif
| #if HAVE_INTTYPES_H
| # include <inttypes.h>
| #endif
| #if HAVE_STDINT_H
| # include <stdint.h>
| #endif
| #if HAVE_UNISTD_H
| # include <unistd.h>
| #endif
| #include <dlfcn.h>
configure:6110: result: no
configure:6114: checking dlfcn.h presence
configure:6129: gcc -E -I/c/onscripter/extlib/include   conftest.c
conftest.c:20:19: error: dlfcn.h: No such file or directory
configure:6135: $? = 1
configure: failed program was:
| /* confdefs.h.  */
| #define PACKAGE_NAME "smpeg"
| #define PACKAGE_TARNAME "smpeg"
| #define PACKAGE_VERSION "0.4.5"
| #define PACKAGE_STRING "smpeg 0.4.5"
| #define PACKAGE_BUGREPORT ""
| #define PACKAGE "smpeg"
| #define VERSION "0.4.5"
| #define STDC_HEADERS 1
| #define HAVE_SYS_TYPES_H 1
| #define HAVE_SYS_STAT_H 1
| #define HAVE_STDLIB_H 1
| #define HAVE_STRING_H 1
| #define HAVE_MEMORY_H 1
| #define HAVE_STRINGS_H 1
| #define HAVE_INTTYPES_H 1
| #define HAVE_STDINT_H 1
| #define HAVE_UNISTD_H 1
| /* end confdefs.h.  */
| #include <dlfcn.h>
configure:6156: result: no
configure:6184: checking for dlfcn.h
configure:6192: result: no
configure:6215: checking how to run the C++ preprocessor
configure:6251: g++ -E -I/c/onscripter/extlib/include   conftest.cpp
configure:6257: $? = 0
configure:6295: g++ -E -I/c/onscripter/extlib/include   conftest.cpp
conftest.cpp:20:28: error: ac_nonexistent.h: No such file or directory
configure:6301: $? = 1
configure: failed program was:
| /* confdefs.h.  */
| #define PACKAGE_NAME "smpeg"
| #define PACKAGE_TARNAME "smpeg"
| #define PACKAGE_VERSION "0.4.5"
| #define PACKAGE_STRING "smpeg 0.4.5"
| #define PACKAGE_BUGREPORT ""
| #define PACKAGE "smpeg"
| #define VERSION "0.4.5"
| #define STDC_HEADERS 1
| #define HAVE_SYS_TYPES_H 1
| #define HAVE_SYS_STAT_H 1
| #define HAVE_STDLIB_H 1
| #define HAVE_STRING_H 1
| #define HAVE_MEMORY_H 1
| #define HAVE_STRINGS_H 1
| #define HAVE_INTTYPES_H 1
| #define HAVE_STDINT_H 1
| #define HAVE_UNISTD_H 1
| /* end confdefs.h.  */
| #include <ac_nonexistent.h>
configure:6341: result: g++ -E
configure:6370: g++ -E -I/c/onscripter/extlib/include   conftest.cpp
configure:6376: $? = 0
configure:6414: g++ -E -I/c/onscripter/extlib/include   conftest.cpp
conftest.cpp:20:28: error: ac_nonexistent.h: No such file or directory
configure:6420: $? = 1
configure: failed program was:
| /* confdefs.h.  */
| #define PACKAGE_NAME "smpeg"
| #define PACKAGE_TARNAME "smpeg"
| #define PACKAGE_VERSION "0.4.5"
| #define PACKAGE_STRING "smpeg 0.4.5"
| #define PACKAGE_BUGREPORT ""
| #define PACKAGE "smpeg"
| #define VERSION "0.4.5"
| #define STDC_HEADERS 1
| #define HAVE_SYS_TYPES_H 1
| #define HAVE_SYS_STAT_H 1
| #define HAVE_STDLIB_H 1
| #define HAVE_STRING_H 1
| #define HAVE_MEMORY_H 1
| #define HAVE_STRINGS_H 1
| #define HAVE_INTTYPES_H 1
| #define HAVE_STDINT_H 1
| #define HAVE_UNISTD_H 1
| /* end confdefs.h.  */
| #include <ac_nonexistent.h>
configure:6520: checking for g77
configure:6550: result: no
configure:6520: checking for f77
configure:6550: result: no
configure:6520: checking for xlf
configure:6550: result: no
configure:6520: checking for frt
configure:6550: result: no
configure:6520: checking for pgf77
configure:6550: result: no
configure:6520: checking for cf77
configure:6550: result: no
configure:6520: checking for fort77
configure:6550: result: no
configure:6520: checking for fl32
configure:6550: result: no
configure:6520: checking for af77
configure:6550: result: no
configure:6520: checking for f90
configure:6550: result: no
configure:6520: checking for xlf90
configure:6550: result: no
configure:6520: checking for pgf90
configure:6550: result: no
configure:6520: checking for pghpf
configure:6550: result: no
configure:6520: checking for epcf90
configure:6550: result: no
configure:6520: checking for gfortran
configure:6550: result: no
configure:6520: checking for g95
configure:6550: result: no
configure:6520: checking for f95
configure:6550: result: no
configure:6520: checking for fort
configure:6550: result: no
configure:6520: checking for xlf95
configure:6550: result: no
configure:6520: checking for ifort
configure:6550: result: no
configure:6520: checking for ifc
configure:6550: result: no
configure:6520: checking for efc
configure:6550: result: no
configure:6520: checking for pgf95
configure:6550: result: no
configure:6520: checking for lf95
configure:6550: result: no
configure:6520: checking for ftn
configure:6550: result: no
configure:6577: checking for Fortran 77 compiler version
configure:6584:  --version >&5
./configure: line 6585: --version: command not found
configure:6587: $? = 127
configure:6594:  -v >&5
./configure: line 6595: -v: command not found
configure:6597: $? = 127
configure:6604:  -V >&5
./configure: line 6605: -V: command not found
configure:6607: $? = 127
configure:6615: checking whether we are using the GNU Fortran 77 compiler
configure:6634:  -c  conftest.F >&5
./configure: line 6635: -c: command not found
configure:6640: $? = 127
configure: failed program was:
|       program main
| #ifndef __GNUC__
|        choke me
| #endif
| 
|       end
configure:6674: result: no
configure:6680: checking whether  accepts -g
configure:6697:  -c -g conftest.f >&5
./configure: line 6698: -c: command not found
configure:6703: $? = 127
configure: failed program was:
|       program main
| 
|       end
configure:6736: result: no
configure:6766: checking the maximum length of command line arguments
configure:6881: result: 8192
configure:6892: checking command to parse /mingw/bin/nm output from gcc object
configure:6997: gcc -c -I/c/onscripter/extlib/include   -I/c/onscripter/extlib/include   conftest.c >&5
configure:7000: $? = 0
configure:7004: /mingw/bin/nm conftest.o \| sed -n -e 's/^.*[ 	]\([ABCDGIRSTW][ABCDGIRSTW]*\)[ 	][ 	]*\([_A-Za-z][_A-Za-z0-9]*\)\{0,1\}$/\1 \2 \2/p' \> conftest.nm
configure:7007: $? = 0
cannot find nm_test_var in conftest.nm
configure:6997: gcc -c -I/c/onscripter/extlib/include   -I/c/onscripter/extlib/include   conftest.c >&5
configure:7000: $? = 0
configure:7004: /mingw/bin/nm conftest.o \| sed -n -e 's/^.*[ 	]\([ABCDGIRSTW][ABCDGIRSTW]*\)[ 	][ 	]*_\([_A-Za-z][_A-Za-z0-9]*\)\{0,1\}$/\1 _\2 \2/p' \> conftest.nm
configure:7007: $? = 0
configure:7059: gcc -o conftest.exe -I/c/onscripter/extlib/include   -I/c/onscripter/extlib/include   -L/c/onscripter/extlib/lib   conftest.c conftstm.o >&5
configure:7062: $? = 0
configure:7100: result: ok
configure:7104: checking for objdir
configure:7119: result: .libs
configure:7211: checking for ar
configure:7238: result: ar
configure:7307: checking for ranlib
configure:7334: result: ranlib
configure:7403: checking for strip
configure:7419: found /mingw/bin/strip
configure:7430: result: strip
configure:7720: checking if gcc supports -fno-rtti -fno-exceptions
configure:7738: gcc -c -I/c/onscripter/extlib/include   -I/c/onscripter/extlib/include   -fno-rtti -fno-exceptions conftest.c >&5
cc1.exe: warning: command line option "-fno-rtti" is valid for C++/ObjC++ but not for C
configure:7742: $? = 0
configure:7755: result: no
configure:7770: checking for gcc option to produce PIC
configure:7980: result: -DDLL_EXPORT
configure:7988: checking if gcc PIC flag -DDLL_EXPORT works
configure:8006: gcc -c -I/c/onscripter/extlib/include   -I/c/onscripter/extlib/include   -DDLL_EXPORT -DPIC conftest.c >&5
configure:8010: $? = 0
configure:8023: result: yes
configure:8051: checking if gcc static flag -static works
configure:8079: result: yes
configure:8089: checking if gcc supports -c -o file.o
configure:8110: gcc -c -I/c/onscripter/extlib/include   -I/c/onscripter/extlib/include   -o out/conftest2.o conftest.c >&5
configure:8114: $? = 0
configure:8136: result: yes
configure:8162: checking whether the gcc linker (c:/mingw32/mingw32/bin/ld.exe) supports shared libraries
configure:9148: result: yes
configure:9215: checking dynamic linker characteristics
configure:9805: result: Win32 ld.exe
configure:9814: checking how to hardcode library paths into programs
configure:9839: result: immediate
configure:9853: checking whether stripping libraries is possible
configure:9858: result: yes
configure:10771: checking if libtool supports shared libraries
configure:10773: result: yes
configure:10776: checking whether to build shared libraries
configure:10797: result: no
configure:10800: checking whether to build static libraries
configure:10804: result: yes
configure:10896: creating libtool
configure:11484: checking for ld used by g++
configure:11551: result: c:/mingw32/mingw32/bin/ld.exe
configure:11560: checking if the linker (c:/mingw32/mingw32/bin/ld.exe) is GNU ld
configure:11575: result: yes
configure:11626: checking whether the g++ linker (c:/mingw32/mingw32/bin/ld.exe) supports shared libraries
configure:12592: result: yes
configure:12614: g++ -c -g -O2 -I/c/onscripter/extlib/include   conftest.cpp >&5
configure:12617: $? = 0
configure:12736: checking for g++ option to produce PIC
configure:13010: result: -DDLL_EXPORT
configure:13018: checking if g++ PIC flag -DDLL_EXPORT works
configure:13036: g++ -c -g -O2 -I/c/onscripter/extlib/include   -DDLL_EXPORT -DPIC conftest.cpp >&5
configure:13040: $? = 0
configure:13053: result: yes
configure:13081: checking if g++ static flag -static works
configure:13109: result: yes
configure:13119: checking if g++ supports -c -o file.o
configure:13140: g++ -c -g -O2 -I/c/onscripter/extlib/include   -o out/conftest2.o conftest.cpp >&5
configure:13144: $? = 0
configure:13166: result: yes
configure:13192: checking whether the g++ linker (c:/mingw32/mingw32/bin/ld.exe) supports shared libraries
configure:13217: result: yes
configure:13284: checking dynamic linker characteristics
configure:13874: result: Win32 ld.exe
configure:13883: checking how to hardcode library paths into programs
configure:13908: result: immediate
configure:20133: checking for a BSD-compatible install
configure:20189: result: /bin/install -c
configure:20206: checking for socklen_t
configure:20233: gcc -c -I/c/onscripter/extlib/include   -I/c/onscripter/extlib/include   conftest.c >&5
conftest.c:20:24: error: sys/socket.h: No such file or directory
conftest.c: In function 'main':
conftest.c:24: error: 'socklen_t' undeclared (first use in this function)
conftest.c:24: error: (Each undeclared identifier is reported only once
conftest.c:24: error: for each function it appears in.)
conftest.c:24: error: expected ';' before 'len'
conftest.c:24: error: 'len' undeclared (first use in this function)
configure:20239: $? = 1
configure: failed program was:
| /* confdefs.h.  */
| #define PACKAGE_NAME "smpeg"
| #define PACKAGE_TARNAME "smpeg"
| #define PACKAGE_VERSION "0.4.5"
| #define PACKAGE_STRING "smpeg 0.4.5"
| #define PACKAGE_BUGREPORT ""
| #define PACKAGE "smpeg"
| #define VERSION "0.4.5"
| #define STDC_HEADERS 1
| #define HAVE_SYS_TYPES_H 1
| #define HAVE_SYS_STAT_H 1
| #define HAVE_STDLIB_H 1
| #define HAVE_STRING_H 1
| #define HAVE_MEMORY_H 1
| #define HAVE_STRINGS_H 1
| #define HAVE_INTTYPES_H 1
| #define HAVE_STDINT_H 1
| #define HAVE_UNISTD_H 1
| /* end confdefs.h.  */
| #include <sys/socket.h>
| int
| main ()
| {
| socklen_t len = 42; return len;
|   ;
|   return 0;
| }
configure:20272: result: no
configure:20389: checking for sdl-config
configure:20407: found /c/onscripter/extlib/bin/sdl-config
configure:20420: result: /c/onscripter/extlib/bin/sdl-config
configure:20429: checking for SDL - version >= 1.2.0
configure:20526: gcc -o conftest.exe -I/c/onscripter/extlib/include   -fexpensive-optimizations -fomit-frame-pointer -I/c/onscripter/extlib/include/SDL -D_GNU_SOURCE=1 -Dmain=SDL_main -I/c/onscripter/extlib/include   -L/c/onscripter/extlib/lib   conftest.c  -L/c/onscripter/extlib/lib -lmingw32 -lSDLmain -lSDL -mwindows -lwinmm >&5
configure:20529: $? = 0
configure:20535: ./conftest.exe
configure:20538: $? = 0
configure:20559: result: yes
configure:20675: checking for sqrt in -lm
configure:20710: gcc -o conftest.exe -I/c/onscripter/extlib/include   -fexpensive-optimizations -fomit-frame-pointer -I/c/onscripter/extlib/include/SDL -D_GNU_SOURCE=1 -Dmain=SDL_main -I/c/onscripter/extlib/include   -L/c/onscripter/extlib/lib   conftest.c -lm   -L/c/onscripter/extlib/lib -lmingw32 -lSDLmain -lSDL -mwindows -lwinmm >&5
conftest.c:28: warning: conflicting types for built-in function 'sqrt'
configure:20716: $? = 0
configure:20723: test -z "$ac_c_werror_flag" || test ! -s conftest.err
configure:20726: $? = 0
configure:20733: test -s conftest.exe
configure:20736: $? = 0
configure:20750: result: yes
configure:21114: checking if g++ supports -fno-rtti -fno-exceptions
configure:21144: g++ -c -fno-rtti -fno-exceptions -I/c/onscripter/extlib/include   conftest.c >&5
configure:21150: $? = 0
configure:21157: test -z "$ac_c_werror_flag" || test ! -s conftest.err
configure:21160: $? = 0
configure:21167: test -s conftest.o
configure:21170: $? = 0
configure:21183: result: yes
configure:21354: creating ./config.status

## ---------------------- ##
## Running config.status. ##
## ---------------------- ##

This file was extended by smpeg config.status 0.4.5, which was
generated by GNU Autoconf 2.60.  Invocation command line was

  CONFIG_FILES    = 
  CONFIG_HEADERS  = 
  CONFIG_LINKS    = 
  CONFIG_COMMANDS = 
  $ ./config.status 

on KINJO-PC

config.status:653: creating Makefile
config.status:653: creating smpeg-config
config.status:653: creating smpeg.spec
config.status:838: executing depfiles commands

## ---------------- ##
## Cache variables. ##
## ---------------- ##

ac_cv_build=i686-pc-mingw32
ac_cv_c_compiler_gnu=yes
ac_cv_cxx_compiler_gnu=yes
ac_cv_env_CCC_set=
ac_cv_env_CCC_value=
ac_cv_env_CC_set=set
ac_cv_env_CC_value=gcc
ac_cv_env_CFLAGS_set=set
ac_cv_env_CFLAGS_value='-I/c/onscripter/extlib/include  '
ac_cv_env_CPPFLAGS_set=set
ac_cv_env_CPPFLAGS_value='-I/c/onscripter/extlib/include  '
ac_cv_env_CPP_set=
ac_cv_env_CPP_value=
ac_cv_env_CXXCPP_set=
ac_cv_env_CXXCPP_value=
ac_cv_env_CXXFLAGS_set=
ac_cv_env_CXXFLAGS_value=
ac_cv_env_CXX_set=set
ac_cv_env_CXX_value=g++
ac_cv_env_F77_set=
ac_cv_env_F77_value=
ac_cv_env_FFLAGS_set=
ac_cv_env_FFLAGS_value=
ac_cv_env_LDFLAGS_set=set
ac_cv_env_LDFLAGS_value='-L/c/onscripter/extlib/lib  '
ac_cv_env_build_alias_set=
ac_cv_env_build_alias_value=
ac_cv_env_host_alias_set=
ac_cv_env_host_alias_value=
ac_cv_env_target_alias_set=
ac_cv_env_target_alias_value=
ac_cv_exeext=.exe
ac_cv_f77_compiler_gnu=no
ac_cv_header_dlfcn_h=no
ac_cv_header_inttypes_h=yes
ac_cv_header_memory_h=yes
ac_cv_header_stdc=yes
ac_cv_header_stdint_h=yes
ac_cv_header_stdlib_h=yes
ac_cv_header_string_h=yes
ac_cv_header_strings_h=yes
ac_cv_header_sys_stat_h=yes
ac_cv_header_sys_types_h=yes
ac_cv_header_unistd_h=yes
ac_cv_host=i686-pc-mingw32
ac_cv_lib_m_sqrt=yes
ac_cv_objext=o
ac_cv_path_EGREP='/bin/grep -E'
ac_cv_path_GREP=/bin/grep
ac_cv_path_SDL_CONFIG=/c/onscripter/extlib/bin/sdl-config
ac_cv_path_install='/bin/install -c'
ac_cv_prog_AWK=gawk
ac_cv_prog_CPP='gcc -E'
ac_cv_prog_CXXCPP='g++ -E'
ac_cv_prog_ac_ct_AR=ar
ac_cv_prog_ac_ct_AS=as
ac_cv_prog_ac_ct_CC=gcc
ac_cv_prog_ac_ct_DLLTOOL=dlltool
ac_cv_prog_ac_ct_OBJDUMP=objdump
ac_cv_prog_ac_ct_RANLIB=ranlib
ac_cv_prog_ac_ct_STRIP=strip
ac_cv_prog_cc_c89=
ac_cv_prog_cc_g=yes
ac_cv_prog_cxx_g=yes
ac_cv_prog_f77_g=no
ac_cv_prog_make_make_set=yes
ac_cv_type_socklen_t=no
am_cv_CC_dependencies_compiler_type=gcc3
am_cv_CXX_dependencies_compiler_type=gcc3
lt_cv_deplibs_check_method=pass_all
lt_cv_file_magic_cmd='$OBJDUMP -f'
lt_cv_file_magic_test_file=
lt_cv_ld_reload_flag=-r
lt_cv_objdir=.libs
lt_cv_path_LD=c:/mingw32/mingw32/bin/ld.exe
lt_cv_path_LDCXX=c:/mingw32/mingw32/bin/ld.exe
lt_cv_path_NM=/mingw/bin/nm
lt_cv_path_SED=/bin/sed
lt_cv_prog_compiler_c_o=yes
lt_cv_prog_compiler_c_o_CXX=yes
lt_cv_prog_compiler_rtti_exceptions=no
lt_cv_prog_gnu_ld=yes
lt_cv_prog_gnu_ldcxx=yes
lt_cv_sys_global_symbol_pipe='sed -n -e '\''s/^.*[ 	]\([ABCDGIRSTW][ABCDGIRSTW]*\)[ 	][ 	]*_\([_A-Za-z][_A-Za-z0-9]*\)\{0,1\}$/\1 _\2 \2/p'\'''
lt_cv_sys_global_symbol_to_c_name_address='sed -n -e '\''s/^: \([^ ]*\) $/  {\"\1\", (lt_ptr) 0},/p'\'' -e '\''s/^[BCDEGRST] \([^ ]*\) \([^ ]*\)$/  {"\2", (lt_ptr) \&\2},/p'\'''
lt_cv_sys_global_symbol_to_cdecl='sed -n -e '\''s/^. .* \(.*\)$/extern int \1;/p'\'''
lt_cv_sys_max_cmd_len=8192
lt_lt_cv_prog_compiler_c_o='"yes"'
lt_lt_cv_prog_compiler_c_o_CXX='"yes"'
lt_lt_cv_sys_global_symbol_pipe='"sed -n -e '\''s/^.*[ 	]\\([ABCDGIRSTW][ABCDGIRSTW]*\\)[ 	][ 	]*_\\([_A-Za-z][_A-Za-z0-9]*\\)\\{0,1\\}\$/\\1 _\\2 \\2/p'\''"'
lt_lt_cv_sys_global_symbol_to_c_name_address='"sed -n -e '\''s/^: \\([^ ]*\\) \$/  {\\\"\\1\\\", (lt_ptr) 0},/p'\'' -e '\''s/^[BCDEGRST] \\([^ ]*\\) \\([^ ]*\\)\$/  {\"\\2\", (lt_ptr) \\&\\2},/p'\''"'
lt_lt_cv_sys_global_symbol_to_cdecl='"sed -n -e '\''s/^. .* \\(.*\\)\$/extern int \\1;/p'\''"'

## ----------------- ##
## Output variables. ##
## ----------------- ##

ACLOCAL='${SHELL} /c/onscripter/extlib/src/smpeg/missing --run aclocal-1.9'
AMDEPBACKSLASH='\'
AMDEP_FALSE='#'
AMDEP_TRUE=''
AMTAR='${SHELL} /c/onscripter/extlib/src/smpeg/missing --run tar'
AR='ar'
AS='gcc'
ASFLAGS=''
AUTOCONF='${SHELL} /c/onscripter/extlib/src/smpeg/missing --run autoconf'
AUTOHEADER='${SHELL} /c/onscripter/extlib/src/smpeg/missing --run autoheader'
AUTOMAKE='${SHELL} /c/onscripter/extlib/src/smpeg/missing --run automake-1.9'
AWK='gawk'
BINARY_AGE='5'
CC='gcc'
CCAS='gcc'
CCASFLAGS=''
CCDEPMODE='depmode=gcc3'
CFLAGS='-I/c/onscripter/extlib/include   -fexpensive-optimizations -fomit-frame-pointer -I/c/onscripter/extlib/include/SDL -D_GNU_SOURCE=1 -Dmain=SDL_main -DTHREADED_AUDIO -DNDEBUG -I.. -DNOCONTROLS -I$(top_srcdir) -I$(top_srcdir)/audio -I$(top_srcdir)/video'
CPP='gcc -E'
CPPFLAGS='-I/c/onscripter/extlib/include  '
CXX='g++'
CXXCPP='g++ -E'
CXXDEPMODE='depmode=gcc3'
CXXFLAGS='-I/c/onscripter/extlib/include   -fexpensive-optimizations -fomit-frame-pointer -I/c/onscripter/extlib/include/SDL -D_GNU_SOURCE=1 -Dmain=SDL_main -DTHREADED_AUDIO -DNDEBUG -I.. -DNOCONTROLS -I$(top_srcdir) -I$(top_srcdir)/audio -I$(top_srcdir)/video -fno-exceptions -fno-rtti'
CYGPATH_W='echo'
DEFS='-DPACKAGE_NAME=\"smpeg\" -DPACKAGE_TARNAME=\"smpeg\" -DPACKAGE_VERSION=\"0.4.5\" -DPACKAGE_STRING=\"smpeg\ 0.4.5\" -DPACKAGE_BUGREPORT=\"\" -DPACKAGE=\"smpeg\" -DVERSION=\"0.4.5\" -DSTDC_HEADERS=1 -DHAVE_SYS_TYPES_H=1 -DHAVE_SYS_STAT_H=1 -DHAVE_STDLIB_H=1 -DHAVE_STRING_H=1 -DHAVE_MEMORY_H=1 -DHAVE_STRINGS_H=1 -DHAVE_INTTYPES_H=1 -DHAVE_STDINT_H=1 -DHAVE_UNISTD_H=1 -Dsocklen_t=int'
DEPDIR='.deps'
DLLTOOL='dlltool'
ECHO='echo'
ECHO_C=''
ECHO_N='-n'
ECHO_T=''
EGREP='/bin/grep -E'
EXEEXT='.exe'
F77=''
FFLAGS=''
GREP='/bin/grep'
INSTALL_DATA='${INSTALL} -m 644'
INSTALL_PROGRAM='${INSTALL}'
INSTALL_SCRIPT='${INSTALL}'
INSTALL_STRIP_PROGRAM='${SHELL} $(install_sh) -c -s'
INTERFACE_AGE='4'
LDFLAGS='-L/c/onscripter/extlib/lib  '
LIBOBJS=''
LIBS=' -L/c/onscripter/extlib/lib -lmingw32 -lSDLmain -lSDL -mwindows -lwinmm -lm'
LIBTOOL='$(SHELL) $(top_builddir)/libtool'
LN_S='ln -s'
LTLIBOBJS=''
LT_AGE='1'
LT_CURRENT='1'
LT_RELEASE='0.4'
LT_REVISION='4'
MAINT='#'
MAINTAINER_MODE_FALSE=''
MAINTAINER_MODE_TRUE='#'
MAJOR_VERSION='0'
MAKEINFO='${SHELL} /c/onscripter/extlib/src/smpeg/missing --run makeinfo'
MICRO_VERSION='5'
MINOR_VERSION='4'
OBJDUMP='objdump'
OBJEXT='o'
PACKAGE='smpeg'
PACKAGE_BUGREPORT=''
PACKAGE_NAME='smpeg'
PACKAGE_STRING='smpeg 0.4.5'
PACKAGE_TARNAME='smpeg'
PACKAGE_VERSION='0.4.5'
PATH_SEPARATOR=':'
RANLIB='ranlib'
SDL_CFLAGS='-I/c/onscripter/extlib/include/SDL -D_GNU_SOURCE=1 -Dmain=SDL_main'
SDL_CONFIG='/c/onscripter/extlib/bin/sdl-config'
SDL_LIBS='-L/c/onscripter/extlib/lib -lmingw32 -lSDLmain -lSDL -mwindows -lwinmm'
SET_MAKE=''
SHELL='/bin/sh'
SMPEG_RLD_FLAGS=''
STRIP='strip'
VERSION='0.4.5'
ac_ct_CC='gcc'
ac_ct_CXX=''
ac_ct_F77=''
am__fastdepCC_FALSE='#'
am__fastdepCC_TRUE=''
am__fastdepCXX_FALSE='#'
am__fastdepCXX_TRUE=''
am__include='include'
am__leading_dot='.'
am__quote=''
am__tar='${AMTAR} chof - "$$tardir"'
am__untar='${AMTAR} xf -'
bindir='${exec_prefix}/bin'
build='i686-pc-mingw32'
build_alias=''
build_cpu='i686'
build_os='mingw32'
build_vendor='pc'
datadir='${datarootdir}'
datarootdir='${prefix}/share'
docdir='${datarootdir}/doc/${PACKAGE_TARNAME}'
dvidir='${docdir}'
exec_prefix='${prefix}'
host='i686-pc-mingw32'
host_alias=''
host_cpu='i686'
host_os='mingw32'
host_vendor='pc'
htmldir='${docdir}'
includedir='${prefix}/include'
infodir='${datarootdir}/info'
install_sh='/c/onscripter/extlib/src/smpeg/install-sh'
libdir='${exec_prefix}/lib'
libexecdir='${exec_prefix}/libexec'
localedir='${datarootdir}/locale'
localstatedir='${prefix}/var'
mandir='${datarootdir}/man'
mkdir_p='mkdir -p --'
oldincludedir='/usr/include'
pdfdir='${docdir}'
prefix='/c/onscripter/extlib'
program_transform_name='s,x,x,'
psdir='${docdir}'
sbindir='${exec_prefix}/sbin'
sharedstatedir='${prefix}/com'
sysconfdir='${prefix}/etc'
target_alias=''

## ----------- ##
## confdefs.h. ##
## ----------- ##

#define PACKAGE_NAME "smpeg"
#define PACKAGE_TARNAME "smpeg"
#define PACKAGE_VERSION "0.4.5"
#define PACKAGE_STRING "smpeg 0.4.5"
#define PACKAGE_BUGREPORT ""
#define PACKAGE "smpeg"
#define VERSION "0.4.5"
#define STDC_HEADERS 1
#define HAVE_SYS_TYPES_H 1
#define HAVE_SYS_STAT_H 1
#define HAVE_STDLIB_H 1
#define HAVE_STRING_H 1
#define HAVE_MEMORY_H 1
#define HAVE_STRINGS_H 1
#define HAVE_INTTYPES_H 1
#define HAVE_STDINT_H 1
#define HAVE_UNISTD_H 1
#define socklen_t int

configure: exit 0
