This file contains any messages produced by compilers while
running configure, to aid debugging if configure makes a mistake.

It was created by configure, which was
generated by GNU Autoconf 2.59.  Invocation command line was

  $ ./configure --prefix=/c/onscripter/extlib --disable-shared --disable-dependency-tracking --disable-docs

## --------- ##
## Platform. ##
## --------- ##

hostname = KINJO-PC
uname -m = i686
uname -r = 1.0.11(0.46/3/2)
uname -s = MINGW32_NT-6.2
uname -v = 2009-07-11 17:46

/usr/bin/uname -p = unknown
/bin/uname -X     = unknown

/bin/arch              = unknown
/usr/bin/arch -k       = unknown
/usr/convex/getsysinfo = unknown
hostinfo               = unknown
/bin/machine           = unknown
/usr/bin/oslevel       = unknown
/bin/universe          = unknown

PATH: /c/onscripter/extlib/bin
PATH: .
PATH: /usr/local/bin
PATH: /mingw/bin
PATH: /bin
PATH: /c/ProgramData/Oracle/Java/javapath
PATH: /c/Program Files/nodejs
PATH: /mingw
PATH: /c/Program Files (x86)/kaitai-struct-compiler/bin
PATH: /c/Program Files (x86)/kaitai_struct_visualizer/bin
PATH: /c/Ruby23-x64/bin
PATH: /c/Program Files/Heroku/bin


## ----------- ##
## Core tests. ##
## ----------- ##

configure:1536: checking build system type
configure:1554: result: i686-pc-mingw32
configure:1562: checking host system type
configure:1576: result: i686-pc-mingw32
configure:1584: checking target system type
configure:1598: result: i686-pc-mingw32
configure:1634: checking for a BSD-compatible install
configure:1689: result: /bin/install -c
configure:1700: checking whether build environment is sane
configure:1743: result: yes
configure:1776: checking for gawk
configure:1792: found /bin/gawk
configure:1802: result: gawk
configure:1812: checking whether make sets $(MAKE)
configure:1832: result: yes
configure:1977: checking whether to enable maintainer-specific portions of Makefiles
configure:1986: result: no
configure:2070: checking for gcc
configure:2096: result: gcc
configure:2340: checking for C compiler version
configure:2343: gcc --version </dev/null >&5
gcc.exe (TDM-1 mingw32) 4.4.0
Copyright (C) 2009 Free Software Foundation, Inc.
This is free software; see the source for copying conditions.  There is NO
warranty; not even for MERCHANTABILITY or FITNESS FOR A PARTICULAR PURPOSE.

configure:2346: $? = 0
configure:2348: gcc -v </dev/null >&5
Using built-in specs.
Target: mingw32
Configured with: ../gcc-4.4.0/configure --prefix=/mingw --build=mingw32 --enable-languages=c,ada,c++,fortran,objc,obj-c++ --disable-nls --disable-win32-registry --disable-werror --enable-threads --disable-symvers --enable-cxx-flags='-fno-function-sections -fno-data-sections' --enable-fully-dynamic-string --enable-libgomp --enable-version-specific-runtime-libs --enable-sjlj-exceptions --with-pkgversion='TDM-1 mingw32' --with-bugurl=http://www.tdragon.net/recentgcc/bugs.php
Thread model: win32
gcc version 4.4.0 (TDM-1 mingw32) 
configure:2351: $? = 0
configure:2353: gcc -V </dev/null >&5
gcc.exe: '-V' option must have argument
configure:2356: $? = 1
configure:2379: checking for C compiler default output file name
configure:2382: gcc -I/c/onscripter/extlib/include   -I/c/onscripter/extlib/include   -L/c/onscripter/extlib/lib   conftest.c  >&5
configure:2385: $? = 0
configure:2431: result: a.exe
configure:2436: checking whether the C compiler works
configure:2442: ./a.exe
configure:2445: $? = 0
configure:2462: result: yes
configure:2469: checking whether we are cross compiling
configure:2471: result: no
configure:2474: checking for suffix of executables
configure:2476: gcc -o conftest.exe -I/c/onscripter/extlib/include   -I/c/onscripter/extlib/include   -L/c/onscripter/extlib/lib   conftest.c  >&5
configure:2479: $? = 0
configure:2504: result: .exe
configure:2510: checking for suffix of object files
configure:2531: gcc -c -I/c/onscripter/extlib/include   -I/c/onscripter/extlib/include   conftest.c >&5
configure:2534: $? = 0
configure:2556: result: o
configure:2560: checking whether we are using the GNU C compiler
configure:2584: gcc -c -I/c/onscripter/extlib/include   -I/c/onscripter/extlib/include   conftest.c >&5
configure:2590: $? = 0
configure:2594: test -z 
			 || test ! -s conftest.err
configure:2597: $? = 0
configure:2600: test -s conftest.o
configure:2603: $? = 0
configure:2616: result: yes
configure:2622: checking whether gcc accepts -g
configure:2643: gcc -c -g -I/c/onscripter/extlib/include   conftest.c >&5
configure:2649: $? = 0
configure:2653: test -z 
			 || test ! -s conftest.err
configure:2656: $? = 0
configure:2659: test -s conftest.o
configure:2662: $? = 0
configure:2673: result: yes
configure:2690: checking for gcc option to accept ANSI C
configure:2760: gcc  -c -I/c/onscripter/extlib/include   -I/c/onscripter/extlib/include   conftest.c >&5
configure:2766: $? = 0
configure:2770: test -z 
			 || test ! -s conftest.err
configure:2773: $? = 0
configure:2776: test -s conftest.o
configure:2779: $? = 0
configure:2797: result: none needed
configure:2815: gcc -c -I/c/onscripter/extlib/include   -I/c/onscripter/extlib/include   conftest.c >&5
conftest.c:2: error: expected '=', ',', ';', 'asm' or '__attribute__' before 'me'
configure:2821: $? = 1
configure: failed program was:
| #ifndef __cplusplus
|   choke me
| #endif
configure:2973: checking for style of include used by make
configure:3001: result: GNU
configure:3029: checking dependency style of gcc
configure:3091: result: none
configure:3101: checking how to run the C preprocessor
configure:3136: gcc -E -I/c/onscripter/extlib/include   conftest.c
configure:3142: $? = 0
configure:3174: gcc -E -I/c/onscripter/extlib/include   conftest.c
conftest.c:11:28: error: ac_nonexistent.h: No such file or directory
configure:3180: $? = 1
configure: failed program was:
| /* confdefs.h.  */
| 
| #define PACKAGE_NAME ""
| #define PACKAGE_TARNAME ""
| #define PACKAGE_VERSION ""
| #define PACKAGE_STRING ""
| #define PACKAGE_BUGREPORT ""
| #define PACKAGE "libvorbis"
| #define VERSION "1.2.0"
| /* end confdefs.h.  */
| #include <ac_nonexistent.h>
configure:3219: result: gcc -E
configure:3243: gcc -E -I/c/onscripter/extlib/include   conftest.c
configure:3249: $? = 0
configure:3281: gcc -E -I/c/onscripter/extlib/include   conftest.c
conftest.c:11:28: error: ac_nonexistent.h: No such file or directory
configure:3287: $? = 1
configure: failed program was:
| /* confdefs.h.  */
| 
| #define PACKAGE_NAME ""
| #define PACKAGE_TARNAME ""
| #define PACKAGE_VERSION ""
| #define PACKAGE_STRING ""
| #define PACKAGE_BUGREPORT ""
| #define PACKAGE "libvorbis"
| #define VERSION "1.2.0"
| /* end confdefs.h.  */
| #include <ac_nonexistent.h>
configure:3404: checking for a sed that does not truncate output
configure:3458: result: /bin/sed
configure:3461: checking for egrep
configure:3471: result: grep -E
configure:3487: checking for ld used by gcc
configure:3554: result: c:/mingw32/mingw32/bin/ld.exe
configure:3563: checking if the linker (c:/mingw32/mingw32/bin/ld.exe) is GNU ld
configure:3578: result: yes
configure:3583: checking for c:/mingw32/mingw32/bin/ld.exe option to reload object files
configure:3590: result: -r
configure:3599: checking for BSD-compatible nm
configure:3641: result: /mingw/bin/nm
configure:3645: checking whether ln -s works
configure:3649: result: yes
configure:3656: checking how to recognise dependent libraries
configure:3856: result: file_magic ^x86 archive import|^x86 DLL
configure:4066: checking for ANSI C header files
configure:4091: gcc -c -I/c/onscripter/extlib/include   -I/c/onscripter/extlib/include   conftest.c >&5
configure:4097: $? = 0
configure:4101: test -z 
			 || test ! -s conftest.err
configure:4104: $? = 0
configure:4107: test -s conftest.o
configure:4110: $? = 0
configure:4199: gcc -o conftest.exe -I/c/onscripter/extlib/include   -I/c/onscripter/extlib/include   -L/c/onscripter/extlib/lib   conftest.c  >&5
conftest.c: In function 'main':
conftest.c:28: warning: incompatible implicit declaration of built-in function 'exit'
configure:4202: $? = 0
configure:4204: ./conftest.exe
configure:4207: $? = 0
configure:4222: result: yes
configure:4246: checking for sys/types.h
configure:4262: gcc -c -I/c/onscripter/extlib/include   -I/c/onscripter/extlib/include   conftest.c >&5
configure:4268: $? = 0
configure:4272: test -z 
			 || test ! -s conftest.err
configure:4275: $? = 0
configure:4278: test -s conftest.o
configure:4281: $? = 0
configure:4292: result: yes
configure:4246: checking for sys/stat.h
configure:4262: gcc -c -I/c/onscripter/extlib/include   -I/c/onscripter/extlib/include   conftest.c >&5
configure:4268: $? = 0
configure:4272: test -z 
			 || test ! -s conftest.err
configure:4275: $? = 0
configure:4278: test -s conftest.o
configure:4281: $? = 0
configure:4292: result: yes
configure:4246: checking for stdlib.h
configure:4262: gcc -c -I/c/onscripter/extlib/include   -I/c/onscripter/extlib/include   conftest.c >&5
configure:4268: $? = 0
configure:4272: test -z 
			 || test ! -s conftest.err
configure:4275: $? = 0
configure:4278: test -s conftest.o
configure:4281: $? = 0
configure:4292: result: yes
configure:4246: checking for string.h
configure:4262: gcc -c -I/c/onscripter/extlib/include   -I/c/onscripter/extlib/include   conftest.c >&5
configure:4268: $? = 0
configure:4272: test -z 
			 || test ! -s conftest.err
configure:4275: $? = 0
configure:4278: test -s conftest.o
configure:4281: $? = 0
configure:4292: result: yes
configure:4246: checking for memory.h
configure:4262: gcc -c -I/c/onscripter/extlib/include   -I/c/onscripter/extlib/include   conftest.c >&5
configure:4268: $? = 0
configure:4272: test -z 
			 || test ! -s conftest.err
configure:4275: $? = 0
configure:4278: test -s conftest.o
configure:4281: $? = 0
configure:4292: result: yes
configure:4246: checking for strings.h
configure:4262: gcc -c -I/c/onscripter/extlib/include   -I/c/onscripter/extlib/include   conftest.c >&5
configure:4268: $? = 0
configure:4272: test -z 
			 || test ! -s conftest.err
configure:4275: $? = 0
configure:4278: test -s conftest.o
configure:4281: $? = 0
configure:4292: result: yes
configure:4246: checking for inttypes.h
configure:4262: gcc -c -I/c/onscripter/extlib/include   -I/c/onscripter/extlib/include   conftest.c >&5
configure:4268: $? = 0
configure:4272: test -z 
			 || test ! -s conftest.err
configure:4275: $? = 0
configure:4278: test -s conftest.o
configure:4281: $? = 0
configure:4292: result: yes
configure:4246: checking for stdint.h
configure:4262: gcc -c -I/c/onscripter/extlib/include   -I/c/onscripter/extlib/include   conftest.c >&5
configure:4268: $? = 0
configure:4272: test -z 
			 || test ! -s conftest.err
configure:4275: $? = 0
configure:4278: test -s conftest.o
configure:4281: $? = 0
configure:4292: result: yes
configure:4246: checking for unistd.h
configure:4262: gcc -c -I/c/onscripter/extlib/include   -I/c/onscripter/extlib/include   conftest.c >&5
configure:4268: $? = 0
configure:4272: test -z 
			 || test ! -s conftest.err
configure:4275: $? = 0
configure:4278: test -s conftest.o
configure:4281: $? = 0
configure:4292: result: yes
configure:4318: checking dlfcn.h usability
configure:4330: gcc -c -I/c/onscripter/extlib/include   -I/c/onscripter/extlib/include   conftest.c >&5
conftest.c:55:19: error: dlfcn.h: No such file or directory
configure:4336: $? = 1
configure: failed program was:
| /* confdefs.h.  */
| 
| #define PACKAGE_NAME ""
| #define PACKAGE_TARNAME ""
| #define PACKAGE_VERSION ""
| #define PACKAGE_STRING ""
| #define PACKAGE_BUGREPORT ""
| #define PACKAGE "libvorbis"
| #define VERSION "1.2.0"
| #define STDC_HEADERS 1
| #define HAVE_SYS_TYPES_H 1
| #define HAVE_SYS_STAT_H 1
| #define HAVE_STDLIB_H 1
| #define HAVE_STRING_H 1
| #define HAVE_MEMORY_H 1
| #define HAVE_STRINGS_H 1
| #define HAVE_INTTYPES_H 1
| #define HAVE_STDINT_H 1
| #define HAVE_UNISTD_H 1
| /* end confdefs.h.  */
| #include <stdio.h>
| #if HAVE_SYS_TYPES_H
| # include <sys/types.h>
| #endif
| #if HAVE_SYS_STAT_H
| # include <sys/stat.h>
| #endif
| #if STDC_HEADERS
| # include <stdlib.h>
| # include <stddef.h>
| #else
| # if HAVE_STDLIB_H
| #  include <stdlib.h>
| # endif
| #endif
| #if HAVE_STRING_H
| # if !STDC_HEADERS && HAVE_MEMORY_H
| #  include <memory.h>
| # endif
| # include <string.h>
| #endif
| #if HAVE_STRINGS_H
| # include <strings.h>
| #endif
| #if HAVE_INTTYPES_H
| # include <inttypes.h>
| #else
| # if HAVE_STDINT_H
| #  include <stdint.h>
| # endif
| #endif
| #if HAVE_UNISTD_H
| # include <unistd.h>
| #endif
| #include <dlfcn.h>
configure:4359: result: no
configure:4363: checking dlfcn.h presence
configure:4373: gcc -E -I/c/onscripter/extlib/include   conftest.c
conftest.c:21:19: error: dlfcn.h: No such file or directory
configure:4379: $? = 1
configure: failed program was:
| /* confdefs.h.  */
| 
| #define PACKAGE_NAME ""
| #define PACKAGE_TARNAME ""
| #define PACKAGE_VERSION ""
| #define PACKAGE_STRING ""
| #define PACKAGE_BUGREPORT ""
| #define PACKAGE "libvorbis"
| #define VERSION "1.2.0"
| #define STDC_HEADERS 1
| #define HAVE_SYS_TYPES_H 1
| #define HAVE_SYS_STAT_H 1
| #define HAVE_STDLIB_H 1
| #define HAVE_STRING_H 1
| #define HAVE_MEMORY_H 1
| #define HAVE_STRINGS_H 1
| #define HAVE_INTTYPES_H 1
| #define HAVE_STDINT_H 1
| #define HAVE_UNISTD_H 1
| /* end confdefs.h.  */
| #include <dlfcn.h>
configure:4399: result: no
configure:4434: checking for dlfcn.h
configure:4441: result: no
configure:4548: checking for C++ compiler version
configure:4551: g++ --version </dev/null >&5
g++.exe (TDM-1 mingw32) 4.4.0
Copyright (C) 2009 Free Software Foundation, Inc.
This is free software; see the source for copying conditions.  There is NO
warranty; not even for MERCHANTABILITY or FITNESS FOR A PARTICULAR PURPOSE.

configure:4554: $? = 0
configure:4556: g++ -v </dev/null >&5
Using built-in specs.
Target: mingw32
Configured with: ../gcc-4.4.0/configure --prefix=/mingw --build=mingw32 --enable-languages=c,ada,c++,fortran,objc,obj-c++ --disable-nls --disable-win32-registry --disable-werror --enable-threads --disable-symvers --enable-cxx-flags='-fno-function-sections -fno-data-sections' --enable-fully-dynamic-string --enable-libgomp --enable-version-specific-runtime-libs --enable-sjlj-exceptions --with-pkgversion='TDM-1 mingw32' --with-bugurl=http://www.tdragon.net/recentgcc/bugs.php
Thread model: win32
gcc version 4.4.0 (TDM-1 mingw32) 
configure:4559: $? = 0
configure:4561: g++ -V </dev/null >&5
g++.exe: '-V' option must have argument
configure:4564: $? = 1
configure:4567: checking whether we are using the GNU C++ compiler
configure:4591: g++ -c  -I/c/onscripter/extlib/include   conftest.cc >&5
configure:4597: $? = 0
configure:4601: test -z 
			 || test ! -s conftest.err
configure:4604: $? = 0
configure:4607: test -s conftest.o
configure:4610: $? = 0
configure:4623: result: yes
configure:4629: checking whether g++ accepts -g
configure:4650: g++ -c -g -I/c/onscripter/extlib/include   conftest.cc >&5
configure:4656: $? = 0
configure:4660: test -z 
			 || test ! -s conftest.err
configure:4663: $? = 0
configure:4666: test -s conftest.o
configure:4669: $? = 0
configure:4680: result: yes
configure:4722: g++ -c -g -O2 -I/c/onscripter/extlib/include   conftest.cc >&5
configure:4728: $? = 0
configure:4732: test -z 
			 || test ! -s conftest.err
configure:4735: $? = 0
configure:4738: test -s conftest.o
configure:4741: $? = 0
configure:4767: g++ -c -g -O2 -I/c/onscripter/extlib/include   conftest.cc >&5
conftest.cc: In function 'int main()':
conftest.cc:25: error: 'exit' was not declared in this scope
configure:4773: $? = 1
configure: failed program was:
| /* confdefs.h.  */
| 
| #define PACKAGE_NAME ""
| #define PACKAGE_TARNAME ""
| #define PACKAGE_VERSION ""
| #define PACKAGE_STRING ""
| #define PACKAGE_BUGREPORT ""
| #define PACKAGE "libvorbis"
| #define VERSION "1.2.0"
| #define STDC_HEADERS 1
| #define HAVE_SYS_TYPES_H 1
| #define HAVE_SYS_STAT_H 1
| #define HAVE_STDLIB_H 1
| #define HAVE_STRING_H 1
| #define HAVE_MEMORY_H 1
| #define HAVE_STRINGS_H 1
| #define HAVE_INTTYPES_H 1
| #define HAVE_STDINT_H 1
| #define HAVE_UNISTD_H 1
| /* end confdefs.h.  */
| 
| int
| main ()
| {
| exit (42);
|   ;
|   return 0;
| }
configure:4722: g++ -c -g -O2 -I/c/onscripter/extlib/include   conftest.cc >&5
conftest.cc:21: error: 'void std::exit(int)' should have been declared inside 'std'
In file included from conftest.cc:22:
c:\mingw32\bin\../lib/gcc/mingw32/4.4.0/../../../../include/stdlib.h:367: error: declaration of 'void std::exit(int)' throws different exceptions
conftest.cc:21: error: from previous declaration 'void std::exit(int) throw ()'
configure:4728: $? = 1
configure: failed program was:
| /* confdefs.h.  */
| 
| #define PACKAGE_NAME ""
| #define PACKAGE_TARNAME ""
| #define PACKAGE_VERSION ""
| #define PACKAGE_STRING ""
| #define PACKAGE_BUGREPORT ""
| #define PACKAGE "libvorbis"
| #define VERSION "1.2.0"
| #define STDC_HEADERS 1
| #define HAVE_SYS_TYPES_H 1
| #define HAVE_SYS_STAT_H 1
| #define HAVE_STDLIB_H 1
| #define HAVE_STRING_H 1
| #define HAVE_MEMORY_H 1
| #define HAVE_STRINGS_H 1
| #define HAVE_INTTYPES_H 1
| #define HAVE_STDINT_H 1
| #define HAVE_UNISTD_H 1
| /* end confdefs.h.  */
| extern "C" void std::exit (int) throw (); using std::exit;
| #include <stdlib.h>
| int
| main ()
| {
| exit (42);
|   ;
|   return 0;
| }
configure:4722: g++ -c -g -O2 -I/c/onscripter/extlib/include   conftest.cc >&5
conftest.cc:21: error: 'void std::exit(int)' should have been declared inside 'std'
configure:4728: $? = 1
configure: failed program was:
| /* confdefs.h.  */
| 
| #define PACKAGE_NAME ""
| #define PACKAGE_TARNAME ""
| #define PACKAGE_VERSION ""
| #define PACKAGE_STRING ""
| #define PACKAGE_BUGREPORT ""
| #define PACKAGE "libvorbis"
| #define VERSION "1.2.0"
| #define STDC_HEADERS 1
| #define HAVE_SYS_TYPES_H 1
| #define HAVE_SYS_STAT_H 1
| #define HAVE_STDLIB_H 1
| #define HAVE_STRING_H 1
| #define HAVE_MEMORY_H 1
| #define HAVE_STRINGS_H 1
| #define HAVE_INTTYPES_H 1
| #define HAVE_STDINT_H 1
| #define HAVE_UNISTD_H 1
| /* end confdefs.h.  */
| extern "C" void std::exit (int); using std::exit;
| #include <stdlib.h>
| int
| main ()
| {
| exit (42);
|   ;
|   return 0;
| }
configure:4722: g++ -c -g -O2 -I/c/onscripter/extlib/include   conftest.cc >&5
In file included from conftest.cc:22:
c:\mingw32\bin\../lib/gcc/mingw32/4.4.0/../../../../include/stdlib.h:367: error: declaration of 'void exit(int)' throws different exceptions
conftest.cc:21: error: from previous declaration 'void exit(int) throw ()'
configure:4728: $? = 1
configure: failed program was:
| /* confdefs.h.  */
| 
| #define PACKAGE_NAME ""
| #define PACKAGE_TARNAME ""
| #define PACKAGE_VERSION ""
| #define PACKAGE_STRING ""
| #define PACKAGE_BUGREPORT ""
| #define PACKAGE "libvorbis"
| #define VERSION "1.2.0"
| #define STDC_HEADERS 1
| #define HAVE_SYS_TYPES_H 1
| #define HAVE_SYS_STAT_H 1
| #define HAVE_STDLIB_H 1
| #define HAVE_STRING_H 1
| #define HAVE_MEMORY_H 1
| #define HAVE_STRINGS_H 1
| #define HAVE_INTTYPES_H 1
| #define HAVE_STDINT_H 1
| #define HAVE_UNISTD_H 1
| /* end confdefs.h.  */
| extern "C" void exit (int) throw ();
| #include <stdlib.h>
| int
| main ()
| {
| exit (42);
|   ;
|   return 0;
| }
configure:4722: g++ -c -g -O2 -I/c/onscripter/extlib/include   conftest.cc >&5
configure:4728: $? = 0
configure:4732: test -z 
			 || test ! -s conftest.err
configure:4735: $? = 0
configure:4738: test -s conftest.o
configure:4741: $? = 0
configure:4767: g++ -c -g -O2 -I/c/onscripter/extlib/include   conftest.cc >&5
configure:4773: $? = 0
configure:4777: test -z 
			 || test ! -s conftest.err
configure:4780: $? = 0
configure:4783: test -s conftest.o
configure:4786: $? = 0
configure:4811: checking dependency style of g++
configure:4873: result: none
configure:4883: checking how to run the C++ preprocessor
configure:4914: g++ -E -I/c/onscripter/extlib/include   conftest.cc
configure:4920: $? = 0
configure:4952: g++ -E -I/c/onscripter/extlib/include   conftest.cc
conftest.cc:24:28: error: ac_nonexistent.h: No such file or directory
configure:4958: $? = 1
configure: failed program was:
| /* confdefs.h.  */
| 
| #define PACKAGE_NAME ""
| #define PACKAGE_TARNAME ""
| #define PACKAGE_VERSION ""
| #define PACKAGE_STRING ""
| #define PACKAGE_BUGREPORT ""
| #define PACKAGE "libvorbis"
| #define VERSION "1.2.0"
| #define STDC_HEADERS 1
| #define HAVE_SYS_TYPES_H 1
| #define HAVE_SYS_STAT_H 1
| #define HAVE_STDLIB_H 1
| #define HAVE_STRING_H 1
| #define HAVE_MEMORY_H 1
| #define HAVE_STRINGS_H 1
| #define HAVE_INTTYPES_H 1
| #define HAVE_STDINT_H 1
| #define HAVE_UNISTD_H 1
| #ifdef __cplusplus
| extern "C" void exit (int);
| #endif
| /* end confdefs.h.  */
| #include <ac_nonexistent.h>
configure:4997: result: g++ -E
configure:5021: g++ -E -I/c/onscripter/extlib/include   conftest.cc
configure:5027: $? = 0
configure:5059: g++ -E -I/c/onscripter/extlib/include   conftest.cc
conftest.cc:24:28: error: ac_nonexistent.h: No such file or directory
configure:5065: $? = 1
configure: failed program was:
| /* confdefs.h.  */
| 
| #define PACKAGE_NAME ""
| #define PACKAGE_TARNAME ""
| #define PACKAGE_VERSION ""
| #define PACKAGE_STRING ""
| #define PACKAGE_BUGREPORT ""
| #define PACKAGE "libvorbis"
| #define VERSION "1.2.0"
| #define STDC_HEADERS 1
| #define HAVE_SYS_TYPES_H 1
| #define HAVE_SYS_STAT_H 1
| #define HAVE_STDLIB_H 1
| #define HAVE_STRING_H 1
| #define HAVE_MEMORY_H 1
| #define HAVE_STRINGS_H 1
| #define HAVE_INTTYPES_H 1
| #define HAVE_STDINT_H 1
| #define HAVE_UNISTD_H 1
| #ifdef __cplusplus
| extern "C" void exit (int);
| #endif
| /* end confdefs.h.  */
| #include <ac_nonexistent.h>
configure:5160: checking for g77
configure:5189: result: no
configure:5160: checking for f77
configure:5189: result: no
configure:5160: checking for xlf
configure:5189: result: no
configure:5160: checking for frt
configure:5189: result: no
configure:5160: checking for pgf77
configure:5189: result: no
configure:5160: checking for fort77
configure:5189: result: no
configure:5160: checking for fl32
configure:5189: result: no
configure:5160: checking for af77
configure:5189: result: no
configure:5160: checking for f90
configure:5189: result: no
configure:5160: checking for xlf90
configure:5189: result: no
configure:5160: checking for pgf90
configure:5189: result: no
configure:5160: checking for epcf90
configure:5189: result: no
configure:5160: checking for f95
configure:5189: result: no
configure:5160: checking for fort
configure:5189: result: no
configure:5160: checking for xlf95
configure:5189: result: no
configure:5160: checking for ifc
configure:5189: result: no
configure:5160: checking for efc
configure:5189: result: no
configure:5160: checking for pgf95
configure:5189: result: no
configure:5160: checking for lf95
configure:5189: result: no
configure:5160: checking for gfortran
configure:5189: result: no
configure:5201: checking for Fortran 77 compiler version
configure:5204:  --version </dev/null >&5
./configure: line 5205: --version: command not found
configure:5207: $? = 127
configure:5209:  -v </dev/null >&5
./configure: line 5210: -v: command not found
configure:5212: $? = 127
configure:5214:  -V </dev/null >&5
./configure: line 5215: -V: command not found
configure:5217: $? = 127
configure:5225: checking whether we are using the GNU Fortran 77 compiler
configure:5239:  -c  conftest.F >&5
./configure: line 5240: -c: command not found
configure:5245: $? = 127
configure: failed program was:
|       program main
| #ifndef __GNUC__
|        choke me
| #endif
| 
|       end
configure:5271: result: no
configure:5277: checking whether  accepts -g
configure:5289:  -c -g conftest.f >&5
./configure: line 5290: -c: command not found
configure:5295: $? = 127
configure: failed program was:
|       program main
| 
|       end
configure:5320: result: no
configure:5350: checking the maximum length of command line arguments
configure:5409: result: 8192
configure:5420: checking command to parse /mingw/bin/nm output from gcc object
configure:5509: gcc -c -I/c/onscripter/extlib/include   -I/c/onscripter/extlib/include   conftest.c >&5
configure:5512: $? = 0
configure:5516: /mingw/bin/nm conftest.o \| sed -n -e 's/^.*[ 	]\([ABCDGISTW][ABCDGISTW]*\)[ 	][ 	]*\(\)\([_A-Za-z][_A-Za-z0-9]*\)\{0,1\}$/\1 \2\3 \3/p' \> conftest.nm
configure:5519: $? = 0
cannot find nm_test_var in conftest.nm
configure:5509: gcc -c -I/c/onscripter/extlib/include   -I/c/onscripter/extlib/include   conftest.c >&5
configure:5512: $? = 0
configure:5516: /mingw/bin/nm conftest.o \| sed -n -e 's/^.*[ 	]\([ABCDGISTW][ABCDGISTW]*\)[ 	][ 	]*\(_\)\([_A-Za-z][_A-Za-z0-9]*\)\{0,1\}$/\1 \2\3 \3/p' \> conftest.nm
configure:5519: $? = 0
configure:5571: gcc -o conftest.exe -I/c/onscripter/extlib/include   -I/c/onscripter/extlib/include   -L/c/onscripter/extlib/lib   conftest.c conftstm.o >&5
configure:5574: $? = 0
configure:5612: result: ok
configure:5616: checking for objdir
configure:5631: result: .libs
configure:5724: checking for ar
configure:5751: result: ar
configure:5804: checking for ranlib
configure:5831: result: ranlib
configure:5884: checking for strip
configure:5900: found /mingw/bin/strip
configure:5911: result: strip
configure:6173: checking if gcc static flag  works
configure:6196: result: yes
configure:6213: checking if gcc supports -fno-rtti -fno-exceptions
configure:6231: gcc -c -I/c/onscripter/extlib/include   -I/c/onscripter/extlib/include   -fno-rtti -fno-exceptions conftest.c >&5
cc1.exe: warning: command line option "-fno-rtti" is valid for C++/ObjC++ but not for C
configure:6235: $? = 0
configure:6246: result: no
configure:6261: checking for gcc option to produce PIC
configure:6438: result: -DDLL_EXPORT
configure:6445: checking if gcc PIC flag -DDLL_EXPORT works
configure:6463: gcc -c -I/c/onscripter/extlib/include   -I/c/onscripter/extlib/include   -DDLL_EXPORT -DPIC conftest.c >&5
configure:6467: $? = 0
configure:6478: result: yes
configure:6502: checking if gcc supports -c -o file.o
configure:6530: gcc -c -I/c/onscripter/extlib/include   -I/c/onscripter/extlib/include   -o out/conftest2.o conftest.c >&5
configure:6534: $? = 0
configure:6551: result: yes
configure:6577: checking whether the gcc linker (c:/mingw32/mingw32/bin/ld.exe) supports shared libraries
configure:7405: result: yes
configure:7476: checking how to hardcode library paths into programs
configure:7501: result: immediate
configure:7515: checking whether stripping libraries is possible
configure:7520: result: yes
configure:7542: checking dynamic linker characteristics
configure:8053: result: Win32 ld.exe
configure:8865: checking if libtool supports shared libraries
configure:8867: result: yes
configure:8870: checking whether to build shared libraries
configure:8933: result: no
configure:8936: checking whether to build static libraries
configure:8940: result: yes
configure:9031: creating libtool
configure:9578: checking for ld used by g++
configure:9645: result: c:/mingw32/mingw32/bin/ld.exe
configure:9654: checking if the linker (c:/mingw32/mingw32/bin/ld.exe) is GNU ld
configure:9669: result: yes
configure:9720: checking whether the g++ linker (c:/mingw32/mingw32/bin/ld.exe) supports shared libraries
configure:10549: result: yes
configure:10567: g++ -c -g -O2 -I/c/onscripter/extlib/include   conftest.cc >&5
configure:10570: $? = 0
configure:10666: checking for g++ option to produce PIC
configure:10918: result: -DDLL_EXPORT
configure:10925: checking if g++ PIC flag -DDLL_EXPORT works
configure:10943: g++ -c -g -O2 -I/c/onscripter/extlib/include   -DDLL_EXPORT -DPIC conftest.cc >&5
configure:10947: $? = 0
configure:10958: result: yes
configure:10982: checking if g++ supports -c -o file.o
configure:11010: g++ -c -g -O2 -I/c/onscripter/extlib/include   -o out/conftest2.o conftest.cc >&5
configure:11014: $? = 0
configure:11031: result: yes
configure:11057: checking whether the g++ linker (c:/mingw32/mingw32/bin/ld.exe) supports shared libraries
configure:11082: result: yes
configure:11153: checking how to hardcode library paths into programs
configure:11178: result: immediate
configure:11192: checking whether stripping libraries is possible
configure:11197: result: yes
configure:11219: checking dynamic linker characteristics
configure:11730: result: Win32 ld.exe
configure:18873: checking GCC version
configure:18876: result: 4.4.0
configure:18995: checking for memory.h
configure:19000: result: yes
configure:19142: checking for cos in -lm
configure:19172: gcc -o conftest.exe -O20 -D__NO_MATH_INLINES -fsigned-char -I/c/onscripter/extlib/include   -DUSE_MEMORY_H -I/c/onscripter/extlib/include   -L/c/onscripter/extlib/lib   conftest.c -lm   >&5
conftest.c:31: warning: conflicting types for built-in function 'cos'
configure:19178: $? = 0
configure:19182: test -z 
			 || test ! -s conftest.err
configure:19185: $? = 0
configure:19188: test -s conftest.exe
configure:19191: $? = 0
configure:19204: result: yes
configure:19212: checking for pthread_create in -lpthread
configure:19242: gcc -o conftest.exe -O20 -D__NO_MATH_INLINES -fsigned-char -I/c/onscripter/extlib/include   -DUSE_MEMORY_H -I/c/onscripter/extlib/include   -L/c/onscripter/extlib/lib   conftest.c -lpthread   >&5
configure:19248: $? = 0
configure:19252: test -z 
			 || test ! -s conftest.err
configure:19255: $? = 0
configure:19258: test -s conftest.exe
configure:19261: $? = 0
configure:19274: result: yes
configure:19286: checking for pkg-config
configure:19315: result: no
configure:19470: checking for Ogg
configure:19505: gcc -o conftest.exe -O20 -D__NO_MATH_INLINES -fsigned-char -I/c/onscripter/extlib/include   -DUSE_MEMORY_H -I/c/onscripter/extlib/include -I/c/onscripter/extlib/include   -L/c/onscripter/extlib/lib   conftest.c  -L/c/onscripter/extlib/lib -logg >&5
configure:19508: $? = 0
configure:19510: ./conftest.exe
configure:19513: $? = 0
configure:19531: result: yes
configure:19618: checking for oggpack_writealign
configure:19675: gcc -o conftest.exe -O20 -D__NO_MATH_INLINES -fsigned-char -I/c/onscripter/extlib/include   -DUSE_MEMORY_H -I/c/onscripter/extlib/include   -L/c/onscripter/extlib/lib   conftest.c -L/c/onscripter/extlib/lib -logg -lm >&5
configure:19681: $? = 0
configure:19685: test -z 
			 || test ! -s conftest.err
configure:19688: $? = 0
configure:19691: test -s conftest.exe
configure:19694: $? = 0
configure:19706: result: yes
configure:19722: checking for working alloca.h
configure:19743: gcc -o conftest.exe -O20 -D__NO_MATH_INLINES -fsigned-char -I/c/onscripter/extlib/include   -DUSE_MEMORY_H -I/c/onscripter/extlib/include   -L/c/onscripter/extlib/lib   conftest.c  >&5
conftest.c:24:20: error: alloca.h: No such file or directory
conftest.c: In function 'main':
conftest.c:28: warning: incompatible implicit declaration of built-in function 'alloca'
configure:19749: $? = 1
configure: failed program was:
| /* confdefs.h.  */
| 
| #define PACKAGE_NAME ""
| #define PACKAGE_TARNAME ""
| #define PACKAGE_VERSION ""
| #define PACKAGE_STRING ""
| #define PACKAGE_BUGREPORT ""
| #define PACKAGE "libvorbis"
| #define VERSION "1.2.0"
| #define STDC_HEADERS 1
| #define HAVE_SYS_TYPES_H 1
| #define HAVE_SYS_STAT_H 1
| #define HAVE_STDLIB_H 1
| #define HAVE_STRING_H 1
| #define HAVE_MEMORY_H 1
| #define HAVE_STRINGS_H 1
| #define HAVE_INTTYPES_H 1
| #define HAVE_STDINT_H 1
| #define HAVE_UNISTD_H 1
| #ifdef __cplusplus
| extern "C" void exit (int);
| #endif
| /* end confdefs.h.  */
| #include <alloca.h>
| int
| main ()
| {
| char *p = (char *) alloca (2 * sizeof (int));
|   ;
|   return 0;
| }
configure:19774: result: no
configure:19784: checking for alloca
configure:19825: gcc -o conftest.exe -O20 -D__NO_MATH_INLINES -fsigned-char -I/c/onscripter/extlib/include   -DUSE_MEMORY_H -I/c/onscripter/extlib/include   -L/c/onscripter/extlib/lib   conftest.c  >&5
configure:19831: $? = 0
configure:19835: test -z 
			 || test ! -s conftest.err
configure:19838: $? = 0
configure:19841: test -s conftest.exe
configure:19844: $? = 0
configure:19856: result: yes
configure:20079: checking for working memcmp
configure:20127: gcc -o conftest.exe -O20 -D__NO_MATH_INLINES -fsigned-char -I/c/onscripter/extlib/include   -DUSE_MEMORY_H -I/c/onscripter/extlib/include   -L/c/onscripter/extlib/lib   conftest.c  >&5
configure:20130: $? = 0
configure:20132: ./conftest.exe
configure:20135: $? = 0
configure:20149: result: yes
configure:20277: creating ./config.status

## ---------------------- ##
## Running config.status. ##
## ---------------------- ##

This file was extended by config.status, which was
generated by GNU Autoconf 2.59.  Invocation command line was

  CONFIG_FILES    = 
  CONFIG_HEADERS  = 
  CONFIG_LINKS    = 
  CONFIG_COMMANDS = 
  $ ./config.status 

on KINJO-PC

config.status:746: creating Makefile
config.status:746: creating lib/Makefile
config.status:746: creating lib/modes/Makefile
config.status:746: creating lib/books/Makefile
config.status:746: creating lib/books/coupled/Makefile
config.status:746: creating lib/books/uncoupled/Makefile
config.status:746: creating lib/books/floor/Makefile
config.status:746: creating include/Makefile
config.status:746: creating include/vorbis/Makefile
config.status:746: creating vq/Makefile
config.status:746: creating libvorbis.spec
config.status:746: creating vorbis.pc
config.status:746: creating vorbisenc.pc
config.status:746: creating vorbisfile.pc
config.status:746: creating vorbis-uninstalled.pc
config.status:746: creating vorbisenc-uninstalled.pc
config.status:746: creating vorbisfile-uninstalled.pc
config.status:850: creating config.h
config.status:1122: executing depfiles commands

## ---------------- ##
## Cache variables. ##
## ---------------- ##

ac_cv_build=i686-pc-mingw32
ac_cv_build_alias=i686-pc-mingw32
ac_cv_c_compiler_gnu=yes
ac_cv_cxx_compiler_gnu=yes
ac_cv_env_CC_set=set
ac_cv_env_CC_value=gcc
ac_cv_env_CFLAGS_set=set
ac_cv_env_CFLAGS_value='-I/c/onscripter/extlib/include  '
ac_cv_env_CPPFLAGS_set=set
ac_cv_env_CPPFLAGS_value='-I/c/onscripter/extlib/include  '
ac_cv_env_CPP_set=
ac_cv_env_CPP_value=
ac_cv_env_CXXCPP_set=
ac_cv_env_CXXCPP_value=
ac_cv_env_CXXFLAGS_set=
ac_cv_env_CXXFLAGS_value=
ac_cv_env_CXX_set=set
ac_cv_env_CXX_value=g++
ac_cv_env_F77_set=
ac_cv_env_F77_value=
ac_cv_env_FFLAGS_set=
ac_cv_env_FFLAGS_value=
ac_cv_env_LDFLAGS_set=set
ac_cv_env_LDFLAGS_value='-L/c/onscripter/extlib/lib  '
ac_cv_env_build_alias_set=
ac_cv_env_build_alias_value=
ac_cv_env_host_alias_set=
ac_cv_env_host_alias_value=
ac_cv_env_target_alias_set=
ac_cv_env_target_alias_value=
ac_cv_exeext=.exe
ac_cv_f77_compiler_gnu=no
ac_cv_func_alloca_works=yes
ac_cv_func_memcmp_working=yes
ac_cv_func_oggpack_writealign=yes
ac_cv_header_dlfcn_h=no
ac_cv_header_inttypes_h=yes
ac_cv_header_memory_h=yes
ac_cv_header_stdc=yes
ac_cv_header_stdint_h=yes
ac_cv_header_stdlib_h=yes
ac_cv_header_string_h=yes
ac_cv_header_strings_h=yes
ac_cv_header_sys_stat_h=yes
ac_cv_header_sys_types_h=yes
ac_cv_header_unistd_h=yes
ac_cv_host=i686-pc-mingw32
ac_cv_host_alias=i686-pc-mingw32
ac_cv_lib_m_cos=yes
ac_cv_lib_pthread_pthread_create=yes
ac_cv_objext=o
ac_cv_path_install='/bin/install -c'
ac_cv_prog_AWK=gawk
ac_cv_prog_CPP='gcc -E'
ac_cv_prog_CXXCPP='g++ -E'
ac_cv_prog_ac_ct_AR=ar
ac_cv_prog_ac_ct_CC=gcc
ac_cv_prog_ac_ct_RANLIB=ranlib
ac_cv_prog_ac_ct_STRIP=strip
ac_cv_prog_cc_g=yes
ac_cv_prog_cc_stdc=
ac_cv_prog_cxx_g=yes
ac_cv_prog_egrep='grep -E'
ac_cv_prog_f77_g=no
ac_cv_prog_make_make_set=yes
ac_cv_target=i686-pc-mingw32
ac_cv_target_alias=i686-pc-mingw32
ac_cv_working_alloca_h=no
am_cv_CC_dependencies_compiler_type=none
am_cv_CXX_dependencies_compiler_type=none
lt_cv_deplibs_check_method='file_magic ^x86 archive import|^x86 DLL'
lt_cv_file_magic_cmd=win32_libid
lt_cv_file_magic_test_file=
lt_cv_ld_reload_flag=-r
lt_cv_objdir=.libs
lt_cv_path_LD=c:/mingw32/mingw32/bin/ld.exe
lt_cv_path_LDCXX=c:/mingw32/mingw32/bin/ld.exe
lt_cv_path_NM=/mingw/bin/nm
lt_cv_path_SED=/bin/sed
lt_cv_prog_compiler_c_o=yes
lt_cv_prog_compiler_c_o_CXX=yes
lt_cv_prog_compiler_rtti_exceptions=no
lt_cv_prog_gnu_ld=yes
lt_cv_prog_gnu_ldcxx=yes
lt_cv_sys_global_symbol_pipe='sed -n -e '\''s/^.*[ 	]\([ABCDGISTW][ABCDGISTW]*\)[ 	][ 	]*\(_\)\([_A-Za-z][_A-Za-z0-9]*\)\{0,1\}$/\1 \2\3 \3/p'\'''
lt_cv_sys_global_symbol_to_c_name_address='sed -n -e '\''s/^: \([^ ]*\) $/  {\"\1\", (lt_ptr) 0},/p'\'' -e '\''s/^[BCDEGRST] \([^ ]*\) \([^ ]*\)$/  {"\2", (lt_ptr) \&\2},/p'\'''
lt_cv_sys_global_symbol_to_cdecl='sed -n -e '\''s/^. .* \(.*\)$/extern int \1;/p'\'''
lt_cv_sys_max_cmd_len=8192
lt_lt_cv_prog_compiler_c_o='"yes"'
lt_lt_cv_prog_compiler_c_o_CXX='"yes"'
lt_lt_cv_sys_global_symbol_pipe='"sed -n -e '\''s/^.*[ 	]\\([ABCDGISTW][ABCDGISTW]*\\)[ 	][ 	]*\\(_\\)\\([_A-Za-z][_A-Za-z0-9]*\\)\\{0,1\\}\$/\\1 \\2\\3 \\3/p'\''"'
lt_lt_cv_sys_global_symbol_to_c_name_address='"sed -n -e '\''s/^: \\([^ ]*\\) \$/  {\\\"\\1\\\", (lt_ptr) 0},/p'\'' -e '\''s/^[BCDEGRST] \\([^ ]*\\) \\([^ ]*\\)\$/  {\"\\2\", (lt_ptr) \\&\\2},/p'\''"'
lt_lt_cv_sys_global_symbol_to_cdecl='"sed -n -e '\''s/^. .* \\(.*\\)\$/extern int \\1;/p'\''"'

## ----------------- ##
## Output variables. ##
## ----------------- ##

ACLOCAL='${SHELL} /c/onscripter/extlib/src/libvorbis-1.2.0/missing --run aclocal-1.6'
ALLOCA=''
AMDEPBACKSLASH=''
AMDEP_FALSE=''
AMDEP_TRUE='#'
AMTAR='${SHELL} /c/onscripter/extlib/src/libvorbis-1.2.0/missing --run tar'
AR='ar'
AUTOCONF='${SHELL} /c/onscripter/extlib/src/libvorbis-1.2.0/missing --run autoconf'
AUTOHEADER='${SHELL} /c/onscripter/extlib/src/libvorbis-1.2.0/missing --run autoheader'
AUTOMAKE='${SHELL} /c/onscripter/extlib/src/libvorbis-1.2.0/missing --run automake-1.6'
AWK='gawk'
CC='gcc'
CCDEPMODE='depmode=none'
CFLAGS='-O20 -D__NO_MATH_INLINES -fsigned-char -I/c/onscripter/extlib/include   -DUSE_MEMORY_H'
CPP='gcc -E'
CPPFLAGS='-I/c/onscripter/extlib/include  '
CXX='g++'
CXXCPP='g++ -E'
CXXDEPMODE='depmode=none'
CXXFLAGS='-g -O2'
DEBUG='-g -Wall -W -D__NO_MATH_INLINES -fsigned-char'
DEFS='-DHAVE_CONFIG_H'
DEPDIR='.deps'
ECHO='echo'
ECHO_C=''
ECHO_N='-n'
ECHO_T=''
EGREP='grep -E'
EXEEXT='.exe'
F77=''
FFLAGS=''
HAVE_PKG_CONFIG=''
INSTALL_DATA='${INSTALL} -m 644'
INSTALL_PROGRAM='${INSTALL}'
INSTALL_SCRIPT='${INSTALL}'
INSTALL_STRIP_PROGRAM='${SHELL} $(install_sh) -c -s'
LDFLAGS='-L/c/onscripter/extlib/lib  '
LIBOBJS=''
LIBS=''
LIBTOOL='$(SHELL) $(top_builddir)/libtool'
LN_S='ln -s'
LTLIBOBJS=''
MAINT='#'
MAINTAINER_MODE_FALSE=''
MAINTAINER_MODE_TRUE='#'
MAKEINFO='${SHELL} /c/onscripter/extlib/src/libvorbis-1.2.0/missing --run makeinfo'
OBJEXT='o'
OGG_CFLAGS='-I/c/onscripter/extlib/include'
OGG_LIBS='-L/c/onscripter/extlib/lib -logg'
PACKAGE='libvorbis'
PACKAGE_BUGREPORT=''
PACKAGE_NAME=''
PACKAGE_STRING=''
PACKAGE_TARNAME=''
PACKAGE_VERSION=''
PATH_SEPARATOR=':'
PKG_CONFIG=''
PROFILE='-O20 -g -pg -D__NO_MATH_INLINES -fsigned-char'
RANLIB='ranlib'
SET_MAKE=''
SHELL='/bin/sh'
STRIP='strip'
VERSION='1.2.0'
VE_LIB_AGE='0'
VE_LIB_CURRENT='2'
VE_LIB_REVISION='3'
VF_LIB_AGE='2'
VF_LIB_CURRENT='5'
VF_LIB_REVISION='0'
VORBIS_LIBS='-lm'
V_LIB_AGE='4'
V_LIB_CURRENT='4'
V_LIB_REVISION='0'
ac_ct_AR='ar'
ac_ct_CC='gcc'
ac_ct_CXX=''
ac_ct_F77=''
ac_ct_RANLIB='ranlib'
ac_ct_STRIP='strip'
am__include='include'
am__quote=''
bindir='${exec_prefix}/bin'
build='i686-pc-mingw32'
build_alias=''
build_cpu='i686'
build_os='mingw32'
build_vendor='pc'
datadir='${prefix}/share'
exec_prefix='${prefix}'
host='i686-pc-mingw32'
host_alias=''
host_cpu='i686'
host_os='mingw32'
host_vendor='pc'
includedir='${prefix}/include'
infodir='${prefix}/info'
install_sh='/c/onscripter/extlib/src/libvorbis-1.2.0/install-sh'
libdir='${exec_prefix}/lib'
libexecdir='${exec_prefix}/libexec'
localstatedir='${prefix}/var'
mandir='${prefix}/man'
oldincludedir='/usr/include'
prefix='/c/onscripter/extlib'
program_transform_name='s,x,x,'
pthread_lib='-lpthread'
sbindir='${exec_prefix}/sbin'
sharedstatedir='${prefix}/com'
sysconfdir='${prefix}/etc'
target='i686-pc-mingw32'
target_alias=''
target_cpu='i686'
target_os='mingw32'
target_vendor='pc'

## ----------- ##
## confdefs.h. ##
## ----------- ##

#define HAVE_ALLOCA 1
#define HAVE_INTTYPES_H 1
#define HAVE_MEMORY_H 1
#define HAVE_STDINT_H 1
#define HAVE_STDLIB_H 1
#define HAVE_STRINGS_H 1
#define HAVE_STRING_H 1
#define HAVE_SYS_STAT_H 1
#define HAVE_SYS_TYPES_H 1
#define HAVE_UNISTD_H 1
#define PACKAGE "libvorbis"
#define PACKAGE_BUGREPORT ""
#define PACKAGE_NAME ""
#define PACKAGE_STRING ""
#define PACKAGE_TARNAME ""
#define PACKAGE_VERSION ""
#define STDC_HEADERS 1
#define VERSION "1.2.0"
#endif
#ifdef __cplusplus
extern "C" void exit (int);

configure: exit 0
