This file contains any messages produced by compilers while
running configure, to aid debugging if configure makes a mistake.

It was created by libogg configure 1.3.2, which was
generated by GNU Autoconf 2.69.  Invocation command line was

  $ ./configure --prefix=/c/onscripter/extlib --disable-shared --disable-dependency-tracking

## --------- ##
## Platform. ##
## --------- ##

hostname = KINJO-PC
uname -m = i686
uname -r = 1.0.11(0.46/3/2)
uname -s = MINGW32_NT-6.2
uname -v = 2009-07-11 17:46

/usr/bin/uname -p = unknown
/bin/uname -X     = unknown

/bin/arch              = unknown
/usr/bin/arch -k       = unknown
/usr/convex/getsysinfo = unknown
/usr/bin/hostinfo      = unknown
/bin/machine           = unknown
/usr/bin/oslevel       = unknown
/bin/universe          = unknown

PATH: /c/onscripter/extlib/bin
PATH: .
PATH: /usr/local/bin
PATH: /mingw/bin
PATH: /bin
PATH: /c/ProgramData/Oracle/Java/javapath
PATH: /c/Program Files/nodejs
PATH: /mingw
PATH: /c/Program Files (x86)/kaitai-struct-compiler/bin
PATH: /c/Program Files (x86)/kaitai_struct_visualizer/bin
PATH: /c/Ruby23-x64/bin
PATH: /c/Program Files/Heroku/bin


## ----------- ##
## Core tests. ##
## ----------- ##

configure:2458: checking for a BSD-compatible install
configure:2526: result: /bin/install -c
configure:2537: checking whether build environment is sane
configure:2592: result: yes
configure:2743: checking for a thread-safe mkdir -p
configure:2782: result: /bin/mkdir -p
configure:2789: checking for gawk
configure:2805: found /bin/gawk
configure:2816: result: gawk
configure:2827: checking whether make sets $(MAKE)
configure:2849: result: yes
configure:2878: checking whether make supports nested variables
configure:2895: result: yes
configure:2980: checking whether to enable maintainer-specific portions of Makefiles
configure:2989: result: yes
configure:3059: checking for gcc
configure:3086: result: gcc
configure:3315: checking for C compiler version
configure:3324: gcc --version >&5
gcc.exe (TDM-1 mingw32) 4.4.0
Copyright (C) 2009 Free Software Foundation, Inc.
This is free software; see the source for copying conditions.  There is NO
warranty; not even for MERCHANTABILITY or FITNESS FOR A PARTICULAR PURPOSE.

configure:3335: $? = 0
configure:3324: gcc -v >&5
Using built-in specs.
Target: mingw32
Configured with: ../gcc-4.4.0/configure --prefix=/mingw --build=mingw32 --enable-languages=c,ada,c++,fortran,objc,obj-c++ --disable-nls --disable-win32-registry --disable-werror --enable-threads --disable-symvers --enable-cxx-flags='-fno-function-sections -fno-data-sections' --enable-fully-dynamic-string --enable-libgomp --enable-version-specific-runtime-libs --enable-sjlj-exceptions --with-pkgversion='TDM-1 mingw32' --with-bugurl=http://www.tdragon.net/recentgcc/bugs.php
Thread model: win32
gcc version 4.4.0 (TDM-1 mingw32) 
configure:3335: $? = 0
configure:3324: gcc -V >&5
gcc.exe: '-V' option must have argument
configure:3335: $? = 1
configure:3324: gcc -qversion >&5
gcc.exe: unrecognized option '-qversion'
gcc.exe: no input files
configure:3335: $? = 1
configure:3355: checking whether the C compiler works
configure:3377: gcc -I/c/onscripter/extlib/include   -I/c/onscripter/extlib/include   -L/c/onscripter/extlib/lib   conftest.c  >&5
configure:3381: $? = 0
configure:3429: result: yes
configure:3432: checking for C compiler default output file name
configure:3434: result: a.exe
configure:3440: checking for suffix of executables
configure:3447: gcc -o conftest.exe -I/c/onscripter/extlib/include   -I/c/onscripter/extlib/include   -L/c/onscripter/extlib/lib   conftest.c  >&5
configure:3451: $? = 0
configure:3473: result: .exe
configure:3495: checking whether we are cross compiling
configure:3503: gcc -o conftest.exe -I/c/onscripter/extlib/include   -I/c/onscripter/extlib/include   -L/c/onscripter/extlib/lib   conftest.c  >&5
configure:3507: $? = 0
configure:3514: ./conftest.exe
configure:3518: $? = 0
configure:3533: result: no
configure:3538: checking for suffix of object files
configure:3560: gcc -c -I/c/onscripter/extlib/include   -I/c/onscripter/extlib/include   conftest.c >&5
configure:3564: $? = 0
configure:3585: result: o
configure:3589: checking whether we are using the GNU C compiler
configure:3608: gcc -c -I/c/onscripter/extlib/include   -I/c/onscripter/extlib/include   conftest.c >&5
configure:3608: $? = 0
configure:3617: result: yes
configure:3626: checking whether gcc accepts -g
configure:3646: gcc -c -g -I/c/onscripter/extlib/include   conftest.c >&5
configure:3646: $? = 0
configure:3687: result: yes
configure:3704: checking for gcc option to accept ISO C89
configure:3767: gcc  -c -I/c/onscripter/extlib/include   -I/c/onscripter/extlib/include   conftest.c >&5
configure:3767: $? = 0
configure:3780: result: none needed
configure:3811: checking for style of include used by make
configure:3839: result: GNU
configure:3865: checking dependency style of gcc
configure:3976: result: none
configure:4020: checking build system type
configure:4034: result: i686-pc-mingw32
configure:4054: checking host system type
configure:4067: result: i686-pc-mingw32
configure:4108: checking how to print strings
configure:4135: result: printf
configure:4156: checking for a sed that does not truncate output
configure:4220: result: /bin/sed
configure:4238: checking for grep that handles long lines and -e
configure:4296: result: /bin/grep
configure:4301: checking for egrep
configure:4363: result: /bin/grep -E
configure:4368: checking for fgrep
configure:4430: result: /bin/grep -F
configure:4465: checking for ld used by gcc
configure:4532: result: c:/mingw32/mingw32/bin/ld.exe
configure:4539: checking if the linker (c:/mingw32/mingw32/bin/ld.exe) is GNU ld
configure:4554: result: yes
configure:4566: checking for BSD- or MS-compatible name lister (nm)
configure:4615: result: /mingw/bin/nm
configure:4745: checking the name lister (/mingw/bin/nm) interface
configure:4752: gcc -c -I/c/onscripter/extlib/include   -I/c/onscripter/extlib/include   conftest.c >&5
configure:4755: /mingw/bin/nm "conftest.o"
configure:4758: output
00000000 b .bss
00000000 d .data
00000000 t .text
00000000 B _some_variable
configure:4765: result: BSD nm
configure:4768: checking whether ln -s works
configure:4772: result: yes
configure:4780: checking the maximum length of command line arguments
configure:4910: result: 8192
configure:4927: checking whether the shell understands some XSI constructs
configure:4937: result: yes
configure:4941: checking whether the shell understands "+="
configure:4947: result: yes
configure:4982: checking how to convert i686-pc-mingw32 file names to i686-pc-mingw32 format
configure:5022: result: func_convert_file_msys_to_w32
configure:5029: checking how to convert i686-pc-mingw32 file names to toolchain format
configure:5049: result: func_convert_file_msys_to_w32
configure:5056: checking for c:/mingw32/mingw32/bin/ld.exe option to reload object files
configure:5063: result: -r
configure:5137: checking for objdump
configure:5153: found /mingw/bin/objdump
configure:5164: result: objdump
configure:5196: checking how to recognize dependent libraries
configure:5398: result: file_magic ^x86 archive import|^x86 DLL
configure:5483: checking for dlltool
configure:5499: found /mingw/bin/dlltool
configure:5510: result: dlltool
configure:5543: checking how to associate runtime and link libraries
configure:5570: result: func_cygming_dll_for_implib_fallback
configure:5695: checking for archiver @FILE support
configure:5712: gcc -c -I/c/onscripter/extlib/include   -I/c/onscripter/extlib/include   conftest.c >&5
configure:5712: $? = 0
configure:5715: ar cru libconftest.a @conftest.lst >&5
configure:5718: $? = 0
configure:5723: ar cru libconftest.a @conftest.lst >&5
C:\MinGW32\bin\ar.exe: conftest.o: No such file or directory
configure:5726: $? = 1
configure:5738: result: @
configure:5796: checking for strip
configure:5812: found /mingw/bin/strip
configure:5823: result: strip
configure:5895: checking for ranlib
configure:5922: result: ranlib
configure:6024: checking command to parse /mingw/bin/nm output from gcc object
configure:6144: gcc -c -I/c/onscripter/extlib/include   -I/c/onscripter/extlib/include   conftest.c >&5
configure:6147: $? = 0
configure:6151: /mingw/bin/nm conftest.o \| sed -n -e 's/^.*[ ]\([ABCDGIRSTW][ABCDGIRSTW]*\)[ ][ ]*\([_A-Za-z][_A-Za-z0-9]*\)\{0,1\}$/\1 \2 \2/p' | sed '/ __gnu_lto/d' \> conftest.nm
configure:6154: $? = 0
cannot find nm_test_var in conftest.nm
configure:6144: gcc -c -I/c/onscripter/extlib/include   -I/c/onscripter/extlib/include   conftest.c >&5
configure:6147: $? = 0
configure:6151: /mingw/bin/nm conftest.o \| sed -n -e 's/^.*[ ]\([ABCDGIRSTW][ABCDGIRSTW]*\)[ ][ ]*_\([_A-Za-z][_A-Za-z0-9]*\)\{0,1\}$/\1 _\2 \2/p' | sed '/ __gnu_lto/d' \> conftest.nm
configure:6154: $? = 0
configure:6220: gcc -o conftest.exe -I/c/onscripter/extlib/include   -I/c/onscripter/extlib/include   -L/c/onscripter/extlib/lib   conftest.c conftstm.o >&5
configure:6223: $? = 0
configure:6261: result: ok
configure:6298: checking for sysroot
configure:6328: result: no
configure:6590: checking for mt
configure:6620: result: no
configure:6640: checking if : is a manifest tool
configure:6646: : '-?'
configure:6654: result: no
configure:7296: checking how to run the C preprocessor
configure:7327: gcc -E -I/c/onscripter/extlib/include   conftest.c
configure:7327: $? = 0
configure:7341: gcc -E -I/c/onscripter/extlib/include   conftest.c
conftest.c:11:28: error: ac_nonexistent.h: No such file or directory
configure:7341: $? = 1
configure: failed program was:
| /* confdefs.h */
| #define PACKAGE_NAME "libogg"
| #define PACKAGE_TARNAME "libogg"
| #define PACKAGE_VERSION "1.3.2"
| #define PACKAGE_STRING "libogg 1.3.2"
| #define PACKAGE_BUGREPORT "ogg-dev@xiph.org"
| #define PACKAGE_URL ""
| #define PACKAGE "libogg"
| #define VERSION "1.3.2"
| /* end confdefs.h.  */
| #include <ac_nonexistent.h>
configure:7366: result: gcc -E
configure:7386: gcc -E -I/c/onscripter/extlib/include   conftest.c
configure:7386: $? = 0
configure:7400: gcc -E -I/c/onscripter/extlib/include   conftest.c
conftest.c:11:28: error: ac_nonexistent.h: No such file or directory
configure:7400: $? = 1
configure: failed program was:
| /* confdefs.h */
| #define PACKAGE_NAME "libogg"
| #define PACKAGE_TARNAME "libogg"
| #define PACKAGE_VERSION "1.3.2"
| #define PACKAGE_STRING "libogg 1.3.2"
| #define PACKAGE_BUGREPORT "ogg-dev@xiph.org"
| #define PACKAGE_URL ""
| #define PACKAGE "libogg"
| #define VERSION "1.3.2"
| /* end confdefs.h.  */
| #include <ac_nonexistent.h>
configure:7429: checking for ANSI C header files
configure:7449: gcc -c -I/c/onscripter/extlib/include   -I/c/onscripter/extlib/include   conftest.c >&5
configure:7449: $? = 0
configure:7522: gcc -o conftest.exe -I/c/onscripter/extlib/include   -I/c/onscripter/extlib/include   -L/c/onscripter/extlib/lib   conftest.c  >&5
configure:7522: $? = 0
configure:7522: ./conftest.exe
configure:7522: $? = 0
configure:7533: result: yes
configure:7546: checking for sys/types.h
configure:7546: gcc -c -I/c/onscripter/extlib/include   -I/c/onscripter/extlib/include   conftest.c >&5
configure:7546: $? = 0
configure:7546: result: yes
configure:7546: checking for sys/stat.h
configure:7546: gcc -c -I/c/onscripter/extlib/include   -I/c/onscripter/extlib/include   conftest.c >&5
configure:7546: $? = 0
configure:7546: result: yes
configure:7546: checking for stdlib.h
configure:7546: gcc -c -I/c/onscripter/extlib/include   -I/c/onscripter/extlib/include   conftest.c >&5
configure:7546: $? = 0
configure:7546: result: yes
configure:7546: checking for string.h
configure:7546: gcc -c -I/c/onscripter/extlib/include   -I/c/onscripter/extlib/include   conftest.c >&5
configure:7546: $? = 0
configure:7546: result: yes
configure:7546: checking for memory.h
configure:7546: gcc -c -I/c/onscripter/extlib/include   -I/c/onscripter/extlib/include   conftest.c >&5
configure:7546: $? = 0
configure:7546: result: yes
configure:7546: checking for strings.h
configure:7546: gcc -c -I/c/onscripter/extlib/include   -I/c/onscripter/extlib/include   conftest.c >&5
configure:7546: $? = 0
configure:7546: result: yes
configure:7546: checking for inttypes.h
configure:7546: gcc -c -I/c/onscripter/extlib/include   -I/c/onscripter/extlib/include   conftest.c >&5
configure:7546: $? = 0
configure:7546: result: yes
configure:7546: checking for stdint.h
configure:7546: gcc -c -I/c/onscripter/extlib/include   -I/c/onscripter/extlib/include   conftest.c >&5
configure:7546: $? = 0
configure:7546: result: yes
configure:7546: checking for unistd.h
configure:7546: gcc -c -I/c/onscripter/extlib/include   -I/c/onscripter/extlib/include   conftest.c >&5
configure:7546: $? = 0
configure:7546: result: yes
configure:7560: checking for dlfcn.h
configure:7560: gcc -c -I/c/onscripter/extlib/include   -I/c/onscripter/extlib/include   conftest.c >&5
conftest.c:55:19: error: dlfcn.h: No such file or directory
configure:7560: $? = 1
configure: failed program was:
| /* confdefs.h */
| #define PACKAGE_NAME "libogg"
| #define PACKAGE_TARNAME "libogg"
| #define PACKAGE_VERSION "1.3.2"
| #define PACKAGE_STRING "libogg 1.3.2"
| #define PACKAGE_BUGREPORT "ogg-dev@xiph.org"
| #define PACKAGE_URL ""
| #define PACKAGE "libogg"
| #define VERSION "1.3.2"
| #define STDC_HEADERS 1
| #define HAVE_SYS_TYPES_H 1
| #define HAVE_SYS_STAT_H 1
| #define HAVE_STDLIB_H 1
| #define HAVE_STRING_H 1
| #define HAVE_MEMORY_H 1
| #define HAVE_STRINGS_H 1
| #define HAVE_INTTYPES_H 1
| #define HAVE_STDINT_H 1
| #define HAVE_UNISTD_H 1
| /* end confdefs.h.  */
| #include <stdio.h>
| #ifdef HAVE_SYS_TYPES_H
| # include <sys/types.h>
| #endif
| #ifdef HAVE_SYS_STAT_H
| # include <sys/stat.h>
| #endif
| #ifdef STDC_HEADERS
| # include <stdlib.h>
| # include <stddef.h>
| #else
| # ifdef HAVE_STDLIB_H
| #  include <stdlib.h>
| # endif
| #endif
| #ifdef HAVE_STRING_H
| # if !defined STDC_HEADERS && defined HAVE_MEMORY_H
| #  include <memory.h>
| # endif
| # include <string.h>
| #endif
| #ifdef HAVE_STRINGS_H
| # include <strings.h>
| #endif
| #ifdef HAVE_INTTYPES_H
| # include <inttypes.h>
| #endif
| #ifdef HAVE_STDINT_H
| # include <stdint.h>
| #endif
| #ifdef HAVE_UNISTD_H
| # include <unistd.h>
| #endif
| 
| #include <dlfcn.h>
configure:7560: result: no
configure:7766: checking for objdir
configure:7781: result: .libs
configure:8048: checking if gcc supports -fno-rtti -fno-exceptions
configure:8066: gcc -c -I/c/onscripter/extlib/include   -I/c/onscripter/extlib/include   -fno-rtti -fno-exceptions conftest.c >&5
cc1.exe: warning: command line option "-fno-rtti" is valid for C++/ObjC++ but not for C
configure:8070: $? = 0
configure:8083: result: no
configure:8410: checking for gcc option to produce PIC
configure:8417: result: -DDLL_EXPORT -DPIC
configure:8425: checking if gcc PIC flag -DDLL_EXPORT -DPIC works
configure:8443: gcc -c -I/c/onscripter/extlib/include   -I/c/onscripter/extlib/include   -DDLL_EXPORT -DPIC -DPIC conftest.c >&5
configure:8447: $? = 0
configure:8460: result: yes
configure:8489: checking if gcc static flag -static works
configure:8517: result: yes
configure:8532: checking if gcc supports -c -o file.o
configure:8553: gcc -c -I/c/onscripter/extlib/include   -I/c/onscripter/extlib/include   -o out/conftest2.o conftest.c >&5
configure:8557: $? = 0
configure:8579: result: yes
configure:8587: checking if gcc supports -c -o file.o
configure:8634: result: yes
configure:8667: checking whether the gcc linker (c:/mingw32/mingw32/bin/ld.exe) supports shared libraries
configure:9820: result: yes
configure:10060: checking dynamic linker characteristics
configure:10797: result: Win32 ld.exe
configure:10904: checking how to hardcode library paths into programs
configure:10929: result: immediate
configure:11469: checking whether stripping libraries is possible
configure:11474: result: yes
configure:11509: checking if libtool supports shared libraries
configure:11511: result: yes
configure:11514: checking whether to build shared libraries
configure:11535: result: no
configure:11538: checking whether to build static libraries
configure:11542: result: yes
configure:11580: checking whether gcc and cc understand -c and -o together
configure:11611: gcc -c conftest.c -o conftest2.o >&5
configure:11615: $? = 0
configure:11621: gcc -c conftest.c -o conftest2.o >&5
configure:11625: $? = 0
configure:11636: cc -c conftest.c >&5
./configure: line 11638: cc: command not found
configure:11640: $? = 127
configure:11680: result: yes
configure:11756: checking for ANSI C header files
configure:11860: result: yes
configure:11871: checking for inttypes.h
configure:11871: result: yes
configure:11877: checking for stdint.h
configure:11877: result: yes
configure:11883: checking for sys/types.h
configure:11883: result: yes
configure:11890: checking for an ANSI C-conforming const
configure:11956: gcc -c -O20 -fsigned-char -I/c/onscripter/extlib/include   -I/c/onscripter/extlib/include   conftest.c >&5
configure:11956: $? = 0
configure:11963: result: yes
configure:11977: checking size of int16_t
configure:11982: gcc -o conftest.exe -O20 -fsigned-char -I/c/onscripter/extlib/include   -I/c/onscripter/extlib/include   -L/c/onscripter/extlib/lib   conftest.c  >&5
configure:11982: $? = 0
configure:11982: ./conftest.exe
configure:11982: $? = 0
configure:11996: result: 2
configure:12010: checking size of uint16_t
configure:12015: gcc -o conftest.exe -O20 -fsigned-char -I/c/onscripter/extlib/include   -I/c/onscripter/extlib/include   -L/c/onscripter/extlib/lib   conftest.c  >&5
configure:12015: $? = 0
configure:12015: ./conftest.exe
configure:12015: $? = 0
configure:12029: result: 2
configure:12043: checking size of u_int16_t
configure:12048: gcc -o conftest.exe -O20 -fsigned-char -I/c/onscripter/extlib/include   -I/c/onscripter/extlib/include   -L/c/onscripter/extlib/lib   conftest.c  >&5
conftest.c: In function 'longval':
conftest.c:58: error: 'u_int16_t' undeclared (first use in this function)
conftest.c:58: error: (Each undeclared identifier is reported only once
conftest.c:58: error: for each function it appears in.)
conftest.c: In function 'ulongval':
conftest.c:59: error: 'u_int16_t' undeclared (first use in this function)
conftest.c: In function 'main':
conftest.c:69: error: 'u_int16_t' undeclared (first use in this function)
configure:12048: $? = 1
configure: program exited with status 1
configure: failed program was:
| /* confdefs.h */
| #define PACKAGE_NAME "libogg"
| #define PACKAGE_TARNAME "libogg"
| #define PACKAGE_VERSION "1.3.2"
| #define PACKAGE_STRING "libogg 1.3.2"
| #define PACKAGE_BUGREPORT "ogg-dev@xiph.org"
| #define PACKAGE_URL ""
| #define PACKAGE "libogg"
| #define VERSION "1.3.2"
| #define STDC_HEADERS 1
| #define HAVE_SYS_TYPES_H 1
| #define HAVE_SYS_STAT_H 1
| #define HAVE_STDLIB_H 1
| #define HAVE_STRING_H 1
| #define HAVE_MEMORY_H 1
| #define HAVE_STRINGS_H 1
| #define HAVE_INTTYPES_H 1
| #define HAVE_STDINT_H 1
| #define HAVE_UNISTD_H 1
| #define LT_OBJDIR ".libs/"
| #define STDC_HEADERS 1
| #define SIZEOF_INT16_T 2
| #define SIZEOF_UINT16_T 2
| /* end confdefs.h.  */
| #include <stdio.h>
| #ifdef HAVE_SYS_TYPES_H
| # include <sys/types.h>
| #endif
| #ifdef HAVE_SYS_STAT_H
| # include <sys/stat.h>
| #endif
| #ifdef STDC_HEADERS
| # include <stdlib.h>
| # include <stddef.h>
| #else
| # ifdef HAVE_STDLIB_H
| #  include <stdlib.h>
| # endif
| #endif
| #ifdef HAVE_STRING_H
| # if !defined STDC_HEADERS && defined HAVE_MEMORY_H
| #  include <memory.h>
| # endif
| # include <string.h>
| #endif
| #ifdef HAVE_STRINGS_H
| # include <strings.h>
| #endif
| #ifdef HAVE_INTTYPES_H
| # include <inttypes.h>
| #endif
| #ifdef HAVE_STDINT_H
| # include <stdint.h>
| #endif
| #ifdef HAVE_UNISTD_H
| # include <unistd.h>
| #endif
| static long int longval () { return (long int) (sizeof (u_int16_t)); }
| static unsigned long int ulongval () { return (long int) (sizeof (u_int16_t)); }
| #include <stdio.h>
| #include <stdlib.h>
| int
| main ()
| {
| 
|   FILE *f = fopen ("conftest.val", "w");
|   if (! f)
|     return 1;
|   if (((long int) (sizeof (u_int16_t))) < 0)
|     {
|       long int i = longval ();
|       if (i != ((long int) (sizeof (u_int16_t))))
| 	return 1;
|       fprintf (f, "%ld", i);
|     }
|   else
|     {
|       unsigned long int i = ulongval ();
|       if (i != ((long int) (sizeof (u_int16_t))))
| 	return 1;
|       fprintf (f, "%lu", i);
|     }
|   /* Do not output a trailing newline, as this causes \r\n confusion
|      on some platforms.  */
|   return ferror (f) || fclose (f) != 0;
| 
|   ;
|   return 0;
| }
configure:12062: result: 0
configure:12076: checking size of int32_t
configure:12081: gcc -o conftest.exe -O20 -fsigned-char -I/c/onscripter/extlib/include   -I/c/onscripter/extlib/include   -L/c/onscripter/extlib/lib   conftest.c  >&5
configure:12081: $? = 0
configure:12081: ./conftest.exe
configure:12081: $? = 0
configure:12095: result: 4
configure:12109: checking size of uint32_t
configure:12114: gcc -o conftest.exe -O20 -fsigned-char -I/c/onscripter/extlib/include   -I/c/onscripter/extlib/include   -L/c/onscripter/extlib/lib   conftest.c  >&5
configure:12114: $? = 0
configure:12114: ./conftest.exe
configure:12114: $? = 0
configure:12128: result: 4
configure:12142: checking size of u_int32_t
configure:12147: gcc -o conftest.exe -O20 -fsigned-char -I/c/onscripter/extlib/include   -I/c/onscripter/extlib/include   -L/c/onscripter/extlib/lib   conftest.c  >&5
conftest.c: In function 'longval':
conftest.c:61: error: 'u_int32_t' undeclared (first use in this function)
conftest.c:61: error: (Each undeclared identifier is reported only once
conftest.c:61: error: for each function it appears in.)
conftest.c: In function 'ulongval':
conftest.c:62: error: 'u_int32_t' undeclared (first use in this function)
conftest.c: In function 'main':
conftest.c:72: error: 'u_int32_t' undeclared (first use in this function)
configure:12147: $? = 1
configure: program exited with status 1
configure: failed program was:
| /* confdefs.h */
| #define PACKAGE_NAME "libogg"
| #define PACKAGE_TARNAME "libogg"
| #define PACKAGE_VERSION "1.3.2"
| #define PACKAGE_STRING "libogg 1.3.2"
| #define PACKAGE_BUGREPORT "ogg-dev@xiph.org"
| #define PACKAGE_URL ""
| #define PACKAGE "libogg"
| #define VERSION "1.3.2"
| #define STDC_HEADERS 1
| #define HAVE_SYS_TYPES_H 1
| #define HAVE_SYS_STAT_H 1
| #define HAVE_STDLIB_H 1
| #define HAVE_STRING_H 1
| #define HAVE_MEMORY_H 1
| #define HAVE_STRINGS_H 1
| #define HAVE_INTTYPES_H 1
| #define HAVE_STDINT_H 1
| #define HAVE_UNISTD_H 1
| #define LT_OBJDIR ".libs/"
| #define STDC_HEADERS 1
| #define SIZEOF_INT16_T 2
| #define SIZEOF_UINT16_T 2
| #define SIZEOF_U_INT16_T 0
| #define SIZEOF_INT32_T 4
| #define SIZEOF_UINT32_T 4
| /* end confdefs.h.  */
| #include <stdio.h>
| #ifdef HAVE_SYS_TYPES_H
| # include <sys/types.h>
| #endif
| #ifdef HAVE_SYS_STAT_H
| # include <sys/stat.h>
| #endif
| #ifdef STDC_HEADERS
| # include <stdlib.h>
| # include <stddef.h>
| #else
| # ifdef HAVE_STDLIB_H
| #  include <stdlib.h>
| # endif
| #endif
| #ifdef HAVE_STRING_H
| # if !defined STDC_HEADERS && defined HAVE_MEMORY_H
| #  include <memory.h>
| # endif
| # include <string.h>
| #endif
| #ifdef HAVE_STRINGS_H
| # include <strings.h>
| #endif
| #ifdef HAVE_INTTYPES_H
| # include <inttypes.h>
| #endif
| #ifdef HAVE_STDINT_H
| # include <stdint.h>
| #endif
| #ifdef HAVE_UNISTD_H
| # include <unistd.h>
| #endif
| static long int longval () { return (long int) (sizeof (u_int32_t)); }
| static unsigned long int ulongval () { return (long int) (sizeof (u_int32_t)); }
| #include <stdio.h>
| #include <stdlib.h>
| int
| main ()
| {
| 
|   FILE *f = fopen ("conftest.val", "w");
|   if (! f)
|     return 1;
|   if (((long int) (sizeof (u_int32_t))) < 0)
|     {
|       long int i = longval ();
|       if (i != ((long int) (sizeof (u_int32_t))))
| 	return 1;
|       fprintf (f, "%ld", i);
|     }
|   else
|     {
|       unsigned long int i = ulongval ();
|       if (i != ((long int) (sizeof (u_int32_t))))
| 	return 1;
|       fprintf (f, "%lu", i);
|     }
|   /* Do not output a trailing newline, as this causes \r\n confusion
|      on some platforms.  */
|   return ferror (f) || fclose (f) != 0;
| 
|   ;
|   return 0;
| }
configure:12161: result: 0
configure:12175: checking size of int64_t
configure:12180: gcc -o conftest.exe -O20 -fsigned-char -I/c/onscripter/extlib/include   -I/c/onscripter/extlib/include   -L/c/onscripter/extlib/lib   conftest.c  >&5
configure:12180: $? = 0
configure:12180: ./conftest.exe
configure:12180: $? = 0
configure:12194: result: 8
configure:12208: checking size of short
configure:12213: gcc -o conftest.exe -O20 -fsigned-char -I/c/onscripter/extlib/include   -I/c/onscripter/extlib/include   -L/c/onscripter/extlib/lib   conftest.c  >&5
configure:12213: $? = 0
configure:12213: ./conftest.exe
configure:12213: $? = 0
configure:12227: result: 2
configure:12241: checking size of int
configure:12246: gcc -o conftest.exe -O20 -fsigned-char -I/c/onscripter/extlib/include   -I/c/onscripter/extlib/include   -L/c/onscripter/extlib/lib   conftest.c  >&5
configure:12246: $? = 0
configure:12246: ./conftest.exe
configure:12246: $? = 0
configure:12260: result: 4
configure:12274: checking size of long
configure:12279: gcc -o conftest.exe -O20 -fsigned-char -I/c/onscripter/extlib/include   -I/c/onscripter/extlib/include   -L/c/onscripter/extlib/lib   conftest.c  >&5
configure:12279: $? = 0
configure:12279: ./conftest.exe
configure:12279: $? = 0
configure:12293: result: 4
configure:12307: checking size of long long
configure:12312: gcc -o conftest.exe -O20 -fsigned-char -I/c/onscripter/extlib/include   -I/c/onscripter/extlib/include   -L/c/onscripter/extlib/lib   conftest.c  >&5
configure:12312: $? = 0
configure:12312: ./conftest.exe
configure:12312: $? = 0
configure:12326: result: 8
configure:12389: checking for working memcmp
configure:12432: gcc -o conftest.exe -O20 -fsigned-char -I/c/onscripter/extlib/include   -I/c/onscripter/extlib/include   -L/c/onscripter/extlib/lib   conftest.c  >&5
configure:12432: $? = 0
configure:12432: ./conftest.exe
configure:12432: $? = 0
configure:12442: result: yes
configure:12583: checking that generated files are newer than configure
configure:12589: result: done
configure:12616: creating ./config.status

## ---------------------- ##
## Running config.status. ##
## ---------------------- ##

This file was extended by libogg config.status 1.3.2, which was
generated by GNU Autoconf 2.69.  Invocation command line was

  CONFIG_FILES    = 
  CONFIG_HEADERS  = 
  CONFIG_LINKS    = 
  CONFIG_COMMANDS = 
  $ ./config.status 

on KINJO-PC

config.status:1131: creating Makefile
config.status:1131: creating src/Makefile
config.status:1131: creating doc/Makefile
config.status:1131: creating doc/libogg/Makefile
config.status:1131: creating include/Makefile
config.status:1131: creating include/ogg/Makefile
config.status:1131: creating include/ogg/config_types.h
config.status:1131: creating libogg.spec
config.status:1131: creating ogg.pc
config.status:1131: creating ogg-uninstalled.pc
config.status:1131: creating config.h
config.status:1360: executing depfiles commands
config.status:1360: executing libtool commands

## ---------------- ##
## Cache variables. ##
## ---------------- ##

ac_cv_build=i686-pc-mingw32
ac_cv_c_compiler_gnu=yes
ac_cv_c_const=yes
ac_cv_env_CC_set=set
ac_cv_env_CC_value=gcc
ac_cv_env_CFLAGS_set=set
ac_cv_env_CFLAGS_value='-I/c/onscripter/extlib/include  '
ac_cv_env_CPPFLAGS_set=set
ac_cv_env_CPPFLAGS_value='-I/c/onscripter/extlib/include  '
ac_cv_env_CPP_set=
ac_cv_env_CPP_value=
ac_cv_env_LDFLAGS_set=set
ac_cv_env_LDFLAGS_value='-L/c/onscripter/extlib/lib  '
ac_cv_env_LIBS_set=
ac_cv_env_LIBS_value=
ac_cv_env_build_alias_set=
ac_cv_env_build_alias_value=
ac_cv_env_host_alias_set=
ac_cv_env_host_alias_value=
ac_cv_env_target_alias_set=
ac_cv_env_target_alias_value=
ac_cv_exeext=.exe
ac_cv_func_memcmp_working=yes
ac_cv_header_dlfcn_h=no
ac_cv_header_inttypes_h=yes
ac_cv_header_memory_h=yes
ac_cv_header_stdc=yes
ac_cv_header_stdint_h=yes
ac_cv_header_stdlib_h=yes
ac_cv_header_string_h=yes
ac_cv_header_strings_h=yes
ac_cv_header_sys_stat_h=yes
ac_cv_header_sys_types_h=yes
ac_cv_header_unistd_h=yes
ac_cv_host=i686-pc-mingw32
ac_cv_objext=o
ac_cv_path_EGREP='/bin/grep -E'
ac_cv_path_FGREP='/bin/grep -F'
ac_cv_path_GREP=/bin/grep
ac_cv_path_SED=/bin/sed
ac_cv_path_install='/bin/install -c'
ac_cv_path_mkdir=/bin/mkdir
ac_cv_prog_AWK=gawk
ac_cv_prog_CPP='gcc -E'
ac_cv_prog_ac_ct_CC=gcc
ac_cv_prog_ac_ct_DLLTOOL=dlltool
ac_cv_prog_ac_ct_OBJDUMP=objdump
ac_cv_prog_ac_ct_RANLIB=ranlib
ac_cv_prog_ac_ct_STRIP=strip
ac_cv_prog_cc_c89=
ac_cv_prog_cc_g=yes
ac_cv_prog_cc_gcc_c_o=yes
ac_cv_prog_make_make_set=yes
ac_cv_sizeof_int16_t=2
ac_cv_sizeof_int32_t=4
ac_cv_sizeof_int64_t=8
ac_cv_sizeof_int=4
ac_cv_sizeof_long=4
ac_cv_sizeof_long_long=8
ac_cv_sizeof_short=2
ac_cv_sizeof_u_int16_t=0
ac_cv_sizeof_u_int32_t=0
ac_cv_sizeof_uint16_t=2
ac_cv_sizeof_uint32_t=4
am_cv_CC_dependencies_compiler_type=none
am_cv_make_support_nested_variables=yes
lt_cv_ar_at_file=@
lt_cv_deplibs_check_method='file_magic ^x86 archive import|^x86 DLL'
lt_cv_file_magic_cmd=func_win32_libid
lt_cv_file_magic_test_file=
lt_cv_ld_reload_flag=-r
lt_cv_nm_interface='BSD nm'
lt_cv_objdir=.libs
lt_cv_path_LD=c:/mingw32/mingw32/bin/ld.exe
lt_cv_path_NM=/mingw/bin/nm
lt_cv_path_mainfest_tool=no
lt_cv_prog_compiler_c_o=yes
lt_cv_prog_compiler_pic='-DDLL_EXPORT -DPIC'
lt_cv_prog_compiler_pic_works=yes
lt_cv_prog_compiler_rtti_exceptions=no
lt_cv_prog_compiler_static_works=yes
lt_cv_prog_gnu_ld=yes
lt_cv_sharedlib_from_linklib_cmd=func_cygming_dll_for_implib_fallback
lt_cv_sys_global_symbol_pipe='sed -n -e '\''s/^.*[	 ]\([ABCDGIRSTW][ABCDGIRSTW]*\)[	 ][	 ]*_\([_A-Za-z][_A-Za-z0-9]*\)\{0,1\}$/\1 _\2 \2/p'\'' | sed '\''/ __gnu_lto/d'\'''
lt_cv_sys_global_symbol_to_c_name_address='sed -n -e '\''s/^: \([^ ]*\)[ ]*$/  {\"\1\", (void *) 0},/p'\'' -e '\''s/^[ABCDGIRSTW]* \([^ ]*\) \([^ ]*\)$/  {"\2", (void *) \&\2},/p'\'''
lt_cv_sys_global_symbol_to_c_name_address_lib_prefix='sed -n -e '\''s/^: \([^ ]*\)[ ]*$/  {\"\1\", (void *) 0},/p'\'' -e '\''s/^[ABCDGIRSTW]* \([^ ]*\) \(lib[^ ]*\)$/  {"\2", (void *) \&\2},/p'\'' -e '\''s/^[ABCDGIRSTW]* \([^ ]*\) \([^ ]*\)$/  {"lib\2", (void *) \&\2},/p'\'''
lt_cv_sys_global_symbol_to_cdecl='sed -n -e '\''s/^T .* \(.*\)$/extern int \1();/p'\'' -e '\''s/^[ABCDGIRSTW]* .* \(.*\)$/extern char \1;/p'\'''
lt_cv_sys_max_cmd_len=8192
lt_cv_to_host_file_cmd=func_convert_file_msys_to_w32
lt_cv_to_tool_file_cmd=func_convert_file_msys_to_w32

## ----------------- ##
## Output variables. ##
## ----------------- ##

ACLOCAL='${SHELL} /c/onscripter/extlib/src/libogg-1.3.2/missing aclocal-1.13'
AMDEPBACKSLASH=''
AMDEP_FALSE=''
AMDEP_TRUE='#'
AMTAR='$${TAR-tar}'
AM_BACKSLASH='\'
AM_DEFAULT_V='$(AM_DEFAULT_VERBOSITY)'
AM_DEFAULT_VERBOSITY='1'
AM_V='$(V)'
AR='ar'
AUTOCONF='${SHELL} /c/onscripter/extlib/src/libogg-1.3.2/missing autoconf'
AUTOHEADER='${SHELL} /c/onscripter/extlib/src/libogg-1.3.2/missing autoheader'
AUTOMAKE='${SHELL} /c/onscripter/extlib/src/libogg-1.3.2/missing automake-1.13'
AWK='gawk'
CC='gcc'
CCDEPMODE='depmode=none'
CFLAGS='-O20 -fsigned-char -I/c/onscripter/extlib/include  '
CPP='gcc -E'
CPPFLAGS='-I/c/onscripter/extlib/include  '
CYGPATH_W='echo'
DEBUG='-g -Wall -fsigned-char -I/c/onscripter/extlib/include  '
DEFS='-DHAVE_CONFIG_H'
DEPDIR='.deps'
DLLTOOL='dlltool'
DSYMUTIL=''
DUMPBIN=''
ECHO_C=''
ECHO_N='-n'
ECHO_T=''
EGREP='/bin/grep -E'
EXEEXT='.exe'
FGREP='/bin/grep -F'
GREP='/bin/grep'
INCLUDE_INTTYPES_H='1'
INCLUDE_STDINT_H='1'
INCLUDE_SYS_TYPES_H='1'
INSTALL_DATA='${INSTALL} -m 644'
INSTALL_PROGRAM='${INSTALL}'
INSTALL_SCRIPT='${INSTALL}'
INSTALL_STRIP_PROGRAM='$(install_sh) -c -s'
LD='c:/mingw32/mingw32/bin/ld.exe'
LDFLAGS='-L/c/onscripter/extlib/lib  '
LIBOBJS=''
LIBS=''
LIBTOOL='$(SHELL) $(top_builddir)/libtool'
LIBTOOL_DEPS='./ltmain.sh'
LIB_AGE='8'
LIB_CURRENT='8'
LIB_REVISION='2'
LIPO=''
LN_S='ln -s'
LTLIBOBJS=''
MAINT=''
MAINTAINER_MODE_FALSE='#'
MAINTAINER_MODE_TRUE=''
MAKEINFO='${SHELL} /c/onscripter/extlib/src/libogg-1.3.2/missing makeinfo'
MANIFEST_TOOL=':'
MKDIR_P='/bin/mkdir -p'
NM='/mingw/bin/nm'
NMEDIT=''
OBJDUMP='objdump'
OBJEXT='o'
OPT=''
OTOOL64=''
OTOOL=''
PACKAGE='libogg'
PACKAGE_BUGREPORT='ogg-dev@xiph.org'
PACKAGE_NAME='libogg'
PACKAGE_STRING='libogg 1.3.2'
PACKAGE_TARNAME='libogg'
PACKAGE_URL=''
PACKAGE_VERSION='1.3.2'
PATH_SEPARATOR=':'
PROFILE='-O20 -g -pg -fsigned-char -I/c/onscripter/extlib/include  '
RANLIB='ranlib'
SED='/bin/sed'
SET_MAKE=''
SHELL='/bin/sh'
SIZE16='int16_t'
SIZE32='int32_t'
SIZE64='int64_t'
STRIP='strip'
USIZE16='uint16_t'
USIZE32='uint32_t'
VERSION='1.3.2'
ac_ct_AR=''
ac_ct_CC='gcc'
ac_ct_DUMPBIN=''
am__EXEEXT_FALSE='#'
am__EXEEXT_TRUE=''
am__fastdepCC_FALSE=''
am__fastdepCC_TRUE='#'
am__include='include'
am__isrc=''
am__leading_dot='.'
am__nodep=''
am__quote=''
am__tar='$${TAR-tar} chof - "$$tardir"'
am__untar='$${TAR-tar} xf -'
bindir='${exec_prefix}/bin'
build='i686-pc-mingw32'
build_alias=''
build_cpu='i686'
build_os='mingw32'
build_vendor='pc'
datadir='${datarootdir}'
datarootdir='${prefix}/share'
docdir='${datarootdir}/doc/${PACKAGE_TARNAME}'
dvidir='${docdir}'
exec_prefix='${prefix}'
host='i686-pc-mingw32'
host_alias=''
host_cpu='i686'
host_os='mingw32'
host_vendor='pc'
htmldir='${docdir}'
includedir='${prefix}/include'
infodir='${datarootdir}/info'
install_sh='${SHELL} /c/onscripter/extlib/src/libogg-1.3.2/install-sh'
libdir='${exec_prefix}/lib'
libexecdir='${exec_prefix}/libexec'
localedir='${datarootdir}/locale'
localstatedir='${prefix}/var'
mandir='${datarootdir}/man'
mkdir_p='$(MKDIR_P)'
oldincludedir='/usr/include'
pdfdir='${docdir}'
prefix='/c/onscripter/extlib'
program_transform_name='s,x,x,'
psdir='${docdir}'
sbindir='${exec_prefix}/sbin'
sharedstatedir='${prefix}/com'
sysconfdir='${prefix}/etc'
target_alias=''

## ----------- ##
## confdefs.h. ##
## ----------- ##

/* confdefs.h */
#define PACKAGE_NAME "libogg"
#define PACKAGE_TARNAME "libogg"
#define PACKAGE_VERSION "1.3.2"
#define PACKAGE_STRING "libogg 1.3.2"
#define PACKAGE_BUGREPORT "ogg-dev@xiph.org"
#define PACKAGE_URL ""
#define PACKAGE "libogg"
#define VERSION "1.3.2"
#define STDC_HEADERS 1
#define HAVE_SYS_TYPES_H 1
#define HAVE_SYS_STAT_H 1
#define HAVE_STDLIB_H 1
#define HAVE_STRING_H 1
#define HAVE_MEMORY_H 1
#define HAVE_STRINGS_H 1
#define HAVE_INTTYPES_H 1
#define HAVE_STDINT_H 1
#define HAVE_UNISTD_H 1
#define LT_OBJDIR ".libs/"
#define STDC_HEADERS 1
#define SIZEOF_INT16_T 2
#define SIZEOF_UINT16_T 2
#define SIZEOF_U_INT16_T 0
#define SIZEOF_INT32_T 4
#define SIZEOF_UINT32_T 4
#define SIZEOF_U_INT32_T 0
#define SIZEOF_INT64_T 8
#define SIZEOF_SHORT 2
#define SIZEOF_INT 4
#define SIZEOF_LONG 4
#define SIZEOF_LONG_LONG 8

configure: exit 0
