This file contains any messages produced by compilers while
running configure, to aid debugging if configure makes a mistake.

It was created by libvorbis configure 1.3.5, which was
generated by GNU Autoconf 2.69.  Invocation command line was

  $ ./configure --prefix=/c/onscripter/extlib --disable-shared --disable-dependency-tracking --disable-docs

## --------- ##
## Platform. ##
## --------- ##

hostname = KINJO-PC
uname -m = i686
uname -r = 1.0.11(0.46/3/2)
uname -s = MINGW32_NT-6.2
uname -v = 2009-07-11 17:46

/usr/bin/uname -p = unknown
/bin/uname -X     = unknown

/bin/arch              = unknown
/usr/bin/arch -k       = unknown
/usr/convex/getsysinfo = unknown
/usr/bin/hostinfo      = unknown
/bin/machine           = unknown
/usr/bin/oslevel       = unknown
/bin/universe          = unknown

PATH: /c/onscripter/extlib/bin
PATH: .
PATH: /usr/local/bin
PATH: /mingw/bin
PATH: /bin
PATH: /c/ProgramData/Oracle/Java/javapath
PATH: /c/Program Files/nodejs
PATH: /mingw
PATH: /c/Program Files (x86)/kaitai-struct-compiler/bin
PATH: /c/Program Files (x86)/kaitai_struct_visualizer/bin
PATH: /c/Ruby23-x64/bin
PATH: /c/Program Files/Heroku/bin


## ----------- ##
## Core tests. ##
## ----------- ##

configure:2365: checking build system type
configure:2379: result: i686-pc-mingw32
configure:2399: checking host system type
configure:2412: result: i686-pc-mingw32
configure:2432: checking target system type
configure:2445: result: i686-pc-mingw32
configure:2488: checking for a BSD-compatible install
configure:2556: result: /bin/install -c
configure:2567: checking whether build environment is sane
configure:2622: result: yes
configure:2773: checking for a thread-safe mkdir -p
configure:2812: result: /bin/mkdir -p
configure:2819: checking for gawk
configure:2835: found /bin/gawk
configure:2846: result: gawk
configure:2857: checking whether make sets $(MAKE)
configure:2879: result: yes
configure:2908: checking whether make supports nested variables
configure:2925: result: yes
configure:3052: checking whether to enable maintainer-specific portions of Makefiles
configure:3061: result: no
configure:3151: checking for gcc
configure:3178: result: gcc
configure:3407: checking for C compiler version
configure:3416: gcc --version >&5
gcc.exe (TDM-1 mingw32) 4.4.0
Copyright (C) 2009 Free Software Foundation, Inc.
This is free software; see the source for copying conditions.  There is NO
warranty; not even for MERCHANTABILITY or FITNESS FOR A PARTICULAR PURPOSE.

configure:3427: $? = 0
configure:3416: gcc -v >&5
Using built-in specs.
Target: mingw32
Configured with: ../gcc-4.4.0/configure --prefix=/mingw --build=mingw32 --enable-languages=c,ada,c++,fortran,objc,obj-c++ --disable-nls --disable-win32-registry --disable-werror --enable-threads --disable-symvers --enable-cxx-flags='-fno-function-sections -fno-data-sections' --enable-fully-dynamic-string --enable-libgomp --enable-version-specific-runtime-libs --enable-sjlj-exceptions --with-pkgversion='TDM-1 mingw32' --with-bugurl=http://www.tdragon.net/recentgcc/bugs.php
Thread model: win32
gcc version 4.4.0 (TDM-1 mingw32) 
configure:3427: $? = 0
configure:3416: gcc -V >&5
gcc.exe: '-V' option must have argument
configure:3427: $? = 1
configure:3416: gcc -qversion >&5
gcc.exe: unrecognized option '-qversion'
gcc.exe: no input files
configure:3427: $? = 1
configure:3447: checking whether the C compiler works
configure:3469: gcc -I/c/onscripter/extlib/include   -I/c/onscripter/extlib/include   -L/c/onscripter/extlib/lib   conftest.c  >&5
configure:3473: $? = 0
configure:3521: result: yes
configure:3524: checking for C compiler default output file name
configure:3526: result: a.exe
configure:3532: checking for suffix of executables
configure:3539: gcc -o conftest.exe -I/c/onscripter/extlib/include   -I/c/onscripter/extlib/include   -L/c/onscripter/extlib/lib   conftest.c  >&5
configure:3543: $? = 0
configure:3565: result: .exe
configure:3587: checking whether we are cross compiling
configure:3595: gcc -o conftest.exe -I/c/onscripter/extlib/include   -I/c/onscripter/extlib/include   -L/c/onscripter/extlib/lib   conftest.c  >&5
configure:3599: $? = 0
configure:3606: ./conftest.exe
configure:3610: $? = 0
configure:3625: result: no
configure:3630: checking for suffix of object files
configure:3652: gcc -c -I/c/onscripter/extlib/include   -I/c/onscripter/extlib/include   conftest.c >&5
configure:3656: $? = 0
configure:3677: result: o
configure:3681: checking whether we are using the GNU C compiler
configure:3700: gcc -c -I/c/onscripter/extlib/include   -I/c/onscripter/extlib/include   conftest.c >&5
configure:3700: $? = 0
configure:3709: result: yes
configure:3718: checking whether gcc accepts -g
configure:3738: gcc -c -g -I/c/onscripter/extlib/include   conftest.c >&5
configure:3738: $? = 0
configure:3779: result: yes
configure:3796: checking for gcc option to accept ISO C89
configure:3859: gcc  -c -I/c/onscripter/extlib/include   -I/c/onscripter/extlib/include   conftest.c >&5
configure:3859: $? = 0
configure:3872: result: none needed
configure:3897: checking whether gcc understands -c and -o together
configure:3919: gcc -c conftest.c -o conftest2.o
configure:3922: $? = 0
configure:3919: gcc -c conftest.c -o conftest2.o
configure:3922: $? = 0
configure:3934: result: yes
configure:3962: checking for style of include used by make
configure:3990: result: GNU
configure:4016: checking dependency style of gcc
configure:4127: result: none
configure:4147: checking how to run the C preprocessor
configure:4178: gcc -E -I/c/onscripter/extlib/include   conftest.c
configure:4178: $? = 0
configure:4192: gcc -E -I/c/onscripter/extlib/include   conftest.c
conftest.c:11:28: error: ac_nonexistent.h: No such file or directory
configure:4192: $? = 1
configure: failed program was:
| /* confdefs.h */
| #define PACKAGE_NAME "libvorbis"
| #define PACKAGE_TARNAME "libvorbis"
| #define PACKAGE_VERSION "1.3.5"
| #define PACKAGE_STRING "libvorbis 1.3.5"
| #define PACKAGE_BUGREPORT "vorbis-dev@xiph.org"
| #define PACKAGE_URL ""
| #define PACKAGE "libvorbis"
| #define VERSION "1.3.5"
| /* end confdefs.h.  */
| #include <ac_nonexistent.h>
configure:4217: result: gcc -E
configure:4237: gcc -E -I/c/onscripter/extlib/include   conftest.c
configure:4237: $? = 0
configure:4251: gcc -E -I/c/onscripter/extlib/include   conftest.c
conftest.c:11:28: error: ac_nonexistent.h: No such file or directory
configure:4251: $? = 1
configure: failed program was:
| /* confdefs.h */
| #define PACKAGE_NAME "libvorbis"
| #define PACKAGE_TARNAME "libvorbis"
| #define PACKAGE_VERSION "1.3.5"
| #define PACKAGE_STRING "libvorbis 1.3.5"
| #define PACKAGE_BUGREPORT "vorbis-dev@xiph.org"
| #define PACKAGE_URL ""
| #define PACKAGE "libvorbis"
| #define VERSION "1.3.5"
| /* end confdefs.h.  */
| #include <ac_nonexistent.h>
configure:4282: checking for inline
configure:4298: gcc -c -I/c/onscripter/extlib/include   -I/c/onscripter/extlib/include   conftest.c >&5
configure:4298: $? = 0
configure:4306: result: inline
configure:4372: checking for as
configure:4388: found /mingw/bin/as
configure:4399: result: as
configure:4464: checking for dlltool
configure:4480: found /mingw/bin/dlltool
configure:4491: result: dlltool
configure:4556: checking for objdump
configure:4572: found /mingw/bin/objdump
configure:4583: result: objdump
configure:4674: checking how to print strings
configure:4701: result: printf
configure:4722: checking for a sed that does not truncate output
configure:4786: result: /bin/sed
configure:4804: checking for grep that handles long lines and -e
configure:4862: result: /bin/grep
configure:4867: checking for egrep
configure:4929: result: /bin/grep -E
configure:4934: checking for fgrep
configure:4996: result: /bin/grep -F
configure:5031: checking for ld used by gcc
configure:5098: result: c:/mingw32/mingw32/bin/ld.exe
configure:5105: checking if the linker (c:/mingw32/mingw32/bin/ld.exe) is GNU ld
configure:5120: result: yes
configure:5132: checking for BSD- or MS-compatible name lister (nm)
configure:5186: result: /mingw/bin/nm -B
configure:5316: checking the name lister (/mingw/bin/nm -B) interface
configure:5323: gcc -c -I/c/onscripter/extlib/include   -I/c/onscripter/extlib/include   conftest.c >&5
configure:5326: /mingw/bin/nm -B "conftest.o"
configure:5329: output
00000000 b .bss
00000000 d .data
00000000 t .text
00000000 B _some_variable
configure:5336: result: BSD nm
configure:5339: checking whether ln -s works
configure:5343: result: yes
configure:5351: checking the maximum length of command line arguments
configure:5482: result: 8192
configure:5530: checking how to convert i686-pc-mingw32 file names to i686-pc-mingw32 format
configure:5570: result: func_convert_file_msys_to_w32
configure:5577: checking how to convert i686-pc-mingw32 file names to toolchain format
configure:5597: result: func_convert_file_msys_to_w32
configure:5604: checking for c:/mingw32/mingw32/bin/ld.exe option to reload object files
configure:5611: result: -r
configure:5685: checking for objdump
configure:5712: result: objdump
configure:5741: checking how to recognize dependent libraries
configure:5941: result: file_magic ^x86 archive import|^x86 DLL
configure:6026: checking for dlltool
configure:6053: result: dlltool
configure:6083: checking how to associate runtime and link libraries
configure:6110: result: func_cygming_dll_for_implib_fallback
configure:6234: checking for archiver @FILE support
configure:6251: gcc -c -I/c/onscripter/extlib/include   -I/c/onscripter/extlib/include   conftest.c >&5
configure:6251: $? = 0
configure:6254: ar cru libconftest.a @conftest.lst >&5
configure:6257: $? = 0
configure:6262: ar cru libconftest.a @conftest.lst >&5
C:\MinGW32\bin\ar.exe: conftest.o: No such file or directory
configure:6265: $? = 1
configure:6277: result: @
configure:6335: checking for strip
configure:6351: found /mingw/bin/strip
configure:6362: result: strip
configure:6434: checking for ranlib
configure:6461: result: ranlib
configure:6563: checking command to parse /mingw/bin/nm -B output from gcc object
configure:6716: gcc -c -I/c/onscripter/extlib/include   -I/c/onscripter/extlib/include   conftest.c >&5
configure:6719: $? = 0
configure:6723: /mingw/bin/nm -B conftest.o \| sed -n -e 's/^.*[ ]\([ABCDGIRSTW][ABCDGIRSTW]*\)[ ][ ]*\([_A-Za-z][_A-Za-z0-9]*\)\{0,1\}$/\1 \2 \2/p' | sed '/ __gnu_lto/d' \> conftest.nm
configure:6726: $? = 0
cannot find nm_test_var in conftest.nm
configure:6716: gcc -c -I/c/onscripter/extlib/include   -I/c/onscripter/extlib/include   conftest.c >&5
configure:6719: $? = 0
configure:6723: /mingw/bin/nm -B conftest.o \| sed -n -e 's/^.*[ ]\([ABCDGIRSTW][ABCDGIRSTW]*\)[ ][ ]*_\([_A-Za-z][_A-Za-z0-9]*\)\{0,1\}$/\1 _\2 \2/p' | sed '/ __gnu_lto/d' \> conftest.nm
configure:6726: $? = 0
configure:6792: gcc -o conftest.exe -I/c/onscripter/extlib/include   -I/c/onscripter/extlib/include   -L/c/onscripter/extlib/lib   conftest.c conftstm.o >&5
configure:6795: $? = 0
configure:6833: result: ok
configure:6880: checking for sysroot
configure:6910: result: no
configure:6917: checking for a working dd
configure:6955: result: 
configure:6959: checking how to truncate binary pipes
configure:6974: result: /bin/sed -e 4q
configure:7303: checking for mt
configure:7333: result: no
configure:7353: checking if : is a manifest tool
configure:7359: : '-?'
configure:7367: result: no
configure:8040: checking for ANSI C header files
configure:8060: gcc -c -I/c/onscripter/extlib/include   -I/c/onscripter/extlib/include   conftest.c >&5
configure:8060: $? = 0
configure:8133: gcc -o conftest.exe -I/c/onscripter/extlib/include   -I/c/onscripter/extlib/include   -L/c/onscripter/extlib/lib   conftest.c  >&5
configure:8133: $? = 0
configure:8133: ./conftest.exe
configure:8133: $? = 0
configure:8144: result: yes
configure:8157: checking for sys/types.h
configure:8157: gcc -c -I/c/onscripter/extlib/include   -I/c/onscripter/extlib/include   conftest.c >&5
configure:8157: $? = 0
configure:8157: result: yes
configure:8157: checking for sys/stat.h
configure:8157: gcc -c -I/c/onscripter/extlib/include   -I/c/onscripter/extlib/include   conftest.c >&5
configure:8157: $? = 0
configure:8157: result: yes
configure:8157: checking for stdlib.h
configure:8157: gcc -c -I/c/onscripter/extlib/include   -I/c/onscripter/extlib/include   conftest.c >&5
configure:8157: $? = 0
configure:8157: result: yes
configure:8157: checking for string.h
configure:8157: gcc -c -I/c/onscripter/extlib/include   -I/c/onscripter/extlib/include   conftest.c >&5
configure:8157: $? = 0
configure:8157: result: yes
configure:8157: checking for memory.h
configure:8157: gcc -c -I/c/onscripter/extlib/include   -I/c/onscripter/extlib/include   conftest.c >&5
configure:8157: $? = 0
configure:8157: result: yes
configure:8157: checking for strings.h
configure:8157: gcc -c -I/c/onscripter/extlib/include   -I/c/onscripter/extlib/include   conftest.c >&5
configure:8157: $? = 0
configure:8157: result: yes
configure:8157: checking for inttypes.h
configure:8157: gcc -c -I/c/onscripter/extlib/include   -I/c/onscripter/extlib/include   conftest.c >&5
configure:8157: $? = 0
configure:8157: result: yes
configure:8157: checking for stdint.h
configure:8157: gcc -c -I/c/onscripter/extlib/include   -I/c/onscripter/extlib/include   conftest.c >&5
configure:8157: $? = 0
configure:8157: result: yes
configure:8157: checking for unistd.h
configure:8157: gcc -c -I/c/onscripter/extlib/include   -I/c/onscripter/extlib/include   conftest.c >&5
configure:8157: $? = 0
configure:8157: result: yes
configure:8171: checking for dlfcn.h
configure:8171: gcc -c -I/c/onscripter/extlib/include   -I/c/onscripter/extlib/include   conftest.c >&5
conftest.c:55:19: error: dlfcn.h: No such file or directory
configure:8171: $? = 1
configure: failed program was:
| /* confdefs.h */
| #define PACKAGE_NAME "libvorbis"
| #define PACKAGE_TARNAME "libvorbis"
| #define PACKAGE_VERSION "1.3.5"
| #define PACKAGE_STRING "libvorbis 1.3.5"
| #define PACKAGE_BUGREPORT "vorbis-dev@xiph.org"
| #define PACKAGE_URL ""
| #define PACKAGE "libvorbis"
| #define VERSION "1.3.5"
| #define STDC_HEADERS 1
| #define HAVE_SYS_TYPES_H 1
| #define HAVE_SYS_STAT_H 1
| #define HAVE_STDLIB_H 1
| #define HAVE_STRING_H 1
| #define HAVE_MEMORY_H 1
| #define HAVE_STRINGS_H 1
| #define HAVE_INTTYPES_H 1
| #define HAVE_STDINT_H 1
| #define HAVE_UNISTD_H 1
| /* end confdefs.h.  */
| #include <stdio.h>
| #ifdef HAVE_SYS_TYPES_H
| # include <sys/types.h>
| #endif
| #ifdef HAVE_SYS_STAT_H
| # include <sys/stat.h>
| #endif
| #ifdef STDC_HEADERS
| # include <stdlib.h>
| # include <stddef.h>
| #else
| # ifdef HAVE_STDLIB_H
| #  include <stdlib.h>
| # endif
| #endif
| #ifdef HAVE_STRING_H
| # if !defined STDC_HEADERS && defined HAVE_MEMORY_H
| #  include <memory.h>
| # endif
| # include <string.h>
| #endif
| #ifdef HAVE_STRINGS_H
| # include <strings.h>
| #endif
| #ifdef HAVE_INTTYPES_H
| # include <inttypes.h>
| #endif
| #ifdef HAVE_STDINT_H
| # include <stdint.h>
| #endif
| #ifdef HAVE_UNISTD_H
| # include <unistd.h>
| #endif
| 
| #include <dlfcn.h>
configure:8171: result: no
configure:8425: checking for objdir
configure:8440: result: .libs
configure:8700: checking if gcc supports -fno-rtti -fno-exceptions
configure:8718: gcc -c -I/c/onscripter/extlib/include   -I/c/onscripter/extlib/include   -fno-rtti -fno-exceptions conftest.c >&5
cc1.exe: warning: command line option "-fno-rtti" is valid for C++/ObjC++ but not for C
configure:8722: $? = 0
configure:8735: result: no
configure:9093: checking for gcc option to produce PIC
configure:9100: result: -DDLL_EXPORT -DPIC
configure:9108: checking if gcc PIC flag -DDLL_EXPORT -DPIC works
configure:9126: gcc -c -I/c/onscripter/extlib/include   -I/c/onscripter/extlib/include   -DDLL_EXPORT -DPIC -DPIC conftest.c >&5
configure:9130: $? = 0
configure:9143: result: yes
configure:9172: checking if gcc static flag -static works
configure:9200: result: yes
configure:9215: checking if gcc supports -c -o file.o
configure:9236: gcc -c -I/c/onscripter/extlib/include   -I/c/onscripter/extlib/include   -o out/conftest2.o conftest.c >&5
configure:9240: $? = 0
configure:9262: result: yes
configure:9270: checking if gcc supports -c -o file.o
configure:9317: result: yes
configure:9350: checking whether the gcc linker (c:/mingw32/mingw32/bin/ld.exe) supports shared libraries
configure:10609: result: yes
configure:10849: checking dynamic linker characteristics
configure:11667: result: Win32 ld.exe
configure:11789: checking how to hardcode library paths into programs
configure:11814: result: immediate
configure:12362: checking whether stripping libraries is possible
configure:12367: result: yes
configure:12402: checking if libtool supports shared libraries
configure:12404: result: yes
configure:12407: checking whether to build shared libraries
configure:12432: result: no
configure:12435: checking whether to build static libraries
configure:12439: result: yes
configure:12680: checking GCC version
configure:12683: result: 4.4.0
configure:12824: checking if gcc accepts -Wdeclaration-after-statement
configure:12839: gcc -o conftest.exe -O3 -Wall -Wextra -D__NO_MATH_INLINES -fsigned-char -Wdeclaration-after-statement -I/c/onscripter/extlib/include   -L/c/onscripter/extlib/lib   conftest.c  >&5
configure:12839: $? = 0
configure:12840: result: yes
configure:12854: checking for memory.h
configure:12854: result: yes
configure:12866: checking for cos in -lm
configure:12891: gcc -o conftest.exe -O3 -Wall -Wextra -D__NO_MATH_INLINES -fsigned-char -Wdeclaration-after-statement -I/c/onscripter/extlib/include   -DUSE_MEMORY_H -I/c/onscripter/extlib/include   -L/c/onscripter/extlib/lib   conftest.c -lm   >&5
conftest.c:29: warning: conflicting types for built-in function 'cos'
configure:12891: $? = 0
configure:12900: result: yes
configure:12908: checking for pthread_create in -lpthread
configure:12933: gcc -o conftest.exe -O3 -Wall -Wextra -D__NO_MATH_INLINES -fsigned-char -Wdeclaration-after-statement -I/c/onscripter/extlib/include   -DUSE_MEMORY_H -I/c/onscripter/extlib/include   -L/c/onscripter/extlib/lib   conftest.c -lpthread   >&5
configure:12933: $? = 0
configure:12942: result: yes
configure:13000: checking for pkg-config
configure:13033: result: no
configure:13201: checking for Ogg
configure:13236: gcc -o conftest.exe -O3 -Wall -Wextra -D__NO_MATH_INLINES -fsigned-char -Wdeclaration-after-statement -I/c/onscripter/extlib/include   -DUSE_MEMORY_H -I/c/onscripter/extlib/include -I/c/onscripter/extlib/include   -L/c/onscripter/extlib/lib   conftest.c  -L/c/onscripter/extlib/lib -logg >&5
configure:13236: $? = 0
configure:13236: ./conftest.exe
configure:13236: $? = 0
configure:13254: result: yes
configure:13310: checking for oggpack_writealign
configure:13310: gcc -o conftest.exe -O3 -Wall -Wextra -D__NO_MATH_INLINES -fsigned-char -Wdeclaration-after-statement -I/c/onscripter/extlib/include   -DUSE_MEMORY_H -I/c/onscripter/extlib/include   -L/c/onscripter/extlib/lib   conftest.c -L/c/onscripter/extlib/lib -logg -lm >&5
configure:13310: $? = 0
configure:13310: result: yes
configure:13321: checking for size_t
configure:13321: gcc -c -O3 -Wall -Wextra -D__NO_MATH_INLINES -fsigned-char -Wdeclaration-after-statement -I/c/onscripter/extlib/include   -DUSE_MEMORY_H -I/c/onscripter/extlib/include   conftest.c >&5
configure:13321: $? = 0
configure:13321: gcc -c -O3 -Wall -Wextra -D__NO_MATH_INLINES -fsigned-char -Wdeclaration-after-statement -I/c/onscripter/extlib/include   -DUSE_MEMORY_H -I/c/onscripter/extlib/include   conftest.c >&5
conftest.c: In function 'main':
conftest.c:58: error: expected expression before ')' token
configure:13321: $? = 1
configure: failed program was:
| /* confdefs.h */
| #define PACKAGE_NAME "libvorbis"
| #define PACKAGE_TARNAME "libvorbis"
| #define PACKAGE_VERSION "1.3.5"
| #define PACKAGE_STRING "libvorbis 1.3.5"
| #define PACKAGE_BUGREPORT "vorbis-dev@xiph.org"
| #define PACKAGE_URL ""
| #define PACKAGE "libvorbis"
| #define VERSION "1.3.5"
| #define STDC_HEADERS 1
| #define HAVE_SYS_TYPES_H 1
| #define HAVE_SYS_STAT_H 1
| #define HAVE_STDLIB_H 1
| #define HAVE_STRING_H 1
| #define HAVE_MEMORY_H 1
| #define HAVE_STRINGS_H 1
| #define HAVE_INTTYPES_H 1
| #define HAVE_STDINT_H 1
| #define HAVE_UNISTD_H 1
| #define LT_OBJDIR ".libs/"
| /* end confdefs.h.  */
| #include <stdio.h>
| #ifdef HAVE_SYS_TYPES_H
| # include <sys/types.h>
| #endif
| #ifdef HAVE_SYS_STAT_H
| # include <sys/stat.h>
| #endif
| #ifdef STDC_HEADERS
| # include <stdlib.h>
| # include <stddef.h>
| #else
| # ifdef HAVE_STDLIB_H
| #  include <stdlib.h>
| # endif
| #endif
| #ifdef HAVE_STRING_H
| # if !defined STDC_HEADERS && defined HAVE_MEMORY_H
| #  include <memory.h>
| # endif
| # include <string.h>
| #endif
| #ifdef HAVE_STRINGS_H
| # include <strings.h>
| #endif
| #ifdef HAVE_INTTYPES_H
| # include <inttypes.h>
| #endif
| #ifdef HAVE_STDINT_H
| # include <stdint.h>
| #endif
| #ifdef HAVE_UNISTD_H
| # include <unistd.h>
| #endif
| int
| main ()
| {
| if (sizeof ((size_t)))
| 	    return 0;
|   ;
|   return 0;
| }
configure:13321: result: yes
configure:13334: checking for working alloca.h
configure:13351: gcc -o conftest.exe -O3 -Wall -Wextra -D__NO_MATH_INLINES -fsigned-char -Wdeclaration-after-statement -I/c/onscripter/extlib/include   -DUSE_MEMORY_H -I/c/onscripter/extlib/include   -L/c/onscripter/extlib/lib   conftest.c  >&5
conftest.c:22:20: error: alloca.h: No such file or directory
conftest.c: In function 'main':
conftest.c:26: warning: implicit declaration of function 'alloca'
conftest.c:26: warning: incompatible implicit declaration of built-in function 'alloca'
configure:13351: $? = 1
configure: failed program was:
| /* confdefs.h */
| #define PACKAGE_NAME "libvorbis"
| #define PACKAGE_TARNAME "libvorbis"
| #define PACKAGE_VERSION "1.3.5"
| #define PACKAGE_STRING "libvorbis 1.3.5"
| #define PACKAGE_BUGREPORT "vorbis-dev@xiph.org"
| #define PACKAGE_URL ""
| #define PACKAGE "libvorbis"
| #define VERSION "1.3.5"
| #define STDC_HEADERS 1
| #define HAVE_SYS_TYPES_H 1
| #define HAVE_SYS_STAT_H 1
| #define HAVE_STDLIB_H 1
| #define HAVE_STRING_H 1
| #define HAVE_MEMORY_H 1
| #define HAVE_STRINGS_H 1
| #define HAVE_INTTYPES_H 1
| #define HAVE_STDINT_H 1
| #define HAVE_UNISTD_H 1
| #define LT_OBJDIR ".libs/"
| /* end confdefs.h.  */
| #include <alloca.h>
| int
| main ()
| {
| char *p = (char *) alloca (2 * sizeof (int));
| 			  if (p) return 0;
|   ;
|   return 0;
| }
configure:13359: result: no
configure:13367: checking for alloca
configure:13404: gcc -o conftest.exe -O3 -Wall -Wextra -D__NO_MATH_INLINES -fsigned-char -Wdeclaration-after-statement -I/c/onscripter/extlib/include   -DUSE_MEMORY_H -I/c/onscripter/extlib/include   -L/c/onscripter/extlib/lib   conftest.c  >&5
configure:13404: $? = 0
configure:13412: result: yes
configure:13518: checking for working memcmp
configure:13561: gcc -o conftest.exe -O3 -Wall -Wextra -D__NO_MATH_INLINES -fsigned-char -Wdeclaration-after-statement -I/c/onscripter/extlib/include   -DUSE_MEMORY_H -I/c/onscripter/extlib/include   -L/c/onscripter/extlib/lib   conftest.c  >&5
configure:13561: $? = 0
configure:13561: ./conftest.exe
configure:13561: $? = 0
configure:13571: result: yes
configure:13703: checking that generated files are newer than configure
configure:13709: result: done
configure:13748: creating ./config.status

## ---------------------- ##
## Running config.status. ##
## ---------------------- ##

This file was extended by libvorbis config.status 1.3.5, which was
generated by GNU Autoconf 2.69.  Invocation command line was

  CONFIG_FILES    = 
  CONFIG_HEADERS  = 
  CONFIG_LINKS    = 
  CONFIG_COMMANDS = 
  $ ./config.status 

on KINJO-PC

config.status:1157: creating Makefile
config.status:1157: creating m4/Makefile
config.status:1157: creating lib/Makefile
config.status:1157: creating lib/modes/Makefile
config.status:1157: creating lib/books/Makefile
config.status:1157: creating lib/books/coupled/Makefile
config.status:1157: creating lib/books/uncoupled/Makefile
config.status:1157: creating lib/books/floor/Makefile
config.status:1157: creating doc/Makefile
config.status:1157: creating doc/vorbisfile/Makefile
config.status:1157: creating doc/vorbisenc/Makefile
config.status:1157: creating doc/libvorbis/Makefile
config.status:1157: creating doc/Doxyfile
config.status:1157: creating include/Makefile
config.status:1157: creating include/vorbis/Makefile
config.status:1157: creating examples/Makefile
config.status:1157: creating test/Makefile
config.status:1157: creating vq/Makefile
config.status:1157: creating libvorbis.spec
config.status:1157: creating vorbis.pc
config.status:1157: creating vorbisenc.pc
config.status:1157: creating vorbisfile.pc
config.status:1157: creating vorbis-uninstalled.pc
config.status:1157: creating vorbisenc-uninstalled.pc
config.status:1157: creating vorbisfile-uninstalled.pc
config.status:1157: creating config.h
config.status:1386: executing depfiles commands
config.status:1386: executing libtool commands

## ---------------- ##
## Cache variables. ##
## ---------------- ##

ac_cv_build=i686-pc-mingw32
ac_cv_c_compiler_gnu=yes
ac_cv_c_inline=inline
ac_cv_env_CC_set=set
ac_cv_env_CC_value=gcc
ac_cv_env_CFLAGS_set=set
ac_cv_env_CFLAGS_value='-I/c/onscripter/extlib/include  '
ac_cv_env_CPPFLAGS_set=set
ac_cv_env_CPPFLAGS_value='-I/c/onscripter/extlib/include  '
ac_cv_env_CPP_set=
ac_cv_env_CPP_value=
ac_cv_env_LDFLAGS_set=set
ac_cv_env_LDFLAGS_value='-L/c/onscripter/extlib/lib  '
ac_cv_env_LIBS_set=
ac_cv_env_LIBS_value=
ac_cv_env_LT_SYS_LIBRARY_PATH_set=
ac_cv_env_LT_SYS_LIBRARY_PATH_value=
ac_cv_env_OGG_CFLAGS_set=
ac_cv_env_OGG_CFLAGS_value=
ac_cv_env_OGG_LIBS_set=
ac_cv_env_OGG_LIBS_value=
ac_cv_env_PKG_CONFIG_set=
ac_cv_env_PKG_CONFIG_value=
ac_cv_env_build_alias_set=
ac_cv_env_build_alias_value=
ac_cv_env_host_alias_set=
ac_cv_env_host_alias_value=
ac_cv_env_target_alias_set=
ac_cv_env_target_alias_value=
ac_cv_exeext=.exe
ac_cv_func_alloca_works=yes
ac_cv_func_memcmp_working=yes
ac_cv_func_oggpack_writealign=yes
ac_cv_header_dlfcn_h=no
ac_cv_header_inttypes_h=yes
ac_cv_header_memory_h=yes
ac_cv_header_stdc=yes
ac_cv_header_stdint_h=yes
ac_cv_header_stdlib_h=yes
ac_cv_header_string_h=yes
ac_cv_header_strings_h=yes
ac_cv_header_sys_stat_h=yes
ac_cv_header_sys_types_h=yes
ac_cv_header_unistd_h=yes
ac_cv_host=i686-pc-mingw32
ac_cv_lib_m_cos=yes
ac_cv_lib_pthread_pthread_create=yes
ac_cv_objext=o
ac_cv_path_EGREP='/bin/grep -E'
ac_cv_path_FGREP='/bin/grep -F'
ac_cv_path_GREP=/bin/grep
ac_cv_path_SED=/bin/sed
ac_cv_path_install='/bin/install -c'
ac_cv_path_mkdir=/bin/mkdir
ac_cv_prog_AWK=gawk
ac_cv_prog_CPP='gcc -E'
ac_cv_prog_ac_ct_AS=as
ac_cv_prog_ac_ct_CC=gcc
ac_cv_prog_ac_ct_DLLTOOL=dlltool
ac_cv_prog_ac_ct_OBJDUMP=objdump
ac_cv_prog_ac_ct_RANLIB=ranlib
ac_cv_prog_ac_ct_STRIP=strip
ac_cv_prog_cc_c89=
ac_cv_prog_cc_g=yes
ac_cv_prog_make_make_set=yes
ac_cv_target=i686-pc-mingw32
ac_cv_type_size_t=yes
ac_cv_working_alloca_h=no
am_cv_CC_dependencies_compiler_type=none
am_cv_make_support_nested_variables=yes
am_cv_prog_cc_c_o=yes
lt_cv_ar_at_file=@
lt_cv_deplibs_check_method='file_magic ^x86 archive import|^x86 DLL'
lt_cv_file_magic_cmd=func_win32_libid
lt_cv_file_magic_test_file=
lt_cv_ld_reload_flag=-r
lt_cv_nm_interface='BSD nm'
lt_cv_objdir=.libs
lt_cv_path_LD=c:/mingw32/mingw32/bin/ld.exe
lt_cv_path_NM='/mingw/bin/nm -B'
lt_cv_path_mainfest_tool=no
lt_cv_prog_compiler_c_o=yes
lt_cv_prog_compiler_pic='-DDLL_EXPORT -DPIC'
lt_cv_prog_compiler_pic_works=yes
lt_cv_prog_compiler_rtti_exceptions=no
lt_cv_prog_compiler_static_works=yes
lt_cv_prog_gnu_ld=yes
lt_cv_sharedlib_from_linklib_cmd=func_cygming_dll_for_implib_fallback
lt_cv_sys_global_symbol_pipe='sed -n -e '\''s/^.*[	 ]\([ABCDGIRSTW][ABCDGIRSTW]*\)[	 ][	 ]*_\([_A-Za-z][_A-Za-z0-9]*\)\{0,1\}$/\1 _\2 \2/p'\'' | sed '\''/ __gnu_lto/d'\'''
lt_cv_sys_global_symbol_to_c_name_address='sed -n -e '\''s/^: \(.*\) .*$/  {"\1", (void *) 0},/p'\'' -e '\''s/^[ABCDGIRSTW][ABCDGIRSTW]* .* \(.*\)$/  {"\1", (void *) \&\1},/p'\'''
lt_cv_sys_global_symbol_to_c_name_address_lib_prefix='sed -n -e '\''s/^: \(.*\) .*$/  {"\1", (void *) 0},/p'\'' -e '\''s/^[ABCDGIRSTW][ABCDGIRSTW]* .* \(lib.*\)$/  {"\1", (void *) \&\1},/p'\'' -e '\''s/^[ABCDGIRSTW][ABCDGIRSTW]* .* \(.*\)$/  {"lib\1", (void *) \&\1},/p'\'''
lt_cv_sys_global_symbol_to_cdecl='sed -n -e '\''s/^T .* \(.*\)$/extern int \1();/p'\'' -e '\''s/^[ABCDGIRSTW][ABCDGIRSTW]* .* \(.*\)$/extern char \1;/p'\'''
lt_cv_sys_global_symbol_to_import=
lt_cv_sys_max_cmd_len=8192
lt_cv_to_host_file_cmd=func_convert_file_msys_to_w32
lt_cv_to_tool_file_cmd=func_convert_file_msys_to_w32
lt_cv_truncate_bin='/bin/sed -e 4q'

## ----------------- ##
## Output variables. ##
## ----------------- ##

ACLOCAL='${SHELL} /c/onscripter/extlib/src/libvorbis-1.3.5/missing aclocal-1.15'
ACLOCAL_AMFLAGS='-I m4'
ALLOCA=''
AMDEPBACKSLASH=''
AMDEP_FALSE=''
AMDEP_TRUE='#'
AMTAR='$${TAR-tar}'
AM_BACKSLASH='\'
AM_DEFAULT_V='$(AM_DEFAULT_VERBOSITY)'
AM_DEFAULT_VERBOSITY='1'
AM_V='$(V)'
AR='ar'
AS='as'
AUTOCONF='${SHELL} /c/onscripter/extlib/src/libvorbis-1.3.5/missing autoconf'
AUTOHEADER='${SHELL} /c/onscripter/extlib/src/libvorbis-1.3.5/missing autoheader'
AUTOMAKE='${SHELL} /c/onscripter/extlib/src/libvorbis-1.3.5/missing automake-1.15'
AWK='gawk'
BUILD_DOCS_FALSE=''
BUILD_DOCS_TRUE='#'
BUILD_EXAMPLES_FALSE=''
BUILD_EXAMPLES_TRUE='#'
CC='gcc'
CCDEPMODE='depmode=none'
CFLAGS='-O3 -Wall -Wextra -D__NO_MATH_INLINES -fsigned-char -Wdeclaration-after-statement -I/c/onscripter/extlib/include   -DUSE_MEMORY_H'
CPP='gcc -E'
CPPFLAGS='-I/c/onscripter/extlib/include  '
CYGPATH_W='echo'
DEBUG='-g -Wall -Wextra -D__NO_MATH_INLINES -fsigned-char'
DEFS='-DHAVE_CONFIG_H'
DEPDIR='.deps'
DLLTOOL='dlltool'
DSYMUTIL=''
DUMPBIN=''
ECHO_C=''
ECHO_N='-n'
ECHO_T=''
EGREP='/bin/grep -E'
EXEEXT='.exe'
FGREP='/bin/grep -F'
GREP='/bin/grep'
HAVE_DOXYGEN='false'
HAVE_DOXYGEN_FALSE=''
HAVE_DOXYGEN_TRUE='#'
HTLATEX=''
INSTALL_DATA='${INSTALL} -m 644'
INSTALL_PROGRAM='${INSTALL}'
INSTALL_SCRIPT='${INSTALL}'
INSTALL_STRIP_PROGRAM='$(install_sh) -c -s'
LD='c:/mingw32/mingw32/bin/ld.exe'
LDFLAGS='-L/c/onscripter/extlib/lib  '
LIBOBJS=''
LIBS=''
LIBTOOL='$(SHELL) $(top_builddir)/libtool'
LIBTOOL_DEPS='./ltmain.sh'
LIPO=''
LN_S='ln -s'
LTLIBOBJS=''
LT_SYS_LIBRARY_PATH=''
MAINT='#'
MAINTAINER_MODE_FALSE=''
MAINTAINER_MODE_TRUE='#'
MAKEINFO='${SHELL} /c/onscripter/extlib/src/libvorbis-1.3.5/missing makeinfo'
MANIFEST_TOOL=':'
MKDIR_P='/bin/mkdir -p'
NM='/mingw/bin/nm -B'
NMEDIT=''
OBJDUMP='objdump'
OBJEXT='o'
OGG_CFLAGS='-I/c/onscripter/extlib/include'
OGG_LIBS='-L/c/onscripter/extlib/lib -logg'
OTOOL64=''
OTOOL=''
PACKAGE='libvorbis'
PACKAGE_BUGREPORT='vorbis-dev@xiph.org'
PACKAGE_NAME='libvorbis'
PACKAGE_STRING='libvorbis 1.3.5'
PACKAGE_TARNAME='libvorbis'
PACKAGE_URL=''
PACKAGE_VERSION='1.3.5'
PATH_SEPARATOR=':'
PDFLATEX=''
PKG_CONFIG=''
PROFILE='-O3 -g -pg -D__NO_MATH_INLINES -fsigned-char'
RANLIB='ranlib'
SED='/bin/sed'
SET_MAKE=''
SHELL='/bin/sh'
STRIP='strip'
VERSION='1.3.5'
VE_LIB_AGE='0'
VE_LIB_CURRENT='2'
VE_LIB_REVISION='11'
VF_LIB_AGE='3'
VF_LIB_CURRENT='6'
VF_LIB_REVISION='7'
VORBIS_LIBS='-lm'
V_LIB_AGE='4'
V_LIB_CURRENT='4'
V_LIB_REVISION='8'
ac_ct_AR=''
ac_ct_CC='gcc'
ac_ct_DUMPBIN=''
am__EXEEXT_FALSE='#'
am__EXEEXT_TRUE=''
am__fastdepCC_FALSE=''
am__fastdepCC_TRUE='#'
am__include='include'
am__isrc=''
am__leading_dot='.'
am__nodep=''
am__quote=''
am__tar='$${TAR-tar} chof - "$$tardir"'
am__untar='$${TAR-tar} xf -'
bindir='${exec_prefix}/bin'
build='i686-pc-mingw32'
build_alias=''
build_cpu='i686'
build_os='mingw32'
build_vendor='pc'
datadir='${datarootdir}'
datarootdir='${prefix}/share'
docdir='${datarootdir}/doc/${PACKAGE_TARNAME}'
dvidir='${docdir}'
exec_prefix='${prefix}'
host='i686-pc-mingw32'
host_alias=''
host_cpu='i686'
host_os='mingw32'
host_vendor='pc'
htmldir='${docdir}'
includedir='${prefix}/include'
infodir='${datarootdir}/info'
install_sh='${SHELL} /c/onscripter/extlib/src/libvorbis-1.3.5/install-sh'
libdir='${exec_prefix}/lib'
libexecdir='${exec_prefix}/libexec'
localedir='${datarootdir}/locale'
localstatedir='${prefix}/var'
mandir='${datarootdir}/man'
mkdir_p='$(MKDIR_P)'
oldincludedir='/usr/include'
pdfdir='${docdir}'
prefix='/c/onscripter/extlib'
program_transform_name='s,x,x,'
psdir='${docdir}'
pthread_lib='-lpthread'
sbindir='${exec_prefix}/sbin'
sharedstatedir='${prefix}/com'
sysconfdir='${prefix}/etc'
target='i686-pc-mingw32'
target_alias=''
target_cpu='i686'
target_os='mingw32'
target_vendor='pc'

## ----------- ##
## confdefs.h. ##
## ----------- ##

/* confdefs.h */
#define PACKAGE_NAME "libvorbis"
#define PACKAGE_TARNAME "libvorbis"
#define PACKAGE_VERSION "1.3.5"
#define PACKAGE_STRING "libvorbis 1.3.5"
#define PACKAGE_BUGREPORT "vorbis-dev@xiph.org"
#define PACKAGE_URL ""
#define PACKAGE "libvorbis"
#define VERSION "1.3.5"
#define STDC_HEADERS 1
#define HAVE_SYS_TYPES_H 1
#define HAVE_SYS_STAT_H 1
#define HAVE_STDLIB_H 1
#define HAVE_STRING_H 1
#define HAVE_MEMORY_H 1
#define HAVE_STRINGS_H 1
#define HAVE_INTTYPES_H 1
#define HAVE_STDINT_H 1
#define HAVE_UNISTD_H 1
#define LT_OBJDIR ".libs/"
#define HAVE_ALLOCA 1

configure: exit 0
