This file contains any messages produced by compilers while
running configure, to aid debugging if configure makes a mistake.

It was created by libpng configure 1.2.24, which was
generated by GNU Autoconf 2.61.  Invocation command line was

  $ ./configure --prefix=/c/onscripter/extlib --disable-shared --disable-dependency-tracking

## --------- ##
## Platform. ##
## --------- ##

hostname = KINJO-PC
uname -m = i686
uname -r = 1.0.11(0.46/3/2)
uname -s = MINGW32_NT-6.2
uname -v = 2009-07-11 17:46

/usr/bin/uname -p = unknown
/bin/uname -X     = unknown

/bin/arch              = unknown
/usr/bin/arch -k       = unknown
/usr/convex/getsysinfo = unknown
/usr/bin/hostinfo      = unknown
/bin/machine           = unknown
/usr/bin/oslevel       = unknown
/bin/universe          = unknown

PATH: /c/onscripter/extlib/bin
PATH: .
PATH: /usr/local/bin
PATH: /mingw/bin
PATH: /bin
PATH: /c/ProgramData/Oracle/Java/javapath
PATH: /c/Program Files/nodejs
PATH: /mingw
PATH: /c/Program Files (x86)/kaitai-struct-compiler/bin
PATH: /c/Program Files (x86)/kaitai_struct_visualizer/bin
PATH: /c/Ruby23-x64/bin
PATH: /c/Program Files/Heroku/bin


## ----------- ##
## Core tests. ##
## ----------- ##

configure:2001: checking for a BSD-compatible install
configure:2057: result: /bin/install -c
configure:2068: checking whether build environment is sane
configure:2111: result: yes
configure:2176: checking for gawk
configure:2192: found /bin/gawk
configure:2203: result: gawk
configure:2214: checking whether make sets $(MAKE)
configure:2235: result: yes
configure:2419: checking whether to enable maintainer-specific portions of Makefiles
configure:2428: result: no
configure:2503: checking for gcc
configure:2530: result: gcc
configure:2768: checking for C compiler version
configure:2775: gcc --version >&5
gcc.exe (TDM-1 mingw32) 4.4.0
Copyright (C) 2009 Free Software Foundation, Inc.
This is free software; see the source for copying conditions.  There is NO
warranty; not even for MERCHANTABILITY or FITNESS FOR A PARTICULAR PURPOSE.

configure:2778: $? = 0
configure:2785: gcc -v >&5
Using built-in specs.
Target: mingw32
Configured with: ../gcc-4.4.0/configure --prefix=/mingw --build=mingw32 --enable-languages=c,ada,c++,fortran,objc,obj-c++ --disable-nls --disable-win32-registry --disable-werror --enable-threads --disable-symvers --enable-cxx-flags='-fno-function-sections -fno-data-sections' --enable-fully-dynamic-string --enable-libgomp --enable-version-specific-runtime-libs --enable-sjlj-exceptions --with-pkgversion='TDM-1 mingw32' --with-bugurl=http://www.tdragon.net/recentgcc/bugs.php
Thread model: win32
gcc version 4.4.0 (TDM-1 mingw32) 
configure:2788: $? = 0
configure:2795: gcc -V >&5
gcc.exe: '-V' option must have argument
configure:2798: $? = 1
configure:2821: checking for C compiler default output file name
configure:2848: gcc -I/c/onscripter/extlib/include   -I/c/onscripter/extlib/include   -L/c/onscripter/extlib/lib   conftest.c  >&5
configure:2851: $? = 0
configure:2889: result: a.exe
configure:2906: checking whether the C compiler works
configure:2916: ./a.exe
configure:2919: $? = 0
configure:2936: result: yes
configure:2943: checking whether we are cross compiling
configure:2945: result: no
configure:2948: checking for suffix of executables
configure:2955: gcc -o conftest.exe -I/c/onscripter/extlib/include   -I/c/onscripter/extlib/include   -L/c/onscripter/extlib/lib   conftest.c  >&5
configure:2958: $? = 0
configure:2982: result: .exe
configure:2988: checking for suffix of object files
configure:3014: gcc -c -I/c/onscripter/extlib/include   -I/c/onscripter/extlib/include   conftest.c >&5
configure:3017: $? = 0
configure:3040: result: o
configure:3044: checking whether we are using the GNU C compiler
configure:3073: gcc -c -I/c/onscripter/extlib/include   -I/c/onscripter/extlib/include   conftest.c >&5
configure:3079: $? = 0
configure:3096: result: yes
configure:3101: checking whether gcc accepts -g
configure:3131: gcc -c -g -I/c/onscripter/extlib/include   conftest.c >&5
configure:3137: $? = 0
configure:3236: result: yes
configure:3253: checking for gcc option to accept ISO C89
configure:3327: gcc  -c -I/c/onscripter/extlib/include   -I/c/onscripter/extlib/include   conftest.c >&5
configure:3333: $? = 0
configure:3356: result: none needed
configure:3385: checking for style of include used by make
configure:3413: result: GNU
configure:3441: checking dependency style of gcc
configure:3531: result: none
configure:3548: checking for a sed that does not truncate output
configure:3604: result: /bin/sed
configure:3613: checking build system type
configure:3631: result: i686-pc-mingw32
configure:3653: checking host system type
configure:3668: result: i686-pc-mingw32
configure:3690: checking for grep that handles long lines and -e
configure:3764: result: /bin/grep
configure:3769: checking for egrep
configure:3847: result: /bin/grep -E
configure:3863: checking for ld used by gcc
configure:3930: result: c:/mingw32/mingw32/bin/ld.exe
configure:3939: checking if the linker (c:/mingw32/mingw32/bin/ld.exe) is GNU ld
configure:3954: result: yes
configure:3964: checking how to run the C preprocessor
configure:4004: gcc -E -I/c/onscripter/extlib/include   conftest.c
configure:4010: $? = 0
configure:4041: gcc -E -I/c/onscripter/extlib/include   conftest.c
conftest.c:10:28: error: ac_nonexistent.h: No such file or directory
configure:4047: $? = 1
configure: failed program was:
| /* confdefs.h.  */
| #define PACKAGE_NAME "libpng"
| #define PACKAGE_TARNAME "libpng"
| #define PACKAGE_VERSION "1.2.24"
| #define PACKAGE_STRING "libpng 1.2.24"
| #define PACKAGE_BUGREPORT "png-mng-implement@lists.sourceforge.net"
| #define PACKAGE "libpng"
| #define VERSION "1.2.24"
| /* end confdefs.h.  */
| #include <ac_nonexistent.h>
configure:4080: result: gcc -E
configure:4109: gcc -E -I/c/onscripter/extlib/include   conftest.c
configure:4115: $? = 0
configure:4146: gcc -E -I/c/onscripter/extlib/include   conftest.c
conftest.c:10:28: error: ac_nonexistent.h: No such file or directory
configure:4152: $? = 1
configure: failed program was:
| /* confdefs.h.  */
| #define PACKAGE_NAME "libpng"
| #define PACKAGE_TARNAME "libpng"
| #define PACKAGE_VERSION "1.2.24"
| #define PACKAGE_STRING "libpng 1.2.24"
| #define PACKAGE_BUGREPORT "png-mng-implement@lists.sourceforge.net"
| #define PACKAGE "libpng"
| #define VERSION "1.2.24"
| /* end confdefs.h.  */
| #include <ac_nonexistent.h>
configure:4232: checking for sed
configure:4259: result: /bin/sed
configure:4298: checking for a BSD-compatible install
configure:4354: result: /bin/install -c
configure:4365: checking whether ln -s works
configure:4369: result: yes
configure:4376: checking whether make sets $(MAKE)
configure:4397: result: yes
configure:4478: checking for c:/mingw32/mingw32/bin/ld.exe option to reload object files
configure:4485: result: -r
configure:4503: checking for BSD-compatible nm
configure:4552: result: /mingw/bin/nm
configure:4556: checking how to recognize dependent libraries
configure:4742: result: file_magic ^x86 archive import|^x86 DLL
configure:4979: checking for ANSI C header files
configure:5009: gcc -c -I/c/onscripter/extlib/include   -I/c/onscripter/extlib/include   conftest.c >&5
configure:5015: $? = 0
configure:5114: gcc -o conftest.exe -I/c/onscripter/extlib/include   -I/c/onscripter/extlib/include   -L/c/onscripter/extlib/lib   conftest.c  >&5
configure:5117: $? = 0
configure:5123: ./conftest.exe
configure:5126: $? = 0
configure:5143: result: yes
configure:5167: checking for sys/types.h
configure:5188: gcc -c -I/c/onscripter/extlib/include   -I/c/onscripter/extlib/include   conftest.c >&5
configure:5194: $? = 0
configure:5210: result: yes
configure:5167: checking for sys/stat.h
configure:5188: gcc -c -I/c/onscripter/extlib/include   -I/c/onscripter/extlib/include   conftest.c >&5
configure:5194: $? = 0
configure:5210: result: yes
configure:5167: checking for stdlib.h
configure:5188: gcc -c -I/c/onscripter/extlib/include   -I/c/onscripter/extlib/include   conftest.c >&5
configure:5194: $? = 0
configure:5210: result: yes
configure:5167: checking for string.h
configure:5188: gcc -c -I/c/onscripter/extlib/include   -I/c/onscripter/extlib/include   conftest.c >&5
configure:5194: $? = 0
configure:5210: result: yes
configure:5167: checking for memory.h
configure:5188: gcc -c -I/c/onscripter/extlib/include   -I/c/onscripter/extlib/include   conftest.c >&5
configure:5194: $? = 0
configure:5210: result: yes
configure:5167: checking for strings.h
configure:5188: gcc -c -I/c/onscripter/extlib/include   -I/c/onscripter/extlib/include   conftest.c >&5
configure:5194: $? = 0
configure:5210: result: yes
configure:5167: checking for inttypes.h
configure:5188: gcc -c -I/c/onscripter/extlib/include   -I/c/onscripter/extlib/include   conftest.c >&5
configure:5194: $? = 0
configure:5210: result: yes
configure:5167: checking for stdint.h
configure:5188: gcc -c -I/c/onscripter/extlib/include   -I/c/onscripter/extlib/include   conftest.c >&5
configure:5194: $? = 0
configure:5210: result: yes
configure:5167: checking for unistd.h
configure:5188: gcc -c -I/c/onscripter/extlib/include   -I/c/onscripter/extlib/include   conftest.c >&5
configure:5194: $? = 0
configure:5210: result: yes
configure:5237: checking dlfcn.h usability
configure:5254: gcc -c -I/c/onscripter/extlib/include   -I/c/onscripter/extlib/include   conftest.c >&5
conftest.c:53:19: error: dlfcn.h: No such file or directory
configure:5260: $? = 1
configure: failed program was:
| /* confdefs.h.  */
| #define PACKAGE_NAME "libpng"
| #define PACKAGE_TARNAME "libpng"
| #define PACKAGE_VERSION "1.2.24"
| #define PACKAGE_STRING "libpng 1.2.24"
| #define PACKAGE_BUGREPORT "png-mng-implement@lists.sourceforge.net"
| #define PACKAGE "libpng"
| #define VERSION "1.2.24"
| #define STDC_HEADERS 1
| #define HAVE_SYS_TYPES_H 1
| #define HAVE_SYS_STAT_H 1
| #define HAVE_STDLIB_H 1
| #define HAVE_STRING_H 1
| #define HAVE_MEMORY_H 1
| #define HAVE_STRINGS_H 1
| #define HAVE_INTTYPES_H 1
| #define HAVE_STDINT_H 1
| #define HAVE_UNISTD_H 1
| /* end confdefs.h.  */
| #include <stdio.h>
| #ifdef HAVE_SYS_TYPES_H
| # include <sys/types.h>
| #endif
| #ifdef HAVE_SYS_STAT_H
| # include <sys/stat.h>
| #endif
| #ifdef STDC_HEADERS
| # include <stdlib.h>
| # include <stddef.h>
| #else
| # ifdef HAVE_STDLIB_H
| #  include <stdlib.h>
| # endif
| #endif
| #ifdef HAVE_STRING_H
| # if !defined STDC_HEADERS && defined HAVE_MEMORY_H
| #  include <memory.h>
| # endif
| # include <string.h>
| #endif
| #ifdef HAVE_STRINGS_H
| # include <strings.h>
| #endif
| #ifdef HAVE_INTTYPES_H
| # include <inttypes.h>
| #endif
| #ifdef HAVE_STDINT_H
| # include <stdint.h>
| #endif
| #ifdef HAVE_UNISTD_H
| # include <unistd.h>
| #endif
| #include <dlfcn.h>
configure:5274: result: no
configure:5278: checking dlfcn.h presence
configure:5293: gcc -E -I/c/onscripter/extlib/include   conftest.c
conftest.c:20:19: error: dlfcn.h: No such file or directory
configure:5299: $? = 1
configure: failed program was:
| /* confdefs.h.  */
| #define PACKAGE_NAME "libpng"
| #define PACKAGE_TARNAME "libpng"
| #define PACKAGE_VERSION "1.2.24"
| #define PACKAGE_STRING "libpng 1.2.24"
| #define PACKAGE_BUGREPORT "png-mng-implement@lists.sourceforge.net"
| #define PACKAGE "libpng"
| #define VERSION "1.2.24"
| #define STDC_HEADERS 1
| #define HAVE_SYS_TYPES_H 1
| #define HAVE_SYS_STAT_H 1
| #define HAVE_STDLIB_H 1
| #define HAVE_STRING_H 1
| #define HAVE_MEMORY_H 1
| #define HAVE_STRINGS_H 1
| #define HAVE_INTTYPES_H 1
| #define HAVE_STDINT_H 1
| #define HAVE_UNISTD_H 1
| /* end confdefs.h.  */
| #include <dlfcn.h>
configure:5313: result: no
configure:5346: checking for dlfcn.h
configure:5354: result: no
configure:5483: checking for C++ compiler version
configure:5490: g++ --version >&5
g++.exe (TDM-1 mingw32) 4.4.0
Copyright (C) 2009 Free Software Foundation, Inc.
This is free software; see the source for copying conditions.  There is NO
warranty; not even for MERCHANTABILITY or FITNESS FOR A PARTICULAR PURPOSE.

configure:5493: $? = 0
configure:5500: g++ -v >&5
Using built-in specs.
Target: mingw32
Configured with: ../gcc-4.4.0/configure --prefix=/mingw --build=mingw32 --enable-languages=c,ada,c++,fortran,objc,obj-c++ --disable-nls --disable-win32-registry --disable-werror --enable-threads --disable-symvers --enable-cxx-flags='-fno-function-sections -fno-data-sections' --enable-fully-dynamic-string --enable-libgomp --enable-version-specific-runtime-libs --enable-sjlj-exceptions --with-pkgversion='TDM-1 mingw32' --with-bugurl=http://www.tdragon.net/recentgcc/bugs.php
Thread model: win32
gcc version 4.4.0 (TDM-1 mingw32) 
configure:5503: $? = 0
configure:5510: g++ -V >&5
g++.exe: '-V' option must have argument
configure:5513: $? = 1
configure:5516: checking whether we are using the GNU C++ compiler
configure:5545: g++ -c  -I/c/onscripter/extlib/include   conftest.cpp >&5
configure:5551: $? = 0
configure:5568: result: yes
configure:5573: checking whether g++ accepts -g
configure:5603: g++ -c -g -I/c/onscripter/extlib/include   conftest.cpp >&5
configure:5609: $? = 0
configure:5708: result: yes
configure:5733: checking dependency style of g++
configure:5823: result: none
configure:5850: checking how to run the C++ preprocessor
configure:5886: g++ -E -I/c/onscripter/extlib/include   conftest.cpp
configure:5892: $? = 0
configure:5923: g++ -E -I/c/onscripter/extlib/include   conftest.cpp
conftest.cpp:20:28: error: ac_nonexistent.h: No such file or directory
configure:5929: $? = 1
configure: failed program was:
| /* confdefs.h.  */
| #define PACKAGE_NAME "libpng"
| #define PACKAGE_TARNAME "libpng"
| #define PACKAGE_VERSION "1.2.24"
| #define PACKAGE_STRING "libpng 1.2.24"
| #define PACKAGE_BUGREPORT "png-mng-implement@lists.sourceforge.net"
| #define PACKAGE "libpng"
| #define VERSION "1.2.24"
| #define STDC_HEADERS 1
| #define HAVE_SYS_TYPES_H 1
| #define HAVE_SYS_STAT_H 1
| #define HAVE_STDLIB_H 1
| #define HAVE_STRING_H 1
| #define HAVE_MEMORY_H 1
| #define HAVE_STRINGS_H 1
| #define HAVE_INTTYPES_H 1
| #define HAVE_STDINT_H 1
| #define HAVE_UNISTD_H 1
| /* end confdefs.h.  */
| #include <ac_nonexistent.h>
configure:5962: result: g++ -E
configure:5991: g++ -E -I/c/onscripter/extlib/include   conftest.cpp
configure:5997: $? = 0
configure:6028: g++ -E -I/c/onscripter/extlib/include   conftest.cpp
conftest.cpp:20:28: error: ac_nonexistent.h: No such file or directory
configure:6034: $? = 1
configure: failed program was:
| /* confdefs.h.  */
| #define PACKAGE_NAME "libpng"
| #define PACKAGE_TARNAME "libpng"
| #define PACKAGE_VERSION "1.2.24"
| #define PACKAGE_STRING "libpng 1.2.24"
| #define PACKAGE_BUGREPORT "png-mng-implement@lists.sourceforge.net"
| #define PACKAGE "libpng"
| #define VERSION "1.2.24"
| #define STDC_HEADERS 1
| #define HAVE_SYS_TYPES_H 1
| #define HAVE_SYS_STAT_H 1
| #define HAVE_STDLIB_H 1
| #define HAVE_STRING_H 1
| #define HAVE_MEMORY_H 1
| #define HAVE_STRINGS_H 1
| #define HAVE_INTTYPES_H 1
| #define HAVE_STDINT_H 1
| #define HAVE_UNISTD_H 1
| /* end confdefs.h.  */
| #include <ac_nonexistent.h>
configure:6127: checking for g77
configure:6157: result: no
configure:6127: checking for xlf
configure:6157: result: no
configure:6127: checking for f77
configure:6157: result: no
configure:6127: checking for frt
configure:6157: result: no
configure:6127: checking for pgf77
configure:6157: result: no
configure:6127: checking for cf77
configure:6157: result: no
configure:6127: checking for fort77
configure:6157: result: no
configure:6127: checking for fl32
configure:6157: result: no
configure:6127: checking for af77
configure:6157: result: no
configure:6127: checking for xlf90
configure:6157: result: no
configure:6127: checking for f90
configure:6157: result: no
configure:6127: checking for pgf90
configure:6157: result: no
configure:6127: checking for pghpf
configure:6157: result: no
configure:6127: checking for epcf90
configure:6157: result: no
configure:6127: checking for gfortran
configure:6157: result: no
configure:6127: checking for g95
configure:6157: result: no
configure:6127: checking for xlf95
configure:6157: result: no
configure:6127: checking for f95
configure:6157: result: no
configure:6127: checking for fort
configure:6157: result: no
configure:6127: checking for ifort
configure:6157: result: no
configure:6127: checking for ifc
configure:6157: result: no
configure:6127: checking for efc
configure:6157: result: no
configure:6127: checking for pgf95
configure:6157: result: no
configure:6127: checking for lf95
configure:6157: result: no
configure:6127: checking for ftn
configure:6157: result: no
configure:6184: checking for Fortran 77 compiler version
configure:6191:  --version >&5
./configure: line 6192: --version: command not found
configure:6194: $? = 127
configure:6201:  -v >&5
./configure: line 6202: -v: command not found
configure:6204: $? = 127
configure:6211:  -V >&5
./configure: line 6212: -V: command not found
configure:6214: $? = 127
configure:6222: checking whether we are using the GNU Fortran 77 compiler
configure:6241:  -c  conftest.F >&5
./configure: line 6242: -c: command not found
configure:6247: $? = 127
configure: failed program was:
|       program main
| #ifndef __GNUC__
|        choke me
| #endif
| 
|       end
configure:6264: result: no
configure:6270: checking whether  accepts -g
configure:6287:  -c -g conftest.f >&5
./configure: line 6288: -c: command not found
configure:6293: $? = 127
configure: failed program was:
|       program main
| 
|       end
configure:6309: result: no
configure:6339: checking the maximum length of command line arguments
configure:6451: result: 8192
configure:6463: checking command to parse /mingw/bin/nm output from gcc object
configure:6568: gcc -c -I/c/onscripter/extlib/include   -I/c/onscripter/extlib/include   conftest.c >&5
configure:6571: $? = 0
configure:6575: /mingw/bin/nm conftest.o \| sed -n -e 's/^.*[ 	]\([ABCDGIRSTW][ABCDGIRSTW]*\)[ 	][ 	]*\([_A-Za-z][_A-Za-z0-9]*\)\{0,1\}$/\1 \2 \2/p' \> conftest.nm
configure:6578: $? = 0
cannot find nm_test_var in conftest.nm
configure:6568: gcc -c -I/c/onscripter/extlib/include   -I/c/onscripter/extlib/include   conftest.c >&5
configure:6571: $? = 0
configure:6575: /mingw/bin/nm conftest.o \| sed -n -e 's/^.*[ 	]\([ABCDGIRSTW][ABCDGIRSTW]*\)[ 	][ 	]*_\([_A-Za-z][_A-Za-z0-9]*\)\{0,1\}$/\1 _\2 \2/p' \> conftest.nm
configure:6578: $? = 0
configure:6630: gcc -o conftest.exe -I/c/onscripter/extlib/include   -I/c/onscripter/extlib/include   -L/c/onscripter/extlib/lib   conftest.c conftstm.o >&5
configure:6633: $? = 0
configure:6671: result: ok
configure:6675: checking for objdir
configure:6690: result: .libs
configure:6782: checking for ar
configure:6809: result: ar
configure:6878: checking for ranlib
configure:6905: result: ranlib
configure:6974: checking for strip
configure:6990: found /mingw/bin/strip
configure:7001: result: strip
configure:7287: checking if gcc supports -fno-rtti -fno-exceptions
configure:7304: gcc -c -I/c/onscripter/extlib/include   -I/c/onscripter/extlib/include   -fno-rtti -fno-exceptions conftest.c >&5
cc1.exe: warning: command line option "-fno-rtti" is valid for C++/ObjC++ but not for C
configure:7308: $? = 0
configure:7322: result: no
configure:7337: checking for gcc option to produce PIC
configure:7569: result: -DDLL_EXPORT
configure:7577: checking if gcc PIC flag -DDLL_EXPORT works
configure:7594: gcc -c -I/c/onscripter/extlib/include   -I/c/onscripter/extlib/include   -DDLL_EXPORT -DPIC conftest.c >&5
configure:7598: $? = 0
configure:7612: result: yes
configure:7640: checking if gcc static flag -static works
configure:7668: result: yes
configure:7678: checking if gcc supports -c -o file.o
configure:7698: gcc -c -I/c/onscripter/extlib/include   -I/c/onscripter/extlib/include   -o out/conftest2.o conftest.c >&5
configure:7702: $? = 0
configure:7725: result: yes
configure:7751: checking whether the gcc linker (c:/mingw32/mingw32/bin/ld.exe) supports shared libraries
configure:8731: result: yes
configure:8798: checking dynamic linker characteristics
configure:9400: result: Win32 ld.exe
configure:9409: checking how to hardcode library paths into programs
configure:9434: result: immediate
configure:9448: checking whether stripping libraries is possible
configure:9453: result: yes
configure:10255: checking if libtool supports shared libraries
configure:10257: result: yes
configure:10260: checking whether to build shared libraries
configure:10281: result: no
configure:10284: checking whether to build static libraries
configure:10288: result: yes
configure:10381: creating libtool
configure:10969: checking for ld used by g++
configure:11036: result: c:/mingw32/mingw32/bin/ld.exe
configure:11045: checking if the linker (c:/mingw32/mingw32/bin/ld.exe) is GNU ld
configure:11060: result: yes
configure:11111: checking whether the g++ linker (c:/mingw32/mingw32/bin/ld.exe) supports shared libraries
configure:12085: result: yes
configure:12103: g++ -c -g -O2 -I/c/onscripter/extlib/include   conftest.cpp >&5
configure:12106: $? = 0
configure:12258: checking for g++ option to produce PIC
configure:12542: result: -DDLL_EXPORT
configure:12550: checking if g++ PIC flag -DDLL_EXPORT works
configure:12567: g++ -c -g -O2 -I/c/onscripter/extlib/include   -DDLL_EXPORT -DPIC conftest.cpp >&5
configure:12571: $? = 0
configure:12585: result: yes
configure:12613: checking if g++ static flag -static works
configure:12641: result: yes
configure:12651: checking if g++ supports -c -o file.o
configure:12671: g++ -c -g -O2 -I/c/onscripter/extlib/include   -o out/conftest2.o conftest.cpp >&5
configure:12675: $? = 0
configure:12698: result: yes
configure:12724: checking whether the g++ linker (c:/mingw32/mingw32/bin/ld.exe) supports shared libraries
configure:12749: result: yes
configure:12816: checking dynamic linker characteristics
configure:13366: result: Win32 ld.exe
configure:13375: checking how to hardcode library paths into programs
configure:13400: result: immediate
configure:19573: checking for ANSI C header files
configure:19737: result: yes
configure:19765: checking malloc.h usability
configure:19782: gcc -c -I/c/onscripter/extlib/include   -I/c/onscripter/extlib/include   conftest.c >&5
configure:19788: $? = 0
configure:19802: result: yes
configure:19806: checking malloc.h presence
configure:19821: gcc -E -I/c/onscripter/extlib/include   conftest.c
configure:19827: $? = 0
configure:19841: result: yes
configure:19874: checking for malloc.h
configure:19882: result: yes
configure:19755: checking for stdlib.h
configure:19761: result: yes
configure:19755: checking for string.h
configure:19761: result: yes
configure:19755: checking for strings.h
configure:19761: result: yes
configure:19897: checking for an ANSI C-conforming const
configure:19972: gcc -c -I/c/onscripter/extlib/include   -I/c/onscripter/extlib/include   conftest.c >&5
configure:19978: $? = 0
configure:19993: result: yes
configure:20003: checking for size_t
configure:20033: gcc -c -I/c/onscripter/extlib/include   -I/c/onscripter/extlib/include   conftest.c >&5
configure:20039: $? = 0
configure:20054: result: yes
configure:20066: checking whether struct tm is in sys/time.h or time.h
configure:20096: gcc -c -I/c/onscripter/extlib/include   -I/c/onscripter/extlib/include   conftest.c >&5
configure:20102: $? = 0
configure:20117: result: time.h
configure:20129: checking for working strtod
configure:20180: gcc -o conftest.exe -I/c/onscripter/extlib/include   -I/c/onscripter/extlib/include   -L/c/onscripter/extlib/lib   conftest.c  >&5
configure:20183: $? = 0
configure:20189: ./conftest.exe
configure:20192: $? = 0
configure:20208: result: yes
configure:20376: checking for memset
configure:20432: gcc -o conftest.exe -I/c/onscripter/extlib/include   -I/c/onscripter/extlib/include   -L/c/onscripter/extlib/lib   conftest.c  >&5
conftest.c:48: warning: conflicting types for built-in function 'memset'
configure:20438: $? = 0
configure:20456: result: yes
configure:20474: checking for pow
configure:20530: gcc -o conftest.exe -I/c/onscripter/extlib/include   -I/c/onscripter/extlib/include   -L/c/onscripter/extlib/lib   conftest.c  >&5
conftest.c:49: warning: conflicting types for built-in function 'pow'
configure:20536: $? = 0
configure:20554: result: yes
configure:20641: checking for zlibVersion in -lz
configure:20676: gcc -o conftest.exe -I/c/onscripter/extlib/include   -I/c/onscripter/extlib/include   -L/c/onscripter/extlib/lib   conftest.c -lz   >&5
configure:20682: $? = 0
configure:20700: result: yes
configure:20717: checking if assembler code in pnggccrd.c can be compiled without PNG_NO_MMX_CODE
configure:20740: gcc -c -I/c/onscripter/extlib/include   -I/c/onscripter/extlib/include   conftest.c >&5
configure:20746: $? = 0
configure:20751: result: yes
configure:20768: checking if libraries can be versioned
configure:20773: result: yes
configure:20794: checking for symbol prefix
configure:20801: result: _
configure:20823: pkgconfig directory is ${libdir}/pkgconfig
configure:21002: creating ./config.status

## ---------------------- ##
## Running config.status. ##
## ---------------------- ##

This file was extended by libpng config.status 1.2.24, which was
generated by GNU Autoconf 2.61.  Invocation command line was

  CONFIG_FILES    = 
  CONFIG_HEADERS  = 
  CONFIG_LINKS    = 
  CONFIG_COMMANDS = 
  $ ./config.status 

on KINJO-PC

config.status:678: creating Makefile
config.status:678: creating libpng.pc
config.status:678: creating libpng-config
config.status:678: creating config.h
config.status:906: config.h is unchanged
config.status:952: executing depfiles commands

## ---------------- ##
## Cache variables. ##
## ---------------- ##

ac_cv_build=i686-pc-mingw32
ac_cv_c_compiler_gnu=yes
ac_cv_c_const=yes
ac_cv_cxx_compiler_gnu=yes
ac_cv_env_CCC_set=
ac_cv_env_CCC_value=
ac_cv_env_CC_set=set
ac_cv_env_CC_value=gcc
ac_cv_env_CFLAGS_set=set
ac_cv_env_CFLAGS_value='-I/c/onscripter/extlib/include  '
ac_cv_env_CPPFLAGS_set=set
ac_cv_env_CPPFLAGS_value='-I/c/onscripter/extlib/include  '
ac_cv_env_CPP_set=
ac_cv_env_CPP_value=
ac_cv_env_CXXCPP_set=
ac_cv_env_CXXCPP_value=
ac_cv_env_CXXFLAGS_set=
ac_cv_env_CXXFLAGS_value=
ac_cv_env_CXX_set=set
ac_cv_env_CXX_value=g++
ac_cv_env_F77_set=
ac_cv_env_F77_value=
ac_cv_env_FFLAGS_set=
ac_cv_env_FFLAGS_value=
ac_cv_env_LDFLAGS_set=set
ac_cv_env_LDFLAGS_value='-L/c/onscripter/extlib/lib  '
ac_cv_env_LIBS_set=
ac_cv_env_LIBS_value=
ac_cv_env_build_alias_set=
ac_cv_env_build_alias_value=
ac_cv_env_host_alias_set=
ac_cv_env_host_alias_value=
ac_cv_env_target_alias_set=
ac_cv_env_target_alias_value=
ac_cv_exeext=.exe
ac_cv_f77_compiler_gnu=no
ac_cv_func_memset=yes
ac_cv_func_pow=yes
ac_cv_func_strtod=yes
ac_cv_header_dlfcn_h=no
ac_cv_header_inttypes_h=yes
ac_cv_header_malloc_h=yes
ac_cv_header_memory_h=yes
ac_cv_header_stdc=yes
ac_cv_header_stdint_h=yes
ac_cv_header_stdlib_h=yes
ac_cv_header_string_h=yes
ac_cv_header_strings_h=yes
ac_cv_header_sys_stat_h=yes
ac_cv_header_sys_types_h=yes
ac_cv_header_unistd_h=yes
ac_cv_host=i686-pc-mingw32
ac_cv_lib_z_zlibVersion=yes
ac_cv_objext=o
ac_cv_path_EGREP='/bin/grep -E'
ac_cv_path_GREP=/bin/grep
ac_cv_path_install='/bin/install -c'
ac_cv_prog_AWK=gawk
ac_cv_prog_CPP='gcc -E'
ac_cv_prog_CXXCPP='g++ -E'
ac_cv_prog_ac_ct_AR=ar
ac_cv_prog_ac_ct_CC=gcc
ac_cv_prog_ac_ct_RANLIB=ranlib
ac_cv_prog_ac_ct_SED=/bin/sed
ac_cv_prog_ac_ct_STRIP=strip
ac_cv_prog_cc_c89=
ac_cv_prog_cc_g=yes
ac_cv_prog_cxx_g=yes
ac_cv_prog_f77_g=no
ac_cv_prog_make_make_set=yes
ac_cv_struct_tm=time.h
ac_cv_type_size_t=yes
am_cv_CC_dependencies_compiler_type=none
am_cv_CXX_dependencies_compiler_type=none
lt_cv_deplibs_check_method='file_magic ^x86 archive import|^x86 DLL'
lt_cv_file_magic_cmd=func_win32_libid
lt_cv_file_magic_test_file=
lt_cv_ld_reload_flag=-r
lt_cv_objdir=.libs
lt_cv_path_LD=c:/mingw32/mingw32/bin/ld.exe
lt_cv_path_LDCXX=c:/mingw32/mingw32/bin/ld.exe
lt_cv_path_NM=/mingw/bin/nm
lt_cv_path_SED=/bin/sed
lt_cv_prog_compiler_c_o=yes
lt_cv_prog_compiler_c_o_CXX=yes
lt_cv_prog_compiler_rtti_exceptions=no
lt_cv_prog_gnu_ld=yes
lt_cv_prog_gnu_ldcxx=yes
lt_cv_sys_global_symbol_pipe='sed -n -e '\''s/^.*[ 	]\([ABCDGIRSTW][ABCDGIRSTW]*\)[ 	][ 	]*_\([_A-Za-z][_A-Za-z0-9]*\)\{0,1\}$/\1 _\2 \2/p'\'''
lt_cv_sys_global_symbol_to_c_name_address='sed -n -e '\''s/^: \([^ ]*\) $/  {\"\1\", (lt_ptr) 0},/p'\'' -e '\''s/^[BCDEGRST] \([^ ]*\) \([^ ]*\)$/  {"\2", (lt_ptr) \&\2},/p'\'''
lt_cv_sys_global_symbol_to_cdecl='sed -n -e '\''s/^. .* \(.*\)$/extern int \1;/p'\'''
lt_cv_sys_max_cmd_len=8192
lt_lt_cv_prog_compiler_c_o='"yes"'
lt_lt_cv_prog_compiler_c_o_CXX='"yes"'
lt_lt_cv_sys_global_symbol_pipe='"sed -n -e '\''s/^.*[ 	]\\([ABCDGIRSTW][ABCDGIRSTW]*\\)[ 	][ 	]*_\\([_A-Za-z][_A-Za-z0-9]*\\)\\{0,1\\}\$/\\1 _\\2 \\2/p'\''"'
lt_lt_cv_sys_global_symbol_to_c_name_address='"sed -n -e '\''s/^: \\([^ ]*\\) \$/  {\\\"\\1\\\", (lt_ptr) 0},/p'\'' -e '\''s/^[BCDEGRST] \\([^ ]*\\) \\([^ ]*\\)\$/  {\"\\2\", (lt_ptr) \\&\\2},/p'\''"'
lt_lt_cv_sys_global_symbol_to_cdecl='"sed -n -e '\''s/^. .* \\(.*\\)\$/extern int \\1;/p'\''"'

## ----------------- ##
## Output variables. ##
## ----------------- ##

ACLOCAL='${SHELL} /c/onscripter/extlib/src/libpng-1.2.24/missing --run aclocal-1.9'
AMDEPBACKSLASH=''
AMDEP_FALSE=''
AMDEP_TRUE='#'
AMTAR='${SHELL} /c/onscripter/extlib/src/libpng-1.2.24/missing --run tar'
AR='ar'
AUTOCONF='${SHELL} /c/onscripter/extlib/src/libpng-1.2.24/missing --run autoconf'
AUTOHEADER='${SHELL} /c/onscripter/extlib/src/libpng-1.2.24/missing --run autoheader'
AUTOMAKE='${SHELL} /c/onscripter/extlib/src/libpng-1.2.24/missing --run automake-1.9'
AWK='gawk'
CC='gcc'
CCDEPMODE='depmode=none'
CFLAGS='-I/c/onscripter/extlib/include  '
CPP='gcc -E'
CPPFLAGS='-I/c/onscripter/extlib/include  '
CXX='g++'
CXXCPP='g++ -E'
CXXDEPMODE='depmode=none'
CXXFLAGS='-g -O2'
CYGPATH_W='echo'
DEFS='-DHAVE_CONFIG_H'
DEPDIR='.deps'
ECHO='echo'
ECHO_C=''
ECHO_N='-n'
ECHO_T=''
EGREP='/bin/grep -E'
EXEEXT='.exe'
F77=''
FFLAGS=''
GREP='/bin/grep'
HAVE_LD_VERSION_SCRIPT_FALSE='#'
HAVE_LD_VERSION_SCRIPT_TRUE=''
INSTALL_DATA='${INSTALL} -m 644'
INSTALL_PROGRAM='${INSTALL}'
INSTALL_SCRIPT='${INSTALL}'
INSTALL_STRIP_PROGRAM='${SHELL} $(install_sh) -c -s'
LDFLAGS='-L/c/onscripter/extlib/lib  '
LIBOBJS=''
LIBPNG_DEFINES='-DPNG_CONFIGURE_LIBPNG '
LIBPNG_NO_MMX=''
LIBS='-lz '
LIBTOOL='$(SHELL) $(top_builddir)/libtool'
LN_S='ln -s'
LTLIBOBJS=''
MAINT='#'
MAINTAINER_MODE_FALSE=''
MAINTAINER_MODE_TRUE='#'
MAKEINFO='${SHELL} /c/onscripter/extlib/src/libpng-1.2.24/missing --run makeinfo'
OBJEXT='o'
PACKAGE='libpng'
PACKAGE_BUGREPORT='png-mng-implement@lists.sourceforge.net'
PACKAGE_NAME='libpng'
PACKAGE_STRING='libpng 1.2.24'
PACKAGE_TARNAME='libpng'
PACKAGE_VERSION='1.2.24'
PATH_SEPARATOR=':'
PNGLIB_MAJOR='1'
PNGLIB_MINOR='2'
PNGLIB_RELEASE='24'
PNGLIB_VERSION='1.2.24'
POW_LIB=''
RANLIB='ranlib'
SED='/bin/sed'
SET_MAKE=''
SHELL='/bin/sh'
STRIP='strip'
SYMBOL_PREFIX='_'
VERSION='1.2.24'
ac_ct_CC='gcc'
ac_ct_CXX=''
ac_ct_F77=''
am__fastdepCC_FALSE=''
am__fastdepCC_TRUE='#'
am__fastdepCXX_FALSE=''
am__fastdepCXX_TRUE='#'
am__include='include'
am__leading_dot='.'
am__quote=''
am__tar='${AMTAR} chof - "$$tardir"'
am__untar='${AMTAR} xf -'
binconfigs='${binconfigs}'
bindir='${exec_prefix}/bin'
build='i686-pc-mingw32'
build_alias=''
build_cpu='i686'
build_os='mingw32'
build_vendor='pc'
compatlib='libpng.la'
datadir='${datarootdir}'
datarootdir='${prefix}/share'
docdir='${datarootdir}/doc/${PACKAGE_TARNAME}'
dvidir='${docdir}'
exec_prefix='${prefix}'
host='i686-pc-mingw32'
host_alias=''
host_cpu='i686'
host_os='mingw32'
host_vendor='pc'
htmldir='${docdir}'
includedir='${prefix}/include'
infodir='${datarootdir}/info'
install_sh='/c/onscripter/extlib/src/libpng-1.2.24/install-sh'
libdir='${exec_prefix}/lib'
libexecdir='${exec_prefix}/libexec'
localedir='${datarootdir}/locale'
localstatedir='${prefix}/var'
mandir='${datarootdir}/man'
mkdir_p='mkdir -p --'
oldincludedir='/usr/include'
pdfdir='${docdir}'
pkgconfigdir='${libdir}/pkgconfig'
prefix='/c/onscripter/extlib'
program_transform_name='s,x,x,'
psdir='${docdir}'
sbindir='${exec_prefix}/sbin'
sharedstatedir='${prefix}/com'
sysconfdir='${prefix}/etc'
target_alias=''

## ----------- ##
## confdefs.h. ##
## ----------- ##

#define PACKAGE_NAME "libpng"
#define PACKAGE_TARNAME "libpng"
#define PACKAGE_VERSION "1.2.24"
#define PACKAGE_STRING "libpng 1.2.24"
#define PACKAGE_BUGREPORT "png-mng-implement@lists.sourceforge.net"
#define PACKAGE "libpng"
#define VERSION "1.2.24"
#define STDC_HEADERS 1
#define HAVE_SYS_TYPES_H 1
#define HAVE_SYS_STAT_H 1
#define HAVE_STDLIB_H 1
#define HAVE_STRING_H 1
#define HAVE_MEMORY_H 1
#define HAVE_STRINGS_H 1
#define HAVE_INTTYPES_H 1
#define HAVE_STDINT_H 1
#define HAVE_UNISTD_H 1
#define STDC_HEADERS 1
#define HAVE_MALLOC_H 1
#define HAVE_STDLIB_H 1
#define HAVE_STRING_H 1
#define HAVE_STRINGS_H 1
#define HAVE_MEMSET 1
#define HAVE_POW 1
#define HAVE_LIBZ 1

configure: exit 0
