This file contains any messages produced by compilers while
running configure, to aid debugging if configure makes a mistake.

It was created by configure, which was
generated by GNU Autoconf 2.69.  Invocation command line was

  $ ./configure --prefix=/c/onscripter/extlib --disable-shared --disable-gtk-player --disable-opengl-player --disable-debug

## --------- ##
## Platform. ##
## --------- ##

hostname = KINJO-PC
uname -m = i686
uname -r = 1.0.11(0.46/3/2)
uname -s = MINGW32_NT-6.2
uname -v = 2009-07-11 17:46

/usr/bin/uname -p = unknown
/bin/uname -X     = unknown

/bin/arch              = unknown
/usr/bin/arch -k       = unknown
/usr/convex/getsysinfo = unknown
/usr/bin/hostinfo      = unknown
/bin/machine           = unknown
/usr/bin/oslevel       = unknown
/bin/universe          = unknown

PATH: /c/onscripter/extlib/bin
PATH: .
PATH: /usr/local/bin
PATH: /mingw/bin
PATH: /bin
PATH: /c/ProgramData/Oracle/Java/javapath
PATH: /c/Program Files/nodejs
PATH: /mingw
PATH: /c/Program Files (x86)/kaitai-struct-compiler/bin
PATH: /c/Program Files (x86)/kaitai_struct_visualizer/bin
PATH: /c/Ruby23-x64/bin
PATH: /c/Program Files/Heroku/bin


## ----------- ##
## Core tests. ##
## ----------- ##

configure:2505: checking build system type
configure:2519: result: i686-pc-mingw32
configure:2539: checking host system type
configure:2552: result: i686-pc-mingw32
configure:2589: checking for a BSD-compatible install
configure:2657: result: /bin/install -c
configure:2668: checking whether build environment is sane
configure:2723: result: yes
configure:2761: WARNING: 'missing' script is too old or missing
configure:2874: checking for a thread-safe mkdir -p
configure:2913: result: /bin/mkdir -p
configure:2920: checking for gawk
configure:2936: found /bin/gawk
configure:2947: result: gawk
configure:2958: checking whether make sets $(MAKE)
configure:2980: result: yes
configure:3009: checking whether make supports nested variables
configure:3026: result: yes
configure:3108: checking whether make sets $(MAKE)
configure:3130: result: yes
configure:3187: checking for gcc
configure:3214: result: gcc
configure:3443: checking for C compiler version
configure:3452: gcc --version >&5
gcc.exe (TDM-1 mingw32) 4.4.0
Copyright (C) 2009 Free Software Foundation, Inc.
This is free software; see the source for copying conditions.  There is NO
warranty; not even for MERCHANTABILITY or FITNESS FOR A PARTICULAR PURPOSE.

configure:3463: $? = 0
configure:3452: gcc -v >&5
Using built-in specs.
Target: mingw32
Configured with: ../gcc-4.4.0/configure --prefix=/mingw --build=mingw32 --enable-languages=c,ada,c++,fortran,objc,obj-c++ --disable-nls --disable-win32-registry --disable-werror --enable-threads --disable-symvers --enable-cxx-flags='-fno-function-sections -fno-data-sections' --enable-fully-dynamic-string --enable-libgomp --enable-version-specific-runtime-libs --enable-sjlj-exceptions --with-pkgversion='TDM-1 mingw32' --with-bugurl=http://www.tdragon.net/recentgcc/bugs.php
Thread model: win32
gcc version 4.4.0 (TDM-1 mingw32) 
configure:3463: $? = 0
configure:3452: gcc -V >&5
gcc.exe: '-V' option must have argument
configure:3463: $? = 1
configure:3452: gcc -qversion >&5
gcc.exe: unrecognized option '-qversion'
gcc.exe: no input files
configure:3463: $? = 1
configure:3483: checking whether the C compiler works
configure:3505: gcc -I/c/onscripter/extlib/include   -I/c/onscripter/extlib/include   -L/c/onscripter/extlib/lib   conftest.c  >&5
configure:3509: $? = 0
configure:3557: result: yes
configure:3560: checking for C compiler default output file name
configure:3562: result: a.exe
configure:3568: checking for suffix of executables
configure:3575: gcc -o conftest.exe -I/c/onscripter/extlib/include   -I/c/onscripter/extlib/include   -L/c/onscripter/extlib/lib   conftest.c  >&5
configure:3579: $? = 0
configure:3601: result: .exe
configure:3623: checking whether we are cross compiling
configure:3631: gcc -o conftest.exe -I/c/onscripter/extlib/include   -I/c/onscripter/extlib/include   -L/c/onscripter/extlib/lib   conftest.c  >&5
configure:3635: $? = 0
configure:3642: ./conftest.exe
configure:3646: $? = 0
configure:3661: result: no
configure:3666: checking for suffix of object files
configure:3688: gcc -c -I/c/onscripter/extlib/include   -I/c/onscripter/extlib/include   conftest.c >&5
configure:3692: $? = 0
configure:3713: result: o
configure:3717: checking whether we are using the GNU C compiler
configure:3736: gcc -c -I/c/onscripter/extlib/include   -I/c/onscripter/extlib/include   conftest.c >&5
configure:3736: $? = 0
configure:3745: result: yes
configure:3754: checking whether gcc accepts -g
configure:3774: gcc -c -g -I/c/onscripter/extlib/include   conftest.c >&5
configure:3774: $? = 0
configure:3815: result: yes
configure:3832: checking for gcc option to accept ISO C89
configure:3895: gcc  -c -I/c/onscripter/extlib/include   -I/c/onscripter/extlib/include   conftest.c >&5
configure:3895: $? = 0
configure:3908: result: none needed
configure:3939: checking for style of include used by make
configure:3967: result: GNU
configure:3993: checking dependency style of gcc
configure:4104: result: gcc3
configure:4231: checking for C++ compiler version
configure:4240: g++ --version >&5
g++.exe (TDM-1 mingw32) 4.4.0
Copyright (C) 2009 Free Software Foundation, Inc.
This is free software; see the source for copying conditions.  There is NO
warranty; not even for MERCHANTABILITY or FITNESS FOR A PARTICULAR PURPOSE.

configure:4251: $? = 0
configure:4240: g++ -v >&5
Using built-in specs.
Target: mingw32
Configured with: ../gcc-4.4.0/configure --prefix=/mingw --build=mingw32 --enable-languages=c,ada,c++,fortran,objc,obj-c++ --disable-nls --disable-win32-registry --disable-werror --enable-threads --disable-symvers --enable-cxx-flags='-fno-function-sections -fno-data-sections' --enable-fully-dynamic-string --enable-libgomp --enable-version-specific-runtime-libs --enable-sjlj-exceptions --with-pkgversion='TDM-1 mingw32' --with-bugurl=http://www.tdragon.net/recentgcc/bugs.php
Thread model: win32
gcc version 4.4.0 (TDM-1 mingw32) 
configure:4251: $? = 0
configure:4240: g++ -V >&5
g++.exe: '-V' option must have argument
configure:4251: $? = 1
configure:4240: g++ -qversion >&5
g++.exe: unrecognized option '-qversion'
g++.exe: no input files
configure:4251: $? = 1
configure:4255: checking whether we are using the GNU C++ compiler
configure:4274: g++ -c  -I/c/onscripter/extlib/include   conftest.cpp >&5
configure:4274: $? = 0
configure:4283: result: yes
configure:4292: checking whether g++ accepts -g
configure:4312: g++ -c -g -I/c/onscripter/extlib/include   conftest.cpp >&5
configure:4312: $? = 0
configure:4353: result: yes
configure:4378: checking dependency style of g++
configure:4489: result: gcc3
configure:4513: checking dependency style of gcc
configure:4622: result: gcc3
configure:4684: checking for as
configure:4700: found /mingw/bin/as
configure:4711: result: as
configure:4776: checking for dlltool
configure:4792: found /mingw/bin/dlltool
configure:4803: result: dlltool
configure:4868: checking for objdump
configure:4884: found /mingw/bin/objdump
configure:4895: result: objdump
configure:4965: checking for a sed that does not truncate output
configure:5029: result: /bin/sed
configure:5047: checking for grep that handles long lines and -e
configure:5105: result: /bin/grep
configure:5110: checking for egrep
configure:5172: result: /bin/grep -E
configure:5177: checking for fgrep
configure:5239: result: /bin/grep -F
configure:5274: checking for ld used by gcc
configure:5341: result: c:/mingw32/mingw32/bin/ld.exe
configure:5348: checking if the linker (c:/mingw32/mingw32/bin/ld.exe) is GNU ld
configure:5363: result: yes
configure:5375: checking for BSD- or MS-compatible name lister (nm)
configure:5424: result: /mingw/bin/nm
configure:5542: checking the name lister (/mingw/bin/nm) interface
configure:5549: gcc -c -I/c/onscripter/extlib/include   -I/c/onscripter/extlib/include   conftest.c >&5
configure:5552: /mingw/bin/nm "conftest.o"
configure:5555: output
00000000 b .bss
00000000 d .data
00000000 t .text
00000000 B _some_variable
configure:5562: result: BSD nm
configure:5565: checking whether ln -s works
configure:5569: result: yes
configure:5577: checking the maximum length of command line arguments
configure:5703: result: 8192
configure:5720: checking whether the shell understands some XSI constructs
configure:5730: result: yes
configure:5734: checking whether the shell understands "+="
configure:5740: result: yes
configure:5775: checking for c:/mingw32/mingw32/bin/ld.exe option to reload object files
configure:5782: result: -r
configure:5851: checking for objdump
configure:5878: result: objdump
configure:5907: checking how to recognize dependent libraries
configure:6105: result: pass_all
configure:6165: checking for ar
configure:6192: result: ar
configure:6270: checking for strip
configure:6286: found /mingw/bin/strip
configure:6297: result: strip
configure:6369: checking for ranlib
configure:6396: result: ranlib
configure:6486: checking command to parse /mingw/bin/nm output from gcc object
configure:6604: gcc -c -I/c/onscripter/extlib/include   -I/c/onscripter/extlib/include   conftest.c >&5
configure:6607: $? = 0
configure:6611: /mingw/bin/nm conftest.o \| sed -n -e 's/^.*[	 ]\([ABCDGIRSTW][ABCDGIRSTW]*\)[	 ][	 ]*\([_A-Za-z][_A-Za-z0-9]*\)\{0,1\}$/\1 \2 \2/p' \> conftest.nm
configure:6614: $? = 0
cannot find nm_test_var in conftest.nm
configure:6604: gcc -c -I/c/onscripter/extlib/include   -I/c/onscripter/extlib/include   conftest.c >&5
configure:6607: $? = 0
configure:6611: /mingw/bin/nm conftest.o \| sed -n -e 's/^.*[	 ]\([ABCDGIRSTW][ABCDGIRSTW]*\)[	 ][	 ]*_\([_A-Za-z][_A-Za-z0-9]*\)\{0,1\}$/\1 _\2 \2/p' \> conftest.nm
configure:6614: $? = 0
configure:6668: gcc -o conftest.exe -I/c/onscripter/extlib/include   -I/c/onscripter/extlib/include   -L/c/onscripter/extlib/lib   conftest.c conftstm.o >&5
configure:6671: $? = 0
configure:6709: result: ok
configure:7518: checking how to run the C preprocessor
configure:7549: gcc -E -I/c/onscripter/extlib/include   conftest.c
configure:7549: $? = 0
configure:7563: gcc -E -I/c/onscripter/extlib/include   conftest.c
conftest.c:11:28: error: ac_nonexistent.h: No such file or directory
configure:7563: $? = 1
configure: failed program was:
| /* confdefs.h */
| #define PACKAGE_NAME ""
| #define PACKAGE_TARNAME ""
| #define PACKAGE_VERSION ""
| #define PACKAGE_STRING ""
| #define PACKAGE_BUGREPORT ""
| #define PACKAGE_URL ""
| #define PACKAGE "smpeg2"
| #define VERSION "2.0.0"
| /* end confdefs.h.  */
| #include <ac_nonexistent.h>
configure:7588: result: gcc -E
configure:7608: gcc -E -I/c/onscripter/extlib/include   conftest.c
configure:7608: $? = 0
configure:7622: gcc -E -I/c/onscripter/extlib/include   conftest.c
conftest.c:11:28: error: ac_nonexistent.h: No such file or directory
configure:7622: $? = 1
configure: failed program was:
| /* confdefs.h */
| #define PACKAGE_NAME ""
| #define PACKAGE_TARNAME ""
| #define PACKAGE_VERSION ""
| #define PACKAGE_STRING ""
| #define PACKAGE_BUGREPORT ""
| #define PACKAGE_URL ""
| #define PACKAGE "smpeg2"
| #define VERSION "2.0.0"
| /* end confdefs.h.  */
| #include <ac_nonexistent.h>
configure:7651: checking for ANSI C header files
configure:7671: gcc -c -I/c/onscripter/extlib/include   -I/c/onscripter/extlib/include   conftest.c >&5
configure:7671: $? = 0
configure:7744: gcc -o conftest.exe -I/c/onscripter/extlib/include   -I/c/onscripter/extlib/include   -L/c/onscripter/extlib/lib   conftest.c  >&5
configure:7744: $? = 0
configure:7744: ./conftest.exe
configure:7744: $? = 0
configure:7755: result: yes
configure:7768: checking for sys/types.h
configure:7768: gcc -c -I/c/onscripter/extlib/include   -I/c/onscripter/extlib/include   conftest.c >&5
configure:7768: $? = 0
configure:7768: result: yes
configure:7768: checking for sys/stat.h
configure:7768: gcc -c -I/c/onscripter/extlib/include   -I/c/onscripter/extlib/include   conftest.c >&5
configure:7768: $? = 0
configure:7768: result: yes
configure:7768: checking for stdlib.h
configure:7768: gcc -c -I/c/onscripter/extlib/include   -I/c/onscripter/extlib/include   conftest.c >&5
configure:7768: $? = 0
configure:7768: result: yes
configure:7768: checking for string.h
configure:7768: gcc -c -I/c/onscripter/extlib/include   -I/c/onscripter/extlib/include   conftest.c >&5
configure:7768: $? = 0
configure:7768: result: yes
configure:7768: checking for memory.h
configure:7768: gcc -c -I/c/onscripter/extlib/include   -I/c/onscripter/extlib/include   conftest.c >&5
configure:7768: $? = 0
configure:7768: result: yes
configure:7768: checking for strings.h
configure:7768: gcc -c -I/c/onscripter/extlib/include   -I/c/onscripter/extlib/include   conftest.c >&5
configure:7768: $? = 0
configure:7768: result: yes
configure:7768: checking for inttypes.h
configure:7768: gcc -c -I/c/onscripter/extlib/include   -I/c/onscripter/extlib/include   conftest.c >&5
configure:7768: $? = 0
configure:7768: result: yes
configure:7768: checking for stdint.h
configure:7768: gcc -c -I/c/onscripter/extlib/include   -I/c/onscripter/extlib/include   conftest.c >&5
configure:7768: $? = 0
configure:7768: result: yes
configure:7768: checking for unistd.h
configure:7768: gcc -c -I/c/onscripter/extlib/include   -I/c/onscripter/extlib/include   conftest.c >&5
configure:7768: $? = 0
configure:7768: result: yes
configure:7782: checking for dlfcn.h
configure:7782: gcc -c -I/c/onscripter/extlib/include   -I/c/onscripter/extlib/include   conftest.c >&5
conftest.c:55:19: error: dlfcn.h: No such file or directory
configure:7782: $? = 1
configure: failed program was:
| /* confdefs.h */
| #define PACKAGE_NAME ""
| #define PACKAGE_TARNAME ""
| #define PACKAGE_VERSION ""
| #define PACKAGE_STRING ""
| #define PACKAGE_BUGREPORT ""
| #define PACKAGE_URL ""
| #define PACKAGE "smpeg2"
| #define VERSION "2.0.0"
| #define STDC_HEADERS 1
| #define HAVE_SYS_TYPES_H 1
| #define HAVE_SYS_STAT_H 1
| #define HAVE_STDLIB_H 1
| #define HAVE_STRING_H 1
| #define HAVE_MEMORY_H 1
| #define HAVE_STRINGS_H 1
| #define HAVE_INTTYPES_H 1
| #define HAVE_STDINT_H 1
| #define HAVE_UNISTD_H 1
| /* end confdefs.h.  */
| #include <stdio.h>
| #ifdef HAVE_SYS_TYPES_H
| # include <sys/types.h>
| #endif
| #ifdef HAVE_SYS_STAT_H
| # include <sys/stat.h>
| #endif
| #ifdef STDC_HEADERS
| # include <stdlib.h>
| # include <stddef.h>
| #else
| # ifdef HAVE_STDLIB_H
| #  include <stdlib.h>
| # endif
| #endif
| #ifdef HAVE_STRING_H
| # if !defined STDC_HEADERS && defined HAVE_MEMORY_H
| #  include <memory.h>
| # endif
| # include <string.h>
| #endif
| #ifdef HAVE_STRINGS_H
| # include <strings.h>
| #endif
| #ifdef HAVE_INTTYPES_H
| # include <inttypes.h>
| #endif
| #ifdef HAVE_STDINT_H
| # include <stdint.h>
| #endif
| #ifdef HAVE_UNISTD_H
| # include <unistd.h>
| #endif
| 
| #include <dlfcn.h>
configure:7782: result: no
configure:7907: checking for C++ compiler version
configure:7916: g++ --version >&5
g++.exe (TDM-1 mingw32) 4.4.0
Copyright (C) 2009 Free Software Foundation, Inc.
This is free software; see the source for copying conditions.  There is NO
warranty; not even for MERCHANTABILITY or FITNESS FOR A PARTICULAR PURPOSE.

configure:7927: $? = 0
configure:7916: g++ -v >&5
Using built-in specs.
Target: mingw32
Configured with: ../gcc-4.4.0/configure --prefix=/mingw --build=mingw32 --enable-languages=c,ada,c++,fortran,objc,obj-c++ --disable-nls --disable-win32-registry --disable-werror --enable-threads --disable-symvers --enable-cxx-flags='-fno-function-sections -fno-data-sections' --enable-fully-dynamic-string --enable-libgomp --enable-version-specific-runtime-libs --enable-sjlj-exceptions --with-pkgversion='TDM-1 mingw32' --with-bugurl=http://www.tdragon.net/recentgcc/bugs.php
Thread model: win32
gcc version 4.4.0 (TDM-1 mingw32) 
configure:7927: $? = 0
configure:7916: g++ -V >&5
g++.exe: '-V' option must have argument
configure:7927: $? = 1
configure:7916: g++ -qversion >&5
g++.exe: unrecognized option '-qversion'
g++.exe: no input files
configure:7927: $? = 1
configure:7931: checking whether we are using the GNU C++ compiler
configure:7959: result: yes
configure:7968: checking whether g++ accepts -g
configure:8029: result: yes
configure:8054: checking dependency style of g++
configure:8165: result: gcc3
configure:8188: checking how to run the C++ preprocessor
configure:8215: g++ -E -I/c/onscripter/extlib/include   conftest.cpp
configure:8215: $? = 0
configure:8229: g++ -E -I/c/onscripter/extlib/include   conftest.cpp
conftest.cpp:21:28: error: ac_nonexistent.h: No such file or directory
configure:8229: $? = 1
configure: failed program was:
| /* confdefs.h */
| #define PACKAGE_NAME ""
| #define PACKAGE_TARNAME ""
| #define PACKAGE_VERSION ""
| #define PACKAGE_STRING ""
| #define PACKAGE_BUGREPORT ""
| #define PACKAGE_URL ""
| #define PACKAGE "smpeg2"
| #define VERSION "2.0.0"
| #define STDC_HEADERS 1
| #define HAVE_SYS_TYPES_H 1
| #define HAVE_SYS_STAT_H 1
| #define HAVE_STDLIB_H 1
| #define HAVE_STRING_H 1
| #define HAVE_MEMORY_H 1
| #define HAVE_STRINGS_H 1
| #define HAVE_INTTYPES_H 1
| #define HAVE_STDINT_H 1
| #define HAVE_UNISTD_H 1
| /* end confdefs.h.  */
| #include <ac_nonexistent.h>
configure:8254: result: g++ -E
configure:8274: g++ -E -I/c/onscripter/extlib/include   conftest.cpp
configure:8274: $? = 0
configure:8288: g++ -E -I/c/onscripter/extlib/include   conftest.cpp
conftest.cpp:21:28: error: ac_nonexistent.h: No such file or directory
configure:8288: $? = 1
configure: failed program was:
| /* confdefs.h */
| #define PACKAGE_NAME ""
| #define PACKAGE_TARNAME ""
| #define PACKAGE_VERSION ""
| #define PACKAGE_STRING ""
| #define PACKAGE_BUGREPORT ""
| #define PACKAGE_URL ""
| #define PACKAGE "smpeg2"
| #define VERSION "2.0.0"
| #define STDC_HEADERS 1
| #define HAVE_SYS_TYPES_H 1
| #define HAVE_SYS_STAT_H 1
| #define HAVE_STDLIB_H 1
| #define HAVE_STRING_H 1
| #define HAVE_MEMORY_H 1
| #define HAVE_STRINGS_H 1
| #define HAVE_INTTYPES_H 1
| #define HAVE_STDINT_H 1
| #define HAVE_UNISTD_H 1
| /* end confdefs.h.  */
| #include <ac_nonexistent.h>
configure:8492: checking for objdir
configure:8507: result: .libs
configure:8803: checking if gcc supports -fno-rtti -fno-exceptions
configure:8821: gcc -c -I/c/onscripter/extlib/include   -I/c/onscripter/extlib/include   -fno-rtti -fno-exceptions conftest.c >&5
cc1.exe: warning: command line option "-fno-rtti" is valid for C++/ObjC++ but not for C
configure:8825: $? = 0
configure:8838: result: no
configure:8858: checking for gcc option to produce PIC
configure:9130: result: -DDLL_EXPORT -DPIC
configure:9142: checking if gcc PIC flag -DDLL_EXPORT -DPIC works
configure:9160: gcc -c -I/c/onscripter/extlib/include   -I/c/onscripter/extlib/include   -DDLL_EXPORT -DPIC -DPIC conftest.c >&5
configure:9164: $? = 0
configure:9177: result: yes
configure:9201: checking if gcc static flag -static works
configure:9229: result: yes
configure:9244: checking if gcc supports -c -o file.o
configure:9265: gcc -c -I/c/onscripter/extlib/include   -I/c/onscripter/extlib/include   -o out/conftest2.o conftest.c >&5
configure:9269: $? = 0
configure:9291: result: yes
configure:9299: checking if gcc supports -c -o file.o
configure:9346: result: yes
configure:9379: checking whether the gcc linker (c:/mingw32/mingw32/bin/ld.exe) supports shared libraries
configure:10367: result: yes
configure:10606: checking dynamic linker characteristics
configure:11259: result: Win32 ld.exe
configure:11361: checking how to hardcode library paths into programs
configure:11386: result: immediate
configure:11906: checking whether stripping libraries is possible
configure:11911: result: yes
configure:11946: checking if libtool supports shared libraries
configure:11948: result: yes
configure:11951: checking whether to build shared libraries
configure:11972: result: no
configure:11975: checking whether to build static libraries
configure:11979: result: yes
configure:12129: checking for ld used by g++
configure:12196: result: c:/mingw32/mingw32/bin/ld.exe
configure:12203: checking if the linker (c:/mingw32/mingw32/bin/ld.exe) is GNU ld
configure:12218: result: yes
configure:12273: checking whether the g++ linker (c:/mingw32/mingw32/bin/ld.exe) supports shared libraries
configure:13187: result: yes
configure:13215: g++ -c -g -O2 -I/c/onscripter/extlib/include   conftest.cpp >&5
configure:13218: $? = 0
configure:13400: checking for g++ option to produce PIC
configure:13717: result: -DDLL_EXPORT -DPIC
configure:13726: checking if g++ PIC flag -DDLL_EXPORT -DPIC works
configure:13744: g++ -c -g -O2 -I/c/onscripter/extlib/include   -DDLL_EXPORT -DPIC -DPIC conftest.cpp >&5
configure:13748: $? = 0
configure:13761: result: yes
configure:13782: checking if g++ static flag -static works
configure:13810: result: yes
configure:13822: checking if g++ supports -c -o file.o
configure:13843: g++ -c -g -O2 -I/c/onscripter/extlib/include   -o out/conftest2.o conftest.cpp >&5
configure:13847: $? = 0
configure:13869: result: yes
configure:13874: checking if g++ supports -c -o file.o
configure:13921: result: yes
configure:13951: checking whether the g++ linker (c:/mingw32/mingw32/bin/ld.exe) supports shared libraries
configure:13977: result: yes
configure:14114: checking dynamic linker characteristics
configure:14715: result: Win32 ld.exe
configure:14766: checking how to hardcode library paths into programs
configure:14791: result: immediate
configure:14851: checking for socklen_t
configure:14869: gcc -c -I/c/onscripter/extlib/include   -I/c/onscripter/extlib/include   conftest.c >&5
conftest.c:23:26: error: sys/socket.h: No such file or directory
conftest.c: In function 'main':
conftest.c:27: error: 'socklen_t' undeclared (first use in this function)
conftest.c:27: error: (Each undeclared identifier is reported only once
conftest.c:27: error: for each function it appears in.)
conftest.c:27: error: expected ';' before 'x'
configure:14869: $? = 1
configure: failed program was:
| /* confdefs.h */
| #define PACKAGE_NAME ""
| #define PACKAGE_TARNAME ""
| #define PACKAGE_VERSION ""
| #define PACKAGE_STRING ""
| #define PACKAGE_BUGREPORT ""
| #define PACKAGE_URL ""
| #define PACKAGE "smpeg2"
| #define VERSION "2.0.0"
| #define STDC_HEADERS 1
| #define HAVE_SYS_TYPES_H 1
| #define HAVE_SYS_STAT_H 1
| #define HAVE_STDLIB_H 1
| #define HAVE_STRING_H 1
| #define HAVE_MEMORY_H 1
| #define HAVE_STRINGS_H 1
| #define HAVE_INTTYPES_H 1
| #define HAVE_STDINT_H 1
| #define HAVE_UNISTD_H 1
| #define LT_OBJDIR ".libs/"
| /* end confdefs.h.  */
| #include <sys/types.h>
|   #include <sys/socket.h>
| int
| main ()
| {
| socklen_t x;
|   ;
|   return 0;
| }
configure:14877: result: no
configure:15009: checking for pkg-config
configure:15042: result: no
configure:15105: checking for SDL
configure:15200: checking for sdl2-config
configure:15231: result: no
configure:15240: checking for SDL - version >= 2.0.0
configure:15346: result: no
configure:15410: error: *** SDL version 2.0.0 not found!

## ---------------- ##
## Cache variables. ##
## ---------------- ##

ac_cv_build=i686-pc-mingw32
ac_cv_c_compiler_gnu=yes
ac_cv_cxx_compiler_gnu=yes
ac_cv_env_CCASFLAGS_set=
ac_cv_env_CCASFLAGS_value=
ac_cv_env_CCAS_set=
ac_cv_env_CCAS_value=
ac_cv_env_CCC_set=
ac_cv_env_CCC_value=
ac_cv_env_CC_set=set
ac_cv_env_CC_value=gcc
ac_cv_env_CFLAGS_set=set
ac_cv_env_CFLAGS_value='-I/c/onscripter/extlib/include  '
ac_cv_env_CPPFLAGS_set=set
ac_cv_env_CPPFLAGS_value='-I/c/onscripter/extlib/include  '
ac_cv_env_CPP_set=
ac_cv_env_CPP_value=
ac_cv_env_CXXCPP_set=
ac_cv_env_CXXCPP_value=
ac_cv_env_CXXFLAGS_set=
ac_cv_env_CXXFLAGS_value=
ac_cv_env_CXX_set=set
ac_cv_env_CXX_value=g++
ac_cv_env_LDFLAGS_set=set
ac_cv_env_LDFLAGS_value='-L/c/onscripter/extlib/lib  '
ac_cv_env_LIBS_set=
ac_cv_env_LIBS_value=
ac_cv_env_PKG_CONFIG_set=
ac_cv_env_PKG_CONFIG_value=
ac_cv_env_SDL_CFLAGS_set=
ac_cv_env_SDL_CFLAGS_value=
ac_cv_env_SDL_LIBS_set=
ac_cv_env_SDL_LIBS_value=
ac_cv_env_build_alias_set=
ac_cv_env_build_alias_value=
ac_cv_env_host_alias_set=
ac_cv_env_host_alias_value=
ac_cv_env_target_alias_set=
ac_cv_env_target_alias_value=
ac_cv_exeext=.exe
ac_cv_header_dlfcn_h=no
ac_cv_header_inttypes_h=yes
ac_cv_header_memory_h=yes
ac_cv_header_stdc=yes
ac_cv_header_stdint_h=yes
ac_cv_header_stdlib_h=yes
ac_cv_header_string_h=yes
ac_cv_header_strings_h=yes
ac_cv_header_sys_stat_h=yes
ac_cv_header_sys_types_h=yes
ac_cv_header_unistd_h=yes
ac_cv_host=i686-pc-mingw32
ac_cv_objext=o
ac_cv_path_EGREP='/bin/grep -E'
ac_cv_path_FGREP='/bin/grep -F'
ac_cv_path_GREP=/bin/grep
ac_cv_path_SDL_CONFIG=no
ac_cv_path_SED=/bin/sed
ac_cv_path_install='/bin/install -c'
ac_cv_path_mkdir=/bin/mkdir
ac_cv_prog_AWK=gawk
ac_cv_prog_CPP='gcc -E'
ac_cv_prog_CXXCPP='g++ -E'
ac_cv_prog_ac_ct_AR=ar
ac_cv_prog_ac_ct_AS=as
ac_cv_prog_ac_ct_CC=gcc
ac_cv_prog_ac_ct_DLLTOOL=dlltool
ac_cv_prog_ac_ct_OBJDUMP=objdump
ac_cv_prog_ac_ct_RANLIB=ranlib
ac_cv_prog_ac_ct_STRIP=strip
ac_cv_prog_cc_c89=
ac_cv_prog_cc_g=yes
ac_cv_prog_cxx_g=yes
ac_cv_prog_make_make_set=yes
ac_cv_type_socklen_t=no
am_cv_CCAS_dependencies_compiler_type=gcc3
am_cv_CC_dependencies_compiler_type=gcc3
am_cv_CXX_dependencies_compiler_type=gcc3
am_cv_make_support_nested_variables=yes
lt_cv_deplibs_check_method=pass_all
lt_cv_file_magic_cmd=func_win32_libid
lt_cv_file_magic_test_file=
lt_cv_ld_reload_flag=-r
lt_cv_nm_interface='BSD nm'
lt_cv_objdir=.libs
lt_cv_path_LD=c:/mingw32/mingw32/bin/ld.exe
lt_cv_path_LDCXX=c:/mingw32/mingw32/bin/ld.exe
lt_cv_path_NM=/mingw/bin/nm
lt_cv_prog_compiler_c_o=yes
lt_cv_prog_compiler_c_o_CXX=yes
lt_cv_prog_compiler_pic_works=yes
lt_cv_prog_compiler_pic_works_CXX=yes
lt_cv_prog_compiler_rtti_exceptions=no
lt_cv_prog_compiler_static_works=yes
lt_cv_prog_compiler_static_works_CXX=yes
lt_cv_prog_gnu_ld=yes
lt_cv_prog_gnu_ldcxx=yes
lt_cv_sys_global_symbol_pipe='sed -n -e '\''s/^.*[	 ]\([ABCDGIRSTW][ABCDGIRSTW]*\)[	 ][	 ]*_\([_A-Za-z][_A-Za-z0-9]*\)\{0,1\}$/\1 _\2 \2/p'\'''
lt_cv_sys_global_symbol_to_c_name_address='sed -n -e '\''s/^: \([^ ]*\) $/  {\"\1\", (void *) 0},/p'\'' -e '\''s/^[ABCDGIRSTW]* \([^ ]*\) \([^ ]*\)$/  {"\2", (void *) \&\2},/p'\'''
lt_cv_sys_global_symbol_to_c_name_address_lib_prefix='sed -n -e '\''s/^: \([^ ]*\) $/  {\"\1\", (void *) 0},/p'\'' -e '\''s/^[ABCDGIRSTW]* \([^ ]*\) \(lib[^ ]*\)$/  {"\2", (void *) \&\2},/p'\'' -e '\''s/^[ABCDGIRSTW]* \([^ ]*\) \([^ ]*\)$/  {"lib\2", (void *) \&\2},/p'\'''
lt_cv_sys_global_symbol_to_cdecl='sed -n -e '\''s/^T .* \(.*\)$/extern int \1();/p'\'' -e '\''s/^[ABCDGIRSTW]* .* \(.*\)$/extern char \1;/p'\'''
lt_cv_sys_max_cmd_len=8192

## ----------------- ##
## Output variables. ##
## ----------------- ##

ACLOCAL='aclocal-1.13'
AMDEPBACKSLASH='\'
AMDEP_FALSE='#'
AMDEP_TRUE=''
AMTAR='$${TAR-tar}'
AM_BACKSLASH='\'
AM_DEFAULT_V='$(AM_DEFAULT_VERBOSITY)'
AM_DEFAULT_VERBOSITY='1'
AM_V='$(V)'
AR='ar'
AS='as'
ASFLAGS=''
AUTOCONF='autoconf'
AUTOHEADER='autoheader'
AUTOMAKE='automake-1.13'
AWK='gawk'
BINARY_AGE='0'
CC='gcc'
CCAS='gcc'
CCASDEPMODE='depmode=gcc3'
CCASFLAGS=''
CCDEPMODE='depmode=gcc3'
CFLAGS='-I/c/onscripter/extlib/include   -fexpensive-optimizations -fomit-frame-pointer'
CPP='gcc -E'
CPPFLAGS='-I/c/onscripter/extlib/include  '
CXX='g++'
CXXCPP='g++ -E'
CXXDEPMODE='depmode=gcc3'
CXXFLAGS='-g -O2'
CYGPATH_W='echo'
DEFS=''
DEPDIR='.deps'
DLLTOOL='dlltool'
DSYMUTIL=''
DUMPBIN=''
ECHO_C=''
ECHO_N='-n'
ECHO_T=''
EGREP='/bin/grep -E'
EXEEXT='.exe'
FGREP='/bin/grep -F'
GREP='/bin/grep'
INSTALL_DATA='${INSTALL} -m 644'
INSTALL_PROGRAM='${INSTALL}'
INSTALL_SCRIPT='${INSTALL}'
INSTALL_STRIP_PROGRAM='$(install_sh) -c -s'
INTERFACE_AGE='0'
LD='c:/mingw32/mingw32/bin/ld.exe'
LDFLAGS='-L/c/onscripter/extlib/lib  '
LIBOBJS=''
LIBS=''
LIBTOOL='$(SHELL) $(top_builddir)/libtool'
LIPO=''
LN_S='ln -s'
LTLIBOBJS=''
LT_AGE='0'
LT_CURRENT='0'
LT_RELEASE='2.0'
LT_REVISION='0'
MAJOR_VERSION='2'
MAKEINFO='makeinfo'
MICRO_VERSION='0'
MINOR_VERSION='0'
MKDIR_P='/bin/mkdir -p'
NM='/mingw/bin/nm'
NMEDIT=''
OBJDUMP='objdump'
OBJEXT='o'
OTOOL64=''
OTOOL=''
PACKAGE='smpeg2'
PACKAGE_BUGREPORT=''
PACKAGE_NAME=''
PACKAGE_STRING=''
PACKAGE_TARNAME=''
PACKAGE_URL=''
PACKAGE_VERSION=''
PATH_SEPARATOR=':'
PKG_CONFIG=''
RANLIB='ranlib'
SDL_CFLAGS=''
SDL_CONFIG='no'
SDL_LIBS=''
SED='/bin/sed'
SET_MAKE=''
SHELL='/bin/sh'
SMPEG_RLD_FLAGS=''
STRIP='strip'
VERSION='2.0.0'
ac_ct_CC='gcc'
ac_ct_CXX=''
ac_ct_DUMPBIN=''
am__EXEEXT_FALSE=''
am__EXEEXT_TRUE=''
am__fastdepCCAS_FALSE='#'
am__fastdepCCAS_TRUE=''
am__fastdepCC_FALSE='#'
am__fastdepCC_TRUE=''
am__fastdepCXX_FALSE='#'
am__fastdepCXX_TRUE=''
am__include='include'
am__isrc=''
am__leading_dot='.'
am__nodep='_no'
am__quote=''
am__tar='$${TAR-tar} chof - "$$tardir"'
am__untar='$${TAR-tar} xf -'
bindir='${exec_prefix}/bin'
build='i686-pc-mingw32'
build_alias=''
build_cpu='i686'
build_os='mingw32'
build_vendor='pc'
datadir='${datarootdir}'
datarootdir='${prefix}/share'
docdir='${datarootdir}/doc/${PACKAGE}'
dvidir='${docdir}'
exec_prefix='NONE'
host='i686-pc-mingw32'
host_alias=''
host_cpu='i686'
host_os='mingw32'
host_vendor='pc'
htmldir='${docdir}'
includedir='${prefix}/include'
infodir='${datarootdir}/info'
install_sh='${SHELL} /c/onscripter/extlib/src/smpeg2-2.0.0/install-sh'
libdir='${exec_prefix}/lib'
libexecdir='${exec_prefix}/libexec'
localedir='${datarootdir}/locale'
localstatedir='${prefix}/var'
lt_ECHO='echo'
mandir='${datarootdir}/man'
mkdir_p='$(MKDIR_P)'
oldincludedir='/usr/include'
pdfdir='${docdir}'
prefix='/c/onscripter/extlib'
program_transform_name='s,x,x,'
psdir='${docdir}'
sbindir='${exec_prefix}/sbin'
sharedstatedir='${prefix}/com'
sysconfdir='${prefix}/etc'
target_alias=''

## ----------- ##
## confdefs.h. ##
## ----------- ##

/* confdefs.h */
#define PACKAGE_NAME ""
#define PACKAGE_TARNAME ""
#define PACKAGE_VERSION ""
#define PACKAGE_STRING ""
#define PACKAGE_BUGREPORT ""
#define PACKAGE_URL ""
#define PACKAGE "smpeg2"
#define VERSION "2.0.0"
#define STDC_HEADERS 1
#define HAVE_SYS_TYPES_H 1
#define HAVE_SYS_STAT_H 1
#define HAVE_STDLIB_H 1
#define HAVE_STRING_H 1
#define HAVE_MEMORY_H 1
#define HAVE_STRINGS_H 1
#define HAVE_INTTYPES_H 1
#define HAVE_STDINT_H 1
#define HAVE_UNISTD_H 1
#define LT_OBJDIR ".libs/"
#define socklen_t int

configure: exit 1
