This file contains any messages produced by compilers while
running configure, to aid debugging if configure makes a mistake.

It was created by configure, which was
generated by GNU Autoconf 2.59.  Invocation command line was

  $ ./configure --prefix=/c/onscripter/extlib --disable-shared --disable-lbm --disable-pcx --disable-pnm --disable-tga --disable-xcf --disable-xv --disable-tif --disable-png-shared --disable-jpg-shared

## --------- ##
## Platform. ##
## --------- ##

hostname = KINJO-PC
uname -m = i686
uname -r = 1.0.11(0.46/3/2)
uname -s = MINGW32_NT-6.2
uname -v = 2009-07-11 17:46

/usr/bin/uname -p = unknown
/bin/uname -X     = unknown

/bin/arch              = unknown
/usr/bin/arch -k       = unknown
/usr/convex/getsysinfo = unknown
hostinfo               = unknown
/bin/machine           = unknown
/usr/bin/oslevel       = unknown
/bin/universe          = unknown

PATH: /c/onscripter/extlib/bin
PATH: .
PATH: /usr/local/bin
PATH: /mingw/bin
PATH: /bin
PATH: /c/ProgramData/Oracle/Java/javapath
PATH: /c/Program Files/nodejs
PATH: /mingw
PATH: /c/Program Files (x86)/kaitai-struct-compiler/bin
PATH: /c/Program Files (x86)/kaitai_struct_visualizer/bin
PATH: /c/Ruby23-x64/bin
PATH: /c/Program Files/Heroku/bin


## ----------- ##
## Core tests. ##
## ----------- ##

configure:1581: checking build system type
configure:1599: result: i686-pc-mingw32
configure:1607: checking host system type
configure:1621: result: i686-pc-mingw32
configure:1644: checking for a BSD-compatible install
configure:1699: result: /bin/install -c
configure:1710: checking whether build environment is sane
configure:1753: result: yes
configure:1818: checking for gawk
configure:1834: found /bin/gawk
configure:1844: result: gawk
configure:1854: checking whether make sets $(MAKE)
configure:1874: result: yes
configure:2130: checking for style of include used by make
configure:2158: result: GNU
configure:2229: checking for gcc
configure:2255: result: gcc
configure:2499: checking for C compiler version
configure:2502: gcc --version </dev/null >&5
gcc.exe (TDM-1 mingw32) 4.4.0
Copyright (C) 2009 Free Software Foundation, Inc.
This is free software; see the source for copying conditions.  There is NO
warranty; not even for MERCHANTABILITY or FITNESS FOR A PARTICULAR PURPOSE.

configure:2505: $? = 0
configure:2507: gcc -v </dev/null >&5
Using built-in specs.
Target: mingw32
Configured with: ../gcc-4.4.0/configure --prefix=/mingw --build=mingw32 --enable-languages=c,ada,c++,fortran,objc,obj-c++ --disable-nls --disable-win32-registry --disable-werror --enable-threads --disable-symvers --enable-cxx-flags='-fno-function-sections -fno-data-sections' --enable-fully-dynamic-string --enable-libgomp --enable-version-specific-runtime-libs --enable-sjlj-exceptions --with-pkgversion='TDM-1 mingw32' --with-bugurl=http://www.tdragon.net/recentgcc/bugs.php
Thread model: win32
gcc version 4.4.0 (TDM-1 mingw32) 
configure:2510: $? = 0
configure:2512: gcc -V </dev/null >&5
gcc.exe: '-V' option must have argument
configure:2515: $? = 1
configure:2538: checking for C compiler default output file name
configure:2541: gcc -I/c/onscripter/extlib/include   -I/c/onscripter/extlib/include   -L/c/onscripter/extlib/lib   conftest.c  >&5
configure:2544: $? = 0
configure:2590: result: a.exe
configure:2595: checking whether the C compiler works
configure:2601: ./a.exe
configure:2604: $? = 0
configure:2621: result: yes
configure:2628: checking whether we are cross compiling
configure:2630: result: no
configure:2633: checking for suffix of executables
configure:2635: gcc -o conftest.exe -I/c/onscripter/extlib/include   -I/c/onscripter/extlib/include   -L/c/onscripter/extlib/lib   conftest.c  >&5
configure:2638: $? = 0
configure:2663: result: .exe
configure:2669: checking for suffix of object files
configure:2690: gcc -c -I/c/onscripter/extlib/include   -I/c/onscripter/extlib/include   conftest.c >&5
configure:2693: $? = 0
configure:2715: result: o
configure:2719: checking whether we are using the GNU C compiler
configure:2743: gcc -c -I/c/onscripter/extlib/include   -I/c/onscripter/extlib/include   conftest.c >&5
configure:2749: $? = 0
configure:2753: test -z 
			 || test ! -s conftest.err
configure:2756: $? = 0
configure:2759: test -s conftest.o
configure:2762: $? = 0
configure:2775: result: yes
configure:2781: checking whether gcc accepts -g
configure:2802: gcc -c -g -I/c/onscripter/extlib/include   conftest.c >&5
configure:2808: $? = 0
configure:2812: test -z 
			 || test ! -s conftest.err
configure:2815: $? = 0
configure:2818: test -s conftest.o
configure:2821: $? = 0
configure:2832: result: yes
configure:2849: checking for gcc option to accept ANSI C
configure:2919: gcc  -c -I/c/onscripter/extlib/include   -I/c/onscripter/extlib/include   conftest.c >&5
configure:2925: $? = 0
configure:2929: test -z 
			 || test ! -s conftest.err
configure:2932: $? = 0
configure:2935: test -s conftest.o
configure:2938: $? = 0
configure:2956: result: none needed
configure:2974: gcc -c -I/c/onscripter/extlib/include   -I/c/onscripter/extlib/include   conftest.c >&5
conftest.c:2: error: expected '=', ',', ';', 'asm' or '__attribute__' before 'me'
configure:2980: $? = 1
configure: failed program was:
| #ifndef __cplusplus
|   choke me
| #endif
configure:3115: checking dependency style of gcc
configure:3205: result: gcc3
configure:3222: checking for a sed that does not truncate output
configure:3276: result: /bin/sed
configure:3279: checking for egrep
configure:3289: result: grep -E
configure:3305: checking for ld used by gcc
configure:3372: result: c:/mingw32/mingw32/bin/ld.exe
configure:3381: checking if the linker (c:/mingw32/mingw32/bin/ld.exe) is GNU ld
configure:3396: result: yes
configure:3401: checking for c:/mingw32/mingw32/bin/ld.exe option to reload object files
configure:3408: result: -r
configure:3426: checking for BSD-compatible nm
configure:3475: result: /mingw/bin/nm
configure:3479: checking whether ln -s works
configure:3483: result: yes
configure:3490: checking how to recognise dependent libraries
configure:3668: result: pass_all
configure:3936: checking for dlltool
configure:3952: found /mingw/bin/dlltool
configure:3963: result: dlltool
configure:4016: checking for as
configure:4032: found /mingw/bin/as
configure:4043: result: as
configure:4096: checking for objdump
configure:4112: found /mingw/bin/objdump
configure:4123: result: objdump
configure:4147: checking how to run the C preprocessor
configure:4182: gcc -E -I/c/onscripter/extlib/include   conftest.c
configure:4188: $? = 0
configure:4220: gcc -E -I/c/onscripter/extlib/include   conftest.c
conftest.c:11:28: error: ac_nonexistent.h: No such file or directory
configure:4226: $? = 1
configure: failed program was:
| /* confdefs.h.  */
| 
| #define PACKAGE_NAME ""
| #define PACKAGE_TARNAME ""
| #define PACKAGE_VERSION ""
| #define PACKAGE_STRING ""
| #define PACKAGE_BUGREPORT ""
| #define PACKAGE "SDL_image"
| #define VERSION "1.2.6"
| /* end confdefs.h.  */
| #include <ac_nonexistent.h>
configure:4265: result: gcc -E
configure:4289: gcc -E -I/c/onscripter/extlib/include   conftest.c
configure:4295: $? = 0
configure:4327: gcc -E -I/c/onscripter/extlib/include   conftest.c
conftest.c:11:28: error: ac_nonexistent.h: No such file or directory
configure:4333: $? = 1
configure: failed program was:
| /* confdefs.h.  */
| 
| #define PACKAGE_NAME ""
| #define PACKAGE_TARNAME ""
| #define PACKAGE_VERSION ""
| #define PACKAGE_STRING ""
| #define PACKAGE_BUGREPORT ""
| #define PACKAGE "SDL_image"
| #define VERSION "1.2.6"
| /* end confdefs.h.  */
| #include <ac_nonexistent.h>
configure:4377: checking for ANSI C header files
configure:4402: gcc -c -I/c/onscripter/extlib/include   -I/c/onscripter/extlib/include   conftest.c >&5
configure:4408: $? = 0
configure:4412: test -z 
			 || test ! -s conftest.err
configure:4415: $? = 0
configure:4418: test -s conftest.o
configure:4421: $? = 0
configure:4510: gcc -o conftest.exe -I/c/onscripter/extlib/include   -I/c/onscripter/extlib/include   -L/c/onscripter/extlib/lib   conftest.c  >&5
conftest.c: In function 'main':
conftest.c:28: warning: incompatible implicit declaration of built-in function 'exit'
configure:4513: $? = 0
configure:4515: ./conftest.exe
configure:4518: $? = 0
configure:4533: result: yes
configure:4557: checking for sys/types.h
configure:4573: gcc -c -I/c/onscripter/extlib/include   -I/c/onscripter/extlib/include   conftest.c >&5
configure:4579: $? = 0
configure:4583: test -z 
			 || test ! -s conftest.err
configure:4586: $? = 0
configure:4589: test -s conftest.o
configure:4592: $? = 0
configure:4603: result: yes
configure:4557: checking for sys/stat.h
configure:4573: gcc -c -I/c/onscripter/extlib/include   -I/c/onscripter/extlib/include   conftest.c >&5
configure:4579: $? = 0
configure:4583: test -z 
			 || test ! -s conftest.err
configure:4586: $? = 0
configure:4589: test -s conftest.o
configure:4592: $? = 0
configure:4603: result: yes
configure:4557: checking for stdlib.h
configure:4573: gcc -c -I/c/onscripter/extlib/include   -I/c/onscripter/extlib/include   conftest.c >&5
configure:4579: $? = 0
configure:4583: test -z 
			 || test ! -s conftest.err
configure:4586: $? = 0
configure:4589: test -s conftest.o
configure:4592: $? = 0
configure:4603: result: yes
configure:4557: checking for string.h
configure:4573: gcc -c -I/c/onscripter/extlib/include   -I/c/onscripter/extlib/include   conftest.c >&5
configure:4579: $? = 0
configure:4583: test -z 
			 || test ! -s conftest.err
configure:4586: $? = 0
configure:4589: test -s conftest.o
configure:4592: $? = 0
configure:4603: result: yes
configure:4557: checking for memory.h
configure:4573: gcc -c -I/c/onscripter/extlib/include   -I/c/onscripter/extlib/include   conftest.c >&5
configure:4579: $? = 0
configure:4583: test -z 
			 || test ! -s conftest.err
configure:4586: $? = 0
configure:4589: test -s conftest.o
configure:4592: $? = 0
configure:4603: result: yes
configure:4557: checking for strings.h
configure:4573: gcc -c -I/c/onscripter/extlib/include   -I/c/onscripter/extlib/include   conftest.c >&5
configure:4579: $? = 0
configure:4583: test -z 
			 || test ! -s conftest.err
configure:4586: $? = 0
configure:4589: test -s conftest.o
configure:4592: $? = 0
configure:4603: result: yes
configure:4557: checking for inttypes.h
configure:4573: gcc -c -I/c/onscripter/extlib/include   -I/c/onscripter/extlib/include   conftest.c >&5
configure:4579: $? = 0
configure:4583: test -z 
			 || test ! -s conftest.err
configure:4586: $? = 0
configure:4589: test -s conftest.o
configure:4592: $? = 0
configure:4603: result: yes
configure:4557: checking for stdint.h
configure:4573: gcc -c -I/c/onscripter/extlib/include   -I/c/onscripter/extlib/include   conftest.c >&5
configure:4579: $? = 0
configure:4583: test -z 
			 || test ! -s conftest.err
configure:4586: $? = 0
configure:4589: test -s conftest.o
configure:4592: $? = 0
configure:4603: result: yes
configure:4557: checking for unistd.h
configure:4573: gcc -c -I/c/onscripter/extlib/include   -I/c/onscripter/extlib/include   conftest.c >&5
configure:4579: $? = 0
configure:4583: test -z 
			 || test ! -s conftest.err
configure:4586: $? = 0
configure:4589: test -s conftest.o
configure:4592: $? = 0
configure:4603: result: yes
configure:4629: checking dlfcn.h usability
configure:4641: gcc -c -I/c/onscripter/extlib/include   -I/c/onscripter/extlib/include   conftest.c >&5
conftest.c:55:19: error: dlfcn.h: No such file or directory
configure:4647: $? = 1
configure: failed program was:
| /* confdefs.h.  */
| 
| #define PACKAGE_NAME ""
| #define PACKAGE_TARNAME ""
| #define PACKAGE_VERSION ""
| #define PACKAGE_STRING ""
| #define PACKAGE_BUGREPORT ""
| #define PACKAGE "SDL_image"
| #define VERSION "1.2.6"
| #define STDC_HEADERS 1
| #define HAVE_SYS_TYPES_H 1
| #define HAVE_SYS_STAT_H 1
| #define HAVE_STDLIB_H 1
| #define HAVE_STRING_H 1
| #define HAVE_MEMORY_H 1
| #define HAVE_STRINGS_H 1
| #define HAVE_INTTYPES_H 1
| #define HAVE_STDINT_H 1
| #define HAVE_UNISTD_H 1
| /* end confdefs.h.  */
| #include <stdio.h>
| #if HAVE_SYS_TYPES_H
| # include <sys/types.h>
| #endif
| #if HAVE_SYS_STAT_H
| # include <sys/stat.h>
| #endif
| #if STDC_HEADERS
| # include <stdlib.h>
| # include <stddef.h>
| #else
| # if HAVE_STDLIB_H
| #  include <stdlib.h>
| # endif
| #endif
| #if HAVE_STRING_H
| # if !STDC_HEADERS && HAVE_MEMORY_H
| #  include <memory.h>
| # endif
| # include <string.h>
| #endif
| #if HAVE_STRINGS_H
| # include <strings.h>
| #endif
| #if HAVE_INTTYPES_H
| # include <inttypes.h>
| #else
| # if HAVE_STDINT_H
| #  include <stdint.h>
| # endif
| #endif
| #if HAVE_UNISTD_H
| # include <unistd.h>
| #endif
| #include <dlfcn.h>
configure:4670: result: no
configure:4674: checking dlfcn.h presence
configure:4684: gcc -E -I/c/onscripter/extlib/include   conftest.c
conftest.c:21:19: error: dlfcn.h: No such file or directory
configure:4690: $? = 1
configure: failed program was:
| /* confdefs.h.  */
| 
| #define PACKAGE_NAME ""
| #define PACKAGE_TARNAME ""
| #define PACKAGE_VERSION ""
| #define PACKAGE_STRING ""
| #define PACKAGE_BUGREPORT ""
| #define PACKAGE "SDL_image"
| #define VERSION "1.2.6"
| #define STDC_HEADERS 1
| #define HAVE_SYS_TYPES_H 1
| #define HAVE_SYS_STAT_H 1
| #define HAVE_STDLIB_H 1
| #define HAVE_STRING_H 1
| #define HAVE_MEMORY_H 1
| #define HAVE_STRINGS_H 1
| #define HAVE_INTTYPES_H 1
| #define HAVE_STDINT_H 1
| #define HAVE_UNISTD_H 1
| /* end confdefs.h.  */
| #include <dlfcn.h>
configure:4710: result: no
configure:4745: checking for dlfcn.h
configure:4752: result: no
configure:4859: checking for C++ compiler version
configure:4862: g++ --version </dev/null >&5
g++.exe (TDM-1 mingw32) 4.4.0
Copyright (C) 2009 Free Software Foundation, Inc.
This is free software; see the source for copying conditions.  There is NO
warranty; not even for MERCHANTABILITY or FITNESS FOR A PARTICULAR PURPOSE.

configure:4865: $? = 0
configure:4867: g++ -v </dev/null >&5
Using built-in specs.
Target: mingw32
Configured with: ../gcc-4.4.0/configure --prefix=/mingw --build=mingw32 --enable-languages=c,ada,c++,fortran,objc,obj-c++ --disable-nls --disable-win32-registry --disable-werror --enable-threads --disable-symvers --enable-cxx-flags='-fno-function-sections -fno-data-sections' --enable-fully-dynamic-string --enable-libgomp --enable-version-specific-runtime-libs --enable-sjlj-exceptions --with-pkgversion='TDM-1 mingw32' --with-bugurl=http://www.tdragon.net/recentgcc/bugs.php
Thread model: win32
gcc version 4.4.0 (TDM-1 mingw32) 
configure:4870: $? = 0
configure:4872: g++ -V </dev/null >&5
g++.exe: '-V' option must have argument
configure:4875: $? = 1
configure:4878: checking whether we are using the GNU C++ compiler
configure:4902: g++ -c  -I/c/onscripter/extlib/include   conftest.cc >&5
configure:4908: $? = 0
configure:4912: test -z 
			 || test ! -s conftest.err
configure:4915: $? = 0
configure:4918: test -s conftest.o
configure:4921: $? = 0
configure:4934: result: yes
configure:4940: checking whether g++ accepts -g
configure:4961: g++ -c -g -I/c/onscripter/extlib/include   conftest.cc >&5
configure:4967: $? = 0
configure:4971: test -z 
			 || test ! -s conftest.err
configure:4974: $? = 0
configure:4977: test -s conftest.o
configure:4980: $? = 0
configure:4991: result: yes
configure:5033: g++ -c -g -O2 -I/c/onscripter/extlib/include   conftest.cc >&5
configure:5039: $? = 0
configure:5043: test -z 
			 || test ! -s conftest.err
configure:5046: $? = 0
configure:5049: test -s conftest.o
configure:5052: $? = 0
configure:5078: g++ -c -g -O2 -I/c/onscripter/extlib/include   conftest.cc >&5
conftest.cc: In function 'int main()':
conftest.cc:25: error: 'exit' was not declared in this scope
configure:5084: $? = 1
configure: failed program was:
| /* confdefs.h.  */
| 
| #define PACKAGE_NAME ""
| #define PACKAGE_TARNAME ""
| #define PACKAGE_VERSION ""
| #define PACKAGE_STRING ""
| #define PACKAGE_BUGREPORT ""
| #define PACKAGE "SDL_image"
| #define VERSION "1.2.6"
| #define STDC_HEADERS 1
| #define HAVE_SYS_TYPES_H 1
| #define HAVE_SYS_STAT_H 1
| #define HAVE_STDLIB_H 1
| #define HAVE_STRING_H 1
| #define HAVE_MEMORY_H 1
| #define HAVE_STRINGS_H 1
| #define HAVE_INTTYPES_H 1
| #define HAVE_STDINT_H 1
| #define HAVE_UNISTD_H 1
| /* end confdefs.h.  */
| 
| int
| main ()
| {
| exit (42);
|   ;
|   return 0;
| }
configure:5033: g++ -c -g -O2 -I/c/onscripter/extlib/include   conftest.cc >&5
conftest.cc:21: error: 'void std::exit(int)' should have been declared inside 'std'
In file included from conftest.cc:22:
c:\mingw32\bin\../lib/gcc/mingw32/4.4.0/../../../../include/stdlib.h:367: error: declaration of 'void std::exit(int)' throws different exceptions
conftest.cc:21: error: from previous declaration 'void std::exit(int) throw ()'
configure:5039: $? = 1
configure: failed program was:
| /* confdefs.h.  */
| 
| #define PACKAGE_NAME ""
| #define PACKAGE_TARNAME ""
| #define PACKAGE_VERSION ""
| #define PACKAGE_STRING ""
| #define PACKAGE_BUGREPORT ""
| #define PACKAGE "SDL_image"
| #define VERSION "1.2.6"
| #define STDC_HEADERS 1
| #define HAVE_SYS_TYPES_H 1
| #define HAVE_SYS_STAT_H 1
| #define HAVE_STDLIB_H 1
| #define HAVE_STRING_H 1
| #define HAVE_MEMORY_H 1
| #define HAVE_STRINGS_H 1
| #define HAVE_INTTYPES_H 1
| #define HAVE_STDINT_H 1
| #define HAVE_UNISTD_H 1
| /* end confdefs.h.  */
| extern "C" void std::exit (int) throw (); using std::exit;
| #include <stdlib.h>
| int
| main ()
| {
| exit (42);
|   ;
|   return 0;
| }
configure:5033: g++ -c -g -O2 -I/c/onscripter/extlib/include   conftest.cc >&5
conftest.cc:21: error: 'void std::exit(int)' should have been declared inside 'std'
configure:5039: $? = 1
configure: failed program was:
| /* confdefs.h.  */
| 
| #define PACKAGE_NAME ""
| #define PACKAGE_TARNAME ""
| #define PACKAGE_VERSION ""
| #define PACKAGE_STRING ""
| #define PACKAGE_BUGREPORT ""
| #define PACKAGE "SDL_image"
| #define VERSION "1.2.6"
| #define STDC_HEADERS 1
| #define HAVE_SYS_TYPES_H 1
| #define HAVE_SYS_STAT_H 1
| #define HAVE_STDLIB_H 1
| #define HAVE_STRING_H 1
| #define HAVE_MEMORY_H 1
| #define HAVE_STRINGS_H 1
| #define HAVE_INTTYPES_H 1
| #define HAVE_STDINT_H 1
| #define HAVE_UNISTD_H 1
| /* end confdefs.h.  */
| extern "C" void std::exit (int); using std::exit;
| #include <stdlib.h>
| int
| main ()
| {
| exit (42);
|   ;
|   return 0;
| }
configure:5033: g++ -c -g -O2 -I/c/onscripter/extlib/include   conftest.cc >&5
In file included from conftest.cc:22:
c:\mingw32\bin\../lib/gcc/mingw32/4.4.0/../../../../include/stdlib.h:367: error: declaration of 'void exit(int)' throws different exceptions
conftest.cc:21: error: from previous declaration 'void exit(int) throw ()'
configure:5039: $? = 1
configure: failed program was:
| /* confdefs.h.  */
| 
| #define PACKAGE_NAME ""
| #define PACKAGE_TARNAME ""
| #define PACKAGE_VERSION ""
| #define PACKAGE_STRING ""
| #define PACKAGE_BUGREPORT ""
| #define PACKAGE "SDL_image"
| #define VERSION "1.2.6"
| #define STDC_HEADERS 1
| #define HAVE_SYS_TYPES_H 1
| #define HAVE_SYS_STAT_H 1
| #define HAVE_STDLIB_H 1
| #define HAVE_STRING_H 1
| #define HAVE_MEMORY_H 1
| #define HAVE_STRINGS_H 1
| #define HAVE_INTTYPES_H 1
| #define HAVE_STDINT_H 1
| #define HAVE_UNISTD_H 1
| /* end confdefs.h.  */
| extern "C" void exit (int) throw ();
| #include <stdlib.h>
| int
| main ()
| {
| exit (42);
|   ;
|   return 0;
| }
configure:5033: g++ -c -g -O2 -I/c/onscripter/extlib/include   conftest.cc >&5
configure:5039: $? = 0
configure:5043: test -z 
			 || test ! -s conftest.err
configure:5046: $? = 0
configure:5049: test -s conftest.o
configure:5052: $? = 0
configure:5078: g++ -c -g -O2 -I/c/onscripter/extlib/include   conftest.cc >&5
configure:5084: $? = 0
configure:5088: test -z 
			 || test ! -s conftest.err
configure:5091: $? = 0
configure:5094: test -s conftest.o
configure:5097: $? = 0
configure:5122: checking dependency style of g++
configure:5212: result: gcc3
configure:5239: checking how to run the C++ preprocessor
configure:5270: g++ -E -I/c/onscripter/extlib/include   conftest.cc
configure:5276: $? = 0
configure:5308: g++ -E -I/c/onscripter/extlib/include   conftest.cc
conftest.cc:24:28: error: ac_nonexistent.h: No such file or directory
configure:5314: $? = 1
configure: failed program was:
| /* confdefs.h.  */
| 
| #define PACKAGE_NAME ""
| #define PACKAGE_TARNAME ""
| #define PACKAGE_VERSION ""
| #define PACKAGE_STRING ""
| #define PACKAGE_BUGREPORT ""
| #define PACKAGE "SDL_image"
| #define VERSION "1.2.6"
| #define STDC_HEADERS 1
| #define HAVE_SYS_TYPES_H 1
| #define HAVE_SYS_STAT_H 1
| #define HAVE_STDLIB_H 1
| #define HAVE_STRING_H 1
| #define HAVE_MEMORY_H 1
| #define HAVE_STRINGS_H 1
| #define HAVE_INTTYPES_H 1
| #define HAVE_STDINT_H 1
| #define HAVE_UNISTD_H 1
| #ifdef __cplusplus
| extern "C" void exit (int);
| #endif
| /* end confdefs.h.  */
| #include <ac_nonexistent.h>
configure:5353: result: g++ -E
configure:5377: g++ -E -I/c/onscripter/extlib/include   conftest.cc
configure:5383: $? = 0
configure:5415: g++ -E -I/c/onscripter/extlib/include   conftest.cc
conftest.cc:24:28: error: ac_nonexistent.h: No such file or directory
configure:5421: $? = 1
configure: failed program was:
| /* confdefs.h.  */
| 
| #define PACKAGE_NAME ""
| #define PACKAGE_TARNAME ""
| #define PACKAGE_VERSION ""
| #define PACKAGE_STRING ""
| #define PACKAGE_BUGREPORT ""
| #define PACKAGE "SDL_image"
| #define VERSION "1.2.6"
| #define STDC_HEADERS 1
| #define HAVE_SYS_TYPES_H 1
| #define HAVE_SYS_STAT_H 1
| #define HAVE_STDLIB_H 1
| #define HAVE_STRING_H 1
| #define HAVE_MEMORY_H 1
| #define HAVE_STRINGS_H 1
| #define HAVE_INTTYPES_H 1
| #define HAVE_STDINT_H 1
| #define HAVE_UNISTD_H 1
| #ifdef __cplusplus
| extern "C" void exit (int);
| #endif
| /* end confdefs.h.  */
| #include <ac_nonexistent.h>
configure:5518: checking for g77
configure:5547: result: no
configure:5518: checking for f77
configure:5547: result: no
configure:5518: checking for xlf
configure:5547: result: no
configure:5518: checking for frt
configure:5547: result: no
configure:5518: checking for pgf77
configure:5547: result: no
configure:5518: checking for fort77
configure:5547: result: no
configure:5518: checking for fl32
configure:5547: result: no
configure:5518: checking for af77
configure:5547: result: no
configure:5518: checking for f90
configure:5547: result: no
configure:5518: checking for xlf90
configure:5547: result: no
configure:5518: checking for pgf90
configure:5547: result: no
configure:5518: checking for epcf90
configure:5547: result: no
configure:5518: checking for f95
configure:5547: result: no
configure:5518: checking for fort
configure:5547: result: no
configure:5518: checking for xlf95
configure:5547: result: no
configure:5518: checking for ifc
configure:5547: result: no
configure:5518: checking for efc
configure:5547: result: no
configure:5518: checking for pgf95
configure:5547: result: no
configure:5518: checking for lf95
configure:5547: result: no
configure:5518: checking for gfortran
configure:5547: result: no
configure:5559: checking for Fortran 77 compiler version
configure:5562:  --version </dev/null >&5
./configure: line 5563: --version: command not found
configure:5565: $? = 127
configure:5567:  -v </dev/null >&5
./configure: line 5568: -v: command not found
configure:5570: $? = 127
configure:5572:  -V </dev/null >&5
./configure: line 5573: -V: command not found
configure:5575: $? = 127
configure:5583: checking whether we are using the GNU Fortran 77 compiler
configure:5597:  -c  conftest.F >&5
./configure: line 5598: -c: command not found
configure:5603: $? = 127
configure: failed program was:
|       program main
| #ifndef __GNUC__
|        choke me
| #endif
| 
|       end
configure:5629: result: no
configure:5635: checking whether  accepts -g
configure:5647:  -c -g conftest.f >&5
./configure: line 5648: -c: command not found
configure:5653: $? = 127
configure: failed program was:
|       program main
| 
|       end
configure:5678: result: no
configure:5708: checking the maximum length of command line arguments
configure:5823: result: 8192
configure:5834: checking command to parse /mingw/bin/nm output from gcc object
configure:5939: gcc -c -I/c/onscripter/extlib/include   -I/c/onscripter/extlib/include   conftest.c >&5
configure:5942: $? = 0
configure:5946: /mingw/bin/nm conftest.o \| sed -n -e 's/^.*[ 	]\([ABCDGIRSTW][ABCDGIRSTW]*\)[ 	][ 	]*\([_A-Za-z][_A-Za-z0-9]*\)\{0,1\}$/\1 \2 \2/p' \> conftest.nm
configure:5949: $? = 0
cannot find nm_test_var in conftest.nm
configure:5939: gcc -c -I/c/onscripter/extlib/include   -I/c/onscripter/extlib/include   conftest.c >&5
configure:5942: $? = 0
configure:5946: /mingw/bin/nm conftest.o \| sed -n -e 's/^.*[ 	]\([ABCDGIRSTW][ABCDGIRSTW]*\)[ 	][ 	]*_\([_A-Za-z][_A-Za-z0-9]*\)\{0,1\}$/\1 _\2 \2/p' \> conftest.nm
configure:5949: $? = 0
configure:6001: gcc -o conftest.exe -I/c/onscripter/extlib/include   -I/c/onscripter/extlib/include   -L/c/onscripter/extlib/lib   conftest.c conftstm.o >&5
configure:6004: $? = 0
configure:6042: result: ok
configure:6046: checking for objdir
configure:6061: result: .libs
configure:6151: checking for ar
configure:6178: result: ar
configure:6231: checking for ranlib
configure:6258: result: ranlib
configure:6311: checking for strip
configure:6327: found /mingw/bin/strip
configure:6338: result: strip
configure:6614: checking if gcc supports -fno-rtti -fno-exceptions
configure:6632: gcc -c -I/c/onscripter/extlib/include   -I/c/onscripter/extlib/include   -fno-rtti -fno-exceptions conftest.c >&5
cc1.exe: warning: command line option "-fno-rtti" is valid for C++/ObjC++ but not for C
configure:6636: $? = 0
configure:6649: result: no
configure:6664: checking for gcc option to produce PIC
configure:6874: result: -DDLL_EXPORT
configure:6882: checking if gcc PIC flag -DDLL_EXPORT works
configure:6900: gcc -c -I/c/onscripter/extlib/include   -I/c/onscripter/extlib/include   -DDLL_EXPORT -DPIC conftest.c >&5
configure:6904: $? = 0
configure:6917: result: yes
configure:6945: checking if gcc static flag -static works
configure:6973: result: yes
configure:6983: checking if gcc supports -c -o file.o
configure:7004: gcc -c -I/c/onscripter/extlib/include   -I/c/onscripter/extlib/include   -o out/conftest2.o conftest.c >&5
configure:7008: $? = 0
configure:7030: result: yes
configure:7056: checking whether the gcc linker (c:/mingw32/mingw32/bin/ld.exe) supports shared libraries
configure:8014: result: yes
configure:8081: checking dynamic linker characteristics
configure:8671: result: Win32 ld.exe
configure:8680: checking how to hardcode library paths into programs
configure:8705: result: immediate
configure:8719: checking whether stripping libraries is possible
configure:8724: result: yes
configure:9558: checking if libtool supports shared libraries
configure:9560: result: yes
configure:9563: checking whether to build shared libraries
configure:9584: result: no
configure:9587: checking whether to build static libraries
configure:9591: result: yes
configure:9683: creating libtool
configure:10271: checking for ld used by g++
configure:10338: result: c:/mingw32/mingw32/bin/ld.exe
configure:10347: checking if the linker (c:/mingw32/mingw32/bin/ld.exe) is GNU ld
configure:10362: result: yes
configure:10413: checking whether the g++ linker (c:/mingw32/mingw32/bin/ld.exe) supports shared libraries
configure:11351: result: yes
configure:11373: g++ -c -g -O2 -I/c/onscripter/extlib/include   conftest.cpp >&5
configure:11376: $? = 0
configure:11495: checking for g++ option to produce PIC
configure:11769: result: -DDLL_EXPORT
configure:11777: checking if g++ PIC flag -DDLL_EXPORT works
configure:11795: g++ -c -g -O2 -I/c/onscripter/extlib/include   -DDLL_EXPORT -DPIC conftest.cpp >&5
configure:11799: $? = 0
configure:11812: result: yes
configure:11840: checking if g++ static flag -static works
configure:11868: result: yes
configure:11878: checking if g++ supports -c -o file.o
configure:11899: g++ -c -g -O2 -I/c/onscripter/extlib/include   -o out/conftest2.o conftest.cpp >&5
configure:11903: $? = 0
configure:11925: result: yes
configure:11951: checking whether the g++ linker (c:/mingw32/mingw32/bin/ld.exe) supports shared libraries
configure:11976: result: yes
configure:12043: checking dynamic linker characteristics
configure:12633: result: Win32 ld.exe
configure:12642: checking how to hardcode library paths into programs
configure:12667: result: immediate
configure:18871: checking for gcc
configure:18897: result: gcc
configure:19141: checking for C compiler version
configure:19144: gcc --version </dev/null >&5
gcc.exe (TDM-1 mingw32) 4.4.0
Copyright (C) 2009 Free Software Foundation, Inc.
This is free software; see the source for copying conditions.  There is NO
warranty; not even for MERCHANTABILITY or FITNESS FOR A PARTICULAR PURPOSE.

configure:19147: $? = 0
configure:19149: gcc -v </dev/null >&5
Using built-in specs.
Target: mingw32
Configured with: ../gcc-4.4.0/configure --prefix=/mingw --build=mingw32 --enable-languages=c,ada,c++,fortran,objc,obj-c++ --disable-nls --disable-win32-registry --disable-werror --enable-threads --disable-symvers --enable-cxx-flags='-fno-function-sections -fno-data-sections' --enable-fully-dynamic-string --enable-libgomp --enable-version-specific-runtime-libs --enable-sjlj-exceptions --with-pkgversion='TDM-1 mingw32' --with-bugurl=http://www.tdragon.net/recentgcc/bugs.php
Thread model: win32
gcc version 4.4.0 (TDM-1 mingw32) 
configure:19152: $? = 0
configure:19154: gcc -V </dev/null >&5
gcc.exe: '-V' option must have argument
configure:19157: $? = 1
configure:19160: checking whether we are using the GNU C compiler
configure:19216: result: yes
configure:19222: checking whether gcc accepts -g
configure:19273: result: yes
configure:19290: checking for gcc option to accept ANSI C
configure:19397: result: none needed
configure:19415: gcc -c -I/c/onscripter/extlib/include   -I/c/onscripter/extlib/include   conftest.c >&5
conftest.c:2: error: expected '=', ',', ';', 'asm' or '__attribute__' before 'me'
configure:19421: $? = 1
configure: failed program was:
| #ifndef __cplusplus
|   choke me
| #endif
configure:19556: checking dependency style of gcc
configure:19646: result: gcc3
configure:19663: checking for inline
configure:19684: gcc -c -I/c/onscripter/extlib/include   -I/c/onscripter/extlib/include   conftest.c >&5
configure:19690: $? = 0
configure:19694: test -z 
			 || test ! -s conftest.err
configure:19697: $? = 0
configure:19700: test -s conftest.o
configure:19703: $? = 0
configure:19715: result: inline
configure:19747: checking for a BSD-compatible install
configure:19802: result: /bin/install -c
configure:19813: checking whether make sets $(MAKE)
configure:19833: result: yes
configure:19851: checking for windres
configure:19867: found /mingw/bin/windres
configure:19877: result: windres
configure:19961: checking for sdl-config
configure:19979: found /c/onscripter/extlib/bin/sdl-config
configure:19992: result: /c/onscripter/extlib/bin/sdl-config
configure:20000: checking for SDL - version >= 1.2.10
configure:20092: gcc -o conftest.exe -I/c/onscripter/extlib/include   -I/c/onscripter/extlib/include/SDL -D_GNU_SOURCE=1 -Dmain=SDL_main -I/c/onscripter/extlib/include   -L/c/onscripter/extlib/lib   conftest.c  -L/c/onscripter/extlib/lib -lmingw32 -lSDLmain -lSDL -mwindows -lwinmm >&5
configure:20095: $? = 0
configure:20097: ./conftest.exe
configure:20100: $? = 0
configure:20119: result: yes
configure:20354: checking jpeglib.h usability
configure:20366: gcc -c -I/c/onscripter/extlib/include   -I/c/onscripter/extlib/include/SDL -D_GNU_SOURCE=1 -Dmain=SDL_main -I/c/onscripter/extlib/include   conftest.c >&5
configure:20372: $? = 0
configure:20376: test -z 
			 || test ! -s conftest.err
configure:20379: $? = 0
configure:20382: test -s conftest.o
configure:20385: $? = 0
configure:20395: result: yes
configure:20399: checking jpeglib.h presence
configure:20409: gcc -E -I/c/onscripter/extlib/include   conftest.c
configure:20415: $? = 0
configure:20435: result: yes
configure:20470: checking for jpeglib.h
configure:20477: result: yes
configure:20486: checking for jpeg_CreateDecompress in -ljpeg
configure:20516: gcc -o conftest.exe -I/c/onscripter/extlib/include   -I/c/onscripter/extlib/include/SDL -D_GNU_SOURCE=1 -Dmain=SDL_main -I/c/onscripter/extlib/include   -L/c/onscripter/extlib/lib   conftest.c -ljpeg   -L/c/onscripter/extlib/lib -lmingw32 -lSDLmain -lSDL -mwindows -lwinmm >&5
configure:20522: $? = 0
configure:20526: test -z 
			 || test ! -s conftest.err
configure:20529: $? = 0
configure:20532: test -s conftest.exe
configure:20535: $? = 0
configure:20548: result: yes
configure:20599: checking png.h usability
configure:20611: gcc -c -I/c/onscripter/extlib/include   -I/c/onscripter/extlib/include/SDL -D_GNU_SOURCE=1 -Dmain=SDL_main -I/c/onscripter/extlib/include   conftest.c >&5
configure:20617: $? = 0
configure:20621: test -z 
			 || test ! -s conftest.err
configure:20624: $? = 0
configure:20627: test -s conftest.o
configure:20630: $? = 0
configure:20640: result: yes
configure:20644: checking png.h presence
configure:20654: gcc -E -I/c/onscripter/extlib/include   conftest.c
configure:20660: $? = 0
configure:20680: result: yes
configure:20715: checking for png.h
configure:20722: result: yes
configure:20731: checking for png_create_read_struct in -lpng
configure:20761: gcc -o conftest.exe -I/c/onscripter/extlib/include   -I/c/onscripter/extlib/include/SDL -D_GNU_SOURCE=1 -Dmain=SDL_main -I/c/onscripter/extlib/include   -L/c/onscripter/extlib/lib   conftest.c -lpng -lm -lz -ljpeg  -L/c/onscripter/extlib/lib -lmingw32 -lSDLmain -lSDL -mwindows -lwinmm >&5
configure:20767: $? = 0
configure:20771: test -z 
			 || test ! -s conftest.err
configure:20774: $? = 0
configure:20777: test -s conftest.exe
configure:20780: $? = 0
configure:20793: result: yes
configure:21335: creating ./config.status

## ---------------------- ##
## Running config.status. ##
## ---------------------- ##

This file was extended by config.status, which was
generated by GNU Autoconf 2.59.  Invocation command line was

  CONFIG_FILES    = 
  CONFIG_HEADERS  = 
  CONFIG_LINKS    = 
  CONFIG_COMMANDS = 
  $ ./config.status 

on KINJO-PC

config.status:730: creating Makefile
config.status:730: creating SDL_image.spec
config.status:730: creating SDL_image.qpg
config.status:913: executing depfiles commands

## ---------------- ##
## Cache variables. ##
## ---------------- ##

ac_cv_build=i686-pc-mingw32
ac_cv_build_alias=i686-pc-mingw32
ac_cv_c_compiler_gnu=yes
ac_cv_c_inline=inline
ac_cv_cxx_compiler_gnu=yes
ac_cv_env_CC_set=set
ac_cv_env_CC_value=gcc
ac_cv_env_CFLAGS_set=set
ac_cv_env_CFLAGS_value='-I/c/onscripter/extlib/include  '
ac_cv_env_CPPFLAGS_set=set
ac_cv_env_CPPFLAGS_value='-I/c/onscripter/extlib/include  '
ac_cv_env_CPP_set=
ac_cv_env_CPP_value=
ac_cv_env_CXXCPP_set=
ac_cv_env_CXXCPP_value=
ac_cv_env_CXXFLAGS_set=
ac_cv_env_CXXFLAGS_value=
ac_cv_env_CXX_set=set
ac_cv_env_CXX_value=g++
ac_cv_env_F77_set=
ac_cv_env_F77_value=
ac_cv_env_FFLAGS_set=
ac_cv_env_FFLAGS_value=
ac_cv_env_LDFLAGS_set=set
ac_cv_env_LDFLAGS_value='-L/c/onscripter/extlib/lib  '
ac_cv_env_build_alias_set=
ac_cv_env_build_alias_value=
ac_cv_env_host_alias_set=
ac_cv_env_host_alias_value=
ac_cv_env_target_alias_set=
ac_cv_env_target_alias_value=
ac_cv_exeext=.exe
ac_cv_f77_compiler_gnu=no
ac_cv_header_dlfcn_h=no
ac_cv_header_inttypes_h=yes
ac_cv_header_jpeglib_h=yes
ac_cv_header_memory_h=yes
ac_cv_header_png_h=yes
ac_cv_header_stdc=yes
ac_cv_header_stdint_h=yes
ac_cv_header_stdlib_h=yes
ac_cv_header_string_h=yes
ac_cv_header_strings_h=yes
ac_cv_header_sys_stat_h=yes
ac_cv_header_sys_types_h=yes
ac_cv_header_unistd_h=yes
ac_cv_host=i686-pc-mingw32
ac_cv_host_alias=i686-pc-mingw32
ac_cv_lib_jpeg_jpeg_CreateDecompress=yes
ac_cv_lib_png_png_create_read_struct=yes
ac_cv_objext=o
ac_cv_path_SDL_CONFIG=/c/onscripter/extlib/bin/sdl-config
ac_cv_path_install='/bin/install -c'
ac_cv_prog_AWK=gawk
ac_cv_prog_CPP='gcc -E'
ac_cv_prog_CXXCPP='g++ -E'
ac_cv_prog_WINDRES=windres
ac_cv_prog_ac_ct_AR=ar
ac_cv_prog_ac_ct_AS=as
ac_cv_prog_ac_ct_CC=gcc
ac_cv_prog_ac_ct_DLLTOOL=dlltool
ac_cv_prog_ac_ct_OBJDUMP=objdump
ac_cv_prog_ac_ct_RANLIB=ranlib
ac_cv_prog_ac_ct_STRIP=strip
ac_cv_prog_cc_g=yes
ac_cv_prog_cc_stdc=
ac_cv_prog_cxx_g=yes
ac_cv_prog_egrep='grep -E'
ac_cv_prog_f77_g=no
ac_cv_prog_make_make_set=yes
am_cv_CC_dependencies_compiler_type=gcc3
am_cv_CXX_dependencies_compiler_type=gcc3
lt_cv_deplibs_check_method=pass_all
lt_cv_file_magic_cmd='$OBJDUMP -f'
lt_cv_file_magic_test_file=
lt_cv_ld_reload_flag=-r
lt_cv_objdir=.libs
lt_cv_path_LD=c:/mingw32/mingw32/bin/ld.exe
lt_cv_path_LDCXX=c:/mingw32/mingw32/bin/ld.exe
lt_cv_path_NM=/mingw/bin/nm
lt_cv_path_SED=/bin/sed
lt_cv_prog_compiler_c_o=yes
lt_cv_prog_compiler_c_o_CXX=yes
lt_cv_prog_compiler_rtti_exceptions=no
lt_cv_prog_gnu_ld=yes
lt_cv_prog_gnu_ldcxx=yes
lt_cv_sys_global_symbol_pipe='sed -n -e '\''s/^.*[ 	]\([ABCDGIRSTW][ABCDGIRSTW]*\)[ 	][ 	]*_\([_A-Za-z][_A-Za-z0-9]*\)\{0,1\}$/\1 _\2 \2/p'\'''
lt_cv_sys_global_symbol_to_c_name_address='sed -n -e '\''s/^: \([^ ]*\) $/  {\"\1\", (lt_ptr) 0},/p'\'' -e '\''s/^[BCDEGRST] \([^ ]*\) \([^ ]*\)$/  {"\2", (lt_ptr) \&\2},/p'\'''
lt_cv_sys_global_symbol_to_cdecl='sed -n -e '\''s/^. .* \(.*\)$/extern int \1;/p'\'''
lt_cv_sys_max_cmd_len=8192
lt_lt_cv_prog_compiler_c_o='"yes"'
lt_lt_cv_prog_compiler_c_o_CXX='"yes"'
lt_lt_cv_sys_global_symbol_pipe='"sed -n -e '\''s/^.*[ 	]\\([ABCDGIRSTW][ABCDGIRSTW]*\\)[ 	][ 	]*_\\([_A-Za-z][_A-Za-z0-9]*\\)\\{0,1\\}\$/\\1 _\\2 \\2/p'\''"'
lt_lt_cv_sys_global_symbol_to_c_name_address='"sed -n -e '\''s/^: \\([^ ]*\\) \$/  {\\\"\\1\\\", (lt_ptr) 0},/p'\'' -e '\''s/^[BCDEGRST] \\([^ ]*\\) \\([^ ]*\\)\$/  {\"\\2\", (lt_ptr) \\&\\2},/p'\''"'
lt_lt_cv_sys_global_symbol_to_cdecl='"sed -n -e '\''s/^. .* \\(.*\\)\$/extern int \\1;/p'\''"'

## ----------------- ##
## Output variables. ##
## ----------------- ##

ACLOCAL='${SHELL} /c/onscripter/extlib/src/SDL_image-1.2.6/missing --run aclocal-1.9'
AMDEPBACKSLASH='\'
AMDEP_FALSE='#'
AMDEP_TRUE=''
AMTAR='${SHELL} /c/onscripter/extlib/src/SDL_image-1.2.6/missing --run tar'
AR='ar'
AS='as'
AUTOCONF='${SHELL} /c/onscripter/extlib/src/SDL_image-1.2.6/missing --run autoconf'
AUTOHEADER='${SHELL} /c/onscripter/extlib/src/SDL_image-1.2.6/missing --run autoheader'
AUTOMAKE='${SHELL} /c/onscripter/extlib/src/SDL_image-1.2.6/missing --run automake-1.9'
AWK='gawk'
BINARY_AGE='6'
CC='gcc'
CCDEPMODE='depmode=gcc3'
CFLAGS='-I/c/onscripter/extlib/include   -I/c/onscripter/extlib/include/SDL -D_GNU_SOURCE=1 -Dmain=SDL_main'
CPP='gcc -E'
CPPFLAGS='-I/c/onscripter/extlib/include  '
CXX='g++'
CXXCPP='g++ -E'
CXXDEPMODE='depmode=gcc3'
CXXFLAGS='-g -O2'
CYGPATH_W='echo'
DEFS='-DPACKAGE_NAME=\"\" -DPACKAGE_TARNAME=\"\" -DPACKAGE_VERSION=\"\" -DPACKAGE_STRING=\"\" -DPACKAGE_BUGREPORT=\"\" -DPACKAGE=\"SDL_image\" -DVERSION=\"1.2.6\" -DSTDC_HEADERS=1 -DHAVE_SYS_TYPES_H=1 -DHAVE_SYS_STAT_H=1 -DHAVE_STDLIB_H=1 -DHAVE_STRING_H=1 -DHAVE_MEMORY_H=1 -DHAVE_STRINGS_H=1 -DHAVE_INTTYPES_H=1 -DHAVE_STDINT_H=1 -DHAVE_UNISTD_H=1 -DLOAD_JPG=1 -DLOAD_PNG=1 -DLOAD_BMP=1 -DLOAD_GIF=1 -DLOAD_XPM=1 '
DEPDIR='.deps'
DLLTOOL='dlltool'
ECHO='echo'
ECHO_C=''
ECHO_N='-n'
ECHO_T=''
EGREP='grep -E'
EXEEXT='.exe'
F77=''
FFLAGS=''
IMG_LIBS='-lpng -lm -lz -ljpeg '
INSTALL_DATA='${INSTALL} -m 644'
INSTALL_PROGRAM='${INSTALL}'
INSTALL_SCRIPT='${INSTALL}'
INSTALL_STRIP_PROGRAM='${SHELL} $(install_sh) -c -s'
INTERFACE_AGE='5'
LDFLAGS='-L/c/onscripter/extlib/lib  '
LIBOBJS=''
LIBS=' -L/c/onscripter/extlib/lib -lmingw32 -lSDLmain -lSDL -mwindows -lwinmm'
LIBTOOL='$(SHELL) $(top_builddir)/libtool'
LN_S='ln -s'
LTLIBOBJS=''
LT_AGE='1'
LT_CURRENT='1'
LT_RELEASE='1.2'
LT_REVISION='5'
MAJOR_VERSION='1'
MAKEINFO='${SHELL} /c/onscripter/extlib/src/SDL_image-1.2.6/missing --run makeinfo'
MICRO_VERSION='6'
MINOR_VERSION='2'
OBJDUMP='objdump'
OBJEXT='o'
PACKAGE='SDL_image'
PACKAGE_BUGREPORT=''
PACKAGE_NAME=''
PACKAGE_STRING=''
PACKAGE_TARNAME=''
PACKAGE_VERSION=''
PATH_SEPARATOR=':'
RANLIB='ranlib'
SDL_CFLAGS='-I/c/onscripter/extlib/include/SDL -D_GNU_SOURCE=1 -Dmain=SDL_main'
SDL_CONFIG='/c/onscripter/extlib/bin/sdl-config'
SDL_LIBS='-L/c/onscripter/extlib/lib -lmingw32 -lSDLmain -lSDL -mwindows -lwinmm'
SET_MAKE=''
SHELL='/bin/sh'
STRIP='strip'
USE_VERSION_RC_FALSE='#'
USE_VERSION_RC_TRUE=''
VERSION='1.2.6'
WINDRES='windres'
ac_ct_AR='ar'
ac_ct_AS='as'
ac_ct_CC='gcc'
ac_ct_CXX=''
ac_ct_DLLTOOL='dlltool'
ac_ct_F77=''
ac_ct_OBJDUMP='objdump'
ac_ct_RANLIB='ranlib'
ac_ct_STRIP='strip'
am__fastdepCC_FALSE='#'
am__fastdepCC_TRUE=''
am__fastdepCXX_FALSE='#'
am__fastdepCXX_TRUE=''
am__include='include'
am__leading_dot='.'
am__quote=''
am__tar='${AMTAR} chof - "$$tardir"'
am__untar='${AMTAR} xf -'
bindir='${exec_prefix}/bin'
build='i686-pc-mingw32'
build_alias=''
build_cpu='i686'
build_os='mingw32'
build_vendor='pc'
datadir='${prefix}/share'
exec_prefix='${prefix}'
host='i686-pc-mingw32'
host_alias=''
host_cpu='i686'
host_os='mingw32'
host_vendor='pc'
includedir='${prefix}/include'
infodir='${prefix}/info'
install_sh='/c/onscripter/extlib/src/SDL_image-1.2.6/install-sh'
libdir='${exec_prefix}/lib'
libexecdir='${exec_prefix}/libexec'
localstatedir='${prefix}/var'
mandir='${prefix}/man'
mkdir_p='mkdir -p --'
oldincludedir='/usr/include'
prefix='/c/onscripter/extlib'
program_transform_name='s,x,x,'
sbindir='${exec_prefix}/sbin'
sharedstatedir='${prefix}/com'
sysconfdir='${prefix}/etc'
target_alias=''

## ----------- ##
## confdefs.h. ##
## ----------- ##

#define HAVE_INTTYPES_H 1
#define HAVE_MEMORY_H 1
#define HAVE_STDINT_H 1
#define HAVE_STDLIB_H 1
#define HAVE_STRINGS_H 1
#define HAVE_STRING_H 1
#define HAVE_SYS_STAT_H 1
#define HAVE_SYS_TYPES_H 1
#define HAVE_UNISTD_H 1
#define LOAD_BMP 1
#define LOAD_GIF 1
#define LOAD_JPG 1
#define LOAD_PNG 1
#define LOAD_XPM 1
#define PACKAGE "SDL_image"
#define PACKAGE_BUGREPORT ""
#define PACKAGE_NAME ""
#define PACKAGE_STRING ""
#define PACKAGE_TARNAME ""
#define PACKAGE_VERSION ""
#define STDC_HEADERS 1
#define VERSION "1.2.6"
#endif
#ifdef __cplusplus
extern "C" void exit (int);

configure: exit 0
