This file contains any messages produced by compilers while
running configure, to aid debugging if configure makes a mistake.

It was created by SDL_ttf configure 2.0.8, which was
generated by GNU Autoconf 2.61.  Invocation command line was

  $ ./configure --prefix=/c/onscripter/extlib --disable-shared

## --------- ##
## Platform. ##
## --------- ##

hostname = KINJO-PC
uname -m = i686
uname -r = 1.0.11(0.46/3/2)
uname -s = MINGW32_NT-6.2
uname -v = 2009-07-11 17:46

/usr/bin/uname -p = unknown
/bin/uname -X     = unknown

/bin/arch              = unknown
/usr/bin/arch -k       = unknown
/usr/convex/getsysinfo = unknown
/usr/bin/hostinfo      = unknown
/bin/machine           = unknown
/usr/bin/oslevel       = unknown
/bin/universe          = unknown

PATH: /c/onscripter/extlib/bin
PATH: .
PATH: /usr/local/bin
PATH: /mingw/bin
PATH: /bin
PATH: /c/ProgramData/Oracle/Java/javapath
PATH: /c/Program Files/nodejs
PATH: /mingw
PATH: /c/Program Files (x86)/kaitai-struct-compiler/bin
PATH: /c/Program Files (x86)/kaitai_struct_visualizer/bin
PATH: /c/Ruby23-x64/bin
PATH: /c/Program Files/Heroku/bin


## ----------- ##
## Core tests. ##
## ----------- ##

configure:2043: checking build system type
configure:2061: result: i686-pc-mingw32
configure:2083: checking host system type
configure:2098: result: i686-pc-mingw32
configure:2136: checking for a BSD-compatible install
configure:2192: result: /bin/install -c
configure:2203: checking whether build environment is sane
configure:2246: result: yes
configure:2274: checking for a thread-safe mkdir -p
configure:2313: result: /bin/mkdir -p
configure:2326: checking for gawk
configure:2342: found /bin/gawk
configure:2353: result: gawk
configure:2364: checking whether make sets $(MAKE)
configure:2385: result: yes
configure:2573: checking whether to enable maintainer-specific portions of Makefiles
configure:2582: result: no
configure:2683: checking for style of include used by make
configure:2711: result: GNU
configure:2781: checking for gcc
configure:2808: result: gcc
configure:3046: checking for C compiler version
configure:3053: gcc --version >&5
gcc.exe (TDM-1 mingw32) 4.4.0
Copyright (C) 2009 Free Software Foundation, Inc.
This is free software; see the source for copying conditions.  There is NO
warranty; not even for MERCHANTABILITY or FITNESS FOR A PARTICULAR PURPOSE.

configure:3056: $? = 0
configure:3063: gcc -v >&5
Using built-in specs.
Target: mingw32
Configured with: ../gcc-4.4.0/configure --prefix=/mingw --build=mingw32 --enable-languages=c,ada,c++,fortran,objc,obj-c++ --disable-nls --disable-win32-registry --disable-werror --enable-threads --disable-symvers --enable-cxx-flags='-fno-function-sections -fno-data-sections' --enable-fully-dynamic-string --enable-libgomp --enable-version-specific-runtime-libs --enable-sjlj-exceptions --with-pkgversion='TDM-1 mingw32' --with-bugurl=http://www.tdragon.net/recentgcc/bugs.php
Thread model: win32
gcc version 4.4.0 (TDM-1 mingw32) 
configure:3066: $? = 0
configure:3073: gcc -V >&5
gcc.exe: '-V' option must have argument
configure:3076: $? = 1
configure:3099: checking for C compiler default output file name
configure:3126: gcc -I/c/onscripter/extlib/include   -I/c/onscripter/extlib/include   -L/c/onscripter/extlib/lib   conftest.c  >&5
configure:3129: $? = 0
configure:3167: result: a.exe
configure:3184: checking whether the C compiler works
configure:3194: ./a.exe
configure:3197: $? = 0
configure:3214: result: yes
configure:3221: checking whether we are cross compiling
configure:3223: result: no
configure:3226: checking for suffix of executables
configure:3233: gcc -o conftest.exe -I/c/onscripter/extlib/include   -I/c/onscripter/extlib/include   -L/c/onscripter/extlib/lib   conftest.c  >&5
configure:3236: $? = 0
configure:3260: result: .exe
configure:3266: checking for suffix of object files
configure:3292: gcc -c -I/c/onscripter/extlib/include   -I/c/onscripter/extlib/include   conftest.c >&5
configure:3295: $? = 0
configure:3318: result: o
configure:3322: checking whether we are using the GNU C compiler
configure:3351: gcc -c -I/c/onscripter/extlib/include   -I/c/onscripter/extlib/include   conftest.c >&5
configure:3357: $? = 0
configure:3374: result: yes
configure:3379: checking whether gcc accepts -g
configure:3409: gcc -c -g -I/c/onscripter/extlib/include   conftest.c >&5
configure:3415: $? = 0
configure:3514: result: yes
configure:3531: checking for gcc option to accept ISO C89
configure:3605: gcc  -c -I/c/onscripter/extlib/include   -I/c/onscripter/extlib/include   conftest.c >&5
configure:3611: $? = 0
configure:3634: result: none needed
configure:3654: checking dependency style of gcc
configure:3745: result: gcc3
configure:3760: checking for a sed that does not truncate output
configure:3814: result: /bin/sed
configure:3817: checking for grep that handles long lines and -e
configure:3891: result: /bin/grep
configure:3896: checking for egrep
configure:3974: result: /bin/grep -E
configure:3990: checking for ld used by gcc
configure:4057: result: c:/mingw32/mingw32/bin/ld.exe
configure:4066: checking if the linker (c:/mingw32/mingw32/bin/ld.exe) is GNU ld
configure:4081: result: yes
configure:4086: checking for c:/mingw32/mingw32/bin/ld.exe option to reload object files
configure:4093: result: -r
configure:4111: checking for BSD-compatible nm
configure:4160: result: /mingw/bin/nm
configure:4164: checking whether ln -s works
configure:4168: result: yes
configure:4175: checking how to recognise dependent libraries
configure:4353: result: pass_all
configure:4620: checking for dlltool
configure:4636: found /mingw/bin/dlltool
configure:4647: result: dlltool
configure:4716: checking for as
configure:4732: found /mingw/bin/as
configure:4743: result: as
configure:4812: checking for objdump
configure:4828: found /mingw/bin/objdump
configure:4839: result: objdump
configure:4877: checking how to run the C preprocessor
configure:4917: gcc -E -I/c/onscripter/extlib/include   conftest.c
configure:4923: $? = 0
configure:4954: gcc -E -I/c/onscripter/extlib/include   conftest.c
conftest.c:10:28: error: ac_nonexistent.h: No such file or directory
configure:4960: $? = 1
configure: failed program was:
| /* confdefs.h.  */
| #define PACKAGE_NAME "SDL_ttf"
| #define PACKAGE_TARNAME "sdl_ttf"
| #define PACKAGE_VERSION "2.0.8"
| #define PACKAGE_STRING "SDL_ttf 2.0.8"
| #define PACKAGE_BUGREPORT ""
| #define PACKAGE "sdl_ttf"
| #define VERSION "2.0.8"
| /* end confdefs.h.  */
| #include <ac_nonexistent.h>
configure:4993: result: gcc -E
configure:5022: gcc -E -I/c/onscripter/extlib/include   conftest.c
configure:5028: $? = 0
configure:5059: gcc -E -I/c/onscripter/extlib/include   conftest.c
conftest.c:10:28: error: ac_nonexistent.h: No such file or directory
configure:5065: $? = 1
configure: failed program was:
| /* confdefs.h.  */
| #define PACKAGE_NAME "SDL_ttf"
| #define PACKAGE_TARNAME "sdl_ttf"
| #define PACKAGE_VERSION "2.0.8"
| #define PACKAGE_STRING "SDL_ttf 2.0.8"
| #define PACKAGE_BUGREPORT ""
| #define PACKAGE "sdl_ttf"
| #define VERSION "2.0.8"
| /* end confdefs.h.  */
| #include <ac_nonexistent.h>
configure:5103: checking for ANSI C header files
configure:5133: gcc -c -I/c/onscripter/extlib/include   -I/c/onscripter/extlib/include   conftest.c >&5
configure:5139: $? = 0
configure:5238: gcc -o conftest.exe -I/c/onscripter/extlib/include   -I/c/onscripter/extlib/include   -L/c/onscripter/extlib/lib   conftest.c  >&5
configure:5241: $? = 0
configure:5247: ./conftest.exe
configure:5250: $? = 0
configure:5267: result: yes
configure:5291: checking for sys/types.h
configure:5312: gcc -c -I/c/onscripter/extlib/include   -I/c/onscripter/extlib/include   conftest.c >&5
configure:5318: $? = 0
configure:5334: result: yes
configure:5291: checking for sys/stat.h
configure:5312: gcc -c -I/c/onscripter/extlib/include   -I/c/onscripter/extlib/include   conftest.c >&5
configure:5318: $? = 0
configure:5334: result: yes
configure:5291: checking for stdlib.h
configure:5312: gcc -c -I/c/onscripter/extlib/include   -I/c/onscripter/extlib/include   conftest.c >&5
configure:5318: $? = 0
configure:5334: result: yes
configure:5291: checking for string.h
configure:5312: gcc -c -I/c/onscripter/extlib/include   -I/c/onscripter/extlib/include   conftest.c >&5
configure:5318: $? = 0
configure:5334: result: yes
configure:5291: checking for memory.h
configure:5312: gcc -c -I/c/onscripter/extlib/include   -I/c/onscripter/extlib/include   conftest.c >&5
configure:5318: $? = 0
configure:5334: result: yes
configure:5291: checking for strings.h
configure:5312: gcc -c -I/c/onscripter/extlib/include   -I/c/onscripter/extlib/include   conftest.c >&5
configure:5318: $? = 0
configure:5334: result: yes
configure:5291: checking for inttypes.h
configure:5312: gcc -c -I/c/onscripter/extlib/include   -I/c/onscripter/extlib/include   conftest.c >&5
configure:5318: $? = 0
configure:5334: result: yes
configure:5291: checking for stdint.h
configure:5312: gcc -c -I/c/onscripter/extlib/include   -I/c/onscripter/extlib/include   conftest.c >&5
configure:5318: $? = 0
configure:5334: result: yes
configure:5291: checking for unistd.h
configure:5312: gcc -c -I/c/onscripter/extlib/include   -I/c/onscripter/extlib/include   conftest.c >&5
configure:5318: $? = 0
configure:5334: result: yes
configure:5361: checking dlfcn.h usability
configure:5378: gcc -c -I/c/onscripter/extlib/include   -I/c/onscripter/extlib/include   conftest.c >&5
conftest.c:53:19: error: dlfcn.h: No such file or directory
configure:5384: $? = 1
configure: failed program was:
| /* confdefs.h.  */
| #define PACKAGE_NAME "SDL_ttf"
| #define PACKAGE_TARNAME "sdl_ttf"
| #define PACKAGE_VERSION "2.0.8"
| #define PACKAGE_STRING "SDL_ttf 2.0.8"
| #define PACKAGE_BUGREPORT ""
| #define PACKAGE "sdl_ttf"
| #define VERSION "2.0.8"
| #define STDC_HEADERS 1
| #define HAVE_SYS_TYPES_H 1
| #define HAVE_SYS_STAT_H 1
| #define HAVE_STDLIB_H 1
| #define HAVE_STRING_H 1
| #define HAVE_MEMORY_H 1
| #define HAVE_STRINGS_H 1
| #define HAVE_INTTYPES_H 1
| #define HAVE_STDINT_H 1
| #define HAVE_UNISTD_H 1
| /* end confdefs.h.  */
| #include <stdio.h>
| #ifdef HAVE_SYS_TYPES_H
| # include <sys/types.h>
| #endif
| #ifdef HAVE_SYS_STAT_H
| # include <sys/stat.h>
| #endif
| #ifdef STDC_HEADERS
| # include <stdlib.h>
| # include <stddef.h>
| #else
| # ifdef HAVE_STDLIB_H
| #  include <stdlib.h>
| # endif
| #endif
| #ifdef HAVE_STRING_H
| # if !defined STDC_HEADERS && defined HAVE_MEMORY_H
| #  include <memory.h>
| # endif
| # include <string.h>
| #endif
| #ifdef HAVE_STRINGS_H
| # include <strings.h>
| #endif
| #ifdef HAVE_INTTYPES_H
| # include <inttypes.h>
| #endif
| #ifdef HAVE_STDINT_H
| # include <stdint.h>
| #endif
| #ifdef HAVE_UNISTD_H
| # include <unistd.h>
| #endif
| #include <dlfcn.h>
configure:5398: result: no
configure:5402: checking dlfcn.h presence
configure:5417: gcc -E -I/c/onscripter/extlib/include   conftest.c
conftest.c:20:19: error: dlfcn.h: No such file or directory
configure:5423: $? = 1
configure: failed program was:
| /* confdefs.h.  */
| #define PACKAGE_NAME "SDL_ttf"
| #define PACKAGE_TARNAME "sdl_ttf"
| #define PACKAGE_VERSION "2.0.8"
| #define PACKAGE_STRING "SDL_ttf 2.0.8"
| #define PACKAGE_BUGREPORT ""
| #define PACKAGE "sdl_ttf"
| #define VERSION "2.0.8"
| #define STDC_HEADERS 1
| #define HAVE_SYS_TYPES_H 1
| #define HAVE_SYS_STAT_H 1
| #define HAVE_STDLIB_H 1
| #define HAVE_STRING_H 1
| #define HAVE_MEMORY_H 1
| #define HAVE_STRINGS_H 1
| #define HAVE_INTTYPES_H 1
| #define HAVE_STDINT_H 1
| #define HAVE_UNISTD_H 1
| /* end confdefs.h.  */
| #include <dlfcn.h>
configure:5437: result: no
configure:5465: checking for dlfcn.h
configure:5473: result: no
configure:5602: checking for C++ compiler version
configure:5609: g++ --version >&5
g++.exe (TDM-1 mingw32) 4.4.0
Copyright (C) 2009 Free Software Foundation, Inc.
This is free software; see the source for copying conditions.  There is NO
warranty; not even for MERCHANTABILITY or FITNESS FOR A PARTICULAR PURPOSE.

configure:5612: $? = 0
configure:5619: g++ -v >&5
Using built-in specs.
Target: mingw32
Configured with: ../gcc-4.4.0/configure --prefix=/mingw --build=mingw32 --enable-languages=c,ada,c++,fortran,objc,obj-c++ --disable-nls --disable-win32-registry --disable-werror --enable-threads --disable-symvers --enable-cxx-flags='-fno-function-sections -fno-data-sections' --enable-fully-dynamic-string --enable-libgomp --enable-version-specific-runtime-libs --enable-sjlj-exceptions --with-pkgversion='TDM-1 mingw32' --with-bugurl=http://www.tdragon.net/recentgcc/bugs.php
Thread model: win32
gcc version 4.4.0 (TDM-1 mingw32) 
configure:5622: $? = 0
configure:5629: g++ -V >&5
g++.exe: '-V' option must have argument
configure:5632: $? = 1
configure:5635: checking whether we are using the GNU C++ compiler
configure:5664: g++ -c  -I/c/onscripter/extlib/include   conftest.cpp >&5
configure:5670: $? = 0
configure:5687: result: yes
configure:5692: checking whether g++ accepts -g
configure:5722: g++ -c -g -I/c/onscripter/extlib/include   conftest.cpp >&5
configure:5728: $? = 0
configure:5827: result: yes
configure:5852: checking dependency style of g++
configure:5943: result: gcc3
configure:5968: checking how to run the C++ preprocessor
configure:6004: g++ -E -I/c/onscripter/extlib/include   conftest.cpp
configure:6010: $? = 0
configure:6041: g++ -E -I/c/onscripter/extlib/include   conftest.cpp
conftest.cpp:20:28: error: ac_nonexistent.h: No such file or directory
configure:6047: $? = 1
configure: failed program was:
| /* confdefs.h.  */
| #define PACKAGE_NAME "SDL_ttf"
| #define PACKAGE_TARNAME "sdl_ttf"
| #define PACKAGE_VERSION "2.0.8"
| #define PACKAGE_STRING "SDL_ttf 2.0.8"
| #define PACKAGE_BUGREPORT ""
| #define PACKAGE "sdl_ttf"
| #define VERSION "2.0.8"
| #define STDC_HEADERS 1
| #define HAVE_SYS_TYPES_H 1
| #define HAVE_SYS_STAT_H 1
| #define HAVE_STDLIB_H 1
| #define HAVE_STRING_H 1
| #define HAVE_MEMORY_H 1
| #define HAVE_STRINGS_H 1
| #define HAVE_INTTYPES_H 1
| #define HAVE_STDINT_H 1
| #define HAVE_UNISTD_H 1
| /* end confdefs.h.  */
| #include <ac_nonexistent.h>
configure:6080: result: g++ -E
configure:6109: g++ -E -I/c/onscripter/extlib/include   conftest.cpp
configure:6115: $? = 0
configure:6146: g++ -E -I/c/onscripter/extlib/include   conftest.cpp
conftest.cpp:20:28: error: ac_nonexistent.h: No such file or directory
configure:6152: $? = 1
configure: failed program was:
| /* confdefs.h.  */
| #define PACKAGE_NAME "SDL_ttf"
| #define PACKAGE_TARNAME "sdl_ttf"
| #define PACKAGE_VERSION "2.0.8"
| #define PACKAGE_STRING "SDL_ttf 2.0.8"
| #define PACKAGE_BUGREPORT ""
| #define PACKAGE "sdl_ttf"
| #define VERSION "2.0.8"
| #define STDC_HEADERS 1
| #define HAVE_SYS_TYPES_H 1
| #define HAVE_SYS_STAT_H 1
| #define HAVE_STDLIB_H 1
| #define HAVE_STRING_H 1
| #define HAVE_MEMORY_H 1
| #define HAVE_STRINGS_H 1
| #define HAVE_INTTYPES_H 1
| #define HAVE_STDINT_H 1
| #define HAVE_UNISTD_H 1
| /* end confdefs.h.  */
| #include <ac_nonexistent.h>
configure:6245: checking for g77
configure:6275: result: no
configure:6245: checking for xlf
configure:6275: result: no
configure:6245: checking for f77
configure:6275: result: no
configure:6245: checking for frt
configure:6275: result: no
configure:6245: checking for pgf77
configure:6275: result: no
configure:6245: checking for cf77
configure:6275: result: no
configure:6245: checking for fort77
configure:6275: result: no
configure:6245: checking for fl32
configure:6275: result: no
configure:6245: checking for af77
configure:6275: result: no
configure:6245: checking for xlf90
configure:6275: result: no
configure:6245: checking for f90
configure:6275: result: no
configure:6245: checking for pgf90
configure:6275: result: no
configure:6245: checking for pghpf
configure:6275: result: no
configure:6245: checking for epcf90
configure:6275: result: no
configure:6245: checking for gfortran
configure:6275: result: no
configure:6245: checking for g95
configure:6275: result: no
configure:6245: checking for xlf95
configure:6275: result: no
configure:6245: checking for f95
configure:6275: result: no
configure:6245: checking for fort
configure:6275: result: no
configure:6245: checking for ifort
configure:6275: result: no
configure:6245: checking for ifc
configure:6275: result: no
configure:6245: checking for efc
configure:6275: result: no
configure:6245: checking for pgf95
configure:6275: result: no
configure:6245: checking for lf95
configure:6275: result: no
configure:6245: checking for ftn
configure:6275: result: no
configure:6302: checking for Fortran 77 compiler version
configure:6309:  --version >&5
./configure: line 6310: --version: command not found
configure:6312: $? = 127
configure:6319:  -v >&5
./configure: line 6320: -v: command not found
configure:6322: $? = 127
configure:6329:  -V >&5
./configure: line 6330: -V: command not found
configure:6332: $? = 127
configure:6340: checking whether we are using the GNU Fortran 77 compiler
configure:6359:  -c  conftest.F >&5
./configure: line 6360: -c: command not found
configure:6365: $? = 127
configure: failed program was:
|       program main
| #ifndef __GNUC__
|        choke me
| #endif
| 
|       end
configure:6382: result: no
configure:6388: checking whether  accepts -g
configure:6405:  -c -g conftest.f >&5
./configure: line 6406: -c: command not found
configure:6411: $? = 127
configure: failed program was:
|       program main
| 
|       end
configure:6427: result: no
configure:6457: checking the maximum length of command line arguments
configure:6572: result: 8192
configure:6583: checking command to parse /mingw/bin/nm output from gcc object
configure:6688: gcc -c -I/c/onscripter/extlib/include   -I/c/onscripter/extlib/include   conftest.c >&5
configure:6691: $? = 0
configure:6695: /mingw/bin/nm conftest.o \| sed -n -e 's/^.*[ 	]\([ABCDGIRSTW][ABCDGIRSTW]*\)[ 	][ 	]*\([_A-Za-z][_A-Za-z0-9]*\)\{0,1\}$/\1 \2 \2/p' \> conftest.nm
configure:6698: $? = 0
cannot find nm_test_var in conftest.nm
configure:6688: gcc -c -I/c/onscripter/extlib/include   -I/c/onscripter/extlib/include   conftest.c >&5
configure:6691: $? = 0
configure:6695: /mingw/bin/nm conftest.o \| sed -n -e 's/^.*[ 	]\([ABCDGIRSTW][ABCDGIRSTW]*\)[ 	][ 	]*_\([_A-Za-z][_A-Za-z0-9]*\)\{0,1\}$/\1 _\2 \2/p' \> conftest.nm
configure:6698: $? = 0
configure:6750: gcc -o conftest.exe -I/c/onscripter/extlib/include   -I/c/onscripter/extlib/include   -L/c/onscripter/extlib/lib   conftest.c conftstm.o >&5
configure:6753: $? = 0
configure:6791: result: ok
configure:6795: checking for objdir
configure:6810: result: .libs
configure:6902: checking for ar
configure:6929: result: ar
configure:6998: checking for ranlib
configure:7025: result: ranlib
configure:7094: checking for strip
configure:7110: found /mingw/bin/strip
configure:7121: result: strip
configure:7411: checking if gcc supports -fno-rtti -fno-exceptions
configure:7429: gcc -c -I/c/onscripter/extlib/include   -I/c/onscripter/extlib/include   -fno-rtti -fno-exceptions conftest.c >&5
cc1.exe: warning: command line option "-fno-rtti" is valid for C++/ObjC++ but not for C
configure:7433: $? = 0
configure:7446: result: no
configure:7461: checking for gcc option to produce PIC
configure:7671: result: -DDLL_EXPORT
configure:7679: checking if gcc PIC flag -DDLL_EXPORT works
configure:7697: gcc -c -I/c/onscripter/extlib/include   -I/c/onscripter/extlib/include   -DDLL_EXPORT -DPIC conftest.c >&5
configure:7701: $? = 0
configure:7714: result: yes
configure:7742: checking if gcc static flag -static works
configure:7770: result: yes
configure:7780: checking if gcc supports -c -o file.o
configure:7801: gcc -c -I/c/onscripter/extlib/include   -I/c/onscripter/extlib/include   -o out/conftest2.o conftest.c >&5
configure:7805: $? = 0
configure:7827: result: yes
configure:7853: checking whether the gcc linker (c:/mingw32/mingw32/bin/ld.exe) supports shared libraries
configure:8807: result: yes
configure:8874: checking dynamic linker characteristics
configure:9464: result: Win32 ld.exe
configure:9473: checking how to hardcode library paths into programs
configure:9498: result: immediate
configure:9512: checking whether stripping libraries is possible
configure:9517: result: yes
configure:10318: checking if libtool supports shared libraries
configure:10320: result: yes
configure:10323: checking whether to build shared libraries
configure:10344: result: no
configure:10347: checking whether to build static libraries
configure:10351: result: yes
configure:10443: creating libtool
configure:11031: checking for ld used by g++
configure:11098: result: c:/mingw32/mingw32/bin/ld.exe
configure:11107: checking if the linker (c:/mingw32/mingw32/bin/ld.exe) is GNU ld
configure:11122: result: yes
configure:11173: checking whether the g++ linker (c:/mingw32/mingw32/bin/ld.exe) supports shared libraries
configure:12107: result: yes
configure:12129: g++ -c -g -O2 -I/c/onscripter/extlib/include   conftest.cpp >&5
configure:12132: $? = 0
configure:12251: checking for g++ option to produce PIC
configure:12525: result: -DDLL_EXPORT
configure:12533: checking if g++ PIC flag -DDLL_EXPORT works
configure:12551: g++ -c -g -O2 -I/c/onscripter/extlib/include   -DDLL_EXPORT -DPIC conftest.cpp >&5
configure:12555: $? = 0
configure:12568: result: yes
configure:12596: checking if g++ static flag -static works
configure:12624: result: yes
configure:12634: checking if g++ supports -c -o file.o
configure:12655: g++ -c -g -O2 -I/c/onscripter/extlib/include   -o out/conftest2.o conftest.cpp >&5
configure:12659: $? = 0
configure:12681: result: yes
configure:12707: checking whether the g++ linker (c:/mingw32/mingw32/bin/ld.exe) supports shared libraries
configure:12732: result: yes
configure:12799: checking dynamic linker characteristics
configure:13389: result: Win32 ld.exe
configure:13398: checking how to hardcode library paths into programs
configure:13423: result: immediate
configure:19571: checking whether make sets $(MAKE)
configure:19592: result: yes
configure:19649: checking for gcc
configure:19676: result: gcc
configure:19914: checking for C compiler version
configure:19921: gcc --version >&5
gcc.exe (TDM-1 mingw32) 4.4.0
Copyright (C) 2009 Free Software Foundation, Inc.
This is free software; see the source for copying conditions.  There is NO
warranty; not even for MERCHANTABILITY or FITNESS FOR A PARTICULAR PURPOSE.

configure:19924: $? = 0
configure:19931: gcc -v >&5
Using built-in specs.
Target: mingw32
Configured with: ../gcc-4.4.0/configure --prefix=/mingw --build=mingw32 --enable-languages=c,ada,c++,fortran,objc,obj-c++ --disable-nls --disable-win32-registry --disable-werror --enable-threads --disable-symvers --enable-cxx-flags='-fno-function-sections -fno-data-sections' --enable-fully-dynamic-string --enable-libgomp --enable-version-specific-runtime-libs --enable-sjlj-exceptions --with-pkgversion='TDM-1 mingw32' --with-bugurl=http://www.tdragon.net/recentgcc/bugs.php
Thread model: win32
gcc version 4.4.0 (TDM-1 mingw32) 
configure:19934: $? = 0
configure:19941: gcc -V >&5
gcc.exe: '-V' option must have argument
configure:19944: $? = 1
configure:19947: checking whether we are using the GNU C compiler
configure:19999: result: yes
configure:20004: checking whether gcc accepts -g
configure:20139: result: yes
configure:20156: checking for gcc option to accept ISO C89
configure:20259: result: none needed
configure:20279: checking dependency style of gcc
configure:20370: result: gcc3
configure:20398: checking for a BSD-compatible install
configure:20454: result: /bin/install -c
configure:20467: checking for working alloca.h
configure:20494: gcc -o conftest.exe -I/c/onscripter/extlib/include   -I/c/onscripter/extlib/include   -L/c/onscripter/extlib/lib   conftest.c  >&5
conftest.c:20:20: error: alloca.h: No such file or directory
conftest.c: In function 'main':
conftest.c:24: warning: incompatible implicit declaration of built-in function 'alloca'
configure:20500: $? = 1
configure: failed program was:
| /* confdefs.h.  */
| #define PACKAGE_NAME "SDL_ttf"
| #define PACKAGE_TARNAME "sdl_ttf"
| #define PACKAGE_VERSION "2.0.8"
| #define PACKAGE_STRING "SDL_ttf 2.0.8"
| #define PACKAGE_BUGREPORT ""
| #define PACKAGE "sdl_ttf"
| #define VERSION "2.0.8"
| #define STDC_HEADERS 1
| #define HAVE_SYS_TYPES_H 1
| #define HAVE_SYS_STAT_H 1
| #define HAVE_STDLIB_H 1
| #define HAVE_STRING_H 1
| #define HAVE_MEMORY_H 1
| #define HAVE_STRINGS_H 1
| #define HAVE_INTTYPES_H 1
| #define HAVE_STDINT_H 1
| #define HAVE_UNISTD_H 1
| /* end confdefs.h.  */
| #include <alloca.h>
| int
| main ()
| {
| char *p = (char *) alloca (2 * sizeof (int));
| 			  if (p) return 0;
|   ;
|   return 0;
| }
configure:20517: result: no
configure:20527: checking for alloca
configure:20574: gcc -o conftest.exe -I/c/onscripter/extlib/include   -I/c/onscripter/extlib/include   -L/c/onscripter/extlib/lib   conftest.c  >&5
configure:20580: $? = 0
configure:20597: result: yes
configure:20871: checking for freetype-config
configure:20889: found /c/onscripter/extlib/bin/freetype-config
configure:20902: result: /c/onscripter/extlib/bin/freetype-config
configure:20967: checking for sdl-config
configure:20985: found /c/onscripter/extlib/bin/sdl-config
configure:20998: result: /c/onscripter/extlib/bin/sdl-config
configure:21007: checking for SDL - version >= 1.2.4
configure:21104: gcc -o conftest.exe -I/c/onscripter/extlib/include   -I/c/onscripter/extlib/include/freetype2 -I/c/onscripter/extlib/include -I/c/onscripter/extlib/include/SDL -D_GNU_SOURCE=1 -Dmain=SDL_main -I/c/onscripter/extlib/include   -L/c/onscripter/extlib/lib   conftest.c  -L/c/onscripter/extlib/lib -lfreetype -lz -L/c/onscripter/extlib/lib -lmingw32 -lSDLmain -lSDL -mwindows -lwinmm >&5
configure:21107: $? = 0
configure:21113: ./conftest.exe
configure:21116: $? = 0
configure:21137: result: yes
configure:22580: checking for OpenGL support
configure:22608: gcc -c -I/c/onscripter/extlib/include   -I/c/onscripter/extlib/include/freetype2 -I/c/onscripter/extlib/include -I/c/onscripter/extlib/include/SDL -D_GNU_SOURCE=1 -Dmain=SDL_main -I/c/onscripter/extlib/include   conftest.c >&5
configure:22614: $? = 0
configure:22630: result: yes
configure:22809: creating ./config.status

## ---------------------- ##
## Running config.status. ##
## ---------------------- ##

This file was extended by SDL_ttf config.status 2.0.8, which was
generated by GNU Autoconf 2.61.  Invocation command line was

  CONFIG_FILES    = 
  CONFIG_HEADERS  = 
  CONFIG_LINKS    = 
  CONFIG_COMMANDS = 
  $ ./config.status 

on KINJO-PC

config.status:672: creating Makefile
config.status:672: creating SDL_ttf.spec
config.status:863: executing depfiles commands

## ---------------- ##
## Cache variables. ##
## ---------------- ##

ac_cv_build=i686-pc-mingw32
ac_cv_c_compiler_gnu=yes
ac_cv_cxx_compiler_gnu=yes
ac_cv_env_CCC_set=
ac_cv_env_CCC_value=
ac_cv_env_CC_set=set
ac_cv_env_CC_value=gcc
ac_cv_env_CFLAGS_set=set
ac_cv_env_CFLAGS_value='-I/c/onscripter/extlib/include  '
ac_cv_env_CPPFLAGS_set=set
ac_cv_env_CPPFLAGS_value='-I/c/onscripter/extlib/include  '
ac_cv_env_CPP_set=
ac_cv_env_CPP_value=
ac_cv_env_CXXCPP_set=
ac_cv_env_CXXCPP_value=
ac_cv_env_CXXFLAGS_set=
ac_cv_env_CXXFLAGS_value=
ac_cv_env_CXX_set=set
ac_cv_env_CXX_value=g++
ac_cv_env_F77_set=
ac_cv_env_F77_value=
ac_cv_env_FFLAGS_set=
ac_cv_env_FFLAGS_value=
ac_cv_env_LDFLAGS_set=set
ac_cv_env_LDFLAGS_value='-L/c/onscripter/extlib/lib  '
ac_cv_env_LIBS_set=
ac_cv_env_LIBS_value=
ac_cv_env_XMKMF_set=
ac_cv_env_XMKMF_value=
ac_cv_env_build_alias_set=
ac_cv_env_build_alias_value=
ac_cv_env_host_alias_set=
ac_cv_env_host_alias_value=
ac_cv_env_target_alias_set=
ac_cv_env_target_alias_value=
ac_cv_exeext=.exe
ac_cv_f77_compiler_gnu=no
ac_cv_func_alloca_works=yes
ac_cv_header_dlfcn_h=no
ac_cv_header_inttypes_h=yes
ac_cv_header_memory_h=yes
ac_cv_header_stdc=yes
ac_cv_header_stdint_h=yes
ac_cv_header_stdlib_h=yes
ac_cv_header_string_h=yes
ac_cv_header_strings_h=yes
ac_cv_header_sys_stat_h=yes
ac_cv_header_sys_types_h=yes
ac_cv_header_unistd_h=yes
ac_cv_host=i686-pc-mingw32
ac_cv_objext=o
ac_cv_path_EGREP='/bin/grep -E'
ac_cv_path_FREETYPE_CONFIG=/c/onscripter/extlib/bin/freetype-config
ac_cv_path_GREP=/bin/grep
ac_cv_path_SDL_CONFIG=/c/onscripter/extlib/bin/sdl-config
ac_cv_path_install='/bin/install -c'
ac_cv_path_mkdir=/bin/mkdir
ac_cv_prog_AWK=gawk
ac_cv_prog_CPP='gcc -E'
ac_cv_prog_CXXCPP='g++ -E'
ac_cv_prog_ac_ct_AR=ar
ac_cv_prog_ac_ct_AS=as
ac_cv_prog_ac_ct_CC=gcc
ac_cv_prog_ac_ct_DLLTOOL=dlltool
ac_cv_prog_ac_ct_OBJDUMP=objdump
ac_cv_prog_ac_ct_RANLIB=ranlib
ac_cv_prog_ac_ct_STRIP=strip
ac_cv_prog_cc_c89=
ac_cv_prog_cc_g=yes
ac_cv_prog_cxx_g=yes
ac_cv_prog_f77_g=no
ac_cv_prog_make_make_set=yes
ac_cv_working_alloca_h=no
am_cv_CC_dependencies_compiler_type=gcc3
am_cv_CXX_dependencies_compiler_type=gcc3
lt_cv_deplibs_check_method=pass_all
lt_cv_file_magic_cmd='$OBJDUMP -f'
lt_cv_file_magic_test_file=
lt_cv_ld_reload_flag=-r
lt_cv_objdir=.libs
lt_cv_path_LD=c:/mingw32/mingw32/bin/ld.exe
lt_cv_path_LDCXX=c:/mingw32/mingw32/bin/ld.exe
lt_cv_path_NM=/mingw/bin/nm
lt_cv_path_SED=/bin/sed
lt_cv_prog_compiler_c_o=yes
lt_cv_prog_compiler_c_o_CXX=yes
lt_cv_prog_compiler_rtti_exceptions=no
lt_cv_prog_gnu_ld=yes
lt_cv_prog_gnu_ldcxx=yes
lt_cv_sys_global_symbol_pipe='sed -n -e '\''s/^.*[ 	]\([ABCDGIRSTW][ABCDGIRSTW]*\)[ 	][ 	]*_\([_A-Za-z][_A-Za-z0-9]*\)\{0,1\}$/\1 _\2 \2/p'\'''
lt_cv_sys_global_symbol_to_c_name_address='sed -n -e '\''s/^: \([^ ]*\) $/  {\"\1\", (lt_ptr) 0},/p'\'' -e '\''s/^[BCDEGRST] \([^ ]*\) \([^ ]*\)$/  {"\2", (lt_ptr) \&\2},/p'\'''
lt_cv_sys_global_symbol_to_cdecl='sed -n -e '\''s/^. .* \(.*\)$/extern int \1;/p'\'''
lt_cv_sys_max_cmd_len=8192
lt_lt_cv_prog_compiler_c_o='"yes"'
lt_lt_cv_prog_compiler_c_o_CXX='"yes"'
lt_lt_cv_sys_global_symbol_pipe='"sed -n -e '\''s/^.*[ 	]\\([ABCDGIRSTW][ABCDGIRSTW]*\\)[ 	][ 	]*_\\([_A-Za-z][_A-Za-z0-9]*\\)\\{0,1\\}\$/\\1 _\\2 \\2/p'\''"'
lt_lt_cv_sys_global_symbol_to_c_name_address='"sed -n -e '\''s/^: \\([^ ]*\\) \$/  {\\\"\\1\\\", (lt_ptr) 0},/p'\'' -e '\''s/^[BCDEGRST] \\([^ ]*\\) \\([^ ]*\\)\$/  {\"\\2\", (lt_ptr) \\&\\2},/p'\''"'
lt_lt_cv_sys_global_symbol_to_cdecl='"sed -n -e '\''s/^. .* \\(.*\\)\$/extern int \\1;/p'\''"'

## ----------------- ##
## Output variables. ##
## ----------------- ##

ACLOCAL='${SHELL} /c/onscripter/extlib/src/SDL_ttf-2.0.8/missing --run aclocal-1.10'
ALLOCA=''
AMDEPBACKSLASH='\'
AMDEP_FALSE='#'
AMDEP_TRUE=''
AMTAR='${SHELL} /c/onscripter/extlib/src/SDL_ttf-2.0.8/missing --run tar'
AR='ar'
AS='as'
AUTOCONF='${SHELL} /c/onscripter/extlib/src/SDL_ttf-2.0.8/missing --run autoconf'
AUTOHEADER='${SHELL} /c/onscripter/extlib/src/SDL_ttf-2.0.8/missing --run autoheader'
AUTOMAKE='${SHELL} /c/onscripter/extlib/src/SDL_ttf-2.0.8/missing --run automake-1.10'
AWK='gawk'
BINARY_AGE='8'
CC='gcc'
CCDEPMODE='depmode=gcc3'
CFLAGS='-I/c/onscripter/extlib/include   -I/c/onscripter/extlib/include/freetype2 -I/c/onscripter/extlib/include -I/c/onscripter/extlib/include/SDL -D_GNU_SOURCE=1 -Dmain=SDL_main -DHAVE_OPENGL'
CPP='gcc -E'
CPPFLAGS='-I/c/onscripter/extlib/include  '
CXX='g++'
CXXCPP='g++ -E'
CXXDEPMODE='depmode=gcc3'
CXXFLAGS='-g -O2'
CYGPATH_W='echo'
DEFS='-DPACKAGE_NAME=\"SDL_ttf\" -DPACKAGE_TARNAME=\"sdl_ttf\" -DPACKAGE_VERSION=\"2.0.8\" -DPACKAGE_STRING=\"SDL_ttf\ 2.0.8\" -DPACKAGE_BUGREPORT=\"\" -DPACKAGE=\"sdl_ttf\" -DVERSION=\"2.0.8\" -DSTDC_HEADERS=1 -DHAVE_SYS_TYPES_H=1 -DHAVE_SYS_STAT_H=1 -DHAVE_STDLIB_H=1 -DHAVE_STRING_H=1 -DHAVE_MEMORY_H=1 -DHAVE_STRINGS_H=1 -DHAVE_INTTYPES_H=1 -DHAVE_STDINT_H=1 -DHAVE_UNISTD_H=1 -DHAVE_ALLOCA=1'
DEPDIR='.deps'
DLLTOOL='dlltool'
ECHO='echo'
ECHO_C=''
ECHO_N='-n'
ECHO_T=''
EGREP='/bin/grep -E'
EXEEXT='.exe'
F77=''
FFLAGS=''
FREETYPE_CONFIG='/c/onscripter/extlib/bin/freetype-config'
GL_LIBS='-lopengl32'
GREP='/bin/grep'
INSTALL_DATA='${INSTALL} -m 644'
INSTALL_PROGRAM='${INSTALL}'
INSTALL_SCRIPT='${INSTALL}'
INSTALL_STRIP_PROGRAM='$(install_sh) -c -s'
INTERFACE_AGE='2'
LDFLAGS='-L/c/onscripter/extlib/lib  '
LIBOBJS=''
LIBS=' -L/c/onscripter/extlib/lib -lfreetype -lz -L/c/onscripter/extlib/lib -lmingw32 -lSDLmain -lSDL -mwindows -lwinmm'
LIBTOOL='$(SHELL) $(top_builddir)/libtool'
LN_S='ln -s'
LTLIBOBJS=''
LT_AGE='6'
LT_CURRENT='6'
LT_RELEASE='2.0'
LT_REVISION='2'
MAINT='#'
MAINTAINER_MODE_FALSE=''
MAINTAINER_MODE_TRUE='#'
MAJOR_VERSION='2'
MAKEINFO='${SHELL} /c/onscripter/extlib/src/SDL_ttf-2.0.8/missing --run makeinfo'
MATHLIB=''
MICRO_VERSION='8'
MINOR_VERSION='0'
OBJDUMP='objdump'
OBJEXT='o'
PACKAGE='sdl_ttf'
PACKAGE_BUGREPORT=''
PACKAGE_NAME='SDL_ttf'
PACKAGE_STRING='SDL_ttf 2.0.8'
PACKAGE_TARNAME='sdl_ttf'
PACKAGE_VERSION='2.0.8'
PATH_SEPARATOR=':'
RANLIB='ranlib'
SDL_CFLAGS='-I/c/onscripter/extlib/include/SDL -D_GNU_SOURCE=1 -Dmain=SDL_main'
SDL_CONFIG='/c/onscripter/extlib/bin/sdl-config'
SDL_LIBS='-L/c/onscripter/extlib/lib -lmingw32 -lSDLmain -lSDL -mwindows -lwinmm'
SET_MAKE=''
SHELL='/bin/sh'
STRIP='strip'
VERSION='2.0.8'
XMKMF=''
X_CFLAGS=''
X_EXTRA_LIBS=''
X_LIBS=''
X_PRE_LIBS=''
ac_ct_CC='gcc'
ac_ct_CXX=''
ac_ct_F77=''
am__fastdepCC_FALSE='#'
am__fastdepCC_TRUE=''
am__fastdepCXX_FALSE='#'
am__fastdepCXX_TRUE=''
am__include='include'
am__isrc=''
am__leading_dot='.'
am__quote=''
am__tar='${AMTAR} chof - "$$tardir"'
am__untar='${AMTAR} xf -'
bindir='${exec_prefix}/bin'
build='i686-pc-mingw32'
build_alias=''
build_cpu='i686'
build_os='mingw32'
build_vendor='pc'
datadir='${datarootdir}'
datarootdir='${prefix}/share'
docdir='${datarootdir}/doc/${PACKAGE_TARNAME}'
dvidir='${docdir}'
exec_prefix='${prefix}'
host='i686-pc-mingw32'
host_alias=''
host_cpu='i686'
host_os='mingw32'
host_vendor='pc'
htmldir='${docdir}'
includedir='${prefix}/include'
infodir='${datarootdir}/info'
install_sh='$(SHELL) /c/onscripter/extlib/src/SDL_ttf-2.0.8/install-sh'
libdir='${exec_prefix}/lib'
libexecdir='${exec_prefix}/libexec'
localedir='${datarootdir}/locale'
localstatedir='${prefix}/var'
mandir='${datarootdir}/man'
mkdir_p='/bin/mkdir -p'
oldincludedir='/usr/include'
pdfdir='${docdir}'
prefix='/c/onscripter/extlib'
program_transform_name='s,x,x,'
psdir='${docdir}'
sbindir='${exec_prefix}/sbin'
sharedstatedir='${prefix}/com'
sysconfdir='${prefix}/etc'
target_alias=''

## ----------- ##
## confdefs.h. ##
## ----------- ##

#define PACKAGE_NAME "SDL_ttf"
#define PACKAGE_TARNAME "sdl_ttf"
#define PACKAGE_VERSION "2.0.8"
#define PACKAGE_STRING "SDL_ttf 2.0.8"
#define PACKAGE_BUGREPORT ""
#define PACKAGE "sdl_ttf"
#define VERSION "2.0.8"
#define STDC_HEADERS 1
#define HAVE_SYS_TYPES_H 1
#define HAVE_SYS_STAT_H 1
#define HAVE_STDLIB_H 1
#define HAVE_STRING_H 1
#define HAVE_MEMORY_H 1
#define HAVE_STRINGS_H 1
#define HAVE_INTTYPES_H 1
#define HAVE_STDINT_H 1
#define HAVE_UNISTD_H 1
#define HAVE_ALLOCA 1

configure: exit 0
