This file contains any messages produced by compilers while
running configure, to aid debugging if configure makes a mistake.

It was created by configure, which was
generated by GNU Autoconf 2.59.  Invocation command line was

  $ ./configure --prefix=/c/onscripter/extlib --disable-shared --disable-music-cmd --disable-music-timidity-midi

## --------- ##
## Platform. ##
## --------- ##

hostname = KINJO-PC
uname -m = i686
uname -r = 1.0.11(0.46/3/2)
uname -s = MINGW32_NT-6.2
uname -v = 2009-07-11 17:46

/usr/bin/uname -p = unknown
/bin/uname -X     = unknown

/bin/arch              = unknown
/usr/bin/arch -k       = unknown
/usr/convex/getsysinfo = unknown
hostinfo               = unknown
/bin/machine           = unknown
/usr/bin/oslevel       = unknown
/bin/universe          = unknown

PATH: /c/onscripter/extlib/bin
PATH: .
PATH: /usr/local/bin
PATH: /mingw/bin
PATH: /bin
PATH: /c/ProgramData/Oracle/Java/javapath
PATH: /c/Program Files/nodejs
PATH: /mingw
PATH: /c/Program Files (x86)/kaitai-struct-compiler/bin
PATH: /c/Program Files (x86)/kaitai_struct_visualizer/bin
PATH: /c/Ruby23-x64/bin
PATH: /c/Program Files/Heroku/bin


## ----------- ##
## Core tests. ##
## ----------- ##

configure:1585: checking build system type
configure:1603: result: i686-pc-mingw32
configure:1611: checking host system type
configure:1625: result: i686-pc-mingw32
configure:1782: checking for gcc
configure:1808: result: gcc
configure:2052: checking for C compiler version
configure:2055: gcc --version </dev/null >&5
gcc.exe (TDM-1 mingw32) 4.4.0
Copyright (C) 2009 Free Software Foundation, Inc.
This is free software; see the source for copying conditions.  There is NO
warranty; not even for MERCHANTABILITY or FITNESS FOR A PARTICULAR PURPOSE.

configure:2058: $? = 0
configure:2060: gcc -v </dev/null >&5
Using built-in specs.
Target: mingw32
Configured with: ../gcc-4.4.0/configure --prefix=/mingw --build=mingw32 --enable-languages=c,ada,c++,fortran,objc,obj-c++ --disable-nls --disable-win32-registry --disable-werror --enable-threads --disable-symvers --enable-cxx-flags='-fno-function-sections -fno-data-sections' --enable-fully-dynamic-string --enable-libgomp --enable-version-specific-runtime-libs --enable-sjlj-exceptions --with-pkgversion='TDM-1 mingw32' --with-bugurl=http://www.tdragon.net/recentgcc/bugs.php
Thread model: win32
gcc version 4.4.0 (TDM-1 mingw32) 
configure:2063: $? = 0
configure:2065: gcc -V </dev/null >&5
gcc.exe: '-V' option must have argument
configure:2068: $? = 1
configure:2091: checking for C compiler default output file name
configure:2094: gcc -I/c/onscripter/extlib/include    -D_GNU_SOURCE=1 -I/c/onscripter/extlib/include    -D_GNU_SOURCE=1 -L/c/onscripter/extlib/lib    conftest.c  >&5
configure:2097: $? = 0
configure:2143: result: a.exe
configure:2148: checking whether the C compiler works
configure:2154: ./a.exe
configure:2157: $? = 0
configure:2174: result: yes
configure:2181: checking whether we are cross compiling
configure:2183: result: no
configure:2186: checking for suffix of executables
configure:2188: gcc -o conftest.exe -I/c/onscripter/extlib/include    -D_GNU_SOURCE=1 -I/c/onscripter/extlib/include    -D_GNU_SOURCE=1 -L/c/onscripter/extlib/lib    conftest.c  >&5
configure:2191: $? = 0
configure:2216: result: .exe
configure:2222: checking for suffix of object files
configure:2243: gcc -c -I/c/onscripter/extlib/include    -D_GNU_SOURCE=1 -I/c/onscripter/extlib/include    -D_GNU_SOURCE=1 conftest.c >&5
configure:2246: $? = 0
configure:2268: result: o
configure:2272: checking whether we are using the GNU C compiler
configure:2296: gcc -c -I/c/onscripter/extlib/include    -D_GNU_SOURCE=1 -I/c/onscripter/extlib/include    -D_GNU_SOURCE=1 conftest.c >&5
configure:2302: $? = 0
configure:2306: test -z 
			 || test ! -s conftest.err
configure:2309: $? = 0
configure:2312: test -s conftest.o
configure:2315: $? = 0
configure:2328: result: yes
configure:2334: checking whether gcc accepts -g
configure:2355: gcc -c -g -I/c/onscripter/extlib/include    -D_GNU_SOURCE=1 conftest.c >&5
configure:2361: $? = 0
configure:2365: test -z 
			 || test ! -s conftest.err
configure:2368: $? = 0
configure:2371: test -s conftest.o
configure:2374: $? = 0
configure:2385: result: yes
configure:2402: checking for gcc option to accept ANSI C
configure:2472: gcc  -c -I/c/onscripter/extlib/include    -D_GNU_SOURCE=1 -I/c/onscripter/extlib/include    -D_GNU_SOURCE=1 conftest.c >&5
configure:2478: $? = 0
configure:2482: test -z 
			 || test ! -s conftest.err
configure:2485: $? = 0
configure:2488: test -s conftest.o
configure:2491: $? = 0
configure:2509: result: none needed
configure:2527: gcc -c -I/c/onscripter/extlib/include    -D_GNU_SOURCE=1 -I/c/onscripter/extlib/include    -D_GNU_SOURCE=1 conftest.c >&5
conftest.c:2: error: expected '=', ',', ';', 'asm' or '__attribute__' before 'me'
configure:2533: $? = 1
configure: failed program was:
| #ifndef __cplusplus
|   choke me
| #endif
configure:2666: checking for a sed that does not truncate output
configure:2720: result: /bin/sed
configure:2723: checking for egrep
configure:2733: result: grep -E
configure:2749: checking for ld used by gcc
configure:2816: result: c:/mingw32/mingw32/bin/ld.exe
configure:2825: checking if the linker (c:/mingw32/mingw32/bin/ld.exe) is GNU ld
configure:2840: result: yes
configure:2845: checking for c:/mingw32/mingw32/bin/ld.exe option to reload object files
configure:2852: result: -r
configure:2870: checking for BSD-compatible nm
configure:2919: result: /mingw/bin/nm
configure:2923: checking whether ln -s works
configure:2927: result: yes
configure:2934: checking how to recognise dependent libraries
configure:3112: result: pass_all
configure:3380: checking for dlltool
configure:3396: found /mingw/bin/dlltool
configure:3407: result: dlltool
configure:3460: checking for as
configure:3476: found /mingw/bin/as
configure:3487: result: as
configure:3540: checking for objdump
configure:3556: found /mingw/bin/objdump
configure:3567: result: objdump
configure:3591: checking how to run the C preprocessor
configure:3626: gcc -E -I/c/onscripter/extlib/include    -D_GNU_SOURCE=1 conftest.c
configure:3632: $? = 0
configure:3664: gcc -E -I/c/onscripter/extlib/include    -D_GNU_SOURCE=1 conftest.c
conftest.c:9:28: error: ac_nonexistent.h: No such file or directory
configure:3670: $? = 1
configure: failed program was:
| /* confdefs.h.  */
| 
| #define PACKAGE_NAME ""
| #define PACKAGE_TARNAME ""
| #define PACKAGE_VERSION ""
| #define PACKAGE_STRING ""
| #define PACKAGE_BUGREPORT ""
| /* end confdefs.h.  */
| #include <ac_nonexistent.h>
configure:3709: result: gcc -E
configure:3733: gcc -E -I/c/onscripter/extlib/include    -D_GNU_SOURCE=1 conftest.c
configure:3739: $? = 0
configure:3771: gcc -E -I/c/onscripter/extlib/include    -D_GNU_SOURCE=1 conftest.c
conftest.c:9:28: error: ac_nonexistent.h: No such file or directory
configure:3777: $? = 1
configure: failed program was:
| /* confdefs.h.  */
| 
| #define PACKAGE_NAME ""
| #define PACKAGE_TARNAME ""
| #define PACKAGE_VERSION ""
| #define PACKAGE_STRING ""
| #define PACKAGE_BUGREPORT ""
| /* end confdefs.h.  */
| #include <ac_nonexistent.h>
configure:3821: checking for ANSI C header files
configure:3846: gcc -c -I/c/onscripter/extlib/include    -D_GNU_SOURCE=1 -I/c/onscripter/extlib/include    -D_GNU_SOURCE=1 conftest.c >&5
configure:3852: $? = 0
configure:3856: test -z 
			 || test ! -s conftest.err
configure:3859: $? = 0
configure:3862: test -s conftest.o
configure:3865: $? = 0
configure:3954: gcc -o conftest.exe -I/c/onscripter/extlib/include    -D_GNU_SOURCE=1 -I/c/onscripter/extlib/include    -D_GNU_SOURCE=1 -L/c/onscripter/extlib/lib    conftest.c  >&5
conftest.c: In function 'main':
conftest.c:26: warning: incompatible implicit declaration of built-in function 'exit'
configure:3957: $? = 0
configure:3959: ./conftest.exe
configure:3962: $? = 0
configure:3977: result: yes
configure:4001: checking for sys/types.h
configure:4017: gcc -c -I/c/onscripter/extlib/include    -D_GNU_SOURCE=1 -I/c/onscripter/extlib/include    -D_GNU_SOURCE=1 conftest.c >&5
configure:4023: $? = 0
configure:4027: test -z 
			 || test ! -s conftest.err
configure:4030: $? = 0
configure:4033: test -s conftest.o
configure:4036: $? = 0
configure:4047: result: yes
configure:4001: checking for sys/stat.h
configure:4017: gcc -c -I/c/onscripter/extlib/include    -D_GNU_SOURCE=1 -I/c/onscripter/extlib/include    -D_GNU_SOURCE=1 conftest.c >&5
configure:4023: $? = 0
configure:4027: test -z 
			 || test ! -s conftest.err
configure:4030: $? = 0
configure:4033: test -s conftest.o
configure:4036: $? = 0
configure:4047: result: yes
configure:4001: checking for stdlib.h
configure:4017: gcc -c -I/c/onscripter/extlib/include    -D_GNU_SOURCE=1 -I/c/onscripter/extlib/include    -D_GNU_SOURCE=1 conftest.c >&5
configure:4023: $? = 0
configure:4027: test -z 
			 || test ! -s conftest.err
configure:4030: $? = 0
configure:4033: test -s conftest.o
configure:4036: $? = 0
configure:4047: result: yes
configure:4001: checking for string.h
configure:4017: gcc -c -I/c/onscripter/extlib/include    -D_GNU_SOURCE=1 -I/c/onscripter/extlib/include    -D_GNU_SOURCE=1 conftest.c >&5
configure:4023: $? = 0
configure:4027: test -z 
			 || test ! -s conftest.err
configure:4030: $? = 0
configure:4033: test -s conftest.o
configure:4036: $? = 0
configure:4047: result: yes
configure:4001: checking for memory.h
configure:4017: gcc -c -I/c/onscripter/extlib/include    -D_GNU_SOURCE=1 -I/c/onscripter/extlib/include    -D_GNU_SOURCE=1 conftest.c >&5
configure:4023: $? = 0
configure:4027: test -z 
			 || test ! -s conftest.err
configure:4030: $? = 0
configure:4033: test -s conftest.o
configure:4036: $? = 0
configure:4047: result: yes
configure:4001: checking for strings.h
configure:4017: gcc -c -I/c/onscripter/extlib/include    -D_GNU_SOURCE=1 -I/c/onscripter/extlib/include    -D_GNU_SOURCE=1 conftest.c >&5
configure:4023: $? = 0
configure:4027: test -z 
			 || test ! -s conftest.err
configure:4030: $? = 0
configure:4033: test -s conftest.o
configure:4036: $? = 0
configure:4047: result: yes
configure:4001: checking for inttypes.h
configure:4017: gcc -c -I/c/onscripter/extlib/include    -D_GNU_SOURCE=1 -I/c/onscripter/extlib/include    -D_GNU_SOURCE=1 conftest.c >&5
configure:4023: $? = 0
configure:4027: test -z 
			 || test ! -s conftest.err
configure:4030: $? = 0
configure:4033: test -s conftest.o
configure:4036: $? = 0
configure:4047: result: yes
configure:4001: checking for stdint.h
configure:4017: gcc -c -I/c/onscripter/extlib/include    -D_GNU_SOURCE=1 -I/c/onscripter/extlib/include    -D_GNU_SOURCE=1 conftest.c >&5
configure:4023: $? = 0
configure:4027: test -z 
			 || test ! -s conftest.err
configure:4030: $? = 0
configure:4033: test -s conftest.o
configure:4036: $? = 0
configure:4047: result: yes
configure:4001: checking for unistd.h
configure:4017: gcc -c -I/c/onscripter/extlib/include    -D_GNU_SOURCE=1 -I/c/onscripter/extlib/include    -D_GNU_SOURCE=1 conftest.c >&5
configure:4023: $? = 0
configure:4027: test -z 
			 || test ! -s conftest.err
configure:4030: $? = 0
configure:4033: test -s conftest.o
configure:4036: $? = 0
configure:4047: result: yes
configure:4073: checking dlfcn.h usability
configure:4085: gcc -c -I/c/onscripter/extlib/include    -D_GNU_SOURCE=1 -I/c/onscripter/extlib/include    -D_GNU_SOURCE=1 conftest.c >&5
conftest.c:53:19: error: dlfcn.h: No such file or directory
configure:4091: $? = 1
configure: failed program was:
| /* confdefs.h.  */
| 
| #define PACKAGE_NAME ""
| #define PACKAGE_TARNAME ""
| #define PACKAGE_VERSION ""
| #define PACKAGE_STRING ""
| #define PACKAGE_BUGREPORT ""
| #define STDC_HEADERS 1
| #define HAVE_SYS_TYPES_H 1
| #define HAVE_SYS_STAT_H 1
| #define HAVE_STDLIB_H 1
| #define HAVE_STRING_H 1
| #define HAVE_MEMORY_H 1
| #define HAVE_STRINGS_H 1
| #define HAVE_INTTYPES_H 1
| #define HAVE_STDINT_H 1
| #define HAVE_UNISTD_H 1
| /* end confdefs.h.  */
| #include <stdio.h>
| #if HAVE_SYS_TYPES_H
| # include <sys/types.h>
| #endif
| #if HAVE_SYS_STAT_H
| # include <sys/stat.h>
| #endif
| #if STDC_HEADERS
| # include <stdlib.h>
| # include <stddef.h>
| #else
| # if HAVE_STDLIB_H
| #  include <stdlib.h>
| # endif
| #endif
| #if HAVE_STRING_H
| # if !STDC_HEADERS && HAVE_MEMORY_H
| #  include <memory.h>
| # endif
| # include <string.h>
| #endif
| #if HAVE_STRINGS_H
| # include <strings.h>
| #endif
| #if HAVE_INTTYPES_H
| # include <inttypes.h>
| #else
| # if HAVE_STDINT_H
| #  include <stdint.h>
| # endif
| #endif
| #if HAVE_UNISTD_H
| # include <unistd.h>
| #endif
| #include <dlfcn.h>
configure:4114: result: no
configure:4118: checking dlfcn.h presence
configure:4128: gcc -E -I/c/onscripter/extlib/include    -D_GNU_SOURCE=1 conftest.c
conftest.c:19:19: error: dlfcn.h: No such file or directory
configure:4134: $? = 1
configure: failed program was:
| /* confdefs.h.  */
| 
| #define PACKAGE_NAME ""
| #define PACKAGE_TARNAME ""
| #define PACKAGE_VERSION ""
| #define PACKAGE_STRING ""
| #define PACKAGE_BUGREPORT ""
| #define STDC_HEADERS 1
| #define HAVE_SYS_TYPES_H 1
| #define HAVE_SYS_STAT_H 1
| #define HAVE_STDLIB_H 1
| #define HAVE_STRING_H 1
| #define HAVE_MEMORY_H 1
| #define HAVE_STRINGS_H 1
| #define HAVE_INTTYPES_H 1
| #define HAVE_STDINT_H 1
| #define HAVE_UNISTD_H 1
| /* end confdefs.h.  */
| #include <dlfcn.h>
configure:4154: result: no
configure:4189: checking for dlfcn.h
configure:4196: result: no
configure:4303: checking for C++ compiler version
configure:4306: g++ --version </dev/null >&5
g++.exe (TDM-1 mingw32) 4.4.0
Copyright (C) 2009 Free Software Foundation, Inc.
This is free software; see the source for copying conditions.  There is NO
warranty; not even for MERCHANTABILITY or FITNESS FOR A PARTICULAR PURPOSE.

configure:4309: $? = 0
configure:4311: g++ -v </dev/null >&5
Using built-in specs.
Target: mingw32
Configured with: ../gcc-4.4.0/configure --prefix=/mingw --build=mingw32 --enable-languages=c,ada,c++,fortran,objc,obj-c++ --disable-nls --disable-win32-registry --disable-werror --enable-threads --disable-symvers --enable-cxx-flags='-fno-function-sections -fno-data-sections' --enable-fully-dynamic-string --enable-libgomp --enable-version-specific-runtime-libs --enable-sjlj-exceptions --with-pkgversion='TDM-1 mingw32' --with-bugurl=http://www.tdragon.net/recentgcc/bugs.php
Thread model: win32
gcc version 4.4.0 (TDM-1 mingw32) 
configure:4314: $? = 0
configure:4316: g++ -V </dev/null >&5
g++.exe: '-V' option must have argument
configure:4319: $? = 1
configure:4322: checking whether we are using the GNU C++ compiler
configure:4346: g++ -c  -I/c/onscripter/extlib/include    -D_GNU_SOURCE=1 conftest.cc >&5
configure:4352: $? = 0
configure:4356: test -z 
			 || test ! -s conftest.err
configure:4359: $? = 0
configure:4362: test -s conftest.o
configure:4365: $? = 0
configure:4378: result: yes
configure:4384: checking whether g++ accepts -g
configure:4405: g++ -c -g -I/c/onscripter/extlib/include    -D_GNU_SOURCE=1 conftest.cc >&5
configure:4411: $? = 0
configure:4415: test -z 
			 || test ! -s conftest.err
configure:4418: $? = 0
configure:4421: test -s conftest.o
configure:4424: $? = 0
configure:4435: result: yes
configure:4477: g++ -c -g -O2 -I/c/onscripter/extlib/include    -D_GNU_SOURCE=1 conftest.cc >&5
configure:4483: $? = 0
configure:4487: test -z 
			 || test ! -s conftest.err
configure:4490: $? = 0
configure:4493: test -s conftest.o
configure:4496: $? = 0
configure:4522: g++ -c -g -O2 -I/c/onscripter/extlib/include    -D_GNU_SOURCE=1 conftest.cc >&5
conftest.cc: In function 'int main()':
conftest.cc:23: error: 'exit' was not declared in this scope
configure:4528: $? = 1
configure: failed program was:
| /* confdefs.h.  */
| 
| #define PACKAGE_NAME ""
| #define PACKAGE_TARNAME ""
| #define PACKAGE_VERSION ""
| #define PACKAGE_STRING ""
| #define PACKAGE_BUGREPORT ""
| #define STDC_HEADERS 1
| #define HAVE_SYS_TYPES_H 1
| #define HAVE_SYS_STAT_H 1
| #define HAVE_STDLIB_H 1
| #define HAVE_STRING_H 1
| #define HAVE_MEMORY_H 1
| #define HAVE_STRINGS_H 1
| #define HAVE_INTTYPES_H 1
| #define HAVE_STDINT_H 1
| #define HAVE_UNISTD_H 1
| /* end confdefs.h.  */
| 
| int
| main ()
| {
| exit (42);
|   ;
|   return 0;
| }
configure:4477: g++ -c -g -O2 -I/c/onscripter/extlib/include    -D_GNU_SOURCE=1 conftest.cc >&5
conftest.cc:19: error: 'void std::exit(int)' should have been declared inside 'std'
In file included from conftest.cc:20:
c:\mingw32\bin\../lib/gcc/mingw32/4.4.0/../../../../include/stdlib.h:367: error: declaration of 'void std::exit(int)' throws different exceptions
conftest.cc:19: error: from previous declaration 'void std::exit(int) throw ()'
configure:4483: $? = 1
configure: failed program was:
| /* confdefs.h.  */
| 
| #define PACKAGE_NAME ""
| #define PACKAGE_TARNAME ""
| #define PACKAGE_VERSION ""
| #define PACKAGE_STRING ""
| #define PACKAGE_BUGREPORT ""
| #define STDC_HEADERS 1
| #define HAVE_SYS_TYPES_H 1
| #define HAVE_SYS_STAT_H 1
| #define HAVE_STDLIB_H 1
| #define HAVE_STRING_H 1
| #define HAVE_MEMORY_H 1
| #define HAVE_STRINGS_H 1
| #define HAVE_INTTYPES_H 1
| #define HAVE_STDINT_H 1
| #define HAVE_UNISTD_H 1
| /* end confdefs.h.  */
| extern "C" void std::exit (int) throw (); using std::exit;
| #include <stdlib.h>
| int
| main ()
| {
| exit (42);
|   ;
|   return 0;
| }
configure:4477: g++ -c -g -O2 -I/c/onscripter/extlib/include    -D_GNU_SOURCE=1 conftest.cc >&5
conftest.cc:19: error: 'void std::exit(int)' should have been declared inside 'std'
configure:4483: $? = 1
configure: failed program was:
| /* confdefs.h.  */
| 
| #define PACKAGE_NAME ""
| #define PACKAGE_TARNAME ""
| #define PACKAGE_VERSION ""
| #define PACKAGE_STRING ""
| #define PACKAGE_BUGREPORT ""
| #define STDC_HEADERS 1
| #define HAVE_SYS_TYPES_H 1
| #define HAVE_SYS_STAT_H 1
| #define HAVE_STDLIB_H 1
| #define HAVE_STRING_H 1
| #define HAVE_MEMORY_H 1
| #define HAVE_STRINGS_H 1
| #define HAVE_INTTYPES_H 1
| #define HAVE_STDINT_H 1
| #define HAVE_UNISTD_H 1
| /* end confdefs.h.  */
| extern "C" void std::exit (int); using std::exit;
| #include <stdlib.h>
| int
| main ()
| {
| exit (42);
|   ;
|   return 0;
| }
configure:4477: g++ -c -g -O2 -I/c/onscripter/extlib/include    -D_GNU_SOURCE=1 conftest.cc >&5
In file included from conftest.cc:20:
c:\mingw32\bin\../lib/gcc/mingw32/4.4.0/../../../../include/stdlib.h:367: error: declaration of 'void exit(int)' throws different exceptions
conftest.cc:19: error: from previous declaration 'void exit(int) throw ()'
configure:4483: $? = 1
configure: failed program was:
| /* confdefs.h.  */
| 
| #define PACKAGE_NAME ""
| #define PACKAGE_TARNAME ""
| #define PACKAGE_VERSION ""
| #define PACKAGE_STRING ""
| #define PACKAGE_BUGREPORT ""
| #define STDC_HEADERS 1
| #define HAVE_SYS_TYPES_H 1
| #define HAVE_SYS_STAT_H 1
| #define HAVE_STDLIB_H 1
| #define HAVE_STRING_H 1
| #define HAVE_MEMORY_H 1
| #define HAVE_STRINGS_H 1
| #define HAVE_INTTYPES_H 1
| #define HAVE_STDINT_H 1
| #define HAVE_UNISTD_H 1
| /* end confdefs.h.  */
| extern "C" void exit (int) throw ();
| #include <stdlib.h>
| int
| main ()
| {
| exit (42);
|   ;
|   return 0;
| }
configure:4477: g++ -c -g -O2 -I/c/onscripter/extlib/include    -D_GNU_SOURCE=1 conftest.cc >&5
configure:4483: $? = 0
configure:4487: test -z 
			 || test ! -s conftest.err
configure:4490: $? = 0
configure:4493: test -s conftest.o
configure:4496: $? = 0
configure:4522: g++ -c -g -O2 -I/c/onscripter/extlib/include    -D_GNU_SOURCE=1 conftest.cc >&5
configure:4528: $? = 0
configure:4532: test -z 
			 || test ! -s conftest.err
configure:4535: $? = 0
configure:4538: test -s conftest.o
configure:4541: $? = 0
configure:4574: checking how to run the C++ preprocessor
configure:4605: g++ -E -I/c/onscripter/extlib/include    -D_GNU_SOURCE=1 conftest.cc
configure:4611: $? = 0
configure:4643: g++ -E -I/c/onscripter/extlib/include    -D_GNU_SOURCE=1 conftest.cc
conftest.cc:22:28: error: ac_nonexistent.h: No such file or directory
configure:4649: $? = 1
configure: failed program was:
| /* confdefs.h.  */
| 
| #define PACKAGE_NAME ""
| #define PACKAGE_TARNAME ""
| #define PACKAGE_VERSION ""
| #define PACKAGE_STRING ""
| #define PACKAGE_BUGREPORT ""
| #define STDC_HEADERS 1
| #define HAVE_SYS_TYPES_H 1
| #define HAVE_SYS_STAT_H 1
| #define HAVE_STDLIB_H 1
| #define HAVE_STRING_H 1
| #define HAVE_MEMORY_H 1
| #define HAVE_STRINGS_H 1
| #define HAVE_INTTYPES_H 1
| #define HAVE_STDINT_H 1
| #define HAVE_UNISTD_H 1
| #ifdef __cplusplus
| extern "C" void exit (int);
| #endif
| /* end confdefs.h.  */
| #include <ac_nonexistent.h>
configure:4688: result: g++ -E
configure:4712: g++ -E -I/c/onscripter/extlib/include    -D_GNU_SOURCE=1 conftest.cc
configure:4718: $? = 0
configure:4750: g++ -E -I/c/onscripter/extlib/include    -D_GNU_SOURCE=1 conftest.cc
conftest.cc:22:28: error: ac_nonexistent.h: No such file or directory
configure:4756: $? = 1
configure: failed program was:
| /* confdefs.h.  */
| 
| #define PACKAGE_NAME ""
| #define PACKAGE_TARNAME ""
| #define PACKAGE_VERSION ""
| #define PACKAGE_STRING ""
| #define PACKAGE_BUGREPORT ""
| #define STDC_HEADERS 1
| #define HAVE_SYS_TYPES_H 1
| #define HAVE_SYS_STAT_H 1
| #define HAVE_STDLIB_H 1
| #define HAVE_STRING_H 1
| #define HAVE_MEMORY_H 1
| #define HAVE_STRINGS_H 1
| #define HAVE_INTTYPES_H 1
| #define HAVE_STDINT_H 1
| #define HAVE_UNISTD_H 1
| #ifdef __cplusplus
| extern "C" void exit (int);
| #endif
| /* end confdefs.h.  */
| #include <ac_nonexistent.h>
configure:4853: checking for g77
configure:4882: result: no
configure:4853: checking for f77
configure:4882: result: no
configure:4853: checking for xlf
configure:4882: result: no
configure:4853: checking for frt
configure:4882: result: no
configure:4853: checking for pgf77
configure:4882: result: no
configure:4853: checking for fort77
configure:4882: result: no
configure:4853: checking for fl32
configure:4882: result: no
configure:4853: checking for af77
configure:4882: result: no
configure:4853: checking for f90
configure:4882: result: no
configure:4853: checking for xlf90
configure:4882: result: no
configure:4853: checking for pgf90
configure:4882: result: no
configure:4853: checking for epcf90
configure:4882: result: no
configure:4853: checking for f95
configure:4882: result: no
configure:4853: checking for fort
configure:4882: result: no
configure:4853: checking for xlf95
configure:4882: result: no
configure:4853: checking for ifc
configure:4882: result: no
configure:4853: checking for efc
configure:4882: result: no
configure:4853: checking for pgf95
configure:4882: result: no
configure:4853: checking for lf95
configure:4882: result: no
configure:4853: checking for gfortran
configure:4882: result: no
configure:4894: checking for Fortran 77 compiler version
configure:4897:  --version </dev/null >&5
./configure: line 4898: --version: command not found
configure:4900: $? = 127
configure:4902:  -v </dev/null >&5
./configure: line 4903: -v: command not found
configure:4905: $? = 127
configure:4907:  -V </dev/null >&5
./configure: line 4908: -V: command not found
configure:4910: $? = 127
configure:4918: checking whether we are using the GNU Fortran 77 compiler
configure:4932:  -c  conftest.F >&5
./configure: line 4933: -c: command not found
configure:4938: $? = 127
configure: failed program was:
|       program main
| #ifndef __GNUC__
|        choke me
| #endif
| 
|       end
configure:4964: result: no
configure:4970: checking whether  accepts -g
configure:4982:  -c -g conftest.f >&5
./configure: line 4983: -c: command not found
configure:4988: $? = 127
configure: failed program was:
|       program main
| 
|       end
configure:5013: result: no
configure:5043: checking the maximum length of command line arguments
configure:5158: result: 8192
configure:5169: checking command to parse /mingw/bin/nm output from gcc object
configure:5274: gcc -c -I/c/onscripter/extlib/include    -D_GNU_SOURCE=1 -I/c/onscripter/extlib/include    -D_GNU_SOURCE=1 conftest.c >&5
configure:5277: $? = 0
configure:5281: /mingw/bin/nm conftest.o \| sed -n -e 's/^.*[ 	]\([ABCDGIRSTW][ABCDGIRSTW]*\)[ 	][ 	]*\([_A-Za-z][_A-Za-z0-9]*\)\{0,1\}$/\1 \2 \2/p' \> conftest.nm
configure:5284: $? = 0
cannot find nm_test_var in conftest.nm
configure:5274: gcc -c -I/c/onscripter/extlib/include    -D_GNU_SOURCE=1 -I/c/onscripter/extlib/include    -D_GNU_SOURCE=1 conftest.c >&5
configure:5277: $? = 0
configure:5281: /mingw/bin/nm conftest.o \| sed -n -e 's/^.*[ 	]\([ABCDGIRSTW][ABCDGIRSTW]*\)[ 	][ 	]*_\([_A-Za-z][_A-Za-z0-9]*\)\{0,1\}$/\1 _\2 \2/p' \> conftest.nm
configure:5284: $? = 0
configure:5336: gcc -o conftest.exe -I/c/onscripter/extlib/include    -D_GNU_SOURCE=1 -I/c/onscripter/extlib/include    -D_GNU_SOURCE=1 -L/c/onscripter/extlib/lib    conftest.c conftstm.o >&5
configure:5339: $? = 0
configure:5377: result: ok
configure:5381: checking for objdir
configure:5396: result: .libs
configure:5486: checking for ar
configure:5513: result: ar
configure:5566: checking for ranlib
configure:5593: result: ranlib
configure:5646: checking for strip
configure:5662: found /mingw/bin/strip
configure:5673: result: strip
configure:5949: checking if gcc supports -fno-rtti -fno-exceptions
configure:5967: gcc -c -I/c/onscripter/extlib/include    -D_GNU_SOURCE=1 -I/c/onscripter/extlib/include    -D_GNU_SOURCE=1 -fno-rtti -fno-exceptions conftest.c >&5
cc1.exe: warning: command line option "-fno-rtti" is valid for C++/ObjC++ but not for C
configure:5971: $? = 0
configure:5984: result: no
configure:5999: checking for gcc option to produce PIC
configure:6209: result: -DDLL_EXPORT
configure:6217: checking if gcc PIC flag -DDLL_EXPORT works
configure:6235: gcc -c -I/c/onscripter/extlib/include    -D_GNU_SOURCE=1 -I/c/onscripter/extlib/include    -D_GNU_SOURCE=1 -DDLL_EXPORT -DPIC conftest.c >&5
configure:6239: $? = 0
configure:6252: result: yes
configure:6280: checking if gcc static flag -static works
configure:6308: result: yes
configure:6318: checking if gcc supports -c -o file.o
configure:6339: gcc -c -I/c/onscripter/extlib/include    -D_GNU_SOURCE=1 -I/c/onscripter/extlib/include    -D_GNU_SOURCE=1 -o out/conftest2.o conftest.c >&5
configure:6343: $? = 0
configure:6365: result: yes
configure:6391: checking whether the gcc linker (c:/mingw32/mingw32/bin/ld.exe) supports shared libraries
configure:7349: result: yes
configure:7416: checking dynamic linker characteristics
configure:8006: result: Win32 ld.exe
configure:8015: checking how to hardcode library paths into programs
configure:8040: result: immediate
configure:8054: checking whether stripping libraries is possible
configure:8059: result: yes
configure:8893: checking if libtool supports shared libraries
configure:8895: result: yes
configure:8898: checking whether to build shared libraries
configure:8919: result: no
configure:8922: checking whether to build static libraries
configure:8926: result: yes
configure:9018: creating libtool
configure:9606: checking for ld used by g++
configure:9673: result: c:/mingw32/mingw32/bin/ld.exe
configure:9682: checking if the linker (c:/mingw32/mingw32/bin/ld.exe) is GNU ld
configure:9697: result: yes
configure:9748: checking whether the g++ linker (c:/mingw32/mingw32/bin/ld.exe) supports shared libraries
configure:10686: result: yes
configure:10708: g++ -c -g -O2 -I/c/onscripter/extlib/include    -D_GNU_SOURCE=1 conftest.cpp >&5
configure:10711: $? = 0
configure:10830: checking for g++ option to produce PIC
configure:11104: result: -DDLL_EXPORT
configure:11112: checking if g++ PIC flag -DDLL_EXPORT works
configure:11130: g++ -c -g -O2 -I/c/onscripter/extlib/include    -D_GNU_SOURCE=1 -DDLL_EXPORT -DPIC conftest.cpp >&5
configure:11134: $? = 0
configure:11147: result: yes
configure:11175: checking if g++ static flag -static works
configure:11203: result: yes
configure:11213: checking if g++ supports -c -o file.o
configure:11234: g++ -c -g -O2 -I/c/onscripter/extlib/include    -D_GNU_SOURCE=1 -o out/conftest2.o conftest.cpp >&5
configure:11238: $? = 0
configure:11260: result: yes
configure:11286: checking whether the g++ linker (c:/mingw32/mingw32/bin/ld.exe) supports shared libraries
configure:11311: result: yes
configure:11378: checking dynamic linker characteristics
configure:11968: result: Win32 ld.exe
configure:11977: checking how to hardcode library paths into programs
configure:12002: result: immediate
configure:18206: checking for gcc
configure:18232: result: gcc
configure:18476: checking for C compiler version
configure:18479: gcc --version </dev/null >&5
gcc.exe (TDM-1 mingw32) 4.4.0
Copyright (C) 2009 Free Software Foundation, Inc.
This is free software; see the source for copying conditions.  There is NO
warranty; not even for MERCHANTABILITY or FITNESS FOR A PARTICULAR PURPOSE.

configure:18482: $? = 0
configure:18484: gcc -v </dev/null >&5
Using built-in specs.
Target: mingw32
Configured with: ../gcc-4.4.0/configure --prefix=/mingw --build=mingw32 --enable-languages=c,ada,c++,fortran,objc,obj-c++ --disable-nls --disable-win32-registry --disable-werror --enable-threads --disable-symvers --enable-cxx-flags='-fno-function-sections -fno-data-sections' --enable-fully-dynamic-string --enable-libgomp --enable-version-specific-runtime-libs --enable-sjlj-exceptions --with-pkgversion='TDM-1 mingw32' --with-bugurl=http://www.tdragon.net/recentgcc/bugs.php
Thread model: win32
gcc version 4.4.0 (TDM-1 mingw32) 
configure:18487: $? = 0
configure:18489: gcc -V </dev/null >&5
gcc.exe: '-V' option must have argument
configure:18492: $? = 1
configure:18495: checking whether we are using the GNU C compiler
configure:18551: result: yes
configure:18557: checking whether gcc accepts -g
configure:18608: result: yes
configure:18625: checking for gcc option to accept ANSI C
configure:18732: result: none needed
configure:18750: gcc -c -I/c/onscripter/extlib/include    -D_GNU_SOURCE=1 -I/c/onscripter/extlib/include    -D_GNU_SOURCE=1 conftest.c >&5
conftest.c:2: error: expected '=', ',', ';', 'asm' or '__attribute__' before 'me'
configure:18756: $? = 1
configure: failed program was:
| #ifndef __cplusplus
|   choke me
| #endif
configure:18902: checking for a BSD-compatible install
configure:18957: result: /bin/install -c
configure:18968: checking whether make sets $(MAKE)
configure:18988: result: yes
configure:19006: checking for windres
configure:19022: found /mingw/bin/windres
configure:19032: result: windres
configure:19043: checking for an ANSI C-conforming const
configure:19110: gcc -c -I/c/onscripter/extlib/include    -D_GNU_SOURCE=1 -I/c/onscripter/extlib/include    -D_GNU_SOURCE=1 conftest.c >&5
configure:19116: $? = 0
configure:19120: test -z 
			 || test ! -s conftest.err
configure:19123: $? = 0
configure:19126: test -s conftest.o
configure:19129: $? = 0
configure:19140: result: yes
configure:19237: checking for sdl-config
configure:19255: found /c/onscripter/extlib/bin/sdl-config
configure:19268: result: /c/onscripter/extlib/bin/sdl-config
configure:19276: checking for SDL - version >= 1.2.10
configure:19368: gcc -o conftest.exe -I/c/onscripter/extlib/include    -D_GNU_SOURCE=1 -I/c/onscripter/extlib/include/SDL -D_GNU_SOURCE=1 -Dmain=SDL_main -I/c/onscripter/extlib/include    -D_GNU_SOURCE=1 -L/c/onscripter/extlib/lib    conftest.c  -L/c/onscripter/extlib/lib -lmingw32 -lSDLmain -lSDL -mwindows -lwinmm >&5
configure:19371: $? = 0
configure:19373: ./conftest.exe
configure:19376: $? = 0
configure:19395: result: yes
configure:19982: checking vorbis/vorbisfile.h usability
configure:19994: gcc -c -I/c/onscripter/extlib/include    -D_GNU_SOURCE=1 -I/c/onscripter/extlib/include    -D_GNU_SOURCE=1 conftest.c >&5
configure:20000: $? = 0
configure:20004: test -z 
			 || test ! -s conftest.err
configure:20007: $? = 0
configure:20010: test -s conftest.o
configure:20013: $? = 0
configure:20023: result: yes
configure:20027: checking vorbis/vorbisfile.h presence
configure:20037: gcc -E -I/c/onscripter/extlib/include    -D_GNU_SOURCE=1 conftest.c
configure:20043: $? = 0
configure:20063: result: yes
configure:20098: checking for vorbis/vorbisfile.h
configure:20105: result: yes
configure:20114: checking for ov_open_callbacks in -lvorbisfile
configure:20144: gcc -o conftest.exe -I/c/onscripter/extlib/include    -D_GNU_SOURCE=1 -I/c/onscripter/extlib/include    -D_GNU_SOURCE=1 -L/c/onscripter/extlib/lib    conftest.c -lvorbisfile   >&5
c:/onscripter/extlib/lib/libvorbisfile.a(vorbisfile.o):vorbisfile.c:(.text+0x394): undefined reference to `ogg_sync_buffer'
c:/onscripter/extlib/lib/libvorbisfile.a(vorbisfile.o):vorbisfile.c:(.text+0x3c6): undefined reference to `ogg_sync_wrote'
c:/onscripter/extlib/lib/libvorbisfile.a(vorbisfile.o):vorbisfile.c:(.text+0x478): undefined reference to `ogg_sync_pageseek'
c:/onscripter/extlib/lib/libvorbisfile.a(vorbisfile.o):vorbisfile.c:(.text+0x4ca): undefined reference to `ogg_sync_pageseek'
c:/onscripter/extlib/lib/libvorbisfile.a(vorbisfile.o):vorbisfile.c:(.text+0x508): undefined reference to `ogg_sync_pageseek'
c:/onscripter/extlib/lib/libvorbisfile.a(vorbisfile.o):vorbisfile.c:(.text+0x5ab): undefined reference to `vorbis_dsp_clear'
c:/onscripter/extlib/lib/libvorbisfile.a(vorbisfile.o):vorbisfile.c:(.text+0x5b9): undefined reference to `vorbis_block_clear'
c:/onscripter/extlib/lib/libvorbisfile.a(vorbisfile.o):vorbisfile.c:(.text+0x631): undefined reference to `ogg_sync_reset'
c:/onscripter/extlib/lib/libvorbisfile.a(vorbisfile.o):vorbisfile.c:(.text+0x6ae): undefined reference to `ogg_stream_reset_serialno'
c:/onscripter/extlib/lib/libvorbisfile.a(vorbisfile.o):vorbisfile.c:(.text+0x6bc): undefined reference to `vorbis_synthesis_restart'
c:/onscripter/extlib/lib/libvorbisfile.a(vorbisfile.o):vorbisfile.c:(.text+0x6e4): undefined reference to `ogg_stream_init'
c:/onscripter/extlib/lib/libvorbisfile.a(vorbisfile.o):vorbisfile.c:(.text+0x6f2): undefined reference to `ogg_stream_reset'
c:/onscripter/extlib/lib/libvorbisfile.a(vorbisfile.o):vorbisfile.c:(.text+0x75c): undefined reference to `ogg_page_serialno'
c:/onscripter/extlib/lib/libvorbisfile.a(vorbisfile.o):vorbisfile.c:(.text+0x7a0): undefined reference to `ogg_stream_reset_serialno'
c:/onscripter/extlib/lib/libvorbisfile.a(vorbisfile.o):vorbisfile.c:(.text+0x7b8): undefined reference to `ogg_stream_reset_serialno'
c:/onscripter/extlib/lib/libvorbisfile.a(vorbisfile.o):vorbisfile.c:(.text+0x7d1): undefined reference to `ogg_stream_pagein'
c:/onscripter/extlib/lib/libvorbisfile.a(vorbisfile.o):vorbisfile.c:(.text+0x7e3): undefined reference to `ogg_stream_pagein'
c:/onscripter/extlib/lib/libvorbisfile.a(vorbisfile.o):vorbisfile.c:(.text+0x7eb): undefined reference to `ogg_page_eos'
c:/onscripter/extlib/lib/libvorbisfile.a(vorbisfile.o):vorbisfile.c:(.text+0x80b): undefined reference to `ogg_stream_packetout'
c:/onscripter/extlib/lib/libvorbisfile.a(vorbisfile.o):vorbisfile.c:(.text+0x835): undefined reference to `vorbis_packet_blocksize'
c:/onscripter/extlib/lib/libvorbisfile.a(vorbisfile.o):vorbisfile.c:(.text+0x970): undefined reference to `ogg_stream_clear'
c:/onscripter/extlib/lib/libvorbisfile.a(vorbisfile.o):vorbisfile.c:(.text+0x99e): undefined reference to `ogg_page_serialno'
c:/onscripter/extlib/lib/libvorbisfile.a(vorbisfile.o):vorbisfile.c:(.text+0x9aa): undefined reference to `ogg_page_bos'
c:/onscripter/extlib/lib/libvorbisfile.a(vorbisfile.o):vorbisfile.c:(.text+0x9e4): undefined reference to `ogg_stream_clear'
c:/onscripter/extlib/lib/libvorbisfile.a(vorbisfile.o):vorbisfile.c:(.text+0xa31): undefined reference to `ogg_stream_packetout'
c:/onscripter/extlib/lib/libvorbisfile.a(vorbisfile.o):vorbisfile.c:(.text+0xa4c): undefined reference to `ogg_stream_packetout'
c:/onscripter/extlib/lib/libvorbisfile.a(vorbisfile.o):vorbisfile.c:(.text+0xa69): undefined reference to `ogg_stream_packetout'
c:/onscripter/extlib/lib/libvorbisfile.a(vorbisfile.o):vorbisfile.c:(.text+0xa8a): undefined reference to `ogg_stream_clear'
c:/onscripter/extlib/lib/libvorbisfile.a(vorbisfile.o):vorbisfile.c:(.text+0xb0e): undefined reference to `vorbis_block_clear'
c:/onscripter/extlib/lib/libvorbisfile.a(vorbisfile.o):vorbisfile.c:(.text+0xb1c): undefined reference to `vorbis_dsp_clear'
c:/onscripter/extlib/lib/libvorbisfile.a(vorbisfile.o):vorbisfile.c:(.text+0xb27): undefined reference to `ogg_stream_clear'
c:/onscripter/extlib/lib/libvorbisfile.a(vorbisfile.o):vorbisfile.c:(.text+0xb7b): undefined reference to `ogg_sync_clear'
c:/onscripter/extlib/lib/libvorbisfile.a(vorbisfile.o):vorbisfile.c:(.text+0xbbe): undefined reference to `vorbis_info_clear'
c:/onscripter/extlib/lib/libvorbisfile.a(vorbisfile.o):vorbisfile.c:(.text+0xbcb): undefined reference to `vorbis_comment_clear'
c:/onscripter/extlib/lib/libvorbisfile.a(vorbisfile.o):vorbisfile.c:(.text+0xc4a): undefined reference to `vorbis_synthesis_halfrate'
c:/onscripter/extlib/lib/libvorbisfile.a(vorbisfile.o):vorbisfile.c:(.text+0xcc1): undefined reference to `vorbis_synthesis_halfrate'
c:/onscripter/extlib/lib/libvorbisfile.a(vorbisfile.o):vorbisfile.c:(.text+0x1144): undefined reference to `ogg_sync_pageseek'
c:/onscripter/extlib/lib/libvorbisfile.a(vorbisfile.o):vorbisfile.c:(.text+0x1184): undefined reference to `ogg_sync_pageseek'
c:/onscripter/extlib/lib/libvorbisfile.a(vorbisfile.o):vorbisfile.c:(.text+0x11c8): undefined reference to `ogg_page_bos'
c:/onscripter/extlib/lib/libvorbisfile.a(vorbisfile.o):vorbisfile.c:(.text+0x11e8): undefined reference to `ogg_page_serialno'
c:/onscripter/extlib/lib/libvorbisfile.a(vorbisfile.o):vorbisfile.c:(.text+0x121c): undefined reference to `ogg_page_serialno'
c:/onscripter/extlib/lib/libvorbisfile.a(vorbisfile.o):vorbisfile.c:(.text+0x126c): undefined reference to `ogg_sync_pageseek'
c:/onscripter/extlib/lib/libvorbisfile.a(vorbisfile.o):vorbisfile.c:(.text+0x1389): undefined reference to `ogg_sync_reset'
c:/onscripter/extlib/lib/libvorbisfile.a(vorbisfile.o):vorbisfile.c:(.text+0x1527): undefined reference to `ogg_sync_reset'
c:/onscripter/extlib/lib/libvorbisfile.a(vorbisfile.o):vorbisfile.c:(.text+0x1534): undefined reference to `ogg_sync_pageseek'
c:/onscripter/extlib/lib/libvorbisfile.a(vorbisfile.o):vorbisfile.c:(.text+0x1590): undefined reference to `ogg_page_serialno'
c:/onscripter/extlib/lib/libvorbisfile.a(vorbisfile.o):vorbisfile.c:(.text+0x168f): undefined reference to `vorbis_info_init'
c:/onscripter/extlib/lib/libvorbisfile.a(vorbisfile.o):vorbisfile.c:(.text+0x169a): undefined reference to `vorbis_comment_init'
c:/onscripter/extlib/lib/libvorbisfile.a(vorbisfile.o):vorbisfile.c:(.text+0x16ab): undefined reference to `ogg_page_bos'
c:/onscripter/extlib/lib/libvorbisfile.a(vorbisfile.o):vorbisfile.c:(.text+0x16bb): undefined reference to `ogg_page_serialno'
c:/onscripter/extlib/lib/libvorbisfile.a(vorbisfile.o):vorbisfile.c:(.text+0x16ca): undefined reference to `ogg_stream_reset_serialno'
c:/onscripter/extlib/lib/libvorbisfile.a(vorbisfile.o):vorbisfile.c:(.text+0x16d9): undefined reference to `ogg_stream_pagein'
c:/onscripter/extlib/lib/libvorbisfile.a(vorbisfile.o):vorbisfile.c:(.text+0x16eb): undefined reference to `ogg_stream_packetout'
c:/onscripter/extlib/lib/libvorbisfile.a(vorbisfile.o):vorbisfile.c:(.text+0x16fa): undefined reference to `vorbis_synthesis_idheader'
c:/onscripter/extlib/lib/libvorbisfile.a(vorbisfile.o):vorbisfile.c:(.text+0x1758): undefined reference to `ogg_sync_pageseek'
c:/onscripter/extlib/lib/libvorbisfile.a(vorbisfile.o):vorbisfile.c:(.text+0x178b): undefined reference to `ogg_sync_pageseek'
c:/onscripter/extlib/lib/libvorbisfile.a(vorbisfile.o):vorbisfile.c:(.text+0x17cc): undefined reference to `ogg_page_bos'
c:/onscripter/extlib/lib/libvorbisfile.a(vorbisfile.o):vorbisfile.c:(.text+0x17e7): undefined reference to `vorbis_info_clear'
c:/onscripter/extlib/lib/libvorbisfile.a(vorbisfile.o):vorbisfile.c:(.text+0x17f2): undefined reference to `vorbis_comment_clear'
c:/onscripter/extlib/lib/libvorbisfile.a(vorbisfile.o):vorbisfile.c:(.text+0x182a): undefined reference to `ogg_sync_pageseek'
c:/onscripter/extlib/lib/libvorbisfile.a(vorbisfile.o):vorbisfile.c:(.text+0x188e): undefined reference to `vorbis_synthesis_headerin'
c:/onscripter/extlib/lib/libvorbisfile.a(vorbisfile.o):vorbisfile.c:(.text+0x18c4): undefined reference to `vorbis_synthesis_headerin'
c:/onscripter/extlib/lib/libvorbisfile.a(vorbisfile.o):vorbisfile.c:(.text+0x18f0): undefined reference to `ogg_stream_packetout'
c:/onscripter/extlib/lib/libvorbisfile.a(vorbisfile.o):vorbisfile.c:(.text+0x1944): undefined reference to `ogg_sync_pageseek'
c:/onscripter/extlib/lib/libvorbisfile.a(vorbisfile.o):vorbisfile.c:(.text+0x196f): undefined reference to `ogg_sync_pageseek'
c:/onscripter/extlib/lib/libvorbisfile.a(vorbisfile.o):vorbisfile.c:(.text+0x19a4): undefined reference to `ogg_page_serialno'
c:/onscripter/extlib/lib/libvorbisfile.a(vorbisfile.o):vorbisfile.c:(.text+0x19b5): undefined reference to `ogg_page_bos'
c:/onscripter/extlib/lib/libvorbisfile.a(vorbisfile.o):vorbisfile.c:(.text+0x19fa): undefined reference to `ogg_sync_pageseek'
c:/onscripter/extlib/lib/libvorbisfile.a(vorbisfile.o):vorbisfile.c:(.text+0x1a62): undefined reference to `ogg_stream_pagein'
c:/onscripter/extlib/lib/libvorbisfile.a(vorbisfile.o):vorbisfile.c:(.text+0x1aec): undefined reference to `ogg_sync_init'
c:/onscripter/extlib/lib/libvorbisfile.a(vorbisfile.o):vorbisfile.c:(.text+0x1b05): undefined reference to `ogg_sync_buffer'
c:/onscripter/extlib/lib/libvorbisfile.a(vorbisfile.o):vorbisfile.c:(.text+0x1b21): undefined reference to `ogg_sync_wrote'
c:/onscripter/extlib/lib/libvorbisfile.a(vorbisfile.o):vorbisfile.c:(.text+0x1b75): undefined reference to `ogg_stream_init'
c:/onscripter/extlib/lib/libvorbisfile.a(vorbisfile.o):vorbisfile.c:(.text+0x1ca9): undefined reference to `ogg_sync_pageseek'
c:/onscripter/extlib/lib/libvorbisfile.a(vorbisfile.o):vorbisfile.c:(.text+0x1d02): undefined reference to `ogg_page_serialno'
c:/onscripter/extlib/lib/libvorbisfile.a(vorbisfile.o):vorbisfile.c:(.text+0x1d13): undefined reference to `ogg_page_bos'
c:/onscripter/extlib/lib/libvorbisfile.a(vorbisfile.o):vorbisfile.c:(.text+0x1d2d): undefined reference to `vorbis_dsp_clear'
c:/onscripter/extlib/lib/libvorbisfile.a(vorbisfile.o):vorbisfile.c:(.text+0x1d38): undefined reference to `vorbis_block_clear'
c:/onscripter/extlib/lib/libvorbisfile.a(vorbisfile.o):vorbisfile.c:(.text+0x1d6b): undefined reference to `ogg_page_serialno'
c:/onscripter/extlib/lib/libvorbisfile.a(vorbisfile.o):vorbisfile.c:(.text+0x1db1): undefined reference to `ogg_stream_reset_serialno'
c:/onscripter/extlib/lib/libvorbisfile.a(vorbisfile.o):vorbisfile.c:(.text+0x1ddb): undefined reference to `vorbis_synthesis_init'
c:/onscripter/extlib/lib/libvorbisfile.a(vorbisfile.o):vorbisfile.c:(.text+0x1df5): undefined reference to `vorbis_block_init'
c:/onscripter/extlib/lib/libvorbisfile.a(vorbisfile.o):vorbisfile.c:(.text+0x1e59): undefined reference to `ogg_stream_pagein'
c:/onscripter/extlib/lib/libvorbisfile.a(vorbisfile.o):vorbisfile.c:(.text+0x1e70): undefined reference to `vorbis_synthesis_blockin'
c:/onscripter/extlib/lib/libvorbisfile.a(vorbisfile.o):vorbisfile.c:(.text+0x1e86): undefined reference to `vorbis_synthesis_pcmout'
c:/onscripter/extlib/lib/libvorbisfile.a(vorbisfile.o):vorbisfile.c:(.text+0x1eef): undefined reference to `vorbis_synthesis_pcmout'
c:/onscripter/extlib/lib/libvorbisfile.a(vorbisfile.o):vorbisfile.c:(.text+0x1f33): undefined reference to `vorbis_info_clear'
c:/onscripter/extlib/lib/libvorbisfile.a(vorbisfile.o):vorbisfile.c:(.text+0x1f3e): undefined reference to `vorbis_comment_clear'
c:/onscripter/extlib/lib/libvorbisfile.a(vorbisfile.o):vorbisfile.c:(.text+0x1f73): undefined reference to `ogg_stream_packetout'
c:/onscripter/extlib/lib/libvorbisfile.a(vorbisfile.o):vorbisfile.c:(.text+0x1fa2): undefined reference to `vorbis_synthesis'
c:/onscripter/extlib/lib/libvorbisfile.a(vorbisfile.o):vorbisfile.c:(.text+0x1fb9): undefined reference to `vorbis_synthesis_pcmout'
c:/onscripter/extlib/lib/libvorbisfile.a(vorbisfile.o):vorbisfile.c:(.text+0x1fdd): undefined reference to `vorbis_synthesis_init'
c:/onscripter/extlib/lib/libvorbisfile.a(vorbisfile.o):vorbisfile.c:(.text+0x2060): undefined reference to `vorbis_synthesis_pcmout'
c:/onscripter/extlib/lib/libvorbisfile.a(vorbisfile.o):vorbisfile.c:(.text+0x20e6): undefined reference to `vorbis_synthesis_pcmout'
c:/onscripter/extlib/lib/libvorbisfile.a(vorbisfile.o):vorbisfile.c:(.text+0x214b): undefined reference to `vorbis_synthesis_read'
c:/onscripter/extlib/lib/libvorbisfile.a(vorbisfile.o):vorbisfile.c:(.text+0x2182): undefined reference to `vorbis_synthesis_lapout'
c:/onscripter/extlib/lib/libvorbisfile.a(vorbisfile.o):vorbisfile.c:(.text+0x2275): undefined reference to `vorbis_synthesis_pcmout'
c:/onscripter/extlib/lib/libvorbisfile.a(vorbisfile.o):vorbisfile.c:(.text+0x23b6): undefined reference to `vorbis_synthesis_read'
c:/onscripter/extlib/lib/libvorbisfile.a(vorbisfile.o):vorbisfile.c:(.text+0x26d9): undefined reference to `vorbis_synthesis_pcmout'
c:/onscripter/extlib/lib/libvorbisfile.a(vorbisfile.o):vorbisfile.c:(.text+0x2702): undefined reference to `vorbis_synthesis_read'
c:/onscripter/extlib/lib/libvorbisfile.a(vorbisfile.o):vorbisfile.c:(.text+0x27cf): undefined reference to `vorbis_synthesis_pcmout'
c:/onscripter/extlib/lib/libvorbisfile.a(vorbisfile.o):vorbisfile.c:(.text+0x285b): undefined reference to `vorbis_info_blocksize'
c:/onscripter/extlib/lib/libvorbisfile.a(vorbisfile.o):vorbisfile.c:(.text+0x2877): undefined reference to `vorbis_info_blocksize'
c:/onscripter/extlib/lib/libvorbisfile.a(vorbisfile.o):vorbisfile.c:(.text+0x2893): undefined reference to `vorbis_window'
c:/onscripter/extlib/lib/libvorbisfile.a(vorbisfile.o):vorbisfile.c:(.text+0x28a6): undefined reference to `vorbis_window'
c:/onscripter/extlib/lib/libvorbisfile.a(vorbisfile.o):vorbisfile.c:(.text+0x290e): undefined reference to `vorbis_synthesis_lapout'
c:/onscripter/extlib/lib/libvorbisfile.a(vorbisfile.o):vorbisfile.c:(.text+0x2954): undefined reference to `_analysis_output_always'
c:/onscripter/extlib/lib/libvorbisfile.a(vorbisfile.o):vorbisfile.c:(.text+0x2996): undefined reference to `_analysis_output_always'
c:/onscripter/extlib/lib/libvorbisfile.a(vorbisfile.o):vorbisfile.c:(.text+0x2a86): undefined reference to `vorbis_synthesis_halfrate_p'
c:/onscripter/extlib/lib/libvorbisfile.a(vorbisfile.o):vorbisfile.c:(.text+0x2aa0): undefined reference to `vorbis_info_blocksize'
c:/onscripter/extlib/lib/libvorbisfile.a(vorbisfile.o):vorbisfile.c:(.text+0x2ac1): undefined reference to `vorbis_window'
c:/onscripter/extlib/lib/libvorbisfile.a(vorbisfile.o):vorbisfile.c:(.text+0x2b4f): undefined reference to `vorbis_synthesis_pcmout'
c:/onscripter/extlib/lib/libvorbisfile.a(vorbisfile.o):vorbisfile.c:(.text+0x2bbb): undefined reference to `vorbis_info_blocksize'
c:/onscripter/extlib/lib/libvorbisfile.a(vorbisfile.o):vorbisfile.c:(.text+0x2bd1): undefined reference to `vorbis_window'
c:/onscripter/extlib/lib/libvorbisfile.a(vorbisfile.o):vorbisfile.c:(.text+0x2be5): undefined reference to `vorbis_synthesis_lapout'
c:/onscripter/extlib/lib/libvorbisfile.a(vorbisfile.o):vorbisfile.c:(.text+0x2cde): undefined reference to `vorbis_synthesis_halfrate_p'
c:/onscripter/extlib/lib/libvorbisfile.a(vorbisfile.o):vorbisfile.c:(.text+0x2cfe): undefined reference to `vorbis_info_blocksize'
c:/onscripter/extlib/lib/libvorbisfile.a(vorbisfile.o):vorbisfile.c:(.text+0x2d1f): undefined reference to `vorbis_window'
c:/onscripter/extlib/lib/libvorbisfile.a(vorbisfile.o):vorbisfile.c:(.text+0x2dc7): undefined reference to `vorbis_synthesis_pcmout'
c:/onscripter/extlib/lib/libvorbisfile.a(vorbisfile.o):vorbisfile.c:(.text+0x2e30): undefined reference to `vorbis_info_blocksize'
c:/onscripter/extlib/lib/libvorbisfile.a(vorbisfile.o):vorbisfile.c:(.text+0x2e46): undefined reference to `vorbis_window'
c:/onscripter/extlib/lib/libvorbisfile.a(vorbisfile.o):vorbisfile.c:(.text+0x2e5a): undefined reference to `vorbis_synthesis_lapout'
c:/onscripter/extlib/lib/libvorbisfile.a(vorbisfile.o):vorbisfile.c:(.text+0x3251): undefined reference to `ogg_page_serialno'
c:/onscripter/extlib/lib/libvorbisfile.a(vorbisfile.o):vorbisfile.c:(.text+0x32e8): undefined reference to `ogg_page_granulepos'
c:/onscripter/extlib/lib/libvorbisfile.a(vorbisfile.o):vorbisfile.c:(.text+0x33ab): undefined reference to `ogg_sync_pageseek'
c:/onscripter/extlib/lib/libvorbisfile.a(vorbisfile.o):vorbisfile.c:(.text+0x3528): undefined reference to `ogg_stream_reset_serialno'
c:/onscripter/extlib/lib/libvorbisfile.a(vorbisfile.o):vorbisfile.c:(.text+0x3537): undefined reference to `ogg_stream_pagein'
c:/onscripter/extlib/lib/libvorbisfile.a(vorbisfile.o):vorbisfile.c:(.text+0x3546): undefined reference to `ogg_stream_packetpeek'
c:/onscripter/extlib/lib/libvorbisfile.a(vorbisfile.o):vorbisfile.c:(.text+0x3622): undefined reference to `ogg_stream_packetout'
c:/onscripter/extlib/lib/libvorbisfile.a(vorbisfile.o):vorbisfile.c:(.text+0x36fc): undefined reference to `ogg_sync_reset'
c:/onscripter/extlib/lib/libvorbisfile.a(vorbisfile.o):vorbisfile.c:(.text+0x378b): undefined reference to `ogg_sync_reset'
c:/onscripter/extlib/lib/libvorbisfile.a(vorbisfile.o):vorbisfile.c:(.text+0x37c1): undefined reference to `ogg_page_serialno'
c:/onscripter/extlib/lib/libvorbisfile.a(vorbisfile.o):vorbisfile.c:(.text+0x384f): undefined reference to `ogg_sync_pageseek'
c:/onscripter/extlib/lib/libvorbisfile.a(vorbisfile.o):vorbisfile.c:(.text+0x3882): undefined reference to `ogg_sync_pageseek'
c:/onscripter/extlib/lib/libvorbisfile.a(vorbisfile.o):vorbisfile.c:(.text+0x38dc): undefined reference to `vorbis_synthesis_restart'
c:/onscripter/extlib/lib/libvorbisfile.a(vorbisfile.o):vorbisfile.c:(.text+0x38ef): undefined reference to `ogg_page_granulepos'
c:/onscripter/extlib/lib/libvorbisfile.a(vorbisfile.o):vorbisfile.c:(.text+0x38fb): undefined reference to `ogg_page_continued'
c:/onscripter/extlib/lib/libvorbisfile.a(vorbisfile.o):vorbisfile.c:(.text+0x3b3e): undefined reference to `ogg_stream_packetpeek'
c:/onscripter/extlib/lib/libvorbisfile.a(vorbisfile.o):vorbisfile.c:(.text+0x3b5f): undefined reference to `vorbis_packet_blocksize'
c:/onscripter/extlib/lib/libvorbisfile.a(vorbisfile.o):vorbisfile.c:(.text+0x3b94): undefined reference to `vorbis_info_blocksize'
c:/onscripter/extlib/lib/libvorbisfile.a(vorbisfile.o):vorbisfile.c:(.text+0x3c19): undefined reference to `vorbis_synthesis_pcmout'
c:/onscripter/extlib/lib/libvorbisfile.a(vorbisfile.o):vorbisfile.c:(.text+0x3c45): undefined reference to `vorbis_synthesis_read'
c:/onscripter/extlib/lib/libvorbisfile.a(vorbisfile.o):vorbisfile.c:(.text+0x3ca8): undefined reference to `ogg_sync_pageseek'
c:/onscripter/extlib/lib/libvorbisfile.a(vorbisfile.o):vorbisfile.c:(.text+0x3cee): undefined reference to `ogg_stream_packetout'
c:/onscripter/extlib/lib/libvorbisfile.a(vorbisfile.o):vorbisfile.c:(.text+0x3d00): undefined reference to `vorbis_synthesis_trackonly'
c:/onscripter/extlib/lib/libvorbisfile.a(vorbisfile.o):vorbisfile.c:(.text+0x3d12): undefined reference to `vorbis_synthesis_blockin'
c:/onscripter/extlib/lib/libvorbisfile.a(vorbisfile.o):vorbisfile.c:(.text+0x3e5f): undefined reference to `ogg_page_bos'
c:/onscripter/extlib/lib/libvorbisfile.a(vorbisfile.o):vorbisfile.c:(.text+0x3e78): undefined reference to `ogg_stream_pagein'
c:/onscripter/extlib/lib/libvorbisfile.a(vorbisfile.o):vorbisfile.c:(.text+0x3e8b): undefined reference to `vorbis_dsp_clear'
c:/onscripter/extlib/lib/libvorbisfile.a(vorbisfile.o):vorbisfile.c:(.text+0x3e96): undefined reference to `vorbis_block_clear'
c:/onscripter/extlib/lib/libvorbisfile.a(vorbisfile.o):vorbisfile.c:(.text+0x3ea5): undefined reference to `ogg_page_serialno'
c:/onscripter/extlib/lib/libvorbisfile.a(vorbisfile.o):vorbisfile.c:(.text+0x3efd): undefined reference to `ogg_page_serialno'
c:/onscripter/extlib/lib/libvorbisfile.a(vorbisfile.o):vorbisfile.c:(.text+0x3f12): undefined reference to `ogg_stream_reset_serialno'
c:/onscripter/extlib/lib/libvorbisfile.a(vorbisfile.o):vorbisfile.c:(.text+0x3f60): undefined reference to `ogg_stream_packetout'
c:/onscripter/extlib/lib/libvorbisfile.a(vorbisfile.o):vorbisfile.c:(.text+0x3f93): undefined reference to `vorbis_synthesis_init'
c:/onscripter/extlib/lib/libvorbisfile.a(vorbisfile.o):vorbisfile.c:(.text+0x3fb3): undefined reference to `vorbis_synthesis_init'
c:/onscripter/extlib/lib/libvorbisfile.a(vorbisfile.o):vorbisfile.c:(.text+0x3fc9): undefined reference to `vorbis_block_init'
c:/onscripter/extlib/lib/libvorbisfile.a(vorbisfile.o):vorbisfile.c:(.text+0x4025): undefined reference to `vorbis_synthesis_init'
c:/onscripter/extlib/lib/libvorbisfile.a(vorbisfile.o):vorbisfile.c:(.text+0x4045): undefined reference to `vorbis_block_init'
c:/onscripter/extlib/lib/libvorbisfile.a(vorbisfile.o):vorbisfile.c:(.text+0x40ca): undefined reference to `vorbis_synthesis_init'
c:/onscripter/extlib/lib/libvorbisfile.a(vorbisfile.o):vorbisfile.c:(.text+0x4390): undefined reference to `ogg_sync_reset'
c:/onscripter/extlib/lib/libvorbisfile.a(vorbisfile.o):vorbisfile.c:(.text+0x4459): undefined reference to `ogg_sync_reset'
c:/onscripter/extlib/lib/libvorbisfile.a(vorbisfile.o):vorbisfile.c:(.text+0x45f7): undefined reference to `ogg_stream_reset_serialno'
c:/onscripter/extlib/lib/libvorbisfile.a(vorbisfile.o):vorbisfile.c:(.text+0x4624): undefined reference to `ogg_sync_pageseek'
c:/onscripter/extlib/lib/libvorbisfile.a(vorbisfile.o):vorbisfile.c:(.text+0x46d0): undefined reference to `vorbis_info_clear'
c:/onscripter/extlib/lib/libvorbisfile.a(vorbisfile.o):vorbisfile.c:(.text+0x46e1): undefined reference to `vorbis_comment_clear'
c:/onscripter/extlib/lib/libvorbisfile.a(vorbisfile.o):vorbisfile.c:(.text+0x476b): undefined reference to `ogg_sync_pageseek'
c:/onscripter/extlib/lib/libvorbisfile.a(vorbisfile.o):vorbisfile.c:(.text+0x47aa): undefined reference to `ogg_sync_pageseek'
c:/onscripter/extlib/lib/libvorbisfile.a(vorbisfile.o):vorbisfile.c:(.text+0x4868): undefined reference to `ogg_sync_pageseek'
c:/onscripter/extlib/lib/libvorbisfile.a(vorbisfile.o):vorbisfile.c:(.text+0x48cc): undefined reference to `ogg_page_bos'
c:/onscripter/extlib/lib/libvorbisfile.a(vorbisfile.o):vorbisfile.c:(.text+0x48dc): undefined reference to `ogg_page_serialno'
c:/onscripter/extlib/lib/libvorbisfile.a(vorbisfile.o):vorbisfile.c:(.text+0x4900): undefined reference to `ogg_stream_pagein'
c:/onscripter/extlib/lib/libvorbisfile.a(vorbisfile.o):vorbisfile.c:(.text+0x4915): undefined reference to `ogg_stream_packetout'
c:/onscripter/extlib/lib/libvorbisfile.a(vorbisfile.o):vorbisfile.c:(.text+0x4934): undefined reference to `vorbis_packet_blocksize'
c:/onscripter/extlib/lib/libvorbisfile.a(vorbisfile.o):vorbisfile.c:(.text+0x495b): undefined reference to `ogg_page_granulepos'
c:/onscripter/extlib/lib/libvorbisfile.a(vorbisfile.o):vorbisfile.c:(.text+0x4976): undefined reference to `ogg_page_granulepos'
c:/onscripter/extlib/lib/libvorbisfile.a(vorbisfile.o):vorbisfile.c:(.text+0x4a30): undefined reference to `ogg_sync_reset'
c:/onscripter/extlib/lib/libvorbisfile.a(vorbisfile.o):vorbisfile.c:(.text+0x4a93): undefined reference to `vorbis_info_clear'
c:/onscripter/extlib/lib/libvorbisfile.a(vorbisfile.o):vorbisfile.c:(.text+0x4aaa): undefined reference to `vorbis_comment_clear'
c:/onscripter/extlib/lib/libvorbisfile.a(vorbisfile.o):vorbisfile.c:(.text+0x4b68): undefined reference to `ogg_sync_reset'
c:/onscripter/extlib/lib/libvorbisfile.a(vorbisfile.o):vorbisfile.c:(.text+0x4c06): undefined reference to `ogg_sync_reset'
c:/onscripter/extlib/lib/libvorbisfile.a(vorbisfile.o):vorbisfile.c:(.text+0x4c5b): undefined reference to `ogg_sync_pageseek'
c:/onscripter/extlib/lib/libvorbisfile.a(vorbisfile.o):vorbisfile.c:(.text+0x4cf4): undefined reference to `ogg_sync_pageseek'
c:/onscripter/extlib/lib/libvorbisfile.a(vorbisfile.o):vorbisfile.c:(.text+0x4d34): undefined reference to `ogg_sync_pageseek'
c:/onscripter/extlib/lib/libvorbisfile.a(vorbisfile.o):vorbisfile.c:(.text+0x4d65): undefined reference to `ogg_sync_pageseek'
c:/onscripter/extlib/lib/libvorbisfile.a(vorbisfile.o):vorbisfile.c:(.text+0x4e21): undefined reference to `ogg_page_serialno'
c:/onscripter/extlib/lib/libvorbisfile.a(vorbisfile.o):vorbisfile.c:(.text+0x4e59): undefined reference to `ogg_page_granulepos'
c:/onscripter/extlib/lib/libvorbisfile.a(vorbisfile.o):vorbisfile.c:(.text+0x4e82): undefined reference to `ogg_page_granulepos'
c:/onscripter/extlib/lib/libvorbisfile.a(vorbisfile.o):vorbisfile.c:(.text+0x4f60): undefined reference to `ogg_sync_reset'
c:/onscripter/extlib/lib/libvorbisfile.a(vorbisfile.o):vorbisfile.c:(.text+0x500b): undefined reference to `ogg_sync_reset'
c:/onscripter/extlib/lib/libvorbisfile.a(vorbisfile.o):vorbisfile.c:(.text+0xae1): undefined reference to `vorbis_synthesis_halfrate_p'
collect2: ld returned 1 exit status
configure:20150: $? = 1
configure: failed program was:
| /* confdefs.h.  */
| 
| #define PACKAGE_NAME ""
| #define PACKAGE_TARNAME ""
| #define PACKAGE_VERSION ""
| #define PACKAGE_STRING ""
| #define PACKAGE_BUGREPORT ""
| #define STDC_HEADERS 1
| #define HAVE_SYS_TYPES_H 1
| #define HAVE_SYS_STAT_H 1
| #define HAVE_STDLIB_H 1
| #define HAVE_STRING_H 1
| #define HAVE_MEMORY_H 1
| #define HAVE_STRINGS_H 1
| #define HAVE_INTTYPES_H 1
| #define HAVE_STDINT_H 1
| #define HAVE_UNISTD_H 1
| #ifdef __cplusplus
| extern "C" void exit (int);
| #endif
| /* end confdefs.h.  */
| 
| /* Override any gcc2 internal prototype to avoid an error.  */
| #ifdef __cplusplus
| extern "C"
| #endif
| /* We use char because int might match the return type of a gcc2
|    builtin and then its argument prototype would still apply.  */
| char ov_open_callbacks ();
| int
| main ()
| {
| ov_open_callbacks ();
|   ;
|   return 0;
| }
configure:20176: result: no
configure:20256: checking for smpeg-config
configure:20274: found /c/onscripter/extlib/bin/smpeg-config
configure:20287: result: /c/onscripter/extlib/bin/smpeg-config
configure:20295: checking for SMPEG - version >= 0.4.3
configure:20385: gcc -o conftest.exe -I/c/onscripter/extlib/include    -D_GNU_SOURCE=1 -I/c/onscripter/extlib/include -I/c/onscripter/extlib/include/smpeg -I/c/onscripter/extlib/include/SDL -D_GNU_SOURCE=1 -Dmain=SDL_main -I/c/onscripter/extlib/include/SDL -D_GNU_SOURCE=1 -Dmain=SDL_main -I/c/onscripter/extlib/include    -D_GNU_SOURCE=1 -L/c/onscripter/extlib/lib    conftest.c  -L/c/onscripter/extlib/lib -lsmpeg -L/c/onscripter/extlib/lib -lmingw32 -lSDLmain -lSDL -mwindows -lwinmm -L/c/onscripter/extlib/lib -lmingw32 -lSDLmain -lSDL -mwindows -lwinmm >&5
configure:20388: $? = 0
configure:20390: ./conftest.exe
configure:20393: $? = 0
configure:20411: result: yes
configure:20745: creating ./config.status

## ---------------------- ##
## Running config.status. ##
## ---------------------- ##

This file was extended by config.status, which was
generated by GNU Autoconf 2.59.  Invocation command line was

  CONFIG_FILES    = 
  CONFIG_HEADERS  = 
  CONFIG_LINKS    = 
  CONFIG_COMMANDS = 
  $ ./config.status 

on KINJO-PC

config.status:706: creating Makefile
config.status:706: creating SDL_mixer.spec
config.status:706: creating SDL_mixer.qpg
config.status:889: executing default commands

## ---------------- ##
## Cache variables. ##
## ---------------- ##

ac_cv_build=i686-pc-mingw32
ac_cv_build_alias=i686-pc-mingw32
ac_cv_c_compiler_gnu=yes
ac_cv_c_const=yes
ac_cv_cxx_compiler_gnu=yes
ac_cv_env_CC_set=set
ac_cv_env_CC_value=gcc
ac_cv_env_CFLAGS_set=set
ac_cv_env_CFLAGS_value='-I/c/onscripter/extlib/include  '
ac_cv_env_CPPFLAGS_set=set
ac_cv_env_CPPFLAGS_value='-I/c/onscripter/extlib/include  '
ac_cv_env_CPP_set=
ac_cv_env_CPP_value=
ac_cv_env_CXXCPP_set=
ac_cv_env_CXXCPP_value=
ac_cv_env_CXXFLAGS_set=
ac_cv_env_CXXFLAGS_value=
ac_cv_env_CXX_set=set
ac_cv_env_CXX_value=g++
ac_cv_env_F77_set=
ac_cv_env_F77_value=
ac_cv_env_FFLAGS_set=
ac_cv_env_FFLAGS_value=
ac_cv_env_LDFLAGS_set=set
ac_cv_env_LDFLAGS_value='-L/c/onscripter/extlib/lib  '
ac_cv_env_build_alias_set=
ac_cv_env_build_alias_value=
ac_cv_env_host_alias_set=
ac_cv_env_host_alias_value=
ac_cv_env_target_alias_set=
ac_cv_env_target_alias_value=
ac_cv_exeext=.exe
ac_cv_f77_compiler_gnu=no
ac_cv_header_dlfcn_h=no
ac_cv_header_inttypes_h=yes
ac_cv_header_memory_h=yes
ac_cv_header_stdc=yes
ac_cv_header_stdint_h=yes
ac_cv_header_stdlib_h=yes
ac_cv_header_string_h=yes
ac_cv_header_strings_h=yes
ac_cv_header_sys_stat_h=yes
ac_cv_header_sys_types_h=yes
ac_cv_header_unistd_h=yes
ac_cv_header_vorbis_vorbisfile_h=yes
ac_cv_host=i686-pc-mingw32
ac_cv_host_alias=i686-pc-mingw32
ac_cv_lib_vorbisfile_ov_open_callbacks=no
ac_cv_objext=o
ac_cv_path_SDL_CONFIG=/c/onscripter/extlib/bin/sdl-config
ac_cv_path_SMPEG_CONFIG=/c/onscripter/extlib/bin/smpeg-config
ac_cv_path_install='/bin/install -c'
ac_cv_prog_CPP='gcc -E'
ac_cv_prog_CXXCPP='g++ -E'
ac_cv_prog_WINDRES=windres
ac_cv_prog_ac_ct_AR=ar
ac_cv_prog_ac_ct_AS=as
ac_cv_prog_ac_ct_CC=gcc
ac_cv_prog_ac_ct_DLLTOOL=dlltool
ac_cv_prog_ac_ct_OBJDUMP=objdump
ac_cv_prog_ac_ct_RANLIB=ranlib
ac_cv_prog_ac_ct_STRIP=strip
ac_cv_prog_cc_g=yes
ac_cv_prog_cc_stdc=
ac_cv_prog_cxx_g=yes
ac_cv_prog_egrep='grep -E'
ac_cv_prog_f77_g=no
ac_cv_prog_make_make_set=yes
lt_cv_deplibs_check_method=pass_all
lt_cv_file_magic_cmd='$OBJDUMP -f'
lt_cv_file_magic_test_file=
lt_cv_ld_reload_flag=-r
lt_cv_objdir=.libs
lt_cv_path_LD=c:/mingw32/mingw32/bin/ld.exe
lt_cv_path_LDCXX=c:/mingw32/mingw32/bin/ld.exe
lt_cv_path_NM=/mingw/bin/nm
lt_cv_path_SED=/bin/sed
lt_cv_prog_compiler_c_o=yes
lt_cv_prog_compiler_c_o_CXX=yes
lt_cv_prog_compiler_rtti_exceptions=no
lt_cv_prog_gnu_ld=yes
lt_cv_prog_gnu_ldcxx=yes
lt_cv_sys_global_symbol_pipe='sed -n -e '\''s/^.*[ 	]\([ABCDGIRSTW][ABCDGIRSTW]*\)[ 	][ 	]*_\([_A-Za-z][_A-Za-z0-9]*\)\{0,1\}$/\1 _\2 \2/p'\'''
lt_cv_sys_global_symbol_to_c_name_address='sed -n -e '\''s/^: \([^ ]*\) $/  {\"\1\", (lt_ptr) 0},/p'\'' -e '\''s/^[BCDEGRST] \([^ ]*\) \([^ ]*\)$/  {"\2", (lt_ptr) \&\2},/p'\'''
lt_cv_sys_global_symbol_to_cdecl='sed -n -e '\''s/^. .* \(.*\)$/extern int \1;/p'\'''
lt_cv_sys_max_cmd_len=8192
lt_lt_cv_prog_compiler_c_o='"yes"'
lt_lt_cv_prog_compiler_c_o_CXX='"yes"'
lt_lt_cv_sys_global_symbol_pipe='"sed -n -e '\''s/^.*[ 	]\\([ABCDGIRSTW][ABCDGIRSTW]*\\)[ 	][ 	]*_\\([_A-Za-z][_A-Za-z0-9]*\\)\\{0,1\\}\$/\\1 _\\2 \\2/p'\''"'
lt_lt_cv_sys_global_symbol_to_c_name_address='"sed -n -e '\''s/^: \\([^ ]*\\) \$/  {\\\"\\1\\\", (lt_ptr) 0},/p'\'' -e '\''s/^[BCDEGRST] \\([^ ]*\\) \\([^ ]*\\)\$/  {\"\\2\", (lt_ptr) \\&\\2},/p'\''"'
lt_lt_cv_sys_global_symbol_to_cdecl='"sed -n -e '\''s/^. .* \\(.*\\)\$/extern int \\1;/p'\''"'

## ----------------- ##
## Output variables. ##
## ----------------- ##

AR='ar'
AS='as'
BINARY_AGE='8'
BUILD_CFLAGS='-I/c/onscripter/extlib/include   -I/c/onscripter/extlib/include  '
BUILD_LDFLAGS='-L/c/onscripter/extlib/lib  '
CC='gcc'
CFLAGS='-I/c/onscripter/extlib/include    -D_GNU_SOURCE=1'
CPP='gcc -E'
CPPFLAGS='-I/c/onscripter/extlib/include    -D_GNU_SOURCE=1'
CXX='g++'
CXXCPP='g++ -E'
CXXFLAGS='-g -O2'
DEFS='-DPACKAGE_NAME=\"\" -DPACKAGE_TARNAME=\"\" -DPACKAGE_VERSION=\"\" -DPACKAGE_STRING=\"\" -DPACKAGE_BUGREPORT=\"\" -DSTDC_HEADERS=1 -DHAVE_SYS_TYPES_H=1 -DHAVE_SYS_STAT_H=1 -DHAVE_STDLIB_H=1 -DHAVE_STRING_H=1 -DHAVE_MEMORY_H=1 -DHAVE_STRINGS_H=1 -DHAVE_INTTYPES_H=1 -DHAVE_STDINT_H=1 -DHAVE_UNISTD_H=1 '
DLLTOOL='dlltool'
ECHO='echo'
ECHO_C=''
ECHO_N='-n'
ECHO_T=''
EGREP='grep -E'
EXE='.exe'
EXEEXT='.exe'
EXTRA_CFLAGS=' -D_GNU_SOURCE=1 -I/c/onscripter/extlib/include/SDL -D_GNU_SOURCE=1 -Dmain=SDL_main -DWAV_MUSIC -DMOD_MUSIC -I$(srcdir)/mikmod -DMID_MUSIC -DUSE_NATIVE_MIDI -I$(srcdir)/native_midi -DMP3_MUSIC -I/c/onscripter/extlib/include -I/c/onscripter/extlib/include/smpeg -I/c/onscripter/extlib/include/SDL -D_GNU_SOURCE=1 -Dmain=SDL_main'
EXTRA_LDFLAGS=' -L/c/onscripter/extlib/lib -lmingw32 -lSDLmain -lSDL -mwindows -lwinmm -lwinmm -L/c/onscripter/extlib/lib -lsmpeg -L/c/onscripter/extlib/lib -lmingw32 -lSDLmain -lSDL -mwindows -lwinmm'
F77=''
FFLAGS=''
INSTALL_DATA='${INSTALL} -m 644'
INSTALL_PROGRAM='${INSTALL}'
INSTALL_SCRIPT='${INSTALL}'
INTERFACE_AGE='6'
LDFLAGS='-L/c/onscripter/extlib/lib   '
LIBMIKMOD_CONFIG=''
LIBOBJS=''
LIBS=''
LIBTOOL='$(SHELL) $(top_builddir)/libtool'
LN_S='ln -s'
LTLIBOBJS=''
LT_AGE='2'
LT_CURRENT='2'
LT_RELEASE='1.2'
LT_REVISION='6'
MAJOR_VERSION='1'
MICRO_VERSION='8'
MINOR_VERSION='2'
OBJDUMP='objdump'
OBJECTS='$(objects)/effect_position.lo $(objects)/effect_stereoreverse.lo $(objects)/effects_internal.lo $(objects)/load_aiff.lo $(objects)/load_voc.lo $(objects)/mixer.lo $(objects)/music.lo $(objects)/wavestream.lo $(objects)/drv_nos.lo $(objects)/load_it.lo $(objects)/load_mod.lo $(objects)/load_s3m.lo $(objects)/load_xm.lo $(objects)/mdreg.lo $(objects)/mdriver.lo $(objects)/mloader.lo $(objects)/mlreg.lo $(objects)/mlutil.lo $(objects)/mmalloc.lo $(objects)/mmerror.lo $(objects)/mmio.lo $(objects)/mplayer.lo $(objects)/munitrk.lo $(objects)/mwav.lo $(objects)/npertab.lo $(objects)/sloader.lo $(objects)/virtch.lo $(objects)/virtch2.lo $(objects)/virtch_common.lo $(objects)/native_midi_common.lo $(objects)/native_midi_mac.lo $(objects)/native_midi_win32.lo $(objects)/dynamic_mp3.lo'
OBJEXT='o'
PACKAGE_BUGREPORT=''
PACKAGE_NAME=''
PACKAGE_STRING=''
PACKAGE_TARNAME=''
PACKAGE_VERSION=''
PATH_SEPARATOR=':'
RANLIB='ranlib'
SDL_CFLAGS='-I/c/onscripter/extlib/include/SDL -D_GNU_SOURCE=1 -Dmain=SDL_main'
SDL_CONFIG='/c/onscripter/extlib/bin/sdl-config'
SDL_LIBS='-L/c/onscripter/extlib/lib -lmingw32 -lSDLmain -lSDL -mwindows -lwinmm'
SET_MAKE=''
SHELL='/bin/sh'
SMPEG_CFLAGS='-I/c/onscripter/extlib/include -I/c/onscripter/extlib/include/smpeg -I/c/onscripter/extlib/include/SDL -D_GNU_SOURCE=1 -Dmain=SDL_main'
SMPEG_CONFIG='/c/onscripter/extlib/bin/smpeg-config'
SMPEG_LIBS='-L/c/onscripter/extlib/lib -lsmpeg -L/c/onscripter/extlib/lib -lmingw32 -lSDLmain -lSDL -mwindows -lwinmm'
SOURCES=' ./effect_position.c ./effect_stereoreverse.c ./effects_internal.c ./load_aiff.c ./load_voc.c ./mixer.c ./music.c ./wavestream.c ./mikmod/*.c ./native_midi/*.c ./*_mp3.c'
STRIP='strip'
VERSION='1.2.8'
WINDRES='windres'
ac_aux_dir='./build-scripts'
ac_ct_AR='ar'
ac_ct_AS='as'
ac_ct_CC='gcc'
ac_ct_CXX=''
ac_ct_DLLTOOL='dlltool'
ac_ct_F77=''
ac_ct_OBJDUMP='objdump'
ac_ct_RANLIB='ranlib'
ac_ct_STRIP='strip'
bindir='${exec_prefix}/bin'
build='i686-pc-mingw32'
build_alias=''
build_cpu='i686'
build_os='mingw32'
build_vendor='pc'
datadir='${prefix}/share'
exec_prefix='${prefix}'
host='i686-pc-mingw32'
host_alias=''
host_cpu='i686'
host_os='mingw32'
host_vendor='pc'
includedir='${prefix}/include'
infodir='${prefix}/info'
libdir='${exec_prefix}/lib'
libexecdir='${exec_prefix}/libexec'
localstatedir='${prefix}/var'
mandir='${prefix}/man'
oldincludedir='/usr/include'
prefix='/c/onscripter/extlib'
program_transform_name='s,x,x,'
sbindir='${exec_prefix}/sbin'
sharedstatedir='${prefix}/com'
sysconfdir='${prefix}/etc'
target_alias=''

## ----------- ##
## confdefs.h. ##
## ----------- ##

#define HAVE_INTTYPES_H 1
#define HAVE_MEMORY_H 1
#define HAVE_STDINT_H 1
#define HAVE_STDLIB_H 1
#define HAVE_STRINGS_H 1
#define HAVE_STRING_H 1
#define HAVE_SYS_STAT_H 1
#define HAVE_SYS_TYPES_H 1
#define HAVE_UNISTD_H 1
#define PACKAGE_BUGREPORT ""
#define PACKAGE_NAME ""
#define PACKAGE_STRING ""
#define PACKAGE_TARNAME ""
#define PACKAGE_VERSION ""
#define STDC_HEADERS 1
#endif
#ifdef __cplusplus
extern "C" void exit (int);

configure: exit 0
